INFO - 2024-03-09 04:41:07 --> Session: Class initialized using 'CodeIgniter\Session\Handlers\FileHandler' driver.
INFO - 2024-03-09 04:41:17 --> Session: Class initialized using 'CodeIgniter\Session\Handlers\FileHandler' driver.
INFO - 2024-03-09 04:41:22 --> Session: Class initialized using 'CodeIgniter\Session\Handlers\FileHandler' driver.
INFO - 2024-03-09 04:41:26 --> Session: Class initialized using 'CodeIgniter\Session\Handlers\FileHandler' driver.
INFO - 2024-03-09 04:41:34 --> Session: Class initialized using 'CodeIgniter\Session\Handlers\FileHandler' driver.
INFO - 2024-03-09 04:42:26 --> Session: Class initialized using 'CodeIgniter\Session\Handlers\FileHandler' driver.
INFO - 2024-03-09 04:43:32 --> Session: Class initialized using 'CodeIgniter\Session\Handlers\FileHandler' driver.
INFO - 2024-03-09 04:44:27 --> Session: Class initialized using 'CodeIgniter\Session\Handlers\FileHandler' driver.
INFO - 2024-03-09 04:44:28 --> Session: Class initialized using 'CodeIgniter\Session\Handlers\FileHandler' driver.
INFO - 2024-03-09 04:46:07 --> Session: Class initialized using 'CodeIgniter\Session\Handlers\FileHandler' driver.
INFO - 2024-03-09 04:47:12 --> Session: Class initialized using 'CodeIgniter\Session\Handlers\FileHandler' driver.
INFO - 2024-03-09 04:50:14 --> Session: Class initialized using 'CodeIgniter\Session\Handlers\FileHandler' driver.
CRITICAL - 2024-03-09 04:50:44 --> Error: Call to undefined method CodeIgniter\HTTP\IncomingRequest::Post()
in APPPATH\Controllers\ApplicationController.php on line 431.
 1 SYSTEMPATH\CodeIgniter.php(941): App\Controllers\ApplicationController->adminsave()
 2 SYSTEMPATH\CodeIgniter.php(502): CodeIgniter\CodeIgniter->runController(Object(App\Controllers\ApplicationController))
 3 SYSTEMPATH\CodeIgniter.php(361): CodeIgniter\CodeIgniter->handleRequest(null, Object(Config\Cache), false)
 4 FCPATH\index.php(79): CodeIgniter\CodeIgniter->run()
 5 SYSTEMPATH\Commands\Server\rewrite.php(47): require_once('C:\\xampp\\htdocs\\Adwalls\\public\\index.php')
INFO - 2024-03-09 05:00:45 --> Session: Class initialized using 'CodeIgniter\Session\Handlers\FileHandler' driver.
INFO - 2024-03-09 05:00:46 --> Session: Class initialized using 'CodeIgniter\Session\Handlers\FileHandler' driver.
INFO - 2024-03-09 05:05:07 --> Session: Class initialized using 'CodeIgniter\Session\Handlers\FileHandler' driver.
INFO - 2024-03-09 05:11:49 --> Session: Class initialized using 'CodeIgniter\Session\Handlers\FileHandler' driver.
INFO - 2024-03-09 05:11:50 --> Session: Class initialized using 'CodeIgniter\Session\Handlers\FileHandler' driver.
INFO - 2024-03-09 05:12:22 --> Session: Class initialized using 'CodeIgniter\Session\Handlers\FileHandler' driver.
INFO - 2024-03-09 05:24:07 --> Session: Class initialized using 'CodeIgniter\Session\Handlers\FileHandler' driver.
ERROR - 2024-03-09 05:24:38 --> mysqli_sql_exception: Unknown column 'Pincode' in 'field list' in C:\xampp\htdocs\Adwalls\system\Database\MySQLi\Connection.php:306
Stack trace:
#0 C:\xampp\htdocs\Adwalls\system\Database\MySQLi\Connection.php(306): mysqli->query('INSERT INTO `sa...', 0)
#1 C:\xampp\htdocs\Adwalls\system\Database\BaseConnection.php(693): CodeIgniter\Database\MySQLi\Connection->execute('INSERT INTO `sa...')
#2 C:\xampp\htdocs\Adwalls\system\Database\BaseConnection.php(607): CodeIgniter\Database\BaseConnection->simpleQuery('INSERT INTO `sa...')
#3 C:\xampp\htdocs\Adwalls\system\Database\BaseBuilder.php(2307): CodeIgniter\Database\BaseConnection->query('INSERT INTO `sa...', Array, false)
#4 C:\xampp\htdocs\Adwalls\system\Model.php(326): CodeIgniter\Database\BaseBuilder->insert()
#5 C:\xampp\htdocs\Adwalls\system\BaseModel.php(802): CodeIgniter\Model->doInsert(Array)
#6 C:\xampp\htdocs\Adwalls\system\Model.php(744): CodeIgniter\BaseModel->insert(Array, true)
#7 C:\xampp\htdocs\Adwalls\app\Controllers\ApplicationController.php(447): CodeIgniter\Model->insert(Array)
#8 C:\xampp\htdocs\Adwalls\system\CodeIgniter.php(941): App\Controllers\ApplicationController->adminsave()
#9 C:\xampp\htdocs\Adwalls\system\CodeIgniter.php(502): CodeIgniter\CodeIgniter->runController(Object(App\Controllers\ApplicationController))
#10 C:\xampp\htdocs\Adwalls\system\CodeIgniter.php(361): CodeIgniter\CodeIgniter->handleRequest(NULL, Object(Config\Cache), false)
#11 C:\xampp\htdocs\Adwalls\public\index.php(79): CodeIgniter\CodeIgniter->run()
#12 C:\xampp\htdocs\Adwalls\system\Commands\Server\rewrite.php(47): require_once('C:\\xampp\\htdocs...')
#13 {main}
CRITICAL - 2024-03-09 05:24:38 --> CodeIgniter\Database\Exceptions\DatabaseException: Unknown column 'Pincode' in 'field list'
in SYSTEMPATH\Database\BaseConnection.php on line 647.
 1 SYSTEMPATH\Database\BaseBuilder.php(2307): CodeIgniter\Database\BaseConnection->query('INSERT INTO `sadmin` (`username`, `Caddress`, `email`, `Adhar_cardno`, `Pancardno`, `Father`, `Country`, `state`, `Pincode`, `District`, `City`, `Pancard_front`, `Adhar_card_front`, `Adhar_card_back`) VALUES (:username:, :Caddress:, :email:, :Adhar_cardno:, :Pancardno:, :Father:, :Country:, :state:, :Pincode:, :District:, :City:, :Pancard_front:, :Adhar_card_front:, :Adhar_card_back:)', [...], false)
 2 SYSTEMPATH\Model.php(326): CodeIgniter\Database\BaseBuilder->insert()
 3 SYSTEMPATH\BaseModel.php(802): CodeIgniter\Model->doInsert([...])
 4 SYSTEMPATH\Model.php(744): CodeIgniter\BaseModel->insert([...], true)
 5 APPPATH\Controllers\ApplicationController.php(447): CodeIgniter\Model->insert([...])
 6 SYSTEMPATH\CodeIgniter.php(941): App\Controllers\ApplicationController->adminsave()
 7 SYSTEMPATH\CodeIgniter.php(502): CodeIgniter\CodeIgniter->runController(Object(App\Controllers\ApplicationController))
 8 SYSTEMPATH\CodeIgniter.php(361): CodeIgniter\CodeIgniter->handleRequest(null, Object(Config\Cache), false)
 9 FCPATH\index.php(79): CodeIgniter\CodeIgniter->run()
10 SYSTEMPATH\Commands\Server\rewrite.php(47): require_once('C:\\xampp\\htdocs\\Adwalls\\public\\index.php')
CRITICAL - 2024-03-09 05:24:38 --> [Caused by] CodeIgniter\Database\Exceptions\DatabaseException: Unknown column 'Pincode' in 'field list'
in SYSTEMPATH\Database\MySQLi\Connection.php on line 311.
 1 SYSTEMPATH\Database\BaseConnection.php(693): CodeIgniter\Database\MySQLi\Connection->execute('INSERT INTO `sadmin` (`username`, `Caddress`, `email`, `Adhar_cardno`, `Pancardno`, `Father`, `Country`, `state`, `Pincode`, `District`, `City`, `Pancard_front`, `Adhar_card_front`, `Adhar_card_back`) VALUES (\'zsc\', \'sd\', \'safausman@gmail.com\', \'123456789990\', \'AEIPT2642D\', \'dd\', \'HU\', \'HE\', NULL, NULL, NULL, \'1709961878_6a29a3737de9ebbb5cf2.jpg\', \'1709961878_c63ce57436aa3e89745c.jpg\', \'1709961878_d3e5fb10236401d5caed.jpg\')')
 2 SYSTEMPATH\Database\BaseConnection.php(607): CodeIgniter\Database\BaseConnection->simpleQuery('INSERT INTO `sadmin` (`username`, `Caddress`, `email`, `Adhar_cardno`, `Pancardno`, `Father`, `Country`, `state`, `Pincode`, `District`, `City`, `Pancard_front`, `Adhar_card_front`, `Adhar_card_back`) VALUES (\'zsc\', \'sd\', \'safausman@gmail.com\', \'123456789990\', \'AEIPT2642D\', \'dd\', \'HU\', \'HE\', NULL, NULL, NULL, \'1709961878_6a29a3737de9ebbb5cf2.jpg\', \'1709961878_c63ce57436aa3e89745c.jpg\', \'1709961878_d3e5fb10236401d5caed.jpg\')')
 3 SYSTEMPATH\Database\BaseBuilder.php(2307): CodeIgniter\Database\BaseConnection->query('INSERT INTO `sadmin` (`username`, `Caddress`, `email`, `Adhar_cardno`, `Pancardno`, `Father`, `Country`, `state`, `Pincode`, `District`, `City`, `Pancard_front`, `Adhar_card_front`, `Adhar_card_back`) VALUES (:username:, :Caddress:, :email:, :Adhar_cardno:, :Pancardno:, :Father:, :Country:, :state:, :Pincode:, :District:, :City:, :Pancard_front:, :Adhar_card_front:, :Adhar_card_back:)', [...], false)
 4 SYSTEMPATH\Model.php(326): CodeIgniter\Database\BaseBuilder->insert()
 5 SYSTEMPATH\BaseModel.php(802): CodeIgniter\Model->doInsert([...])
 6 SYSTEMPATH\Model.php(744): CodeIgniter\BaseModel->insert([...], true)
 7 APPPATH\Controllers\ApplicationController.php(447): CodeIgniter\Model->insert([...])
 8 SYSTEMPATH\CodeIgniter.php(941): App\Controllers\ApplicationController->adminsave()
 9 SYSTEMPATH\CodeIgniter.php(502): CodeIgniter\CodeIgniter->runController(Object(App\Controllers\ApplicationController))
10 SYSTEMPATH\CodeIgniter.php(361): CodeIgniter\CodeIgniter->handleRequest(null, Object(Config\Cache), false)
11 FCPATH\index.php(79): CodeIgniter\CodeIgniter->run()
12 SYSTEMPATH\Commands\Server\rewrite.php(47): require_once('C:\\xampp\\htdocs\\Adwalls\\public\\index.php')
CRITICAL - 2024-03-09 05:24:38 --> [Caused by] mysqli_sql_exception: Unknown column 'Pincode' in 'field list'
in SYSTEMPATH\Database\MySQLi\Connection.php on line 306.
 1 SYSTEMPATH\Database\MySQLi\Connection.php(306): mysqli->query('INSERT INTO `sadmin` (`username`, `Caddress`, `email`, `Adhar_cardno`, `Pancardno`, `Father`, `Country`, `state`, `Pincode`, `District`, `City`, `Pancard_front`, `Adhar_card_front`, `Adhar_card_back`) VALUES (\'zsc\', \'sd\', \'safausman@gmail.com\', \'123456789990\', \'AEIPT2642D\', \'dd\', \'HU\', \'HE\', NULL, NULL, NULL, \'1709961878_6a29a3737de9ebbb5cf2.jpg\', \'1709961878_c63ce57436aa3e89745c.jpg\', \'1709961878_d3e5fb10236401d5caed.jpg\')', 0)
 2 SYSTEMPATH\Database\BaseConnection.php(693): CodeIgniter\Database\MySQLi\Connection->execute('INSERT INTO `sadmin` (`username`, `Caddress`, `email`, `Adhar_cardno`, `Pancardno`, `Father`, `Country`, `state`, `Pincode`, `District`, `City`, `Pancard_front`, `Adhar_card_front`, `Adhar_card_back`) VALUES (\'zsc\', \'sd\', \'safausman@gmail.com\', \'123456789990\', \'AEIPT2642D\', \'dd\', \'HU\', \'HE\', NULL, NULL, NULL, \'1709961878_6a29a3737de9ebbb5cf2.jpg\', \'1709961878_c63ce57436aa3e89745c.jpg\', \'1709961878_d3e5fb10236401d5caed.jpg\')')
 3 SYSTEMPATH\Database\BaseConnection.php(607): CodeIgniter\Database\BaseConnection->simpleQuery('INSERT INTO `sadmin` (`username`, `Caddress`, `email`, `Adhar_cardno`, `Pancardno`, `Father`, `Country`, `state`, `Pincode`, `District`, `City`, `Pancard_front`, `Adhar_card_front`, `Adhar_card_back`) VALUES (\'zsc\', \'sd\', \'safausman@gmail.com\', \'123456789990\', \'AEIPT2642D\', \'dd\', \'HU\', \'HE\', NULL, NULL, NULL, \'1709961878_6a29a3737de9ebbb5cf2.jpg\', \'1709961878_c63ce57436aa3e89745c.jpg\', \'1709961878_d3e5fb10236401d5caed.jpg\')')
 4 SYSTEMPATH\Database\BaseBuilder.php(2307): CodeIgniter\Database\BaseConnection->query('INSERT INTO `sadmin` (`username`, `Caddress`, `email`, `Adhar_cardno`, `Pancardno`, `Father`, `Country`, `state`, `Pincode`, `District`, `City`, `Pancard_front`, `Adhar_card_front`, `Adhar_card_back`) VALUES (:username:, :Caddress:, :email:, :Adhar_cardno:, :Pancardno:, :Father:, :Country:, :state:, :Pincode:, :District:, :City:, :Pancard_front:, :Adhar_card_front:, :Adhar_card_back:)', [...], false)
 5 SYSTEMPATH\Model.php(326): CodeIgniter\Database\BaseBuilder->insert()
 6 SYSTEMPATH\BaseModel.php(802): CodeIgniter\Model->doInsert([...])
 7 SYSTEMPATH\Model.php(744): CodeIgniter\BaseModel->insert([...], true)
 8 APPPATH\Controllers\ApplicationController.php(447): CodeIgniter\Model->insert([...])
 9 SYSTEMPATH\CodeIgniter.php(941): App\Controllers\ApplicationController->adminsave()
10 SYSTEMPATH\CodeIgniter.php(502): CodeIgniter\CodeIgniter->runController(Object(App\Controllers\ApplicationController))
11 SYSTEMPATH\CodeIgniter.php(361): CodeIgniter\CodeIgniter->handleRequest(null, Object(Config\Cache), false)
12 FCPATH\index.php(79): CodeIgniter\CodeIgniter->run()
13 SYSTEMPATH\Commands\Server\rewrite.php(47): require_once('C:\\xampp\\htdocs\\Adwalls\\public\\index.php')
INFO - 2024-03-09 05:26:48 --> Session: Class initialized using 'CodeIgniter\Session\Handlers\FileHandler' driver.
INFO - 2024-03-09 05:26:49 --> Session: Class initialized using 'CodeIgniter\Session\Handlers\FileHandler' driver.
ERROR - 2024-03-09 05:27:22 --> mysqli_sql_exception: Column 'District' cannot be null in C:\xampp\htdocs\Adwalls\system\Database\MySQLi\Connection.php:306
Stack trace:
#0 C:\xampp\htdocs\Adwalls\system\Database\MySQLi\Connection.php(306): mysqli->query('INSERT INTO `sa...', 0)
#1 C:\xampp\htdocs\Adwalls\system\Database\BaseConnection.php(693): CodeIgniter\Database\MySQLi\Connection->execute('INSERT INTO `sa...')
#2 C:\xampp\htdocs\Adwalls\system\Database\BaseConnection.php(607): CodeIgniter\Database\BaseConnection->simpleQuery('INSERT INTO `sa...')
#3 C:\xampp\htdocs\Adwalls\system\Database\BaseBuilder.php(2307): CodeIgniter\Database\BaseConnection->query('INSERT INTO `sa...', Array, false)
#4 C:\xampp\htdocs\Adwalls\system\Model.php(326): CodeIgniter\Database\BaseBuilder->insert()
#5 C:\xampp\htdocs\Adwalls\system\BaseModel.php(802): CodeIgniter\Model->doInsert(Array)
#6 C:\xampp\htdocs\Adwalls\system\Model.php(744): CodeIgniter\BaseModel->insert(Array, true)
#7 C:\xampp\htdocs\Adwalls\app\Controllers\ApplicationController.php(447): CodeIgniter\Model->insert(Array)
#8 C:\xampp\htdocs\Adwalls\system\CodeIgniter.php(941): App\Controllers\ApplicationController->adminsave()
#9 C:\xampp\htdocs\Adwalls\system\CodeIgniter.php(502): CodeIgniter\CodeIgniter->runController(Object(App\Controllers\ApplicationController))
#10 C:\xampp\htdocs\Adwalls\system\CodeIgniter.php(361): CodeIgniter\CodeIgniter->handleRequest(NULL, Object(Config\Cache), false)
#11 C:\xampp\htdocs\Adwalls\public\index.php(79): CodeIgniter\CodeIgniter->run()
#12 C:\xampp\htdocs\Adwalls\system\Commands\Server\rewrite.php(47): require_once('C:\\xampp\\htdocs...')
#13 {main}
CRITICAL - 2024-03-09 05:27:22 --> CodeIgniter\Database\Exceptions\DatabaseException: Column 'District' cannot be null
in SYSTEMPATH\Database\BaseConnection.php on line 647.
 1 SYSTEMPATH\Database\BaseBuilder.php(2307): CodeIgniter\Database\BaseConnection->query('INSERT INTO `sadmin` (`username`, `Caddress`, `email`, `Adhar_cardno`, `Pancardno`, `Father`, `Country`, `state`, `District`, `City`, `Pancard_front`, `Adhar_card_front`, `Adhar_card_back`) VALUES (:username:, :Caddress:, :email:, :Adhar_cardno:, :Pancardno:, :Father:, :Country:, :state:, :District:, :City:, :Pancard_front:, :Adhar_card_front:, :Adhar_card_back:)', [...], false)
 2 SYSTEMPATH\Model.php(326): CodeIgniter\Database\BaseBuilder->insert()
 3 SYSTEMPATH\BaseModel.php(802): CodeIgniter\Model->doInsert([...])
 4 SYSTEMPATH\Model.php(744): CodeIgniter\BaseModel->insert([...], true)
 5 APPPATH\Controllers\ApplicationController.php(447): CodeIgniter\Model->insert([...])
 6 SYSTEMPATH\CodeIgniter.php(941): App\Controllers\ApplicationController->adminsave()
 7 SYSTEMPATH\CodeIgniter.php(502): CodeIgniter\CodeIgniter->runController(Object(App\Controllers\ApplicationController))
 8 SYSTEMPATH\CodeIgniter.php(361): CodeIgniter\CodeIgniter->handleRequest(null, Object(Config\Cache), false)
 9 FCPATH\index.php(79): CodeIgniter\CodeIgniter->run()
10 SYSTEMPATH\Commands\Server\rewrite.php(47): require_once('C:\\xampp\\htdocs\\Adwalls\\public\\index.php')
CRITICAL - 2024-03-09 05:27:22 --> [Caused by] CodeIgniter\Database\Exceptions\DatabaseException: Column 'District' cannot be null
in SYSTEMPATH\Database\MySQLi\Connection.php on line 311.
 1 SYSTEMPATH\Database\BaseConnection.php(693): CodeIgniter\Database\MySQLi\Connection->execute('INSERT INTO `sadmin` (`username`, `Caddress`, `email`, `Adhar_cardno`, `Pancardno`, `Father`, `Country`, `state`, `District`, `City`, `Pancard_front`, `Adhar_card_front`, `Adhar_card_back`) VALUES (\'saxax\', \'ss\', \'safausman@gmail.com\', \'123456789990\', \'AEIPT2642D\', \'s\', \'HU\', \'GY\', NULL, NULL, \'1709962042_328d420fd34978a0878e.jpg\', \'1709962042_78738e322c7f01604983.jpg\', \'1709962042_63f6725a7af5f4c6e846.jpg\')')
 2 SYSTEMPATH\Database\BaseConnection.php(607): CodeIgniter\Database\BaseConnection->simpleQuery('INSERT INTO `sadmin` (`username`, `Caddress`, `email`, `Adhar_cardno`, `Pancardno`, `Father`, `Country`, `state`, `District`, `City`, `Pancard_front`, `Adhar_card_front`, `Adhar_card_back`) VALUES (\'saxax\', \'ss\', \'safausman@gmail.com\', \'123456789990\', \'AEIPT2642D\', \'s\', \'HU\', \'GY\', NULL, NULL, \'1709962042_328d420fd34978a0878e.jpg\', \'1709962042_78738e322c7f01604983.jpg\', \'1709962042_63f6725a7af5f4c6e846.jpg\')')
 3 SYSTEMPATH\Database\BaseBuilder.php(2307): CodeIgniter\Database\BaseConnection->query('INSERT INTO `sadmin` (`username`, `Caddress`, `email`, `Adhar_cardno`, `Pancardno`, `Father`, `Country`, `state`, `District`, `City`, `Pancard_front`, `Adhar_card_front`, `Adhar_card_back`) VALUES (:username:, :Caddress:, :email:, :Adhar_cardno:, :Pancardno:, :Father:, :Country:, :state:, :District:, :City:, :Pancard_front:, :Adhar_card_front:, :Adhar_card_back:)', [...], false)
 4 SYSTEMPATH\Model.php(326): CodeIgniter\Database\BaseBuilder->insert()
 5 SYSTEMPATH\BaseModel.php(802): CodeIgniter\Model->doInsert([...])
 6 SYSTEMPATH\Model.php(744): CodeIgniter\BaseModel->insert([...], true)
 7 APPPATH\Controllers\ApplicationController.php(447): CodeIgniter\Model->insert([...])
 8 SYSTEMPATH\CodeIgniter.php(941): App\Controllers\ApplicationController->adminsave()
 9 SYSTEMPATH\CodeIgniter.php(502): CodeIgniter\CodeIgniter->runController(Object(App\Controllers\ApplicationController))
10 SYSTEMPATH\CodeIgniter.php(361): CodeIgniter\CodeIgniter->handleRequest(null, Object(Config\Cache), false)
11 FCPATH\index.php(79): CodeIgniter\CodeIgniter->run()
12 SYSTEMPATH\Commands\Server\rewrite.php(47): require_once('C:\\xampp\\htdocs\\Adwalls\\public\\index.php')
CRITICAL - 2024-03-09 05:27:22 --> [Caused by] mysqli_sql_exception: Column 'District' cannot be null
in SYSTEMPATH\Database\MySQLi\Connection.php on line 306.
 1 SYSTEMPATH\Database\MySQLi\Connection.php(306): mysqli->query('INSERT INTO `sadmin` (`username`, `Caddress`, `email`, `Adhar_cardno`, `Pancardno`, `Father`, `Country`, `state`, `District`, `City`, `Pancard_front`, `Adhar_card_front`, `Adhar_card_back`) VALUES (\'saxax\', \'ss\', \'safausman@gmail.com\', \'123456789990\', \'AEIPT2642D\', \'s\', \'HU\', \'GY\', NULL, NULL, \'1709962042_328d420fd34978a0878e.jpg\', \'1709962042_78738e322c7f01604983.jpg\', \'1709962042_63f6725a7af5f4c6e846.jpg\')', 0)
 2 SYSTEMPATH\Database\BaseConnection.php(693): CodeIgniter\Database\MySQLi\Connection->execute('INSERT INTO `sadmin` (`username`, `Caddress`, `email`, `Adhar_cardno`, `Pancardno`, `Father`, `Country`, `state`, `District`, `City`, `Pancard_front`, `Adhar_card_front`, `Adhar_card_back`) VALUES (\'saxax\', \'ss\', \'safausman@gmail.com\', \'123456789990\', \'AEIPT2642D\', \'s\', \'HU\', \'GY\', NULL, NULL, \'1709962042_328d420fd34978a0878e.jpg\', \'1709962042_78738e322c7f01604983.jpg\', \'1709962042_63f6725a7af5f4c6e846.jpg\')')
 3 SYSTEMPATH\Database\BaseConnection.php(607): CodeIgniter\Database\BaseConnection->simpleQuery('INSERT INTO `sadmin` (`username`, `Caddress`, `email`, `Adhar_cardno`, `Pancardno`, `Father`, `Country`, `state`, `District`, `City`, `Pancard_front`, `Adhar_card_front`, `Adhar_card_back`) VALUES (\'saxax\', \'ss\', \'safausman@gmail.com\', \'123456789990\', \'AEIPT2642D\', \'s\', \'HU\', \'GY\', NULL, NULL, \'1709962042_328d420fd34978a0878e.jpg\', \'1709962042_78738e322c7f01604983.jpg\', \'1709962042_63f6725a7af5f4c6e846.jpg\')')
 4 SYSTEMPATH\Database\BaseBuilder.php(2307): CodeIgniter\Database\BaseConnection->query('INSERT INTO `sadmin` (`username`, `Caddress`, `email`, `Adhar_cardno`, `Pancardno`, `Father`, `Country`, `state`, `District`, `City`, `Pancard_front`, `Adhar_card_front`, `Adhar_card_back`) VALUES (:username:, :Caddress:, :email:, :Adhar_cardno:, :Pancardno:, :Father:, :Country:, :state:, :District:, :City:, :Pancard_front:, :Adhar_card_front:, :Adhar_card_back:)', [...], false)
 5 SYSTEMPATH\Model.php(326): CodeIgniter\Database\BaseBuilder->insert()
 6 SYSTEMPATH\BaseModel.php(802): CodeIgniter\Model->doInsert([...])
 7 SYSTEMPATH\Model.php(744): CodeIgniter\BaseModel->insert([...], true)
 8 APPPATH\Controllers\ApplicationController.php(447): CodeIgniter\Model->insert([...])
 9 SYSTEMPATH\CodeIgniter.php(941): App\Controllers\ApplicationController->adminsave()
10 SYSTEMPATH\CodeIgniter.php(502): CodeIgniter\CodeIgniter->runController(Object(App\Controllers\ApplicationController))
11 SYSTEMPATH\CodeIgniter.php(361): CodeIgniter\CodeIgniter->handleRequest(null, Object(Config\Cache), false)
12 FCPATH\index.php(79): CodeIgniter\CodeIgniter->run()
13 SYSTEMPATH\Commands\Server\rewrite.php(47): require_once('C:\\xampp\\htdocs\\Adwalls\\public\\index.php')
INFO - 2024-03-09 05:28:02 --> Session: Class initialized using 'CodeIgniter\Session\Handlers\FileHandler' driver.
INFO - 2024-03-09 05:28:03 --> Session: Class initialized using 'CodeIgniter\Session\Handlers\FileHandler' driver.
INFO - 2024-03-09 05:28:20 --> Session: Class initialized using 'CodeIgniter\Session\Handlers\FileHandler' driver.
INFO - 2024-03-09 05:30:41 --> Session: Class initialized using 'CodeIgniter\Session\Handlers\FileHandler' driver.
INFO - 2024-03-09 05:30:42 --> Session: Class initialized using 'CodeIgniter\Session\Handlers\FileHandler' driver.
INFO - 2024-03-09 05:31:31 --> Session: Class initialized using 'CodeIgniter\Session\Handlers\FileHandler' driver.
INFO - 2024-03-09 05:31:41 --> Session: Class initialized using 'CodeIgniter\Session\Handlers\FileHandler' driver.
INFO - 2024-03-09 05:32:21 --> Session: Class initialized using 'CodeIgniter\Session\Handlers\FileHandler' driver.
INFO - 2024-03-09 05:32:56 --> Session: Class initialized using 'CodeIgniter\Session\Handlers\FileHandler' driver.
INFO - 2024-03-09 05:34:59 --> Session: Class initialized using 'CodeIgniter\Session\Handlers\FileHandler' driver.
INFO - 2024-03-09 05:36:27 --> Session: Class initialized using 'CodeIgniter\Session\Handlers\FileHandler' driver.
INFO - 2024-03-09 05:36:44 --> Session: Class initialized using 'CodeIgniter\Session\Handlers\FileHandler' driver.
INFO - 2024-03-09 05:37:52 --> Session: Class initialized using 'CodeIgniter\Session\Handlers\FileHandler' driver.
ERROR - 2024-03-09 05:38:37 --> mysqli_sql_exception: Column 'City' cannot be null in C:\xampp\htdocs\Adwalls\system\Database\MySQLi\Connection.php:306
Stack trace:
#0 C:\xampp\htdocs\Adwalls\system\Database\MySQLi\Connection.php(306): mysqli->query('INSERT INTO `sa...', 0)
#1 C:\xampp\htdocs\Adwalls\system\Database\BaseConnection.php(693): CodeIgniter\Database\MySQLi\Connection->execute('INSERT INTO `sa...')
#2 C:\xampp\htdocs\Adwalls\system\Database\BaseConnection.php(607): CodeIgniter\Database\BaseConnection->simpleQuery('INSERT INTO `sa...')
#3 C:\xampp\htdocs\Adwalls\system\Database\BaseBuilder.php(2307): CodeIgniter\Database\BaseConnection->query('INSERT INTO `sa...', Array, false)
#4 C:\xampp\htdocs\Adwalls\system\Model.php(326): CodeIgniter\Database\BaseBuilder->insert()
#5 C:\xampp\htdocs\Adwalls\system\BaseModel.php(802): CodeIgniter\Model->doInsert(Array)
#6 C:\xampp\htdocs\Adwalls\system\Model.php(744): CodeIgniter\BaseModel->insert(Array, true)
#7 C:\xampp\htdocs\Adwalls\app\Controllers\ApplicationController.php(447): CodeIgniter\Model->insert(Array)
#8 C:\xampp\htdocs\Adwalls\system\CodeIgniter.php(941): App\Controllers\ApplicationController->adminsave()
#9 C:\xampp\htdocs\Adwalls\system\CodeIgniter.php(502): CodeIgniter\CodeIgniter->runController(Object(App\Controllers\ApplicationController))
#10 C:\xampp\htdocs\Adwalls\system\CodeIgniter.php(361): CodeIgniter\CodeIgniter->handleRequest(NULL, Object(Config\Cache), false)
#11 C:\xampp\htdocs\Adwalls\public\index.php(79): CodeIgniter\CodeIgniter->run()
#12 C:\xampp\htdocs\Adwalls\system\Commands\Server\rewrite.php(47): require_once('C:\\xampp\\htdocs...')
#13 {main}
CRITICAL - 2024-03-09 05:38:37 --> CodeIgniter\Database\Exceptions\DatabaseException: Column 'City' cannot be null
in SYSTEMPATH\Database\BaseConnection.php on line 647.
 1 SYSTEMPATH\Database\BaseBuilder.php(2307): CodeIgniter\Database\BaseConnection->query('INSERT INTO `sadmin` (`username`, `Caddress`, `email`, `Adhar_cardno`, `Pancardno`, `Father`, `Country`, `state`, `Pin`, `District`, `City`, `Pancard_front`, `Adhar_card_front`, `Adhar_card_back`) VALUES (:username:, :Caddress:, :email:, :Adhar_cardno:, :Pancardno:, :Father:, :Country:, :state:, :Pin:, :District:, :City:, :Pancard_front:, :Adhar_card_front:, :Adhar_card_back:)', [...], false)
 2 SYSTEMPATH\Model.php(326): CodeIgniter\Database\BaseBuilder->insert()
 3 SYSTEMPATH\BaseModel.php(802): CodeIgniter\Model->doInsert([...])
 4 SYSTEMPATH\Model.php(744): CodeIgniter\BaseModel->insert([...], true)
 5 APPPATH\Controllers\ApplicationController.php(447): CodeIgniter\Model->insert([...])
 6 SYSTEMPATH\CodeIgniter.php(941): App\Controllers\ApplicationController->adminsave()
 7 SYSTEMPATH\CodeIgniter.php(502): CodeIgniter\CodeIgniter->runController(Object(App\Controllers\ApplicationController))
 8 SYSTEMPATH\CodeIgniter.php(361): CodeIgniter\CodeIgniter->handleRequest(null, Object(Config\Cache), false)
 9 FCPATH\index.php(79): CodeIgniter\CodeIgniter->run()
10 SYSTEMPATH\Commands\Server\rewrite.php(47): require_once('C:\\xampp\\htdocs\\Adwalls\\public\\index.php')
CRITICAL - 2024-03-09 05:38:37 --> [Caused by] CodeIgniter\Database\Exceptions\DatabaseException: Column 'City' cannot be null
in SYSTEMPATH\Database\MySQLi\Connection.php on line 311.
 1 SYSTEMPATH\Database\BaseConnection.php(693): CodeIgniter\Database\MySQLi\Connection->execute('INSERT INTO `sadmin` (`username`, `Caddress`, `email`, `Adhar_cardno`, `Pancardno`, `Father`, `Country`, `state`, `Pin`, `District`, `City`, `Pancard_front`, `Adhar_card_front`, `Adhar_card_back`) VALUES (\'sdas\', \'sdd\', \'safausman@gmail.com\', \'123456789990\', \'AEIPT2642D\', \'sdds\', \'GL\', \'Greenland\', \'dd\', \'s\', NULL, \'1709962717_57852cf675d62465af45.jpg\', \'1709962717_0b3e36081f466e7dfe41.jpg\', \'1709962717_53d1b785240c5f83a145.jpg\')')
 2 SYSTEMPATH\Database\BaseConnection.php(607): CodeIgniter\Database\BaseConnection->simpleQuery('INSERT INTO `sadmin` (`username`, `Caddress`, `email`, `Adhar_cardno`, `Pancardno`, `Father`, `Country`, `state`, `Pin`, `District`, `City`, `Pancard_front`, `Adhar_card_front`, `Adhar_card_back`) VALUES (\'sdas\', \'sdd\', \'safausman@gmail.com\', \'123456789990\', \'AEIPT2642D\', \'sdds\', \'GL\', \'Greenland\', \'dd\', \'s\', NULL, \'1709962717_57852cf675d62465af45.jpg\', \'1709962717_0b3e36081f466e7dfe41.jpg\', \'1709962717_53d1b785240c5f83a145.jpg\')')
 3 SYSTEMPATH\Database\BaseBuilder.php(2307): CodeIgniter\Database\BaseConnection->query('INSERT INTO `sadmin` (`username`, `Caddress`, `email`, `Adhar_cardno`, `Pancardno`, `Father`, `Country`, `state`, `Pin`, `District`, `City`, `Pancard_front`, `Adhar_card_front`, `Adhar_card_back`) VALUES (:username:, :Caddress:, :email:, :Adhar_cardno:, :Pancardno:, :Father:, :Country:, :state:, :Pin:, :District:, :City:, :Pancard_front:, :Adhar_card_front:, :Adhar_card_back:)', [...], false)
 4 SYSTEMPATH\Model.php(326): CodeIgniter\Database\BaseBuilder->insert()
 5 SYSTEMPATH\BaseModel.php(802): CodeIgniter\Model->doInsert([...])
 6 SYSTEMPATH\Model.php(744): CodeIgniter\BaseModel->insert([...], true)
 7 APPPATH\Controllers\ApplicationController.php(447): CodeIgniter\Model->insert([...])
 8 SYSTEMPATH\CodeIgniter.php(941): App\Controllers\ApplicationController->adminsave()
 9 SYSTEMPATH\CodeIgniter.php(502): CodeIgniter\CodeIgniter->runController(Object(App\Controllers\ApplicationController))
10 SYSTEMPATH\CodeIgniter.php(361): CodeIgniter\CodeIgniter->handleRequest(null, Object(Config\Cache), false)
11 FCPATH\index.php(79): CodeIgniter\CodeIgniter->run()
12 SYSTEMPATH\Commands\Server\rewrite.php(47): require_once('C:\\xampp\\htdocs\\Adwalls\\public\\index.php')
CRITICAL - 2024-03-09 05:38:37 --> [Caused by] mysqli_sql_exception: Column 'City' cannot be null
in SYSTEMPATH\Database\MySQLi\Connection.php on line 306.
 1 SYSTEMPATH\Database\MySQLi\Connection.php(306): mysqli->query('INSERT INTO `sadmin` (`username`, `Caddress`, `email`, `Adhar_cardno`, `Pancardno`, `Father`, `Country`, `state`, `Pin`, `District`, `City`, `Pancard_front`, `Adhar_card_front`, `Adhar_card_back`) VALUES (\'sdas\', \'sdd\', \'safausman@gmail.com\', \'123456789990\', \'AEIPT2642D\', \'sdds\', \'GL\', \'Greenland\', \'dd\', \'s\', NULL, \'1709962717_57852cf675d62465af45.jpg\', \'1709962717_0b3e36081f466e7dfe41.jpg\', \'1709962717_53d1b785240c5f83a145.jpg\')', 0)
 2 SYSTEMPATH\Database\BaseConnection.php(693): CodeIgniter\Database\MySQLi\Connection->execute('INSERT INTO `sadmin` (`username`, `Caddress`, `email`, `Adhar_cardno`, `Pancardno`, `Father`, `Country`, `state`, `Pin`, `District`, `City`, `Pancard_front`, `Adhar_card_front`, `Adhar_card_back`) VALUES (\'sdas\', \'sdd\', \'safausman@gmail.com\', \'123456789990\', \'AEIPT2642D\', \'sdds\', \'GL\', \'Greenland\', \'dd\', \'s\', NULL, \'1709962717_57852cf675d62465af45.jpg\', \'1709962717_0b3e36081f466e7dfe41.jpg\', \'1709962717_53d1b785240c5f83a145.jpg\')')
 3 SYSTEMPATH\Database\BaseConnection.php(607): CodeIgniter\Database\BaseConnection->simpleQuery('INSERT INTO `sadmin` (`username`, `Caddress`, `email`, `Adhar_cardno`, `Pancardno`, `Father`, `Country`, `state`, `Pin`, `District`, `City`, `Pancard_front`, `Adhar_card_front`, `Adhar_card_back`) VALUES (\'sdas\', \'sdd\', \'safausman@gmail.com\', \'123456789990\', \'AEIPT2642D\', \'sdds\', \'GL\', \'Greenland\', \'dd\', \'s\', NULL, \'1709962717_57852cf675d62465af45.jpg\', \'1709962717_0b3e36081f466e7dfe41.jpg\', \'1709962717_53d1b785240c5f83a145.jpg\')')
 4 SYSTEMPATH\Database\BaseBuilder.php(2307): CodeIgniter\Database\BaseConnection->query('INSERT INTO `sadmin` (`username`, `Caddress`, `email`, `Adhar_cardno`, `Pancardno`, `Father`, `Country`, `state`, `Pin`, `District`, `City`, `Pancard_front`, `Adhar_card_front`, `Adhar_card_back`) VALUES (:username:, :Caddress:, :email:, :Adhar_cardno:, :Pancardno:, :Father:, :Country:, :state:, :Pin:, :District:, :City:, :Pancard_front:, :Adhar_card_front:, :Adhar_card_back:)', [...], false)
 5 SYSTEMPATH\Model.php(326): CodeIgniter\Database\BaseBuilder->insert()
 6 SYSTEMPATH\BaseModel.php(802): CodeIgniter\Model->doInsert([...])
 7 SYSTEMPATH\Model.php(744): CodeIgniter\BaseModel->insert([...], true)
 8 APPPATH\Controllers\ApplicationController.php(447): CodeIgniter\Model->insert([...])
 9 SYSTEMPATH\CodeIgniter.php(941): App\Controllers\ApplicationController->adminsave()
10 SYSTEMPATH\CodeIgniter.php(502): CodeIgniter\CodeIgniter->runController(Object(App\Controllers\ApplicationController))
11 SYSTEMPATH\CodeIgniter.php(361): CodeIgniter\CodeIgniter->handleRequest(null, Object(Config\Cache), false)
12 FCPATH\index.php(79): CodeIgniter\CodeIgniter->run()
13 SYSTEMPATH\Commands\Server\rewrite.php(47): require_once('C:\\xampp\\htdocs\\Adwalls\\public\\index.php')
INFO - 2024-03-09 05:38:45 --> Session: Class initialized using 'CodeIgniter\Session\Handlers\FileHandler' driver.
INFO - 2024-03-09 05:39:45 --> Session: Class initialized using 'CodeIgniter\Session\Handlers\FileHandler' driver.
INFO - 2024-03-09 05:40:16 --> Session: Class initialized using 'CodeIgniter\Session\Handlers\FileHandler' driver.
INFO - 2024-03-09 05:43:45 --> Session: Class initialized using 'CodeIgniter\Session\Handlers\FileHandler' driver.
ERROR - 2024-03-09 05:44:17 --> mysqli_sql_exception: Unknown column 'Pincode' in 'field list' in C:\xampp\htdocs\Adwalls\system\Database\MySQLi\Connection.php:306
Stack trace:
#0 C:\xampp\htdocs\Adwalls\system\Database\MySQLi\Connection.php(306): mysqli->query('INSERT INTO `sa...', 0)
#1 C:\xampp\htdocs\Adwalls\system\Database\BaseConnection.php(693): CodeIgniter\Database\MySQLi\Connection->execute('INSERT INTO `sa...')
#2 C:\xampp\htdocs\Adwalls\system\Database\BaseConnection.php(607): CodeIgniter\Database\BaseConnection->simpleQuery('INSERT INTO `sa...')
#3 C:\xampp\htdocs\Adwalls\system\Database\BaseBuilder.php(2307): CodeIgniter\Database\BaseConnection->query('INSERT INTO `sa...', Array, false)
#4 C:\xampp\htdocs\Adwalls\system\Model.php(326): CodeIgniter\Database\BaseBuilder->insert()
#5 C:\xampp\htdocs\Adwalls\system\BaseModel.php(802): CodeIgniter\Model->doInsert(Array)
#6 C:\xampp\htdocs\Adwalls\system\Model.php(744): CodeIgniter\BaseModel->insert(Array, true)
#7 C:\xampp\htdocs\Adwalls\app\Controllers\ApplicationController.php(449): CodeIgniter\Model->insert(Array)
#8 C:\xampp\htdocs\Adwalls\system\CodeIgniter.php(941): App\Controllers\ApplicationController->adminsave()
#9 C:\xampp\htdocs\Adwalls\system\CodeIgniter.php(502): CodeIgniter\CodeIgniter->runController(Object(App\Controllers\ApplicationController))
#10 C:\xampp\htdocs\Adwalls\system\CodeIgniter.php(361): CodeIgniter\CodeIgniter->handleRequest(NULL, Object(Config\Cache), false)
#11 C:\xampp\htdocs\Adwalls\public\index.php(79): CodeIgniter\CodeIgniter->run()
#12 C:\xampp\htdocs\Adwalls\system\Commands\Server\rewrite.php(47): require_once('C:\\xampp\\htdocs...')
#13 {main}
CRITICAL - 2024-03-09 05:44:17 --> CodeIgniter\Database\Exceptions\DatabaseException: Unknown column 'Pincode' in 'field list'
in SYSTEMPATH\Database\BaseConnection.php on line 647.
 1 SYSTEMPATH\Database\BaseBuilder.php(2307): CodeIgniter\Database\BaseConnection->query('INSERT INTO `sadmin` (`username`, `Caddress`, `email`, `Adhar_cardno`, `Pancardno`, `Father`, `Nominee`, `Relationship_with_nominee`, `Country`, `state`, `Pincode`, `District`, `City`, `Pancard_front`, `Adhar_card_front`, `Adhar_card_back`, `Status`) VALUES (:username:, :Caddress:, :email:, :Adhar_cardno:, :Pancardno:, :Father:, :Nominee:, :Relationship_with_nominee:, :Country:, :state:, :Pincode:, :District:, :City:, :Pancard_front:, :Adhar_card_front:, :Adhar_card_back:, :Status:)', [...], false)
 2 SYSTEMPATH\Model.php(326): CodeIgniter\Database\BaseBuilder->insert()
 3 SYSTEMPATH\BaseModel.php(802): CodeIgniter\Model->doInsert([...])
 4 SYSTEMPATH\Model.php(744): CodeIgniter\BaseModel->insert([...], true)
 5 APPPATH\Controllers\ApplicationController.php(449): CodeIgniter\Model->insert([...])
 6 SYSTEMPATH\CodeIgniter.php(941): App\Controllers\ApplicationController->adminsave()
 7 SYSTEMPATH\CodeIgniter.php(502): CodeIgniter\CodeIgniter->runController(Object(App\Controllers\ApplicationController))
 8 SYSTEMPATH\CodeIgniter.php(361): CodeIgniter\CodeIgniter->handleRequest(null, Object(Config\Cache), false)
 9 FCPATH\index.php(79): CodeIgniter\CodeIgniter->run()
10 SYSTEMPATH\Commands\Server\rewrite.php(47): require_once('C:\\xampp\\htdocs\\Adwalls\\public\\index.php')
CRITICAL - 2024-03-09 05:44:17 --> [Caused by] CodeIgniter\Database\Exceptions\DatabaseException: Unknown column 'Pincode' in 'field list'
in SYSTEMPATH\Database\MySQLi\Connection.php on line 311.
 1 SYSTEMPATH\Database\BaseConnection.php(693): CodeIgniter\Database\MySQLi\Connection->execute('INSERT INTO `sadmin` (`username`, `Caddress`, `email`, `Adhar_cardno`, `Pancardno`, `Father`, `Nominee`, `Relationship_with_nominee`, `Country`, `state`, `Pincode`, `District`, `City`, `Pancard_front`, `Adhar_card_front`, `Adhar_card_back`, `Status`) VALUES (\'c c \', \'c c\', \'safausman@gmail.com\', \'123456789990\', \'AEIPT2642D\', \'xxc\', \'xc\', \'cc\', \'GD\', \'01\', \'xcc\', \'cxc\', \'cc\', \'1709963057_e0eb586b690b61d19062.jpg\', \'1709963057_7fbe1c853e3ded947330.jpg\', \'1709963057_994d2407eb4adf8f56c1.jpg\', \'In-active\')')
 2 SYSTEMPATH\Database\BaseConnection.php(607): CodeIgniter\Database\BaseConnection->simpleQuery('INSERT INTO `sadmin` (`username`, `Caddress`, `email`, `Adhar_cardno`, `Pancardno`, `Father`, `Nominee`, `Relationship_with_nominee`, `Country`, `state`, `Pincode`, `District`, `City`, `Pancard_front`, `Adhar_card_front`, `Adhar_card_back`, `Status`) VALUES (\'c c \', \'c c\', \'safausman@gmail.com\', \'123456789990\', \'AEIPT2642D\', \'xxc\', \'xc\', \'cc\', \'GD\', \'01\', \'xcc\', \'cxc\', \'cc\', \'1709963057_e0eb586b690b61d19062.jpg\', \'1709963057_7fbe1c853e3ded947330.jpg\', \'1709963057_994d2407eb4adf8f56c1.jpg\', \'In-active\')')
 3 SYSTEMPATH\Database\BaseBuilder.php(2307): CodeIgniter\Database\BaseConnection->query('INSERT INTO `sadmin` (`username`, `Caddress`, `email`, `Adhar_cardno`, `Pancardno`, `Father`, `Nominee`, `Relationship_with_nominee`, `Country`, `state`, `Pincode`, `District`, `City`, `Pancard_front`, `Adhar_card_front`, `Adhar_card_back`, `Status`) VALUES (:username:, :Caddress:, :email:, :Adhar_cardno:, :Pancardno:, :Father:, :Nominee:, :Relationship_with_nominee:, :Country:, :state:, :Pincode:, :District:, :City:, :Pancard_front:, :Adhar_card_front:, :Adhar_card_back:, :Status:)', [...], false)
 4 SYSTEMPATH\Model.php(326): CodeIgniter\Database\BaseBuilder->insert()
 5 SYSTEMPATH\BaseModel.php(802): CodeIgniter\Model->doInsert([...])
 6 SYSTEMPATH\Model.php(744): CodeIgniter\BaseModel->insert([...], true)
 7 APPPATH\Controllers\ApplicationController.php(449): CodeIgniter\Model->insert([...])
 8 SYSTEMPATH\CodeIgniter.php(941): App\Controllers\ApplicationController->adminsave()
 9 SYSTEMPATH\CodeIgniter.php(502): CodeIgniter\CodeIgniter->runController(Object(App\Controllers\ApplicationController))
10 SYSTEMPATH\CodeIgniter.php(361): CodeIgniter\CodeIgniter->handleRequest(null, Object(Config\Cache), false)
11 FCPATH\index.php(79): CodeIgniter\CodeIgniter->run()
12 SYSTEMPATH\Commands\Server\rewrite.php(47): require_once('C:\\xampp\\htdocs\\Adwalls\\public\\index.php')
CRITICAL - 2024-03-09 05:44:17 --> [Caused by] mysqli_sql_exception: Unknown column 'Pincode' in 'field list'
in SYSTEMPATH\Database\MySQLi\Connection.php on line 306.
 1 SYSTEMPATH\Database\MySQLi\Connection.php(306): mysqli->query('INSERT INTO `sadmin` (`username`, `Caddress`, `email`, `Adhar_cardno`, `Pancardno`, `Father`, `Nominee`, `Relationship_with_nominee`, `Country`, `state`, `Pincode`, `District`, `City`, `Pancard_front`, `Adhar_card_front`, `Adhar_card_back`, `Status`) VALUES (\'c c \', \'c c\', \'safausman@gmail.com\', \'123456789990\', \'AEIPT2642D\', \'xxc\', \'xc\', \'cc\', \'GD\', \'01\', \'xcc\', \'cxc\', \'cc\', \'1709963057_e0eb586b690b61d19062.jpg\', \'1709963057_7fbe1c853e3ded947330.jpg\', \'1709963057_994d2407eb4adf8f56c1.jpg\', \'In-active\')', 0)
 2 SYSTEMPATH\Database\BaseConnection.php(693): CodeIgniter\Database\MySQLi\Connection->execute('INSERT INTO `sadmin` (`username`, `Caddress`, `email`, `Adhar_cardno`, `Pancardno`, `Father`, `Nominee`, `Relationship_with_nominee`, `Country`, `state`, `Pincode`, `District`, `City`, `Pancard_front`, `Adhar_card_front`, `Adhar_card_back`, `Status`) VALUES (\'c c \', \'c c\', \'safausman@gmail.com\', \'123456789990\', \'AEIPT2642D\', \'xxc\', \'xc\', \'cc\', \'GD\', \'01\', \'xcc\', \'cxc\', \'cc\', \'1709963057_e0eb586b690b61d19062.jpg\', \'1709963057_7fbe1c853e3ded947330.jpg\', \'1709963057_994d2407eb4adf8f56c1.jpg\', \'In-active\')')
 3 SYSTEMPATH\Database\BaseConnection.php(607): CodeIgniter\Database\BaseConnection->simpleQuery('INSERT INTO `sadmin` (`username`, `Caddress`, `email`, `Adhar_cardno`, `Pancardno`, `Father`, `Nominee`, `Relationship_with_nominee`, `Country`, `state`, `Pincode`, `District`, `City`, `Pancard_front`, `Adhar_card_front`, `Adhar_card_back`, `Status`) VALUES (\'c c \', \'c c\', \'safausman@gmail.com\', \'123456789990\', \'AEIPT2642D\', \'xxc\', \'xc\', \'cc\', \'GD\', \'01\', \'xcc\', \'cxc\', \'cc\', \'1709963057_e0eb586b690b61d19062.jpg\', \'1709963057_7fbe1c853e3ded947330.jpg\', \'1709963057_994d2407eb4adf8f56c1.jpg\', \'In-active\')')
 4 SYSTEMPATH\Database\BaseBuilder.php(2307): CodeIgniter\Database\BaseConnection->query('INSERT INTO `sadmin` (`username`, `Caddress`, `email`, `Adhar_cardno`, `Pancardno`, `Father`, `Nominee`, `Relationship_with_nominee`, `Country`, `state`, `Pincode`, `District`, `City`, `Pancard_front`, `Adhar_card_front`, `Adhar_card_back`, `Status`) VALUES (:username:, :Caddress:, :email:, :Adhar_cardno:, :Pancardno:, :Father:, :Nominee:, :Relationship_with_nominee:, :Country:, :state:, :Pincode:, :District:, :City:, :Pancard_front:, :Adhar_card_front:, :Adhar_card_back:, :Status:)', [...], false)
 5 SYSTEMPATH\Model.php(326): CodeIgniter\Database\BaseBuilder->insert()
 6 SYSTEMPATH\BaseModel.php(802): CodeIgniter\Model->doInsert([...])
 7 SYSTEMPATH\Model.php(744): CodeIgniter\BaseModel->insert([...], true)
 8 APPPATH\Controllers\ApplicationController.php(449): CodeIgniter\Model->insert([...])
 9 SYSTEMPATH\CodeIgniter.php(941): App\Controllers\ApplicationController->adminsave()
10 SYSTEMPATH\CodeIgniter.php(502): CodeIgniter\CodeIgniter->runController(Object(App\Controllers\ApplicationController))
11 SYSTEMPATH\CodeIgniter.php(361): CodeIgniter\CodeIgniter->handleRequest(null, Object(Config\Cache), false)
12 FCPATH\index.php(79): CodeIgniter\CodeIgniter->run()
13 SYSTEMPATH\Commands\Server\rewrite.php(47): require_once('C:\\xampp\\htdocs\\Adwalls\\public\\index.php')
INFO - 2024-03-09 05:44:49 --> Session: Class initialized using 'CodeIgniter\Session\Handlers\FileHandler' driver.
INFO - 2024-03-09 05:44:50 --> Session: Class initialized using 'CodeIgniter\Session\Handlers\FileHandler' driver.
INFO - 2024-03-09 05:45:21 --> Session: Class initialized using 'CodeIgniter\Session\Handlers\FileHandler' driver.
INFO - 2024-03-09 05:46:26 --> Session: Class initialized using 'CodeIgniter\Session\Handlers\FileHandler' driver.
INFO - 2024-03-09 05:46:44 --> Session: Class initialized using 'CodeIgniter\Session\Handlers\FileHandler' driver.
INFO - 2024-03-09 05:48:24 --> Session: Class initialized using 'CodeIgniter\Session\Handlers\FileHandler' driver.
INFO - 2024-03-09 05:48:27 --> Session: Class initialized using 'CodeIgniter\Session\Handlers\FileHandler' driver.
INFO - 2024-03-09 05:50:07 --> Session: Class initialized using 'CodeIgniter\Session\Handlers\FileHandler' driver.
INFO - 2024-03-09 05:50:08 --> Session: Class initialized using 'CodeIgniter\Session\Handlers\FileHandler' driver.
INFO - 2024-03-09 05:50:11 --> Session: Class initialized using 'CodeIgniter\Session\Handlers\FileHandler' driver.
INFO - 2024-03-09 05:50:15 --> Session: Class initialized using 'CodeIgniter\Session\Handlers\FileHandler' driver.
INFO - 2024-03-09 05:50:34 --> Session: Class initialized using 'CodeIgniter\Session\Handlers\FileHandler' driver.
INFO - 2024-03-09 05:50:36 --> Session: Class initialized using 'CodeIgniter\Session\Handlers\FileHandler' driver.
INFO - 2024-03-09 05:50:39 --> Session: Class initialized using 'CodeIgniter\Session\Handlers\FileHandler' driver.
INFO - 2024-03-09 05:50:44 --> Session: Class initialized using 'CodeIgniter\Session\Handlers\FileHandler' driver.
INFO - 2024-03-09 05:50:46 --> Session: Class initialized using 'CodeIgniter\Session\Handlers\FileHandler' driver.
INFO - 2024-03-09 05:52:31 --> Session: Class initialized using 'CodeIgniter\Session\Handlers\FileHandler' driver.
INFO - 2024-03-09 05:54:23 --> Session: Class initialized using 'CodeIgniter\Session\Handlers\FileHandler' driver.
INFO - 2024-03-09 05:54:50 --> Session: Class initialized using 'CodeIgniter\Session\Handlers\FileHandler' driver.
INFO - 2024-03-09 05:55:04 --> Session: Class initialized using 'CodeIgniter\Session\Handlers\FileHandler' driver.
INFO - 2024-03-09 05:55:36 --> Session: Class initialized using 'CodeIgniter\Session\Handlers\FileHandler' driver.
INFO - 2024-03-09 05:55:42 --> Session: Class initialized using 'CodeIgniter\Session\Handlers\FileHandler' driver.
INFO - 2024-03-09 05:55:43 --> Session: Class initialized using 'CodeIgniter\Session\Handlers\FileHandler' driver.
INFO - 2024-03-09 05:55:45 --> Session: Class initialized using 'CodeIgniter\Session\Handlers\FileHandler' driver.
INFO - 2024-03-09 05:55:49 --> Session: Class initialized using 'CodeIgniter\Session\Handlers\FileHandler' driver.
