INFO - 2024-03-10 18:06:21 --> Session: Class initialized using 'CodeIgniter\Session\Handlers\FileHandler' driver.
INFO - 2024-03-10 18:06:27 --> Session: Class initialized using 'CodeIgniter\Session\Handlers\FileHandler' driver.
INFO - 2024-03-10 18:06:56 --> Session: Class initialized using 'CodeIgniter\Session\Handlers\FileHandler' driver.
INFO - 2024-03-10 18:07:14 --> Session: Class initialized using 'CodeIgniter\Session\Handlers\FileHandler' driver.
INFO - 2024-03-10 18:08:48 --> Session: Class initialized using 'CodeIgniter\Session\Handlers\FileHandler' driver.
INFO - 2024-03-10 18:09:01 --> Session: Class initialized using 'CodeIgniter\Session\Handlers\FileHandler' driver.
INFO - 2024-03-10 18:09:02 --> Session: Class initialized using 'CodeIgniter\Session\Handlers\FileHandler' driver.
CRITICAL - 2024-03-10 18:09:02 --> ErrorException: Trying to access array offset on value of type null
in APPPATH\Views\Admin\ViewApps.php on line 42.
 1 APPPATH\Views\Admin\ViewApps.php(42): CodeIgniter\Debug\Exceptions->errorHandler(2, 'Trying to access array offset on value of type null', 'C:\\xampp\\htdocs\\Adwalls\\app\\Views\\Admin\\ViewApps.php', 42)
 2 SYSTEMPATH\View\View.php(228): include('C:\\xampp\\htdocs\\Adwalls\\app\\Views\\Admin\\ViewApps.php')
 3 SYSTEMPATH\View\View.php(231): CodeIgniter\View\View->CodeIgniter\View\{closure}()
 4 SYSTEMPATH\Common.php(1178): CodeIgniter\View\View->render('Admin/ViewApps', [], true)
 5 APPPATH\Controllers\ApplicationController.php(273): view('Admin/ViewApps', [...])
 6 SYSTEMPATH\CodeIgniter.php(941): App\Controllers\ApplicationController->view('assets', 'img', 'favicon.ico')
 7 SYSTEMPATH\CodeIgniter.php(502): CodeIgniter\CodeIgniter->runController(Object(App\Controllers\ApplicationController))
 8 SYSTEMPATH\CodeIgniter.php(361): CodeIgniter\CodeIgniter->handleRequest(null, Object(Config\Cache), false)
 9 FCPATH\index.php(79): CodeIgniter\CodeIgniter->run()
10 SYSTEMPATH\Commands\Server\rewrite.php(47): require_once('C:\\xampp\\htdocs\\Adwalls\\public\\index.php')
INFO - 2024-03-10 18:09:20 --> Session: Class initialized using 'CodeIgniter\Session\Handlers\FileHandler' driver.
INFO - 2024-03-10 18:09:27 --> Session: Class initialized using 'CodeIgniter\Session\Handlers\FileHandler' driver.
INFO - 2024-03-10 18:09:37 --> Session: Class initialized using 'CodeIgniter\Session\Handlers\FileHandler' driver.
INFO - 2024-03-10 18:09:42 --> Session: Class initialized using 'CodeIgniter\Session\Handlers\FileHandler' driver.
INFO - 2024-03-10 18:09:55 --> Session: Class initialized using 'CodeIgniter\Session\Handlers\FileHandler' driver.
INFO - 2024-03-10 18:10:09 --> Session: Class initialized using 'CodeIgniter\Session\Handlers\FileHandler' driver.
INFO - 2024-03-10 18:10:11 --> Session: Class initialized using 'CodeIgniter\Session\Handlers\FileHandler' driver.
INFO - 2024-03-10 18:14:53 --> Session: Class initialized using 'CodeIgniter\Session\Handlers\FileHandler' driver.
INFO - 2024-03-10 18:16:36 --> Session: Class initialized using 'CodeIgniter\Session\Handlers\FileHandler' driver.
INFO - 2024-03-10 18:26:22 --> Session: Class initialized using 'CodeIgniter\Session\Handlers\FileHandler' driver.
INFO - 2024-03-10 18:26:26 --> Session: Class initialized using 'CodeIgniter\Session\Handlers\FileHandler' driver.
INFO - 2024-03-10 18:26:26 --> Session: Class initialized using 'CodeIgniter\Session\Handlers\FileHandler' driver.
CRITICAL - 2024-03-10 18:26:26 --> ErrorException: Trying to access array offset on value of type null
in APPPATH\Views\Admin\ViewApps.php on line 42.
 1 APPPATH\Views\Admin\ViewApps.php(42): CodeIgniter\Debug\Exceptions->errorHandler(2, 'Trying to access array offset on value of type null', 'C:\\xampp\\htdocs\\Adwalls\\app\\Views\\Admin\\ViewApps.php', 42)
 2 SYSTEMPATH\View\View.php(228): include('C:\\xampp\\htdocs\\Adwalls\\app\\Views\\Admin\\ViewApps.php')
 3 SYSTEMPATH\View\View.php(231): CodeIgniter\View\View->CodeIgniter\View\{closure}()
 4 SYSTEMPATH\Common.php(1178): CodeIgniter\View\View->render('Admin/ViewApps', [], true)
 5 APPPATH\Controllers\ApplicationController.php(273): view('Admin/ViewApps', [...])
 6 SYSTEMPATH\CodeIgniter.php(941): App\Controllers\ApplicationController->view('assets', 'img', 'favicon.ico')
 7 SYSTEMPATH\CodeIgniter.php(502): CodeIgniter\CodeIgniter->runController(Object(App\Controllers\ApplicationController))
 8 SYSTEMPATH\CodeIgniter.php(361): CodeIgniter\CodeIgniter->handleRequest(null, Object(Config\Cache), false)
 9 FCPATH\index.php(79): CodeIgniter\CodeIgniter->run()
10 SYSTEMPATH\Commands\Server\rewrite.php(47): require_once('C:\\xampp\\htdocs\\Adwalls\\public\\index.php')
INFO - 2024-03-10 18:26:44 --> Session: Class initialized using 'CodeIgniter\Session\Handlers\FileHandler' driver.
INFO - 2024-03-10 18:26:54 --> Session: Class initialized using 'CodeIgniter\Session\Handlers\FileHandler' driver.
INFO - 2024-03-10 18:26:55 --> Session: Class initialized using 'CodeIgniter\Session\Handlers\FileHandler' driver.
CRITICAL - 2024-03-10 18:26:55 --> ErrorException: Trying to access array offset on value of type null
in APPPATH\Views\Admin\ViewApps.php on line 42.
 1 APPPATH\Views\Admin\ViewApps.php(42): CodeIgniter\Debug\Exceptions->errorHandler(2, 'Trying to access array offset on value of type null', 'C:\\xampp\\htdocs\\Adwalls\\app\\Views\\Admin\\ViewApps.php', 42)
 2 SYSTEMPATH\View\View.php(228): include('C:\\xampp\\htdocs\\Adwalls\\app\\Views\\Admin\\ViewApps.php')
 3 SYSTEMPATH\View\View.php(231): CodeIgniter\View\View->CodeIgniter\View\{closure}()
 4 SYSTEMPATH\Common.php(1178): CodeIgniter\View\View->render('Admin/ViewApps', [], true)
 5 APPPATH\Controllers\ApplicationController.php(273): view('Admin/ViewApps', [...])
 6 SYSTEMPATH\CodeIgniter.php(941): App\Controllers\ApplicationController->view('assets', 'img', 'favicon.ico')
 7 SYSTEMPATH\CodeIgniter.php(502): CodeIgniter\CodeIgniter->runController(Object(App\Controllers\ApplicationController))
 8 SYSTEMPATH\CodeIgniter.php(361): CodeIgniter\CodeIgniter->handleRequest(null, Object(Config\Cache), false)
 9 FCPATH\index.php(79): CodeIgniter\CodeIgniter->run()
10 SYSTEMPATH\Commands\Server\rewrite.php(47): require_once('C:\\xampp\\htdocs\\Adwalls\\public\\index.php')
INFO - 2024-03-10 18:27:51 --> Session: Class initialized using 'CodeIgniter\Session\Handlers\FileHandler' driver.
INFO - 2024-03-10 18:27:55 --> Session: Class initialized using 'CodeIgniter\Session\Handlers\FileHandler' driver.
INFO - 2024-03-10 18:32:48 --> Session: Class initialized using 'CodeIgniter\Session\Handlers\FileHandler' driver.
CRITICAL - 2024-03-10 18:32:52 --> ErrorException: Undefined variable $staffcategorys
in APPPATH\Controllers\ApplicationController.php on line 430.
 1 APPPATH\Controllers\ApplicationController.php(430): CodeIgniter\Debug\Exceptions->errorHandler(2, 'Undefined variable $staffcategorys', 'C:\\xampp\\htdocs\\Adwalls\\app\\Controllers\\ApplicationController.php', 430)
 2 SYSTEMPATH\CodeIgniter.php(941): App\Controllers\ApplicationController->edit_admin('9')
 3 SYSTEMPATH\CodeIgniter.php(502): CodeIgniter\CodeIgniter->runController(Object(App\Controllers\ApplicationController))
 4 SYSTEMPATH\CodeIgniter.php(361): CodeIgniter\CodeIgniter->handleRequest(null, Object(Config\Cache), false)
 5 FCPATH\index.php(79): CodeIgniter\CodeIgniter->run()
 6 SYSTEMPATH\Commands\Server\rewrite.php(47): require_once('C:\\xampp\\htdocs\\Adwalls\\public\\index.php')
CRITICAL - 2024-03-10 18:33:25 --> CodeIgniter\View\Exceptions\ViewException: Invalid file: "Admin/edit_admin.php"
in SYSTEMPATH\Exceptions\FrameworkException.php on line 39.
 1 SYSTEMPATH\View\View.php(216): CodeIgniter\Exceptions\FrameworkException::forInvalidFile('Admin/edit_admin.php')
 2 SYSTEMPATH\Common.php(1178): CodeIgniter\View\View->render('Admin/edit_admin', [], true)
 3 APPPATH\Controllers\ApplicationController.php(431): view('Admin/edit_admin', [...])
 4 SYSTEMPATH\CodeIgniter.php(941): App\Controllers\ApplicationController->edit_admin('9')
 5 SYSTEMPATH\CodeIgniter.php(502): CodeIgniter\CodeIgniter->runController(Object(App\Controllers\ApplicationController))
 6 SYSTEMPATH\CodeIgniter.php(361): CodeIgniter\CodeIgniter->handleRequest(null, Object(Config\Cache), false)
 7 FCPATH\index.php(79): CodeIgniter\CodeIgniter->run()
 8 SYSTEMPATH\Commands\Server\rewrite.php(47): require_once('C:\\xampp\\htdocs\\Adwalls\\public\\index.php')
CRITICAL - 2024-03-10 18:33:48 --> CodeIgniter\View\Exceptions\ViewException: Invalid file: "Sdmin/edit_admin.php"
in SYSTEMPATH\Exceptions\FrameworkException.php on line 39.
 1 SYSTEMPATH\View\View.php(216): CodeIgniter\Exceptions\FrameworkException::forInvalidFile('Sdmin/edit_admin.php')
 2 SYSTEMPATH\Common.php(1178): CodeIgniter\View\View->render('Sdmin/edit_admin', [], true)
 3 APPPATH\Controllers\ApplicationController.php(431): view('Sdmin/edit_admin', [...])
 4 SYSTEMPATH\CodeIgniter.php(941): App\Controllers\ApplicationController->edit_admin('9')
 5 SYSTEMPATH\CodeIgniter.php(502): CodeIgniter\CodeIgniter->runController(Object(App\Controllers\ApplicationController))
 6 SYSTEMPATH\CodeIgniter.php(361): CodeIgniter\CodeIgniter->handleRequest(null, Object(Config\Cache), false)
 7 FCPATH\index.php(79): CodeIgniter\CodeIgniter->run()
 8 SYSTEMPATH\Commands\Server\rewrite.php(47): require_once('C:\\xampp\\htdocs\\Adwalls\\public\\index.php')
CRITICAL - 2024-03-10 18:33:49 --> CodeIgniter\View\Exceptions\ViewException: Invalid file: "Sdmin/edit_admin.php"
in SYSTEMPATH\Exceptions\FrameworkException.php on line 39.
 1 SYSTEMPATH\View\View.php(216): CodeIgniter\Exceptions\FrameworkException::forInvalidFile('Sdmin/edit_admin.php')
 2 SYSTEMPATH\Common.php(1178): CodeIgniter\View\View->render('Sdmin/edit_admin', [], true)
 3 APPPATH\Controllers\ApplicationController.php(431): view('Sdmin/edit_admin', [...])
 4 SYSTEMPATH\CodeIgniter.php(941): App\Controllers\ApplicationController->edit_admin('9')
 5 SYSTEMPATH\CodeIgniter.php(502): CodeIgniter\CodeIgniter->runController(Object(App\Controllers\ApplicationController))
 6 SYSTEMPATH\CodeIgniter.php(361): CodeIgniter\CodeIgniter->handleRequest(null, Object(Config\Cache), false)
 7 FCPATH\index.php(79): CodeIgniter\CodeIgniter->run()
 8 SYSTEMPATH\Commands\Server\rewrite.php(47): require_once('C:\\xampp\\htdocs\\Adwalls\\public\\index.php')
CRITICAL - 2024-03-10 18:33:49 --> CodeIgniter\View\Exceptions\ViewException: Invalid file: "Sdmin/edit_admin.php"
in SYSTEMPATH\Exceptions\FrameworkException.php on line 39.
 1 SYSTEMPATH\View\View.php(216): CodeIgniter\Exceptions\FrameworkException::forInvalidFile('Sdmin/edit_admin.php')
 2 SYSTEMPATH\Common.php(1178): CodeIgniter\View\View->render('Sdmin/edit_admin', [], true)
 3 APPPATH\Controllers\ApplicationController.php(431): view('Sdmin/edit_admin', [...])
 4 SYSTEMPATH\CodeIgniter.php(941): App\Controllers\ApplicationController->edit_admin('9')
 5 SYSTEMPATH\CodeIgniter.php(502): CodeIgniter\CodeIgniter->runController(Object(App\Controllers\ApplicationController))
 6 SYSTEMPATH\CodeIgniter.php(361): CodeIgniter\CodeIgniter->handleRequest(null, Object(Config\Cache), false)
 7 FCPATH\index.php(79): CodeIgniter\CodeIgniter->run()
 8 SYSTEMPATH\Commands\Server\rewrite.php(47): require_once('C:\\xampp\\htdocs\\Adwalls\\public\\index.php')
INFO - 2024-03-10 18:33:51 --> Session: Class initialized using 'CodeIgniter\Session\Handlers\FileHandler' driver.
INFO - 2024-03-10 18:33:51 --> Session: Class initialized using 'CodeIgniter\Session\Handlers\FileHandler' driver.
CRITICAL - 2024-03-10 18:33:55 --> CodeIgniter\View\Exceptions\ViewException: Invalid file: "Sdmin/edit_admin.php"
in SYSTEMPATH\Exceptions\FrameworkException.php on line 39.
 1 SYSTEMPATH\View\View.php(216): CodeIgniter\Exceptions\FrameworkException::forInvalidFile('Sdmin/edit_admin.php')
 2 SYSTEMPATH\Common.php(1178): CodeIgniter\View\View->render('Sdmin/edit_admin', [], true)
 3 APPPATH\Controllers\ApplicationController.php(431): view('Sdmin/edit_admin', [...])
 4 SYSTEMPATH\CodeIgniter.php(941): App\Controllers\ApplicationController->edit_admin('10')
 5 SYSTEMPATH\CodeIgniter.php(502): CodeIgniter\CodeIgniter->runController(Object(App\Controllers\ApplicationController))
 6 SYSTEMPATH\CodeIgniter.php(361): CodeIgniter\CodeIgniter->handleRequest(null, Object(Config\Cache), false)
 7 FCPATH\index.php(79): CodeIgniter\CodeIgniter->run()
 8 SYSTEMPATH\Commands\Server\rewrite.php(47): require_once('C:\\xampp\\htdocs\\Adwalls\\public\\index.php')
INFO - 2024-03-10 18:34:15 --> Session: Class initialized using 'CodeIgniter\Session\Handlers\FileHandler' driver.
CRITICAL - 2024-03-10 18:34:15 --> ErrorException: Undefined array key "caddressl"
in APPPATH\Views\Sadmin\edit_admin.php on line 59.
 1 APPPATH\Views\Sadmin\edit_admin.php(59): CodeIgniter\Debug\Exceptions->errorHandler(2, 'Undefined array key "caddressl"', 'C:\\xampp\\htdocs\\Adwalls\\app\\Views\\Sadmin\\edit_admin.php', 59)
 2 SYSTEMPATH\View\View.php(228): include('C:\\xampp\\htdocs\\Adwalls\\app\\Views\\Sadmin\\edit_admin.php')
 3 SYSTEMPATH\View\View.php(231): CodeIgniter\View\View->CodeIgniter\View\{closure}()
 4 SYSTEMPATH\Common.php(1178): CodeIgniter\View\View->render('Sadmin/edit_admin', [], true)
 5 APPPATH\Controllers\ApplicationController.php(431): view('Sadmin/edit_admin', [...])
 6 SYSTEMPATH\CodeIgniter.php(941): App\Controllers\ApplicationController->edit_admin('10')
 7 SYSTEMPATH\CodeIgniter.php(502): CodeIgniter\CodeIgniter->runController(Object(App\Controllers\ApplicationController))
 8 SYSTEMPATH\CodeIgniter.php(361): CodeIgniter\CodeIgniter->handleRequest(null, Object(Config\Cache), false)
 9 FCPATH\index.php(79): CodeIgniter\CodeIgniter->run()
10 SYSTEMPATH\Commands\Server\rewrite.php(47): require_once('C:\\xampp\\htdocs\\Adwalls\\public\\index.php')
INFO - 2024-03-10 18:34:42 --> Session: Class initialized using 'CodeIgniter\Session\Handlers\FileHandler' driver.
CRITICAL - 2024-03-10 18:34:42 --> ErrorException: Undefined array key "caddress"
in APPPATH\Views\Sadmin\edit_admin.php on line 59.
 1 APPPATH\Views\Sadmin\edit_admin.php(59): CodeIgniter\Debug\Exceptions->errorHandler(2, 'Undefined array key "caddress"', 'C:\\xampp\\htdocs\\Adwalls\\app\\Views\\Sadmin\\edit_admin.php', 59)
 2 SYSTEMPATH\View\View.php(228): include('C:\\xampp\\htdocs\\Adwalls\\app\\Views\\Sadmin\\edit_admin.php')
 3 SYSTEMPATH\View\View.php(231): CodeIgniter\View\View->CodeIgniter\View\{closure}()
 4 SYSTEMPATH\Common.php(1178): CodeIgniter\View\View->render('Sadmin/edit_admin', [], true)
 5 APPPATH\Controllers\ApplicationController.php(431): view('Sadmin/edit_admin', [...])
 6 SYSTEMPATH\CodeIgniter.php(941): App\Controllers\ApplicationController->edit_admin('10')
 7 SYSTEMPATH\CodeIgniter.php(502): CodeIgniter\CodeIgniter->runController(Object(App\Controllers\ApplicationController))
 8 SYSTEMPATH\CodeIgniter.php(361): CodeIgniter\CodeIgniter->handleRequest(null, Object(Config\Cache), false)
 9 FCPATH\index.php(79): CodeIgniter\CodeIgniter->run()
10 SYSTEMPATH\Commands\Server\rewrite.php(47): require_once('C:\\xampp\\htdocs\\Adwalls\\public\\index.php')
INFO - 2024-03-10 18:34:45 --> Session: Class initialized using 'CodeIgniter\Session\Handlers\FileHandler' driver.
CRITICAL - 2024-03-10 18:34:45 --> ErrorException: Undefined array key "caddress"
in APPPATH\Views\Sadmin\edit_admin.php on line 59.
 1 APPPATH\Views\Sadmin\edit_admin.php(59): CodeIgniter\Debug\Exceptions->errorHandler(2, 'Undefined array key "caddress"', 'C:\\xampp\\htdocs\\Adwalls\\app\\Views\\Sadmin\\edit_admin.php', 59)
 2 SYSTEMPATH\View\View.php(228): include('C:\\xampp\\htdocs\\Adwalls\\app\\Views\\Sadmin\\edit_admin.php')
 3 SYSTEMPATH\View\View.php(231): CodeIgniter\View\View->CodeIgniter\View\{closure}()
 4 SYSTEMPATH\Common.php(1178): CodeIgniter\View\View->render('Sadmin/edit_admin', [], true)
 5 APPPATH\Controllers\ApplicationController.php(431): view('Sadmin/edit_admin', [...])
 6 SYSTEMPATH\CodeIgniter.php(941): App\Controllers\ApplicationController->edit_admin('10')
 7 SYSTEMPATH\CodeIgniter.php(502): CodeIgniter\CodeIgniter->runController(Object(App\Controllers\ApplicationController))
 8 SYSTEMPATH\CodeIgniter.php(361): CodeIgniter\CodeIgniter->handleRequest(null, Object(Config\Cache), false)
 9 FCPATH\index.php(79): CodeIgniter\CodeIgniter->run()
10 SYSTEMPATH\Commands\Server\rewrite.php(47): require_once('C:\\xampp\\htdocs\\Adwalls\\public\\index.php')
INFO - 2024-03-10 18:35:04 --> Session: Class initialized using 'CodeIgniter\Session\Handlers\FileHandler' driver.
CRITICAL - 2024-03-10 18:35:04 --> ErrorException: Undefined array key "paddress"
in APPPATH\Views\Sadmin\edit_admin.php on line 66.
 1 APPPATH\Views\Sadmin\edit_admin.php(66): CodeIgniter\Debug\Exceptions->errorHandler(2, 'Undefined array key "paddress"', 'C:\\xampp\\htdocs\\Adwalls\\app\\Views\\Sadmin\\edit_admin.php', 66)
 2 SYSTEMPATH\View\View.php(228): include('C:\\xampp\\htdocs\\Adwalls\\app\\Views\\Sadmin\\edit_admin.php')
 3 SYSTEMPATH\View\View.php(231): CodeIgniter\View\View->CodeIgniter\View\{closure}()
 4 SYSTEMPATH\Common.php(1178): CodeIgniter\View\View->render('Sadmin/edit_admin', [], true)
 5 APPPATH\Controllers\ApplicationController.php(431): view('Sadmin/edit_admin', [...])
 6 SYSTEMPATH\CodeIgniter.php(941): App\Controllers\ApplicationController->edit_admin('10')
 7 SYSTEMPATH\CodeIgniter.php(502): CodeIgniter\CodeIgniter->runController(Object(App\Controllers\ApplicationController))
 8 SYSTEMPATH\CodeIgniter.php(361): CodeIgniter\CodeIgniter->handleRequest(null, Object(Config\Cache), false)
 9 FCPATH\index.php(79): CodeIgniter\CodeIgniter->run()
10 SYSTEMPATH\Commands\Server\rewrite.php(47): require_once('C:\\xampp\\htdocs\\Adwalls\\public\\index.php')
INFO - 2024-03-10 18:35:23 --> Session: Class initialized using 'CodeIgniter\Session\Handlers\FileHandler' driver.
CRITICAL - 2024-03-10 18:35:23 --> ErrorException: Undefined array key "nominee"
in APPPATH\Views\Sadmin\edit_admin.php on line 78.
 1 APPPATH\Views\Sadmin\edit_admin.php(78): CodeIgniter\Debug\Exceptions->errorHandler(2, 'Undefined array key "nominee"', 'C:\\xampp\\htdocs\\Adwalls\\app\\Views\\Sadmin\\edit_admin.php', 78)
 2 SYSTEMPATH\View\View.php(228): include('C:\\xampp\\htdocs\\Adwalls\\app\\Views\\Sadmin\\edit_admin.php')
 3 SYSTEMPATH\View\View.php(231): CodeIgniter\View\View->CodeIgniter\View\{closure}()
 4 SYSTEMPATH\Common.php(1178): CodeIgniter\View\View->render('Sadmin/edit_admin', [], true)
 5 APPPATH\Controllers\ApplicationController.php(431): view('Sadmin/edit_admin', [...])
 6 SYSTEMPATH\CodeIgniter.php(941): App\Controllers\ApplicationController->edit_admin('10')
 7 SYSTEMPATH\CodeIgniter.php(502): CodeIgniter\CodeIgniter->runController(Object(App\Controllers\ApplicationController))
 8 SYSTEMPATH\CodeIgniter.php(361): CodeIgniter\CodeIgniter->handleRequest(null, Object(Config\Cache), false)
 9 FCPATH\index.php(79): CodeIgniter\CodeIgniter->run()
10 SYSTEMPATH\Commands\Server\rewrite.php(47): require_once('C:\\xampp\\htdocs\\Adwalls\\public\\index.php')
INFO - 2024-03-10 18:35:51 --> Session: Class initialized using 'CodeIgniter\Session\Handlers\FileHandler' driver.
CRITICAL - 2024-03-10 18:35:51 --> ErrorException: Undefined variable $admint
in APPPATH\Views\Sadmin\edit_admin.php on line 123.
 1 APPPATH\Views\Sadmin\edit_admin.php(123): CodeIgniter\Debug\Exceptions->errorHandler(2, 'Undefined variable $admint', 'C:\\xampp\\htdocs\\Adwalls\\app\\Views\\Sadmin\\edit_admin.php', 123)
 2 SYSTEMPATH\View\View.php(228): include('C:\\xampp\\htdocs\\Adwalls\\app\\Views\\Sadmin\\edit_admin.php')
 3 SYSTEMPATH\View\View.php(231): CodeIgniter\View\View->CodeIgniter\View\{closure}()
 4 SYSTEMPATH\Common.php(1178): CodeIgniter\View\View->render('Sadmin/edit_admin', [], true)
 5 APPPATH\Controllers\ApplicationController.php(431): view('Sadmin/edit_admin', [...])
 6 SYSTEMPATH\CodeIgniter.php(941): App\Controllers\ApplicationController->edit_admin('10')
 7 SYSTEMPATH\CodeIgniter.php(502): CodeIgniter\CodeIgniter->runController(Object(App\Controllers\ApplicationController))
 8 SYSTEMPATH\CodeIgniter.php(361): CodeIgniter\CodeIgniter->handleRequest(null, Object(Config\Cache), false)
 9 FCPATH\index.php(79): CodeIgniter\CodeIgniter->run()
10 SYSTEMPATH\Commands\Server\rewrite.php(47): require_once('C:\\xampp\\htdocs\\Adwalls\\public\\index.php')
INFO - 2024-03-10 18:36:07 --> Session: Class initialized using 'CodeIgniter\Session\Handlers\FileHandler' driver.
CRITICAL - 2024-03-10 18:36:07 --> ErrorException: Undefined array key "Adharfront"
in APPPATH\Views\Sadmin\edit_admin.php on line 123.
 1 APPPATH\Views\Sadmin\edit_admin.php(123): CodeIgniter\Debug\Exceptions->errorHandler(2, 'Undefined array key "Adharfront"', 'C:\\xampp\\htdocs\\Adwalls\\app\\Views\\Sadmin\\edit_admin.php', 123)
 2 SYSTEMPATH\View\View.php(228): include('C:\\xampp\\htdocs\\Adwalls\\app\\Views\\Sadmin\\edit_admin.php')
 3 SYSTEMPATH\View\View.php(231): CodeIgniter\View\View->CodeIgniter\View\{closure}()
 4 SYSTEMPATH\Common.php(1178): CodeIgniter\View\View->render('Sadmin/edit_admin', [], true)
 5 APPPATH\Controllers\ApplicationController.php(431): view('Sadmin/edit_admin', [...])
 6 SYSTEMPATH\CodeIgniter.php(941): App\Controllers\ApplicationController->edit_admin('10')
 7 SYSTEMPATH\CodeIgniter.php(502): CodeIgniter\CodeIgniter->runController(Object(App\Controllers\ApplicationController))
 8 SYSTEMPATH\CodeIgniter.php(361): CodeIgniter\CodeIgniter->handleRequest(null, Object(Config\Cache), false)
 9 FCPATH\index.php(79): CodeIgniter\CodeIgniter->run()
10 SYSTEMPATH\Commands\Server\rewrite.php(47): require_once('C:\\xampp\\htdocs\\Adwalls\\public\\index.php')
INFO - 2024-03-10 18:36:08 --> Session: Class initialized using 'CodeIgniter\Session\Handlers\FileHandler' driver.
CRITICAL - 2024-03-10 18:36:08 --> ErrorException: Undefined array key "Adharfront"
in APPPATH\Views\Sadmin\edit_admin.php on line 123.
 1 APPPATH\Views\Sadmin\edit_admin.php(123): CodeIgniter\Debug\Exceptions->errorHandler(2, 'Undefined array key "Adharfront"', 'C:\\xampp\\htdocs\\Adwalls\\app\\Views\\Sadmin\\edit_admin.php', 123)
 2 SYSTEMPATH\View\View.php(228): include('C:\\xampp\\htdocs\\Adwalls\\app\\Views\\Sadmin\\edit_admin.php')
 3 SYSTEMPATH\View\View.php(231): CodeIgniter\View\View->CodeIgniter\View\{closure}()
 4 SYSTEMPATH\Common.php(1178): CodeIgniter\View\View->render('Sadmin/edit_admin', [], true)
 5 APPPATH\Controllers\ApplicationController.php(431): view('Sadmin/edit_admin', [...])
 6 SYSTEMPATH\CodeIgniter.php(941): App\Controllers\ApplicationController->edit_admin('10')
 7 SYSTEMPATH\CodeIgniter.php(502): CodeIgniter\CodeIgniter->runController(Object(App\Controllers\ApplicationController))
 8 SYSTEMPATH\CodeIgniter.php(361): CodeIgniter\CodeIgniter->handleRequest(null, Object(Config\Cache), false)
 9 FCPATH\index.php(79): CodeIgniter\CodeIgniter->run()
10 SYSTEMPATH\Commands\Server\rewrite.php(47): require_once('C:\\xampp\\htdocs\\Adwalls\\public\\index.php')
INFO - 2024-03-10 18:36:41 --> Session: Class initialized using 'CodeIgniter\Session\Handlers\FileHandler' driver.
CRITICAL - 2024-03-10 18:36:41 --> ErrorException: Undefined variable $admint
in APPPATH\Views\Sadmin\edit_admin.php on line 125.
 1 APPPATH\Views\Sadmin\edit_admin.php(125): CodeIgniter\Debug\Exceptions->errorHandler(2, 'Undefined variable $admint', 'C:\\xampp\\htdocs\\Adwalls\\app\\Views\\Sadmin\\edit_admin.php', 125)
 2 SYSTEMPATH\View\View.php(228): include('C:\\xampp\\htdocs\\Adwalls\\app\\Views\\Sadmin\\edit_admin.php')
 3 SYSTEMPATH\View\View.php(231): CodeIgniter\View\View->CodeIgniter\View\{closure}()
 4 SYSTEMPATH\Common.php(1178): CodeIgniter\View\View->render('Sadmin/edit_admin', [], true)
 5 APPPATH\Controllers\ApplicationController.php(431): view('Sadmin/edit_admin', [...])
 6 SYSTEMPATH\CodeIgniter.php(941): App\Controllers\ApplicationController->edit_admin('10')
 7 SYSTEMPATH\CodeIgniter.php(502): CodeIgniter\CodeIgniter->runController(Object(App\Controllers\ApplicationController))
 8 SYSTEMPATH\CodeIgniter.php(361): CodeIgniter\CodeIgniter->handleRequest(null, Object(Config\Cache), false)
 9 FCPATH\index.php(79): CodeIgniter\CodeIgniter->run()
10 SYSTEMPATH\Commands\Server\rewrite.php(47): require_once('C:\\xampp\\htdocs\\Adwalls\\public\\index.php')
INFO - 2024-03-10 18:36:43 --> Session: Class initialized using 'CodeIgniter\Session\Handlers\FileHandler' driver.
CRITICAL - 2024-03-10 18:36:43 --> ErrorException: Undefined variable $admint
in APPPATH\Views\Sadmin\edit_admin.php on line 125.
 1 APPPATH\Views\Sadmin\edit_admin.php(125): CodeIgniter\Debug\Exceptions->errorHandler(2, 'Undefined variable $admint', 'C:\\xampp\\htdocs\\Adwalls\\app\\Views\\Sadmin\\edit_admin.php', 125)
 2 SYSTEMPATH\View\View.php(228): include('C:\\xampp\\htdocs\\Adwalls\\app\\Views\\Sadmin\\edit_admin.php')
 3 SYSTEMPATH\View\View.php(231): CodeIgniter\View\View->CodeIgniter\View\{closure}()
 4 SYSTEMPATH\Common.php(1178): CodeIgniter\View\View->render('Sadmin/edit_admin', [], true)
 5 APPPATH\Controllers\ApplicationController.php(431): view('Sadmin/edit_admin', [...])
 6 SYSTEMPATH\CodeIgniter.php(941): App\Controllers\ApplicationController->edit_admin('10')
 7 SYSTEMPATH\CodeIgniter.php(502): CodeIgniter\CodeIgniter->runController(Object(App\Controllers\ApplicationController))
 8 SYSTEMPATH\CodeIgniter.php(361): CodeIgniter\CodeIgniter->handleRequest(null, Object(Config\Cache), false)
 9 FCPATH\index.php(79): CodeIgniter\CodeIgniter->run()
10 SYSTEMPATH\Commands\Server\rewrite.php(47): require_once('C:\\xampp\\htdocs\\Adwalls\\public\\index.php')
INFO - 2024-03-10 18:36:53 --> Session: Class initialized using 'CodeIgniter\Session\Handlers\FileHandler' driver.
INFO - 2024-03-10 18:38:49 --> Session: Class initialized using 'CodeIgniter\Session\Handlers\FileHandler' driver.
INFO - 2024-03-10 18:38:57 --> Session: Class initialized using 'CodeIgniter\Session\Handlers\FileHandler' driver.
INFO - 2024-03-10 18:39:14 --> Session: Class initialized using 'CodeIgniter\Session\Handlers\FileHandler' driver.
INFO - 2024-03-10 18:42:26 --> Session: Class initialized using 'CodeIgniter\Session\Handlers\FileHandler' driver.
INFO - 2024-03-10 18:43:07 --> Session: Class initialized using 'CodeIgniter\Session\Handlers\FileHandler' driver.
INFO - 2024-03-10 18:43:24 --> Session: Class initialized using 'CodeIgniter\Session\Handlers\FileHandler' driver.
INFO - 2024-03-10 18:43:49 --> Session: Class initialized using 'CodeIgniter\Session\Handlers\FileHandler' driver.
INFO - 2024-03-10 18:43:58 --> Session: Class initialized using 'CodeIgniter\Session\Handlers\FileHandler' driver.
INFO - 2024-03-10 18:44:06 --> Session: Class initialized using 'CodeIgniter\Session\Handlers\FileHandler' driver.
INFO - 2024-03-10 18:55:50 --> Session: Class initialized using 'CodeIgniter\Session\Handlers\FileHandler' driver.
INFO - 2024-03-10 18:55:51 --> Session: Class initialized using 'CodeIgniter\Session\Handlers\FileHandler' driver.
INFO - 2024-03-10 18:56:13 --> Session: Class initialized using 'CodeIgniter\Session\Handlers\FileHandler' driver.
INFO - 2024-03-10 18:56:28 --> Session: Class initialized using 'CodeIgniter\Session\Handlers\FileHandler' driver.
INFO - 2024-03-10 18:56:31 --> Session: Class initialized using 'CodeIgniter\Session\Handlers\FileHandler' driver.
INFO - 2024-03-10 18:56:33 --> Session: Class initialized using 'CodeIgniter\Session\Handlers\FileHandler' driver.
INFO - 2024-03-10 18:58:26 --> Session: Class initialized using 'CodeIgniter\Session\Handlers\FileHandler' driver.
INFO - 2024-03-10 19:00:45 --> Session: Class initialized using 'CodeIgniter\Session\Handlers\FileHandler' driver.
INFO - 2024-03-10 19:01:09 --> Session: Class initialized using 'CodeIgniter\Session\Handlers\FileHandler' driver.
INFO - 2024-03-10 19:02:08 --> Session: Class initialized using 'CodeIgniter\Session\Handlers\FileHandler' driver.
INFO - 2024-03-10 19:03:01 --> Session: Class initialized using 'CodeIgniter\Session\Handlers\FileHandler' driver.
INFO - 2024-03-10 19:03:03 --> Session: Class initialized using 'CodeIgniter\Session\Handlers\FileHandler' driver.
INFO - 2024-03-10 19:04:13 --> Session: Class initialized using 'CodeIgniter\Session\Handlers\FileHandler' driver.
INFO - 2024-03-10 19:04:43 --> Session: Class initialized using 'CodeIgniter\Session\Handlers\FileHandler' driver.
INFO - 2024-03-10 19:04:47 --> Session: Class initialized using 'CodeIgniter\Session\Handlers\FileHandler' driver.
INFO - 2024-03-10 19:04:48 --> Session: Class initialized using 'CodeIgniter\Session\Handlers\FileHandler' driver.
INFO - 2024-03-10 19:04:49 --> Session: Class initialized using 'CodeIgniter\Session\Handlers\FileHandler' driver.
CRITICAL - 2024-03-10 19:04:49 --> ErrorException: Trying to access array offset on value of type null
in APPPATH\Views\Admin\ViewApps.php on line 42.
 1 APPPATH\Views\Admin\ViewApps.php(42): CodeIgniter\Debug\Exceptions->errorHandler(2, 'Trying to access array offset on value of type null', 'C:\\xampp\\htdocs\\Adwalls\\app\\Views\\Admin\\ViewApps.php', 42)
 2 SYSTEMPATH\View\View.php(228): include('C:\\xampp\\htdocs\\Adwalls\\app\\Views\\Admin\\ViewApps.php')
 3 SYSTEMPATH\View\View.php(231): CodeIgniter\View\View->CodeIgniter\View\{closure}()
 4 SYSTEMPATH\Common.php(1178): CodeIgniter\View\View->render('Admin/ViewApps', [], true)
 5 APPPATH\Controllers\ApplicationController.php(273): view('Admin/ViewApps', [...])
 6 SYSTEMPATH\CodeIgniter.php(941): App\Controllers\ApplicationController->view('assets', 'img', 'favicon.ico')
 7 SYSTEMPATH\CodeIgniter.php(502): CodeIgniter\CodeIgniter->runController(Object(App\Controllers\ApplicationController))
 8 SYSTEMPATH\CodeIgniter.php(361): CodeIgniter\CodeIgniter->handleRequest(null, Object(Config\Cache), false)
 9 FCPATH\index.php(79): CodeIgniter\CodeIgniter->run()
10 SYSTEMPATH\Commands\Server\rewrite.php(47): require_once('C:\\xampp\\htdocs\\Adwalls\\public\\index.php')
INFO - 2024-03-10 19:04:54 --> Session: Class initialized using 'CodeIgniter\Session\Handlers\FileHandler' driver.
INFO - 2024-03-10 19:04:56 --> Session: Class initialized using 'CodeIgniter\Session\Handlers\FileHandler' driver.
INFO - 2024-03-10 19:04:57 --> Session: Class initialized using 'CodeIgniter\Session\Handlers\FileHandler' driver.
CRITICAL - 2024-03-10 19:04:57 --> ErrorException: Trying to access array offset on value of type null
in APPPATH\Views\Admin\ViewApps.php on line 42.
 1 APPPATH\Views\Admin\ViewApps.php(42): CodeIgniter\Debug\Exceptions->errorHandler(2, 'Trying to access array offset on value of type null', 'C:\\xampp\\htdocs\\Adwalls\\app\\Views\\Admin\\ViewApps.php', 42)
 2 SYSTEMPATH\View\View.php(228): include('C:\\xampp\\htdocs\\Adwalls\\app\\Views\\Admin\\ViewApps.php')
 3 SYSTEMPATH\View\View.php(231): CodeIgniter\View\View->CodeIgniter\View\{closure}()
 4 SYSTEMPATH\Common.php(1178): CodeIgniter\View\View->render('Admin/ViewApps', [], true)
 5 APPPATH\Controllers\ApplicationController.php(273): view('Admin/ViewApps', [...])
 6 SYSTEMPATH\CodeIgniter.php(941): App\Controllers\ApplicationController->view('assets', 'img', 'favicon.ico')
 7 SYSTEMPATH\CodeIgniter.php(502): CodeIgniter\CodeIgniter->runController(Object(App\Controllers\ApplicationController))
 8 SYSTEMPATH\CodeIgniter.php(361): CodeIgniter\CodeIgniter->handleRequest(null, Object(Config\Cache), false)
 9 FCPATH\index.php(79): CodeIgniter\CodeIgniter->run()
10 SYSTEMPATH\Commands\Server\rewrite.php(47): require_once('C:\\xampp\\htdocs\\Adwalls\\public\\index.php')
INFO - 2024-03-10 19:05:12 --> Session: Class initialized using 'CodeIgniter\Session\Handlers\FileHandler' driver.
INFO - 2024-03-10 19:05:18 --> Session: Class initialized using 'CodeIgniter\Session\Handlers\FileHandler' driver.
CRITICAL - 2024-03-10 19:05:18 --> ErrorException: Undefined variable $staffcategorys
in APPPATH\Views\Sadmin\add_admin.php on line 38.
 1 APPPATH\Views\Sadmin\add_admin.php(38): CodeIgniter\Debug\Exceptions->errorHandler(2, 'Undefined variable $staffcategorys', 'C:\\xampp\\htdocs\\Adwalls\\app\\Views\\Sadmin\\add_admin.php', 38)
 2 SYSTEMPATH\View\View.php(228): include('C:\\xampp\\htdocs\\Adwalls\\app\\Views\\Sadmin\\add_admin.php')
 3 SYSTEMPATH\View\View.php(231): CodeIgniter\View\View->CodeIgniter\View\{closure}()
 4 SYSTEMPATH\Common.php(1178): CodeIgniter\View\View->render('Sadmin/add_admin', [], true)
 5 APPPATH\Controllers\ApplicationController.php(372): view('Sadmin/add_admin', [...])
 6 SYSTEMPATH\CodeIgniter.php(941): App\Controllers\ApplicationController->admin_Add()
 7 SYSTEMPATH\CodeIgniter.php(502): CodeIgniter\CodeIgniter->runController(Object(App\Controllers\ApplicationController))
 8 SYSTEMPATH\CodeIgniter.php(361): CodeIgniter\CodeIgniter->handleRequest(null, Object(Config\Cache), false)
 9 FCPATH\index.php(79): CodeIgniter\CodeIgniter->run()
10 SYSTEMPATH\Commands\Server\rewrite.php(47): require_once('C:\\xampp\\htdocs\\Adwalls\\public\\index.php')
INFO - 2024-03-10 19:05:23 --> Session: Class initialized using 'CodeIgniter\Session\Handlers\FileHandler' driver.
INFO - 2024-03-10 19:05:24 --> Session: Class initialized using 'CodeIgniter\Session\Handlers\FileHandler' driver.
CRITICAL - 2024-03-10 19:05:24 --> ErrorException: Undefined variable $staffcategorys
in APPPATH\Views\Sadmin\add_admin.php on line 38.
 1 APPPATH\Views\Sadmin\add_admin.php(38): CodeIgniter\Debug\Exceptions->errorHandler(2, 'Undefined variable $staffcategorys', 'C:\\xampp\\htdocs\\Adwalls\\app\\Views\\Sadmin\\add_admin.php', 38)
 2 SYSTEMPATH\View\View.php(228): include('C:\\xampp\\htdocs\\Adwalls\\app\\Views\\Sadmin\\add_admin.php')
 3 SYSTEMPATH\View\View.php(231): CodeIgniter\View\View->CodeIgniter\View\{closure}()
 4 SYSTEMPATH\Common.php(1178): CodeIgniter\View\View->render('Sadmin/add_admin', [], true)
 5 APPPATH\Controllers\ApplicationController.php(372): view('Sadmin/add_admin', [...])
 6 SYSTEMPATH\CodeIgniter.php(941): App\Controllers\ApplicationController->admin_Add()
 7 SYSTEMPATH\CodeIgniter.php(502): CodeIgniter\CodeIgniter->runController(Object(App\Controllers\ApplicationController))
 8 SYSTEMPATH\CodeIgniter.php(361): CodeIgniter\CodeIgniter->handleRequest(null, Object(Config\Cache), false)
 9 FCPATH\index.php(79): CodeIgniter\CodeIgniter->run()
10 SYSTEMPATH\Commands\Server\rewrite.php(47): require_once('C:\\xampp\\htdocs\\Adwalls\\public\\index.php')
INFO - 2024-03-10 19:05:57 --> Session: Class initialized using 'CodeIgniter\Session\Handlers\FileHandler' driver.
INFO - 2024-03-10 19:05:58 --> Session: Class initialized using 'CodeIgniter\Session\Handlers\FileHandler' driver.
INFO - 2024-03-10 19:06:02 --> Session: Class initialized using 'CodeIgniter\Session\Handlers\FileHandler' driver.
CRITICAL - 2024-03-10 19:06:02 --> ErrorException: Undefined variable $staffcategorys
in APPPATH\Views\Sadmin\add_admin.php on line 38.
 1 APPPATH\Views\Sadmin\add_admin.php(38): CodeIgniter\Debug\Exceptions->errorHandler(2, 'Undefined variable $staffcategorys', 'C:\\xampp\\htdocs\\Adwalls\\app\\Views\\Sadmin\\add_admin.php', 38)
 2 SYSTEMPATH\View\View.php(228): include('C:\\xampp\\htdocs\\Adwalls\\app\\Views\\Sadmin\\add_admin.php')
 3 SYSTEMPATH\View\View.php(231): CodeIgniter\View\View->CodeIgniter\View\{closure}()
 4 SYSTEMPATH\Common.php(1178): CodeIgniter\View\View->render('Sadmin/add_admin', [], true)
 5 APPPATH\Controllers\ApplicationController.php(372): view('Sadmin/add_admin', [...])
 6 SYSTEMPATH\CodeIgniter.php(941): App\Controllers\ApplicationController->admin_Add()
 7 SYSTEMPATH\CodeIgniter.php(502): CodeIgniter\CodeIgniter->runController(Object(App\Controllers\ApplicationController))
 8 SYSTEMPATH\CodeIgniter.php(361): CodeIgniter\CodeIgniter->handleRequest(null, Object(Config\Cache), false)
 9 FCPATH\index.php(79): CodeIgniter\CodeIgniter->run()
10 SYSTEMPATH\Commands\Server\rewrite.php(47): require_once('C:\\xampp\\htdocs\\Adwalls\\public\\index.php')
INFO - 2024-03-10 19:06:06 --> Session: Class initialized using 'CodeIgniter\Session\Handlers\FileHandler' driver.
INFO - 2024-03-10 19:06:11 --> Session: Class initialized using 'CodeIgniter\Session\Handlers\FileHandler' driver.
CRITICAL - 2024-03-10 19:06:11 --> ErrorException: Undefined variable $staffcategorys
in APPPATH\Views\Sadmin\add_admin.php on line 38.
 1 APPPATH\Views\Sadmin\add_admin.php(38): CodeIgniter\Debug\Exceptions->errorHandler(2, 'Undefined variable $staffcategorys', 'C:\\xampp\\htdocs\\Adwalls\\app\\Views\\Sadmin\\add_admin.php', 38)
 2 SYSTEMPATH\View\View.php(228): include('C:\\xampp\\htdocs\\Adwalls\\app\\Views\\Sadmin\\add_admin.php')
 3 SYSTEMPATH\View\View.php(231): CodeIgniter\View\View->CodeIgniter\View\{closure}()
 4 SYSTEMPATH\Common.php(1178): CodeIgniter\View\View->render('Sadmin/add_admin', [], true)
 5 APPPATH\Controllers\ApplicationController.php(372): view('Sadmin/add_admin', [...])
 6 SYSTEMPATH\CodeIgniter.php(941): App\Controllers\ApplicationController->admin_Add()
 7 SYSTEMPATH\CodeIgniter.php(502): CodeIgniter\CodeIgniter->runController(Object(App\Controllers\ApplicationController))
 8 SYSTEMPATH\CodeIgniter.php(361): CodeIgniter\CodeIgniter->handleRequest(null, Object(Config\Cache), false)
 9 FCPATH\index.php(79): CodeIgniter\CodeIgniter->run()
10 SYSTEMPATH\Commands\Server\rewrite.php(47): require_once('C:\\xampp\\htdocs\\Adwalls\\public\\index.php')
INFO - 2024-03-10 19:06:14 --> Session: Class initialized using 'CodeIgniter\Session\Handlers\FileHandler' driver.
INFO - 2024-03-10 19:06:16 --> Session: Class initialized using 'CodeIgniter\Session\Handlers\FileHandler' driver.
INFO - 2024-03-10 19:06:19 --> Session: Class initialized using 'CodeIgniter\Session\Handlers\FileHandler' driver.
INFO - 2024-03-10 19:06:20 --> Session: Class initialized using 'CodeIgniter\Session\Handlers\FileHandler' driver.
INFO - 2024-03-10 19:06:21 --> Session: Class initialized using 'CodeIgniter\Session\Handlers\FileHandler' driver.
INFO - 2024-03-10 19:06:23 --> Session: Class initialized using 'CodeIgniter\Session\Handlers\FileHandler' driver.
CRITICAL - 2024-03-10 19:06:23 --> ErrorException: Undefined variable $staffcategorys
in APPPATH\Views\Sadmin\add_admin.php on line 38.
 1 APPPATH\Views\Sadmin\add_admin.php(38): CodeIgniter\Debug\Exceptions->errorHandler(2, 'Undefined variable $staffcategorys', 'C:\\xampp\\htdocs\\Adwalls\\app\\Views\\Sadmin\\add_admin.php', 38)
 2 SYSTEMPATH\View\View.php(228): include('C:\\xampp\\htdocs\\Adwalls\\app\\Views\\Sadmin\\add_admin.php')
 3 SYSTEMPATH\View\View.php(231): CodeIgniter\View\View->CodeIgniter\View\{closure}()
 4 SYSTEMPATH\Common.php(1178): CodeIgniter\View\View->render('Sadmin/add_admin', [], true)
 5 APPPATH\Controllers\ApplicationController.php(372): view('Sadmin/add_admin', [...])
 6 SYSTEMPATH\CodeIgniter.php(941): App\Controllers\ApplicationController->admin_Add()
 7 SYSTEMPATH\CodeIgniter.php(502): CodeIgniter\CodeIgniter->runController(Object(App\Controllers\ApplicationController))
 8 SYSTEMPATH\CodeIgniter.php(361): CodeIgniter\CodeIgniter->handleRequest(null, Object(Config\Cache), false)
 9 FCPATH\index.php(79): CodeIgniter\CodeIgniter->run()
10 SYSTEMPATH\Commands\Server\rewrite.php(47): require_once('C:\\xampp\\htdocs\\Adwalls\\public\\index.php')
INFO - 2024-03-10 19:07:00 --> Session: Class initialized using 'CodeIgniter\Session\Handlers\FileHandler' driver.
INFO - 2024-03-10 19:07:01 --> Session: Class initialized using 'CodeIgniter\Session\Handlers\FileHandler' driver.
INFO - 2024-03-10 19:07:06 --> Session: Class initialized using 'CodeIgniter\Session\Handlers\FileHandler' driver.
CRITICAL - 2024-03-10 19:07:06 --> ErrorException: Undefined variable $staffcategorys
in APPPATH\Views\Sadmin\add_admin.php on line 38.
 1 APPPATH\Views\Sadmin\add_admin.php(38): CodeIgniter\Debug\Exceptions->errorHandler(2, 'Undefined variable $staffcategorys', 'C:\\xampp\\htdocs\\Adwalls\\app\\Views\\Sadmin\\add_admin.php', 38)
 2 SYSTEMPATH\View\View.php(228): include('C:\\xampp\\htdocs\\Adwalls\\app\\Views\\Sadmin\\add_admin.php')
 3 SYSTEMPATH\View\View.php(231): CodeIgniter\View\View->CodeIgniter\View\{closure}()
 4 SYSTEMPATH\Common.php(1178): CodeIgniter\View\View->render('Sadmin/add_admin', [], true)
 5 APPPATH\Controllers\ApplicationController.php(372): view('Sadmin/add_admin', [...])
 6 SYSTEMPATH\CodeIgniter.php(941): App\Controllers\ApplicationController->admin_Add()
 7 SYSTEMPATH\CodeIgniter.php(502): CodeIgniter\CodeIgniter->runController(Object(App\Controllers\ApplicationController))
 8 SYSTEMPATH\CodeIgniter.php(361): CodeIgniter\CodeIgniter->handleRequest(null, Object(Config\Cache), false)
 9 FCPATH\index.php(79): CodeIgniter\CodeIgniter->run()
10 SYSTEMPATH\Commands\Server\rewrite.php(47): require_once('C:\\xampp\\htdocs\\Adwalls\\public\\index.php')
INFO - 2024-03-10 19:07:48 --> Session: Class initialized using 'CodeIgniter\Session\Handlers\FileHandler' driver.
CRITICAL - 2024-03-10 19:07:48 --> ErrorException: Undefined variable $admin
in APPPATH\Views\Sadmin\add_admin.php on line 38.
 1 APPPATH\Views\Sadmin\add_admin.php(38): CodeIgniter\Debug\Exceptions->errorHandler(2, 'Undefined variable $admin', 'C:\\xampp\\htdocs\\Adwalls\\app\\Views\\Sadmin\\add_admin.php', 38)
 2 SYSTEMPATH\View\View.php(228): include('C:\\xampp\\htdocs\\Adwalls\\app\\Views\\Sadmin\\add_admin.php')
 3 SYSTEMPATH\View\View.php(231): CodeIgniter\View\View->CodeIgniter\View\{closure}()
 4 SYSTEMPATH\Common.php(1178): CodeIgniter\View\View->render('Sadmin/add_admin', [], true)
 5 APPPATH\Controllers\ApplicationController.php(372): view('Sadmin/add_admin', [...])
 6 SYSTEMPATH\CodeIgniter.php(941): App\Controllers\ApplicationController->admin_Add()
 7 SYSTEMPATH\CodeIgniter.php(502): CodeIgniter\CodeIgniter->runController(Object(App\Controllers\ApplicationController))
 8 SYSTEMPATH\CodeIgniter.php(361): CodeIgniter\CodeIgniter->handleRequest(null, Object(Config\Cache), false)
 9 FCPATH\index.php(79): CodeIgniter\CodeIgniter->run()
10 SYSTEMPATH\Commands\Server\rewrite.php(47): require_once('C:\\xampp\\htdocs\\Adwalls\\public\\index.php')
INFO - 2024-03-10 19:08:19 --> Session: Class initialized using 'CodeIgniter\Session\Handlers\FileHandler' driver.
INFO - 2024-03-10 19:08:20 --> Session: Class initialized using 'CodeIgniter\Session\Handlers\FileHandler' driver.
INFO - 2024-03-10 19:08:21 --> Session: Class initialized using 'CodeIgniter\Session\Handlers\FileHandler' driver.
CRITICAL - 2024-03-10 19:08:21 --> ErrorException: Undefined variable $admin
in APPPATH\Views\Sadmin\add_admin.php on line 38.
 1 APPPATH\Views\Sadmin\add_admin.php(38): CodeIgniter\Debug\Exceptions->errorHandler(2, 'Undefined variable $admin', 'C:\\xampp\\htdocs\\Adwalls\\app\\Views\\Sadmin\\add_admin.php', 38)
 2 SYSTEMPATH\View\View.php(228): include('C:\\xampp\\htdocs\\Adwalls\\app\\Views\\Sadmin\\add_admin.php')
 3 SYSTEMPATH\View\View.php(231): CodeIgniter\View\View->CodeIgniter\View\{closure}()
 4 SYSTEMPATH\Common.php(1178): CodeIgniter\View\View->render('Sadmin/add_admin', [], true)
 5 APPPATH\Controllers\ApplicationController.php(372): view('Sadmin/add_admin', [...])
 6 SYSTEMPATH\CodeIgniter.php(941): App\Controllers\ApplicationController->admin_Add()
 7 SYSTEMPATH\CodeIgniter.php(502): CodeIgniter\CodeIgniter->runController(Object(App\Controllers\ApplicationController))
 8 SYSTEMPATH\CodeIgniter.php(361): CodeIgniter\CodeIgniter->handleRequest(null, Object(Config\Cache), false)
 9 FCPATH\index.php(79): CodeIgniter\CodeIgniter->run()
10 SYSTEMPATH\Commands\Server\rewrite.php(47): require_once('C:\\xampp\\htdocs\\Adwalls\\public\\index.php')
INFO - 2024-03-10 19:09:22 --> Session: Class initialized using 'CodeIgniter\Session\Handlers\FileHandler' driver.
INFO - 2024-03-10 19:10:06 --> Session: Class initialized using 'CodeIgniter\Session\Handlers\FileHandler' driver.
INFO - 2024-03-10 19:10:16 --> Session: Class initialized using 'CodeIgniter\Session\Handlers\FileHandler' driver.
INFO - 2024-03-10 19:23:06 --> Session: Class initialized using 'CodeIgniter\Session\Handlers\FileHandler' driver.
CRITICAL - 2024-03-10 19:23:06 --> ErrorException: Undefined array key "adminf_id"
in APPPATH\Views\Sadmin\edit_admin.php on line 33.
 1 APPPATH\Views\Sadmin\edit_admin.php(33): CodeIgniter\Debug\Exceptions->errorHandler(2, 'Undefined array key "adminf_id"', 'C:\\xampp\\htdocs\\Adwalls\\app\\Views\\Sadmin\\edit_admin.php', 33)
 2 SYSTEMPATH\View\View.php(228): include('C:\\xampp\\htdocs\\Adwalls\\app\\Views\\Sadmin\\edit_admin.php')
 3 SYSTEMPATH\View\View.php(231): CodeIgniter\View\View->CodeIgniter\View\{closure}()
 4 SYSTEMPATH\Common.php(1178): CodeIgniter\View\View->render('Sadmin/edit_admin', [], true)
 5 APPPATH\Controllers\ApplicationController.php(431): view('Sadmin/edit_admin', [...])
 6 SYSTEMPATH\CodeIgniter.php(941): App\Controllers\ApplicationController->edit_admin('13')
 7 SYSTEMPATH\CodeIgniter.php(502): CodeIgniter\CodeIgniter->runController(Object(App\Controllers\ApplicationController))
 8 SYSTEMPATH\CodeIgniter.php(361): CodeIgniter\CodeIgniter->handleRequest(null, Object(Config\Cache), false)
 9 FCPATH\index.php(79): CodeIgniter\CodeIgniter->run()
10 SYSTEMPATH\Commands\Server\rewrite.php(47): require_once('C:\\xampp\\htdocs\\Adwalls\\public\\index.php')
INFO - 2024-03-10 19:23:10 --> Session: Class initialized using 'CodeIgniter\Session\Handlers\FileHandler' driver.
INFO - 2024-03-10 19:23:11 --> Session: Class initialized using 'CodeIgniter\Session\Handlers\FileHandler' driver.
INFO - 2024-03-10 19:23:13 --> Session: Class initialized using 'CodeIgniter\Session\Handlers\FileHandler' driver.
INFO - 2024-03-10 19:23:16 --> Session: Class initialized using 'CodeIgniter\Session\Handlers\FileHandler' driver.
CRITICAL - 2024-03-10 19:23:16 --> ErrorException: Undefined array key "adminf_id"
in APPPATH\Views\Sadmin\edit_admin.php on line 33.
 1 APPPATH\Views\Sadmin\edit_admin.php(33): CodeIgniter\Debug\Exceptions->errorHandler(2, 'Undefined array key "adminf_id"', 'C:\\xampp\\htdocs\\Adwalls\\app\\Views\\Sadmin\\edit_admin.php', 33)
 2 SYSTEMPATH\View\View.php(228): include('C:\\xampp\\htdocs\\Adwalls\\app\\Views\\Sadmin\\edit_admin.php')
 3 SYSTEMPATH\View\View.php(231): CodeIgniter\View\View->CodeIgniter\View\{closure}()
 4 SYSTEMPATH\Common.php(1178): CodeIgniter\View\View->render('Sadmin/edit_admin', [], true)
 5 APPPATH\Controllers\ApplicationController.php(431): view('Sadmin/edit_admin', [...])
 6 SYSTEMPATH\CodeIgniter.php(941): App\Controllers\ApplicationController->edit_admin('14')
 7 SYSTEMPATH\CodeIgniter.php(502): CodeIgniter\CodeIgniter->runController(Object(App\Controllers\ApplicationController))
 8 SYSTEMPATH\CodeIgniter.php(361): CodeIgniter\CodeIgniter->handleRequest(null, Object(Config\Cache), false)
 9 FCPATH\index.php(79): CodeIgniter\CodeIgniter->run()
10 SYSTEMPATH\Commands\Server\rewrite.php(47): require_once('C:\\xampp\\htdocs\\Adwalls\\public\\index.php')
INFO - 2024-03-10 19:23:34 --> Session: Class initialized using 'CodeIgniter\Session\Handlers\FileHandler' driver.
INFO - 2024-03-10 19:24:17 --> Session: Class initialized using 'CodeIgniter\Session\Handlers\FileHandler' driver.
INFO - 2024-03-10 19:24:24 --> Session: Class initialized using 'CodeIgniter\Session\Handlers\FileHandler' driver.
INFO - 2024-03-10 19:24:26 --> Session: Class initialized using 'CodeIgniter\Session\Handlers\FileHandler' driver.
INFO - 2024-03-10 19:29:21 --> Session: Class initialized using 'CodeIgniter\Session\Handlers\FileHandler' driver.
INFO - 2024-03-10 19:29:26 --> Session: Class initialized using 'CodeIgniter\Session\Handlers\FileHandler' driver.
INFO - 2024-03-10 19:30:33 --> Session: Class initialized using 'CodeIgniter\Session\Handlers\FileHandler' driver.
INFO - 2024-03-10 19:30:36 --> Session: Class initialized using 'CodeIgniter\Session\Handlers\FileHandler' driver.
INFO - 2024-03-10 19:30:39 --> Session: Class initialized using 'CodeIgniter\Session\Handlers\FileHandler' driver.
INFO - 2024-03-10 19:31:26 --> Session: Class initialized using 'CodeIgniter\Session\Handlers\FileHandler' driver.
INFO - 2024-03-10 19:31:28 --> Session: Class initialized using 'CodeIgniter\Session\Handlers\FileHandler' driver.
INFO - 2024-03-10 19:31:31 --> Session: Class initialized using 'CodeIgniter\Session\Handlers\FileHandler' driver.
INFO - 2024-03-10 19:31:38 --> Session: Class initialized using 'CodeIgniter\Session\Handlers\FileHandler' driver.
INFO - 2024-03-10 19:31:45 --> Session: Class initialized using 'CodeIgniter\Session\Handlers\FileHandler' driver.
INFO - 2024-03-10 19:31:47 --> Session: Class initialized using 'CodeIgniter\Session\Handlers\FileHandler' driver.
INFO - 2024-03-10 19:32:21 --> Session: Class initialized using 'CodeIgniter\Session\Handlers\FileHandler' driver.
INFO - 2024-03-10 19:32:23 --> Session: Class initialized using 'CodeIgniter\Session\Handlers\FileHandler' driver.
INFO - 2024-03-10 19:32:25 --> Session: Class initialized using 'CodeIgniter\Session\Handlers\FileHandler' driver.
INFO - 2024-03-10 19:32:33 --> Session: Class initialized using 'CodeIgniter\Session\Handlers\FileHandler' driver.
INFO - 2024-03-10 19:32:36 --> Session: Class initialized using 'CodeIgniter\Session\Handlers\FileHandler' driver.
INFO - 2024-03-10 19:32:53 --> Session: Class initialized using 'CodeIgniter\Session\Handlers\FileHandler' driver.
INFO - 2024-03-10 19:33:25 --> Session: Class initialized using 'CodeIgniter\Session\Handlers\FileHandler' driver.
INFO - 2024-03-10 19:33:28 --> Session: Class initialized using 'CodeIgniter\Session\Handlers\FileHandler' driver.
INFO - 2024-03-10 19:33:30 --> Session: Class initialized using 'CodeIgniter\Session\Handlers\FileHandler' driver.
INFO - 2024-03-10 19:34:12 --> Session: Class initialized using 'CodeIgniter\Session\Handlers\FileHandler' driver.
INFO - 2024-03-10 19:34:14 --> Session: Class initialized using 'CodeIgniter\Session\Handlers\FileHandler' driver.
INFO - 2024-03-10 19:34:16 --> Session: Class initialized using 'CodeIgniter\Session\Handlers\FileHandler' driver.
INFO - 2024-03-10 19:34:17 --> Session: Class initialized using 'CodeIgniter\Session\Handlers\FileHandler' driver.
