WARNING - 2024-04-03 15:11:06 --> [DEPRECATED] Creation of dynamic property App\Controllers\ApplicationController::$AdminModel is deprecated in APPPATH\Controllers\ApplicationController.php on line 21.
 1 SYSTEMPATH\CodeIgniter.php(913): App\Controllers\ApplicationController->__construct()
 2 SYSTEMPATH\CodeIgniter.php(493): CodeIgniter\CodeIgniter->createController()
 3 SYSTEMPATH\CodeIgniter.php(361): CodeIgniter\CodeIgniter->handleRequest(null, Object(Config\Cache), false)
 4 FCPATH\index.php(79): CodeIgniter\CodeIgniter->run()
 5 SYSTEMPATH\Commands\Server\rewrite.php(47): require_once('C:\\xampp\\htdocs\\Adwalls\\public\\index.php')
INFO - 2024-04-03 15:11:06 --> Session: Class initialized using 'CodeIgniter\Session\Handlers\FileHandler' driver.
WARNING - 2024-04-03 15:11:06 --> [DEPRECATED] Creation of dynamic property App\Controllers\ApplicationController::$AdminModel is deprecated in APPPATH\Controllers\ApplicationController.php on line 21.
 1 SYSTEMPATH\CodeIgniter.php(913): App\Controllers\ApplicationController->__construct()
 2 SYSTEMPATH\CodeIgniter.php(493): CodeIgniter\CodeIgniter->createController()
 3 SYSTEMPATH\CodeIgniter.php(361): CodeIgniter\CodeIgniter->handleRequest(null, Object(Config\Cache), false)
 4 FCPATH\index.php(79): CodeIgniter\CodeIgniter->run()
 5 SYSTEMPATH\Commands\Server\rewrite.php(47): require_once('C:\\xampp\\htdocs\\Adwalls\\public\\index.php')
INFO - 2024-04-03 15:11:06 --> Session: Class initialized using 'CodeIgniter\Session\Handlers\FileHandler' driver.
WARNING - 2024-04-03 15:11:58 --> [DEPRECATED] Creation of dynamic property App\Controllers\ApplicationController::$AdminModel is deprecated in APPPATH\Controllers\ApplicationController.php on line 21.
 1 SYSTEMPATH\CodeIgniter.php(913): App\Controllers\ApplicationController->__construct()
 2 SYSTEMPATH\CodeIgniter.php(493): CodeIgniter\CodeIgniter->createController()
 3 SYSTEMPATH\CodeIgniter.php(361): CodeIgniter\CodeIgniter->handleRequest(null, Object(Config\Cache), false)
 4 FCPATH\index.php(79): CodeIgniter\CodeIgniter->run()
 5 SYSTEMPATH\Commands\Server\rewrite.php(47): require_once('C:\\xampp\\htdocs\\Adwalls\\public\\index.php')
INFO - 2024-04-03 15:11:58 --> Session: Class initialized using 'CodeIgniter\Session\Handlers\FileHandler' driver.
WARNING - 2024-04-03 15:11:59 --> [DEPRECATED] Creation of dynamic property App\Controllers\ApplicationController::$AdminModel is deprecated in APPPATH\Controllers\ApplicationController.php on line 21.
 1 SYSTEMPATH\CodeIgniter.php(913): App\Controllers\ApplicationController->__construct()
 2 SYSTEMPATH\CodeIgniter.php(493): CodeIgniter\CodeIgniter->createController()
 3 SYSTEMPATH\CodeIgniter.php(361): CodeIgniter\CodeIgniter->handleRequest(null, Object(Config\Cache), false)
 4 FCPATH\index.php(79): CodeIgniter\CodeIgniter->run()
 5 SYSTEMPATH\Commands\Server\rewrite.php(47): require_once('C:\\xampp\\htdocs\\Adwalls\\public\\index.php')
INFO - 2024-04-03 15:11:59 --> Session: Class initialized using 'CodeIgniter\Session\Handlers\FileHandler' driver.
INFO - 2024-04-03 15:12:28 --> Session: Class initialized using 'CodeIgniter\Session\Handlers\FileHandler' driver.
WARNING - 2024-04-03 15:12:38 --> [DEPRECATED] Creation of dynamic property App\Controllers\ApplicationController::$AdminModel is deprecated in APPPATH\Controllers\ApplicationController.php on line 21.
 1 SYSTEMPATH\CodeIgniter.php(913): App\Controllers\ApplicationController->__construct()
 2 SYSTEMPATH\CodeIgniter.php(493): CodeIgniter\CodeIgniter->createController()
 3 SYSTEMPATH\CodeIgniter.php(361): CodeIgniter\CodeIgniter->handleRequest(null, Object(Config\Cache), false)
 4 FCPATH\index.php(79): CodeIgniter\CodeIgniter->run()
 5 SYSTEMPATH\Commands\Server\rewrite.php(47): require_once('C:\\xampp\\htdocs\\Adwalls\\public\\index.php')
INFO - 2024-04-03 15:12:38 --> Session: Class initialized using 'CodeIgniter\Session\Handlers\FileHandler' driver.
WARNING - 2024-04-03 15:12:39 --> [DEPRECATED] Creation of dynamic property App\Controllers\ApplicationController::$AdminModel is deprecated in APPPATH\Controllers\ApplicationController.php on line 21.
 1 SYSTEMPATH\CodeIgniter.php(913): App\Controllers\ApplicationController->__construct()
 2 SYSTEMPATH\CodeIgniter.php(493): CodeIgniter\CodeIgniter->createController()
 3 SYSTEMPATH\CodeIgniter.php(361): CodeIgniter\CodeIgniter->handleRequest(null, Object(Config\Cache), false)
 4 FCPATH\index.php(79): CodeIgniter\CodeIgniter->run()
 5 SYSTEMPATH\Commands\Server\rewrite.php(47): require_once('C:\\xampp\\htdocs\\Adwalls\\public\\index.php')
INFO - 2024-04-03 15:12:39 --> Session: Class initialized using 'CodeIgniter\Session\Handlers\FileHandler' driver.
WARNING - 2024-04-03 15:12:42 --> [DEPRECATED] Creation of dynamic property App\Controllers\ApplicationController::$AdminModel is deprecated in APPPATH\Controllers\ApplicationController.php on line 21.
 1 SYSTEMPATH\CodeIgniter.php(913): App\Controllers\ApplicationController->__construct()
 2 SYSTEMPATH\CodeIgniter.php(493): CodeIgniter\CodeIgniter->createController()
 3 SYSTEMPATH\CodeIgniter.php(361): CodeIgniter\CodeIgniter->handleRequest(null, Object(Config\Cache), false)
 4 FCPATH\index.php(79): CodeIgniter\CodeIgniter->run()
 5 SYSTEMPATH\Commands\Server\rewrite.php(47): require_once('C:\\xampp\\htdocs\\Adwalls\\public\\index.php')
INFO - 2024-04-03 15:12:42 --> Session: Class initialized using 'CodeIgniter\Session\Handlers\FileHandler' driver.
WARNING - 2024-04-03 15:23:19 --> [DEPRECATED] Creation of dynamic property App\Controllers\ApplicationController::$AdminModel is deprecated in APPPATH\Controllers\ApplicationController.php on line 21.
 1 SYSTEMPATH\CodeIgniter.php(913): App\Controllers\ApplicationController->__construct()
 2 SYSTEMPATH\CodeIgniter.php(493): CodeIgniter\CodeIgniter->createController()
 3 SYSTEMPATH\CodeIgniter.php(361): CodeIgniter\CodeIgniter->handleRequest(null, Object(Config\Cache), false)
 4 FCPATH\index.php(79): CodeIgniter\CodeIgniter->run()
 5 SYSTEMPATH\Commands\Server\rewrite.php(47): require_once('C:\\xampp\\htdocs\\Adwalls\\public\\index.php')
INFO - 2024-04-03 15:23:19 --> Session: Class initialized using 'CodeIgniter\Session\Handlers\FileHandler' driver.
WARNING - 2024-04-03 15:23:21 --> [DEPRECATED] Creation of dynamic property App\Controllers\ApplicationController::$AdminModel is deprecated in APPPATH\Controllers\ApplicationController.php on line 21.
 1 SYSTEMPATH\CodeIgniter.php(913): App\Controllers\ApplicationController->__construct()
 2 SYSTEMPATH\CodeIgniter.php(493): CodeIgniter\CodeIgniter->createController()
 3 SYSTEMPATH\CodeIgniter.php(361): CodeIgniter\CodeIgniter->handleRequest(null, Object(Config\Cache), false)
 4 FCPATH\index.php(79): CodeIgniter\CodeIgniter->run()
 5 SYSTEMPATH\Commands\Server\rewrite.php(47): require_once('C:\\xampp\\htdocs\\Adwalls\\public\\index.php')
INFO - 2024-04-03 15:23:21 --> Session: Class initialized using 'CodeIgniter\Session\Handlers\FileHandler' driver.
WARNING - 2024-04-03 15:23:27 --> [DEPRECATED] Creation of dynamic property App\Controllers\ApplicationController::$AdminModel is deprecated in APPPATH\Controllers\ApplicationController.php on line 21.
 1 SYSTEMPATH\CodeIgniter.php(913): App\Controllers\ApplicationController->__construct()
 2 SYSTEMPATH\CodeIgniter.php(493): CodeIgniter\CodeIgniter->createController()
 3 SYSTEMPATH\CodeIgniter.php(361): CodeIgniter\CodeIgniter->handleRequest(null, Object(Config\Cache), false)
 4 FCPATH\index.php(79): CodeIgniter\CodeIgniter->run()
 5 SYSTEMPATH\Commands\Server\rewrite.php(47): require_once('C:\\xampp\\htdocs\\Adwalls\\public\\index.php')
INFO - 2024-04-03 15:23:27 --> Session: Class initialized using 'CodeIgniter\Session\Handlers\FileHandler' driver.
INFO - 2024-04-03 15:34:18 --> Session: Class initialized using 'CodeIgniter\Session\Handlers\FileHandler' driver.
INFO - 2024-04-03 15:34:33 --> Session: Class initialized using 'CodeIgniter\Session\Handlers\FileHandler' driver.
INFO - 2024-04-03 15:34:33 --> Session: Class initialized using 'CodeIgniter\Session\Handlers\FileHandler' driver.
WARNING - 2024-04-03 15:34:39 --> [DEPRECATED] Creation of dynamic property App\Controllers\Admin\ManagerController::$ManagerModel is deprecated in APPPATH\Controllers\Admin\ManagerController.php on line 23.
 1 SYSTEMPATH\CodeIgniter.php(913): App\Controllers\Admin\ManagerController->__construct()
 2 SYSTEMPATH\CodeIgniter.php(493): CodeIgniter\CodeIgniter->createController()
 3 SYSTEMPATH\CodeIgniter.php(361): CodeIgniter\CodeIgniter->handleRequest(null, Object(Config\Cache), false)
 4 FCPATH\index.php(79): CodeIgniter\CodeIgniter->run()
 5 SYSTEMPATH\Commands\Server\rewrite.php(47): require_once('C:\\xampp\\htdocs\\Adwalls\\public\\index.php')
INFO - 2024-04-03 15:34:40 --> Session: Class initialized using 'CodeIgniter\Session\Handlers\FileHandler' driver.
WARNING - 2024-04-03 15:34:44 --> [DEPRECATED] Creation of dynamic property App\Controllers\Admin\ManagerController::$ManagerModel is deprecated in APPPATH\Controllers\Admin\ManagerController.php on line 23.
 1 SYSTEMPATH\CodeIgniter.php(913): App\Controllers\Admin\ManagerController->__construct()
 2 SYSTEMPATH\CodeIgniter.php(493): CodeIgniter\CodeIgniter->createController()
 3 SYSTEMPATH\CodeIgniter.php(361): CodeIgniter\CodeIgniter->handleRequest(null, Object(Config\Cache), false)
 4 FCPATH\index.php(79): CodeIgniter\CodeIgniter->run()
 5 SYSTEMPATH\Commands\Server\rewrite.php(47): require_once('C:\\xampp\\htdocs\\Adwalls\\public\\index.php')
INFO - 2024-04-03 15:34:44 --> Session: Class initialized using 'CodeIgniter\Session\Handlers\FileHandler' driver.
WARNING - 2024-04-03 15:34:44 --> [DEPRECATED] Creation of dynamic property App\Controllers\Admin\ManagerController::$ManagerModel is deprecated in APPPATH\Controllers\Admin\ManagerController.php on line 23.
 1 SYSTEMPATH\CodeIgniter.php(913): App\Controllers\Admin\ManagerController->__construct()
 2 SYSTEMPATH\CodeIgniter.php(493): CodeIgniter\CodeIgniter->createController()
 3 SYSTEMPATH\CodeIgniter.php(361): CodeIgniter\CodeIgniter->handleRequest(null, Object(Config\Cache), false)
 4 FCPATH\index.php(79): CodeIgniter\CodeIgniter->run()
 5 SYSTEMPATH\Commands\Server\rewrite.php(47): require_once('C:\\xampp\\htdocs\\Adwalls\\public\\index.php')
INFO - 2024-04-03 15:34:45 --> Session: Class initialized using 'CodeIgniter\Session\Handlers\FileHandler' driver.
WARNING - 2024-04-03 15:37:36 --> [DEPRECATED] Creation of dynamic property App\Controllers\Admin\ManagerController::$ManagerModel is deprecated in APPPATH\Controllers\Admin\ManagerController.php on line 23.
 1 SYSTEMPATH\CodeIgniter.php(913): App\Controllers\Admin\ManagerController->__construct()
 2 SYSTEMPATH\CodeIgniter.php(493): CodeIgniter\CodeIgniter->createController()
 3 SYSTEMPATH\CodeIgniter.php(361): CodeIgniter\CodeIgniter->handleRequest(null, Object(Config\Cache), false)
 4 FCPATH\index.php(79): CodeIgniter\CodeIgniter->run()
 5 SYSTEMPATH\Commands\Server\rewrite.php(47): require_once('C:\\xampp\\htdocs\\Adwalls\\public\\index.php')
INFO - 2024-04-03 15:37:36 --> Session: Class initialized using 'CodeIgniter\Session\Handlers\FileHandler' driver.
WARNING - 2024-04-03 15:37:54 --> [DEPRECATED] Creation of dynamic property App\Controllers\Admin\ManagerController::$ManagerModel is deprecated in APPPATH\Controllers\Admin\ManagerController.php on line 23.
 1 SYSTEMPATH\CodeIgniter.php(913): App\Controllers\Admin\ManagerController->__construct()
 2 SYSTEMPATH\CodeIgniter.php(493): CodeIgniter\CodeIgniter->createController()
 3 SYSTEMPATH\CodeIgniter.php(361): CodeIgniter\CodeIgniter->handleRequest(null, Object(Config\Cache), false)
 4 FCPATH\index.php(79): CodeIgniter\CodeIgniter->run()
 5 SYSTEMPATH\Commands\Server\rewrite.php(47): require_once('C:\\xampp\\htdocs\\Adwalls\\public\\index.php')
INFO - 2024-04-03 15:37:54 --> Session: Class initialized using 'CodeIgniter\Session\Handlers\FileHandler' driver.
WARNING - 2024-04-03 15:38:11 --> [DEPRECATED] Creation of dynamic property App\Controllers\Admin\ManagerController::$ManagerModel is deprecated in APPPATH\Controllers\Admin\ManagerController.php on line 23.
 1 SYSTEMPATH\CodeIgniter.php(913): App\Controllers\Admin\ManagerController->__construct()
 2 SYSTEMPATH\CodeIgniter.php(493): CodeIgniter\CodeIgniter->createController()
 3 SYSTEMPATH\CodeIgniter.php(361): CodeIgniter\CodeIgniter->handleRequest(null, Object(Config\Cache), false)
 4 FCPATH\index.php(79): CodeIgniter\CodeIgniter->run()
 5 SYSTEMPATH\Commands\Server\rewrite.php(47): require_once('C:\\xampp\\htdocs\\Adwalls\\public\\index.php')
INFO - 2024-04-03 15:38:11 --> Session: Class initialized using 'CodeIgniter\Session\Handlers\FileHandler' driver.
WARNING - 2024-04-03 15:38:11 --> [DEPRECATED] Creation of dynamic property App\Controllers\Admin\ManagerController::$ManagerModel is deprecated in APPPATH\Controllers\Admin\ManagerController.php on line 23.
 1 SYSTEMPATH\CodeIgniter.php(913): App\Controllers\Admin\ManagerController->__construct()
 2 SYSTEMPATH\CodeIgniter.php(493): CodeIgniter\CodeIgniter->createController()
 3 SYSTEMPATH\CodeIgniter.php(361): CodeIgniter\CodeIgniter->handleRequest(null, Object(Config\Cache), false)
 4 FCPATH\index.php(79): CodeIgniter\CodeIgniter->run()
 5 SYSTEMPATH\Commands\Server\rewrite.php(47): require_once('C:\\xampp\\htdocs\\Adwalls\\public\\index.php')
INFO - 2024-04-03 15:38:11 --> Session: Class initialized using 'CodeIgniter\Session\Handlers\FileHandler' driver.
WARNING - 2024-04-03 15:38:33 --> [DEPRECATED] Creation of dynamic property App\Controllers\Admin\ManagerController::$ManagerModel is deprecated in APPPATH\Controllers\Admin\ManagerController.php on line 23.
 1 SYSTEMPATH\CodeIgniter.php(913): App\Controllers\Admin\ManagerController->__construct()
 2 SYSTEMPATH\CodeIgniter.php(493): CodeIgniter\CodeIgniter->createController()
 3 SYSTEMPATH\CodeIgniter.php(361): CodeIgniter\CodeIgniter->handleRequest(null, Object(Config\Cache), false)
 4 FCPATH\index.php(79): CodeIgniter\CodeIgniter->run()
 5 SYSTEMPATH\Commands\Server\rewrite.php(47): require_once('C:\\xampp\\htdocs\\Adwalls\\public\\index.php')
INFO - 2024-04-03 15:38:33 --> Session: Class initialized using 'CodeIgniter\Session\Handlers\FileHandler' driver.
WARNING - 2024-04-03 15:38:50 --> [DEPRECATED] Creation of dynamic property App\Controllers\Admin\ManagerController::$ManagerModel is deprecated in APPPATH\Controllers\Admin\ManagerController.php on line 23.
 1 SYSTEMPATH\CodeIgniter.php(913): App\Controllers\Admin\ManagerController->__construct()
 2 SYSTEMPATH\CodeIgniter.php(493): CodeIgniter\CodeIgniter->createController()
 3 SYSTEMPATH\CodeIgniter.php(361): CodeIgniter\CodeIgniter->handleRequest(null, Object(Config\Cache), false)
 4 FCPATH\index.php(79): CodeIgniter\CodeIgniter->run()
 5 SYSTEMPATH\Commands\Server\rewrite.php(47): require_once('C:\\xampp\\htdocs\\Adwalls\\public\\index.php')
INFO - 2024-04-03 15:38:50 --> Session: Class initialized using 'CodeIgniter\Session\Handlers\FileHandler' driver.
WARNING - 2024-04-03 15:38:50 --> [DEPRECATED] Creation of dynamic property App\Controllers\Admin\ManagerController::$ManagerModel is deprecated in APPPATH\Controllers\Admin\ManagerController.php on line 23.
 1 SYSTEMPATH\CodeIgniter.php(913): App\Controllers\Admin\ManagerController->__construct()
 2 SYSTEMPATH\CodeIgniter.php(493): CodeIgniter\CodeIgniter->createController()
 3 SYSTEMPATH\CodeIgniter.php(361): CodeIgniter\CodeIgniter->handleRequest(null, Object(Config\Cache), false)
 4 FCPATH\index.php(79): CodeIgniter\CodeIgniter->run()
 5 SYSTEMPATH\Commands\Server\rewrite.php(47): require_once('C:\\xampp\\htdocs\\Adwalls\\public\\index.php')
INFO - 2024-04-03 15:38:50 --> Session: Class initialized using 'CodeIgniter\Session\Handlers\FileHandler' driver.
WARNING - 2024-04-03 18:03:33 --> [DEPRECATED] Creation of dynamic property App\Controllers\Admin\ManagerController::$ManagerModel is deprecated in APPPATH\Controllers\Admin\ManagerController.php on line 23.
 1 SYSTEMPATH\CodeIgniter.php(913): App\Controllers\Admin\ManagerController->__construct()
 2 SYSTEMPATH\CodeIgniter.php(493): CodeIgniter\CodeIgniter->createController()
 3 SYSTEMPATH\CodeIgniter.php(361): CodeIgniter\CodeIgniter->handleRequest(null, Object(Config\Cache), false)
 4 FCPATH\index.php(79): CodeIgniter\CodeIgniter->run()
 5 SYSTEMPATH\Commands\Server\rewrite.php(47): require_once('C:\\xampp\\htdocs\\Adwalls\\public\\index.php')
INFO - 2024-04-03 18:03:33 --> Session: Class initialized using 'CodeIgniter\Session\Handlers\FileHandler' driver.
WARNING - 2024-04-03 18:03:34 --> [DEPRECATED] Creation of dynamic property App\Controllers\Admin\ManagerController::$ManagerModel is deprecated in APPPATH\Controllers\Admin\ManagerController.php on line 23.
 1 SYSTEMPATH\CodeIgniter.php(913): App\Controllers\Admin\ManagerController->__construct()
 2 SYSTEMPATH\CodeIgniter.php(493): CodeIgniter\CodeIgniter->createController()
 3 SYSTEMPATH\CodeIgniter.php(361): CodeIgniter\CodeIgniter->handleRequest(null, Object(Config\Cache), false)
 4 FCPATH\index.php(79): CodeIgniter\CodeIgniter->run()
 5 SYSTEMPATH\Commands\Server\rewrite.php(47): require_once('C:\\xampp\\htdocs\\Adwalls\\public\\index.php')
INFO - 2024-04-03 18:03:34 --> Session: Class initialized using 'CodeIgniter\Session\Handlers\FileHandler' driver.
WARNING - 2024-04-03 18:03:49 --> [DEPRECATED] Creation of dynamic property App\Controllers\Admin\ManagerController::$ManagerModel is deprecated in APPPATH\Controllers\Admin\ManagerController.php on line 23.
 1 SYSTEMPATH\CodeIgniter.php(913): App\Controllers\Admin\ManagerController->__construct()
 2 SYSTEMPATH\CodeIgniter.php(493): CodeIgniter\CodeIgniter->createController()
 3 SYSTEMPATH\CodeIgniter.php(361): CodeIgniter\CodeIgniter->handleRequest(null, Object(Config\Cache), false)
 4 FCPATH\index.php(79): CodeIgniter\CodeIgniter->run()
 5 SYSTEMPATH\Commands\Server\rewrite.php(47): require_once('C:\\xampp\\htdocs\\Adwalls\\public\\index.php')
INFO - 2024-04-03 18:03:49 --> Session: Class initialized using 'CodeIgniter\Session\Handlers\FileHandler' driver.
WARNING - 2024-04-03 18:03:51 --> [DEPRECATED] Creation of dynamic property App\Controllers\Admin\ManagerController::$ManagerModel is deprecated in APPPATH\Controllers\Admin\ManagerController.php on line 23.
 1 SYSTEMPATH\CodeIgniter.php(913): App\Controllers\Admin\ManagerController->__construct()
 2 SYSTEMPATH\CodeIgniter.php(493): CodeIgniter\CodeIgniter->createController()
 3 SYSTEMPATH\CodeIgniter.php(361): CodeIgniter\CodeIgniter->handleRequest(null, Object(Config\Cache), false)
 4 FCPATH\index.php(79): CodeIgniter\CodeIgniter->run()
 5 SYSTEMPATH\Commands\Server\rewrite.php(47): require_once('C:\\xampp\\htdocs\\Adwalls\\public\\index.php')
INFO - 2024-04-03 18:03:51 --> Session: Class initialized using 'CodeIgniter\Session\Handlers\FileHandler' driver.
WARNING - 2024-04-03 18:07:31 --> [DEPRECATED] Creation of dynamic property App\Controllers\Admin\ManagerController::$ManagerModel is deprecated in APPPATH\Controllers\Admin\ManagerController.php on line 23.
 1 SYSTEMPATH\CodeIgniter.php(913): App\Controllers\Admin\ManagerController->__construct()
 2 SYSTEMPATH\CodeIgniter.php(493): CodeIgniter\CodeIgniter->createController()
 3 SYSTEMPATH\CodeIgniter.php(361): CodeIgniter\CodeIgniter->handleRequest(null, Object(Config\Cache), false)
 4 FCPATH\index.php(79): CodeIgniter\CodeIgniter->run()
 5 SYSTEMPATH\Commands\Server\rewrite.php(47): require_once('C:\\xampp\\htdocs\\Adwalls\\public\\index.php')
INFO - 2024-04-03 18:07:31 --> Session: Class initialized using 'CodeIgniter\Session\Handlers\FileHandler' driver.
WARNING - 2024-04-03 18:07:33 --> [DEPRECATED] Creation of dynamic property App\Controllers\Admin\ManagerController::$ManagerModel is deprecated in APPPATH\Controllers\Admin\ManagerController.php on line 23.
 1 SYSTEMPATH\CodeIgniter.php(913): App\Controllers\Admin\ManagerController->__construct()
 2 SYSTEMPATH\CodeIgniter.php(493): CodeIgniter\CodeIgniter->createController()
 3 SYSTEMPATH\CodeIgniter.php(361): CodeIgniter\CodeIgniter->handleRequest(null, Object(Config\Cache), false)
 4 FCPATH\index.php(79): CodeIgniter\CodeIgniter->run()
 5 SYSTEMPATH\Commands\Server\rewrite.php(47): require_once('C:\\xampp\\htdocs\\Adwalls\\public\\index.php')
INFO - 2024-04-03 18:07:33 --> Session: Class initialized using 'CodeIgniter\Session\Handlers\FileHandler' driver.
WARNING - 2024-04-03 18:07:35 --> [DEPRECATED] Creation of dynamic property App\Controllers\Admin\ManagerController::$ManagerModel is deprecated in APPPATH\Controllers\Admin\ManagerController.php on line 23.
 1 SYSTEMPATH\CodeIgniter.php(913): App\Controllers\Admin\ManagerController->__construct()
 2 SYSTEMPATH\CodeIgniter.php(493): CodeIgniter\CodeIgniter->createController()
 3 SYSTEMPATH\CodeIgniter.php(361): CodeIgniter\CodeIgniter->handleRequest(null, Object(Config\Cache), false)
 4 FCPATH\index.php(79): CodeIgniter\CodeIgniter->run()
 5 SYSTEMPATH\Commands\Server\rewrite.php(47): require_once('C:\\xampp\\htdocs\\Adwalls\\public\\index.php')
INFO - 2024-04-03 18:07:35 --> Session: Class initialized using 'CodeIgniter\Session\Handlers\FileHandler' driver.
WARNING - 2024-04-03 18:07:40 --> [DEPRECATED] Creation of dynamic property App\Controllers\Admin\ManagerController::$ManagerModel is deprecated in APPPATH\Controllers\Admin\ManagerController.php on line 23.
 1 SYSTEMPATH\CodeIgniter.php(913): App\Controllers\Admin\ManagerController->__construct()
 2 SYSTEMPATH\CodeIgniter.php(493): CodeIgniter\CodeIgniter->createController()
 3 SYSTEMPATH\CodeIgniter.php(361): CodeIgniter\CodeIgniter->handleRequest(null, Object(Config\Cache), false)
 4 FCPATH\index.php(79): CodeIgniter\CodeIgniter->run()
 5 SYSTEMPATH\Commands\Server\rewrite.php(47): require_once('C:\\xampp\\htdocs\\Adwalls\\public\\index.php')
INFO - 2024-04-03 18:07:40 --> Session: Class initialized using 'CodeIgniter\Session\Handlers\FileHandler' driver.
WARNING - 2024-04-03 18:08:37 --> [DEPRECATED] Creation of dynamic property App\Controllers\Admin\ManagerController::$ManagerModel is deprecated in APPPATH\Controllers\Admin\ManagerController.php on line 23.
 1 SYSTEMPATH\CodeIgniter.php(913): App\Controllers\Admin\ManagerController->__construct()
 2 SYSTEMPATH\CodeIgniter.php(493): CodeIgniter\CodeIgniter->createController()
 3 SYSTEMPATH\CodeIgniter.php(361): CodeIgniter\CodeIgniter->handleRequest(null, Object(Config\Cache), false)
 4 FCPATH\index.php(79): CodeIgniter\CodeIgniter->run()
 5 SYSTEMPATH\Commands\Server\rewrite.php(47): require_once('C:\\xampp\\htdocs\\Adwalls\\public\\index.php')
INFO - 2024-04-03 18:08:37 --> Session: Class initialized using 'CodeIgniter\Session\Handlers\FileHandler' driver.
WARNING - 2024-04-03 18:10:20 --> [DEPRECATED] Creation of dynamic property App\Controllers\Admin\ManagerController::$ManagerModel is deprecated in APPPATH\Controllers\Admin\ManagerController.php on line 23.
 1 SYSTEMPATH\CodeIgniter.php(913): App\Controllers\Admin\ManagerController->__construct()
 2 SYSTEMPATH\CodeIgniter.php(493): CodeIgniter\CodeIgniter->createController()
 3 SYSTEMPATH\CodeIgniter.php(361): CodeIgniter\CodeIgniter->handleRequest(null, Object(Config\Cache), false)
 4 FCPATH\index.php(79): CodeIgniter\CodeIgniter->run()
 5 SYSTEMPATH\Commands\Server\rewrite.php(47): require_once('C:\\xampp\\htdocs\\Adwalls\\public\\index.php')
INFO - 2024-04-03 18:10:20 --> Session: Class initialized using 'CodeIgniter\Session\Handlers\FileHandler' driver.
WARNING - 2024-04-03 18:12:03 --> [DEPRECATED] Creation of dynamic property App\Controllers\Admin\ManagerController::$ManagerModel is deprecated in APPPATH\Controllers\Admin\ManagerController.php on line 23.
 1 SYSTEMPATH\CodeIgniter.php(913): App\Controllers\Admin\ManagerController->__construct()
 2 SYSTEMPATH\CodeIgniter.php(493): CodeIgniter\CodeIgniter->createController()
 3 SYSTEMPATH\CodeIgniter.php(361): CodeIgniter\CodeIgniter->handleRequest(null, Object(Config\Cache), false)
 4 FCPATH\index.php(79): CodeIgniter\CodeIgniter->run()
 5 SYSTEMPATH\Commands\Server\rewrite.php(47): require_once('C:\\xampp\\htdocs\\Adwalls\\public\\index.php')
INFO - 2024-04-03 18:12:03 --> Session: Class initialized using 'CodeIgniter\Session\Handlers\FileHandler' driver.
WARNING - 2024-04-03 18:12:14 --> [DEPRECATED] Creation of dynamic property App\Controllers\Admin\ManagerController::$ManagerModel is deprecated in APPPATH\Controllers\Admin\ManagerController.php on line 23.
 1 SYSTEMPATH\CodeIgniter.php(913): App\Controllers\Admin\ManagerController->__construct()
 2 SYSTEMPATH\CodeIgniter.php(493): CodeIgniter\CodeIgniter->createController()
 3 SYSTEMPATH\CodeIgniter.php(361): CodeIgniter\CodeIgniter->handleRequest(null, Object(Config\Cache), false)
 4 FCPATH\index.php(79): CodeIgniter\CodeIgniter->run()
 5 SYSTEMPATH\Commands\Server\rewrite.php(47): require_once('C:\\xampp\\htdocs\\Adwalls\\public\\index.php')
INFO - 2024-04-03 18:12:14 --> Session: Class initialized using 'CodeIgniter\Session\Handlers\FileHandler' driver.
WARNING - 2024-04-03 18:12:35 --> [DEPRECATED] Creation of dynamic property App\Controllers\Admin\ManagerController::$ManagerModel is deprecated in APPPATH\Controllers\Admin\ManagerController.php on line 23.
 1 SYSTEMPATH\CodeIgniter.php(913): App\Controllers\Admin\ManagerController->__construct()
 2 SYSTEMPATH\CodeIgniter.php(493): CodeIgniter\CodeIgniter->createController()
 3 SYSTEMPATH\CodeIgniter.php(361): CodeIgniter\CodeIgniter->handleRequest(null, Object(Config\Cache), false)
 4 FCPATH\index.php(79): CodeIgniter\CodeIgniter->run()
 5 SYSTEMPATH\Commands\Server\rewrite.php(47): require_once('C:\\xampp\\htdocs\\Adwalls\\public\\index.php')
WARNING - 2024-04-03 18:13:34 --> [DEPRECATED] Creation of dynamic property App\Controllers\Admin\ManagerController::$ManagerModel is deprecated in APPPATH\Controllers\Admin\ManagerController.php on line 23.
 1 SYSTEMPATH\CodeIgniter.php(913): App\Controllers\Admin\ManagerController->__construct()
 2 SYSTEMPATH\CodeIgniter.php(493): CodeIgniter\CodeIgniter->createController()
 3 SYSTEMPATH\CodeIgniter.php(361): CodeIgniter\CodeIgniter->handleRequest(null, Object(Config\Cache), false)
 4 FCPATH\index.php(79): CodeIgniter\CodeIgniter->run()
 5 SYSTEMPATH\Commands\Server\rewrite.php(47): require_once('C:\\xampp\\htdocs\\Adwalls\\public\\index.php')
INFO - 2024-04-03 18:13:34 --> Session: Class initialized using 'CodeIgniter\Session\Handlers\FileHandler' driver.
WARNING - 2024-04-03 18:13:52 --> [DEPRECATED] Creation of dynamic property App\Controllers\Admin\ManagerController::$ManagerModel is deprecated in APPPATH\Controllers\Admin\ManagerController.php on line 23.
 1 SYSTEMPATH\CodeIgniter.php(913): App\Controllers\Admin\ManagerController->__construct()
 2 SYSTEMPATH\CodeIgniter.php(493): CodeIgniter\CodeIgniter->createController()
 3 SYSTEMPATH\CodeIgniter.php(361): CodeIgniter\CodeIgniter->handleRequest(null, Object(Config\Cache), false)
 4 FCPATH\index.php(79): CodeIgniter\CodeIgniter->run()
 5 SYSTEMPATH\Commands\Server\rewrite.php(47): require_once('C:\\xampp\\htdocs\\Adwalls\\public\\index.php')
INFO - 2024-04-03 18:13:52 --> Session: Class initialized using 'CodeIgniter\Session\Handlers\FileHandler' driver.
WARNING - 2024-04-03 18:14:05 --> [DEPRECATED] Creation of dynamic property App\Controllers\Admin\ManagerController::$ManagerModel is deprecated in APPPATH\Controllers\Admin\ManagerController.php on line 23.
 1 SYSTEMPATH\CodeIgniter.php(913): App\Controllers\Admin\ManagerController->__construct()
 2 SYSTEMPATH\CodeIgniter.php(493): CodeIgniter\CodeIgniter->createController()
 3 SYSTEMPATH\CodeIgniter.php(361): CodeIgniter\CodeIgniter->handleRequest(null, Object(Config\Cache), false)
 4 FCPATH\index.php(79): CodeIgniter\CodeIgniter->run()
 5 SYSTEMPATH\Commands\Server\rewrite.php(47): require_once('C:\\xampp\\htdocs\\Adwalls\\public\\index.php')
INFO - 2024-04-03 18:14:05 --> Session: Class initialized using 'CodeIgniter\Session\Handlers\FileHandler' driver.
WARNING - 2024-04-03 18:18:09 --> [DEPRECATED] Creation of dynamic property App\Controllers\Admin\ManagerController::$ManagerModel is deprecated in APPPATH\Controllers\Admin\ManagerController.php on line 23.
 1 SYSTEMPATH\CodeIgniter.php(913): App\Controllers\Admin\ManagerController->__construct()
 2 SYSTEMPATH\CodeIgniter.php(493): CodeIgniter\CodeIgniter->createController()
 3 SYSTEMPATH\CodeIgniter.php(361): CodeIgniter\CodeIgniter->handleRequest(null, Object(Config\Cache), false)
 4 FCPATH\index.php(79): CodeIgniter\CodeIgniter->run()
 5 SYSTEMPATH\Commands\Server\rewrite.php(47): require_once('C:\\xampp\\htdocs\\Adwalls\\public\\index.php')
INFO - 2024-04-03 18:18:09 --> Session: Class initialized using 'CodeIgniter\Session\Handlers\FileHandler' driver.
INFO - 2024-04-03 18:18:17 --> Session: Class initialized using 'CodeIgniter\Session\Handlers\FileHandler' driver.
INFO - 2024-04-03 18:18:17 --> Session: Class initialized using 'CodeIgniter\Session\Handlers\FileHandler' driver.
WARNING - 2024-04-03 18:18:19 --> [DEPRECATED] Creation of dynamic property App\Controllers\Admin\ManagerController::$ManagerModel is deprecated in APPPATH\Controllers\Admin\ManagerController.php on line 23.
 1 SYSTEMPATH\CodeIgniter.php(913): App\Controllers\Admin\ManagerController->__construct()
 2 SYSTEMPATH\CodeIgniter.php(493): CodeIgniter\CodeIgniter->createController()
 3 SYSTEMPATH\CodeIgniter.php(361): CodeIgniter\CodeIgniter->handleRequest(null, Object(Config\Cache), false)
 4 FCPATH\index.php(79): CodeIgniter\CodeIgniter->run()
 5 SYSTEMPATH\Commands\Server\rewrite.php(47): require_once('C:\\xampp\\htdocs\\Adwalls\\public\\index.php')
INFO - 2024-04-03 18:18:19 --> Session: Class initialized using 'CodeIgniter\Session\Handlers\FileHandler' driver.
INFO - 2024-04-03 18:18:28 --> Session: Class initialized using 'CodeIgniter\Session\Handlers\FileHandler' driver.
INFO - 2024-04-03 18:18:28 --> Session: Class initialized using 'CodeIgniter\Session\Handlers\FileHandler' driver.
INFO - 2024-04-03 18:18:47 --> Session: Class initialized using 'CodeIgniter\Session\Handlers\FileHandler' driver.
INFO - 2024-04-03 18:18:47 --> Session: Class initialized using 'CodeIgniter\Session\Handlers\FileHandler' driver.
WARNING - 2024-04-03 18:18:49 --> [DEPRECATED] Creation of dynamic property App\Controllers\Admin\ManagerController::$ManagerModel is deprecated in APPPATH\Controllers\Admin\ManagerController.php on line 23.
 1 SYSTEMPATH\CodeIgniter.php(913): App\Controllers\Admin\ManagerController->__construct()
 2 SYSTEMPATH\CodeIgniter.php(493): CodeIgniter\CodeIgniter->createController()
 3 SYSTEMPATH\CodeIgniter.php(361): CodeIgniter\CodeIgniter->handleRequest(null, Object(Config\Cache), false)
 4 FCPATH\index.php(79): CodeIgniter\CodeIgniter->run()
 5 SYSTEMPATH\Commands\Server\rewrite.php(47): require_once('C:\\xampp\\htdocs\\Adwalls\\public\\index.php')
INFO - 2024-04-03 18:18:49 --> Session: Class initialized using 'CodeIgniter\Session\Handlers\FileHandler' driver.
WARNING - 2024-04-03 18:20:20 --> [DEPRECATED] Creation of dynamic property App\Controllers\Admin\ManagerController::$ManagerModel is deprecated in APPPATH\Controllers\Admin\ManagerController.php on line 23.
 1 SYSTEMPATH\CodeIgniter.php(913): App\Controllers\Admin\ManagerController->__construct()
 2 SYSTEMPATH\CodeIgniter.php(493): CodeIgniter\CodeIgniter->createController()
 3 SYSTEMPATH\CodeIgniter.php(361): CodeIgniter\CodeIgniter->handleRequest(null, Object(Config\Cache), false)
 4 FCPATH\index.php(79): CodeIgniter\CodeIgniter->run()
 5 SYSTEMPATH\Commands\Server\rewrite.php(47): require_once('C:\\xampp\\htdocs\\Adwalls\\public\\index.php')
INFO - 2024-04-03 18:20:20 --> Session: Class initialized using 'CodeIgniter\Session\Handlers\FileHandler' driver.
WARNING - 2024-04-03 18:21:07 --> [DEPRECATED] Creation of dynamic property App\Controllers\Admin\ManagerController::$ManagerModel is deprecated in APPPATH\Controllers\Admin\ManagerController.php on line 23.
 1 SYSTEMPATH\CodeIgniter.php(913): App\Controllers\Admin\ManagerController->__construct()
 2 SYSTEMPATH\CodeIgniter.php(493): CodeIgniter\CodeIgniter->createController()
 3 SYSTEMPATH\CodeIgniter.php(361): CodeIgniter\CodeIgniter->handleRequest(null, Object(Config\Cache), false)
 4 FCPATH\index.php(79): CodeIgniter\CodeIgniter->run()
 5 SYSTEMPATH\Commands\Server\rewrite.php(47): require_once('C:\\xampp\\htdocs\\Adwalls\\public\\index.php')
INFO - 2024-04-03 18:21:07 --> Session: Class initialized using 'CodeIgniter\Session\Handlers\FileHandler' driver.
WARNING - 2024-04-03 18:23:11 --> [DEPRECATED] Creation of dynamic property App\Controllers\Admin\ManagerController::$ManagerModel is deprecated in APPPATH\Controllers\Admin\ManagerController.php on line 23.
 1 SYSTEMPATH\CodeIgniter.php(913): App\Controllers\Admin\ManagerController->__construct()
 2 SYSTEMPATH\CodeIgniter.php(493): CodeIgniter\CodeIgniter->createController()
 3 SYSTEMPATH\CodeIgniter.php(361): CodeIgniter\CodeIgniter->handleRequest(null, Object(Config\Cache), false)
 4 FCPATH\index.php(79): CodeIgniter\CodeIgniter->run()
 5 SYSTEMPATH\Commands\Server\rewrite.php(47): require_once('C:\\xampp\\htdocs\\Adwalls\\public\\index.php')
INFO - 2024-04-03 18:23:11 --> Session: Class initialized using 'CodeIgniter\Session\Handlers\FileHandler' driver.
WARNING - 2024-04-03 18:23:27 --> [DEPRECATED] Creation of dynamic property App\Controllers\Admin\ManagerController::$ManagerModel is deprecated in APPPATH\Controllers\Admin\ManagerController.php on line 23.
 1 SYSTEMPATH\CodeIgniter.php(913): App\Controllers\Admin\ManagerController->__construct()
 2 SYSTEMPATH\CodeIgniter.php(493): CodeIgniter\CodeIgniter->createController()
 3 SYSTEMPATH\CodeIgniter.php(361): CodeIgniter\CodeIgniter->handleRequest(null, Object(Config\Cache), false)
 4 FCPATH\index.php(79): CodeIgniter\CodeIgniter->run()
 5 SYSTEMPATH\Commands\Server\rewrite.php(47): require_once('C:\\xampp\\htdocs\\Adwalls\\public\\index.php')
INFO - 2024-04-03 18:23:27 --> Session: Class initialized using 'CodeIgniter\Session\Handlers\FileHandler' driver.
WARNING - 2024-04-03 18:23:59 --> [DEPRECATED] Creation of dynamic property App\Controllers\Admin\ManagerController::$ManagerModel is deprecated in APPPATH\Controllers\Admin\ManagerController.php on line 23.
 1 SYSTEMPATH\CodeIgniter.php(913): App\Controllers\Admin\ManagerController->__construct()
 2 SYSTEMPATH\CodeIgniter.php(493): CodeIgniter\CodeIgniter->createController()
 3 SYSTEMPATH\CodeIgniter.php(361): CodeIgniter\CodeIgniter->handleRequest(null, Object(Config\Cache), false)
 4 FCPATH\index.php(79): CodeIgniter\CodeIgniter->run()
 5 SYSTEMPATH\Commands\Server\rewrite.php(47): require_once('C:\\xampp\\htdocs\\Adwalls\\public\\index.php')
INFO - 2024-04-03 18:23:59 --> Session: Class initialized using 'CodeIgniter\Session\Handlers\FileHandler' driver.
WARNING - 2024-04-03 18:25:04 --> [DEPRECATED] Creation of dynamic property App\Controllers\Admin\ManagerController::$ManagerModel is deprecated in APPPATH\Controllers\Admin\ManagerController.php on line 23.
 1 SYSTEMPATH\CodeIgniter.php(913): App\Controllers\Admin\ManagerController->__construct()
 2 SYSTEMPATH\CodeIgniter.php(493): CodeIgniter\CodeIgniter->createController()
 3 SYSTEMPATH\CodeIgniter.php(361): CodeIgniter\CodeIgniter->handleRequest(null, Object(Config\Cache), false)
 4 FCPATH\index.php(79): CodeIgniter\CodeIgniter->run()
 5 SYSTEMPATH\Commands\Server\rewrite.php(47): require_once('C:\\xampp\\htdocs\\Adwalls\\public\\index.php')
INFO - 2024-04-03 18:25:04 --> Session: Class initialized using 'CodeIgniter\Session\Handlers\FileHandler' driver.
WARNING - 2024-04-03 18:25:06 --> [DEPRECATED] Creation of dynamic property App\Controllers\Admin\ManagerController::$ManagerModel is deprecated in APPPATH\Controllers\Admin\ManagerController.php on line 23.
 1 SYSTEMPATH\CodeIgniter.php(913): App\Controllers\Admin\ManagerController->__construct()
 2 SYSTEMPATH\CodeIgniter.php(493): CodeIgniter\CodeIgniter->createController()
 3 SYSTEMPATH\CodeIgniter.php(361): CodeIgniter\CodeIgniter->handleRequest(null, Object(Config\Cache), false)
 4 FCPATH\index.php(79): CodeIgniter\CodeIgniter->run()
 5 SYSTEMPATH\Commands\Server\rewrite.php(47): require_once('C:\\xampp\\htdocs\\Adwalls\\public\\index.php')
INFO - 2024-04-03 18:25:06 --> Session: Class initialized using 'CodeIgniter\Session\Handlers\FileHandler' driver.
WARNING - 2024-04-03 18:25:09 --> [DEPRECATED] Creation of dynamic property App\Controllers\Admin\ManagerController::$ManagerModel is deprecated in APPPATH\Controllers\Admin\ManagerController.php on line 23.
 1 SYSTEMPATH\CodeIgniter.php(913): App\Controllers\Admin\ManagerController->__construct()
 2 SYSTEMPATH\CodeIgniter.php(493): CodeIgniter\CodeIgniter->createController()
 3 SYSTEMPATH\CodeIgniter.php(361): CodeIgniter\CodeIgniter->handleRequest(null, Object(Config\Cache), false)
 4 FCPATH\index.php(79): CodeIgniter\CodeIgniter->run()
 5 SYSTEMPATH\Commands\Server\rewrite.php(47): require_once('C:\\xampp\\htdocs\\Adwalls\\public\\index.php')
INFO - 2024-04-03 18:25:09 --> Session: Class initialized using 'CodeIgniter\Session\Handlers\FileHandler' driver.
WARNING - 2024-04-03 18:26:56 --> [DEPRECATED] Creation of dynamic property App\Controllers\Admin\ManagerController::$ManagerModel is deprecated in APPPATH\Controllers\Admin\ManagerController.php on line 23.
 1 SYSTEMPATH\CodeIgniter.php(913): App\Controllers\Admin\ManagerController->__construct()
 2 SYSTEMPATH\CodeIgniter.php(493): CodeIgniter\CodeIgniter->createController()
 3 SYSTEMPATH\CodeIgniter.php(361): CodeIgniter\CodeIgniter->handleRequest(null, Object(Config\Cache), false)
 4 FCPATH\index.php(79): CodeIgniter\CodeIgniter->run()
 5 SYSTEMPATH\Commands\Server\rewrite.php(47): require_once('C:\\xampp\\htdocs\\Adwalls\\public\\index.php')
INFO - 2024-04-03 18:26:56 --> Session: Class initialized using 'CodeIgniter\Session\Handlers\FileHandler' driver.
WARNING - 2024-04-03 18:31:29 --> [DEPRECATED] Creation of dynamic property App\Controllers\Admin\ManagerController::$ManagerModel is deprecated in APPPATH\Controllers\Admin\ManagerController.php on line 23.
 1 SYSTEMPATH\CodeIgniter.php(913): App\Controllers\Admin\ManagerController->__construct()
 2 SYSTEMPATH\CodeIgniter.php(493): CodeIgniter\CodeIgniter->createController()
 3 SYSTEMPATH\CodeIgniter.php(361): CodeIgniter\CodeIgniter->handleRequest(null, Object(Config\Cache), false)
 4 FCPATH\index.php(79): CodeIgniter\CodeIgniter->run()
 5 SYSTEMPATH\Commands\Server\rewrite.php(47): require_once('C:\\xampp\\htdocs\\Adwalls\\public\\index.php')
INFO - 2024-04-03 18:31:29 --> Session: Class initialized using 'CodeIgniter\Session\Handlers\FileHandler' driver.
WARNING - 2024-04-03 18:31:41 --> [DEPRECATED] Creation of dynamic property App\Controllers\Admin\ManagerController::$ManagerModel is deprecated in APPPATH\Controllers\Admin\ManagerController.php on line 23.
 1 SYSTEMPATH\CodeIgniter.php(913): App\Controllers\Admin\ManagerController->__construct()
 2 SYSTEMPATH\CodeIgniter.php(493): CodeIgniter\CodeIgniter->createController()
 3 SYSTEMPATH\CodeIgniter.php(361): CodeIgniter\CodeIgniter->handleRequest(null, Object(Config\Cache), false)
 4 FCPATH\index.php(79): CodeIgniter\CodeIgniter->run()
 5 SYSTEMPATH\Commands\Server\rewrite.php(47): require_once('C:\\xampp\\htdocs\\Adwalls\\public\\index.php')
INFO - 2024-04-03 18:31:41 --> Session: Class initialized using 'CodeIgniter\Session\Handlers\FileHandler' driver.
WARNING - 2024-04-03 18:32:07 --> [DEPRECATED] Creation of dynamic property App\Controllers\ApplicationController::$AdminModel is deprecated in APPPATH\Controllers\ApplicationController.php on line 21.
 1 SYSTEMPATH\CodeIgniter.php(913): App\Controllers\ApplicationController->__construct()
 2 SYSTEMPATH\CodeIgniter.php(493): CodeIgniter\CodeIgniter->createController()
 3 SYSTEMPATH\CodeIgniter.php(361): CodeIgniter\CodeIgniter->handleRequest(null, Object(Config\Cache), false)
 4 FCPATH\index.php(79): CodeIgniter\CodeIgniter->run()
 5 SYSTEMPATH\Commands\Server\rewrite.php(47): require_once('C:\\xampp\\htdocs\\Adwalls\\public\\index.php')
WARNING - 2024-04-03 18:32:08 --> [DEPRECATED] Creation of dynamic property App\Controllers\ApplicationController::$AdminModel is deprecated in APPPATH\Controllers\ApplicationController.php on line 21.
 1 SYSTEMPATH\CodeIgniter.php(913): App\Controllers\ApplicationController->__construct()
 2 SYSTEMPATH\CodeIgniter.php(493): CodeIgniter\CodeIgniter->createController()
 3 SYSTEMPATH\CodeIgniter.php(361): CodeIgniter\CodeIgniter->handleRequest(null, Object(Config\Cache), false)
 4 FCPATH\index.php(79): CodeIgniter\CodeIgniter->run()
 5 SYSTEMPATH\Commands\Server\rewrite.php(47): require_once('C:\\xampp\\htdocs\\Adwalls\\public\\index.php')
WARNING - 2024-04-03 18:32:09 --> [DEPRECATED] Creation of dynamic property App\Controllers\ApplicationController::$AdminModel is deprecated in APPPATH\Controllers\ApplicationController.php on line 21.
 1 SYSTEMPATH\CodeIgniter.php(913): App\Controllers\ApplicationController->__construct()
 2 SYSTEMPATH\CodeIgniter.php(493): CodeIgniter\CodeIgniter->createController()
 3 SYSTEMPATH\CodeIgniter.php(361): CodeIgniter\CodeIgniter->handleRequest(null, Object(Config\Cache), false)
 4 FCPATH\index.php(79): CodeIgniter\CodeIgniter->run()
 5 SYSTEMPATH\Commands\Server\rewrite.php(47): require_once('C:\\xampp\\htdocs\\Adwalls\\public\\index.php')
WARNING - 2024-04-03 18:32:44 --> [DEPRECATED] Creation of dynamic property App\Controllers\Admin\ManagerController::$ManagerModel is deprecated in APPPATH\Controllers\Admin\ManagerController.php on line 23.
 1 SYSTEMPATH\CodeIgniter.php(913): App\Controllers\Admin\ManagerController->__construct()
 2 SYSTEMPATH\CodeIgniter.php(493): CodeIgniter\CodeIgniter->createController()
 3 SYSTEMPATH\CodeIgniter.php(361): CodeIgniter\CodeIgniter->handleRequest(null, Object(Config\Cache), false)
 4 FCPATH\index.php(79): CodeIgniter\CodeIgniter->run()
 5 SYSTEMPATH\Commands\Server\rewrite.php(47): require_once('C:\\xampp\\htdocs\\Adwalls\\public\\index.php')
WARNING - 2024-04-03 18:32:44 --> [DEPRECATED] Creation of dynamic property App\Controllers\Admin\ManagerController::$ManagerModel is deprecated in APPPATH\Controllers\Admin\ManagerController.php on line 23.
 1 SYSTEMPATH\CodeIgniter.php(913): App\Controllers\Admin\ManagerController->__construct()
 2 SYSTEMPATH\CodeIgniter.php(493): CodeIgniter\CodeIgniter->createController()
 3 SYSTEMPATH\CodeIgniter.php(361): CodeIgniter\CodeIgniter->handleRequest(null, Object(Config\Cache), false)
 4 FCPATH\index.php(79): CodeIgniter\CodeIgniter->run()
 5 SYSTEMPATH\Commands\Server\rewrite.php(47): require_once('C:\\xampp\\htdocs\\Adwalls\\public\\index.php')
INFO - 2024-04-03 18:32:44 --> Session: Class initialized using 'CodeIgniter\Session\Handlers\FileHandler' driver.
WARNING - 2024-04-03 18:32:49 --> [DEPRECATED] Creation of dynamic property App\Controllers\Admin\ManagerController::$ManagerModel is deprecated in APPPATH\Controllers\Admin\ManagerController.php on line 23.
 1 SYSTEMPATH\CodeIgniter.php(913): App\Controllers\Admin\ManagerController->__construct()
 2 SYSTEMPATH\CodeIgniter.php(493): CodeIgniter\CodeIgniter->createController()
 3 SYSTEMPATH\CodeIgniter.php(361): CodeIgniter\CodeIgniter->handleRequest(null, Object(Config\Cache), false)
 4 FCPATH\index.php(79): CodeIgniter\CodeIgniter->run()
 5 SYSTEMPATH\Commands\Server\rewrite.php(47): require_once('C:\\xampp\\htdocs\\Adwalls\\public\\index.php')
INFO - 2024-04-03 18:32:49 --> Session: Class initialized using 'CodeIgniter\Session\Handlers\FileHandler' driver.
WARNING - 2024-04-03 18:33:04 --> [DEPRECATED] Creation of dynamic property App\Controllers\Admin\ManagerController::$ManagerModel is deprecated in APPPATH\Controllers\Admin\ManagerController.php on line 23.
 1 SYSTEMPATH\CodeIgniter.php(913): App\Controllers\Admin\ManagerController->__construct()
 2 SYSTEMPATH\CodeIgniter.php(493): CodeIgniter\CodeIgniter->createController()
 3 SYSTEMPATH\CodeIgniter.php(361): CodeIgniter\CodeIgniter->handleRequest(null, Object(Config\Cache), false)
 4 FCPATH\index.php(79): CodeIgniter\CodeIgniter->run()
 5 SYSTEMPATH\Commands\Server\rewrite.php(47): require_once('C:\\xampp\\htdocs\\Adwalls\\public\\index.php')
INFO - 2024-04-03 18:33:04 --> Session: Class initialized using 'CodeIgniter\Session\Handlers\FileHandler' driver.
WARNING - 2024-04-03 18:34:01 --> [DEPRECATED] Creation of dynamic property App\Controllers\Admin\ManagerController::$ManagerModel is deprecated in APPPATH\Controllers\Admin\ManagerController.php on line 23.
 1 SYSTEMPATH\CodeIgniter.php(913): App\Controllers\Admin\ManagerController->__construct()
 2 SYSTEMPATH\CodeIgniter.php(493): CodeIgniter\CodeIgniter->createController()
 3 SYSTEMPATH\CodeIgniter.php(361): CodeIgniter\CodeIgniter->handleRequest(null, Object(Config\Cache), false)
 4 FCPATH\index.php(79): CodeIgniter\CodeIgniter->run()
 5 SYSTEMPATH\Commands\Server\rewrite.php(47): require_once('C:\\xampp\\htdocs\\Adwalls\\public\\index.php')
INFO - 2024-04-03 18:34:01 --> Session: Class initialized using 'CodeIgniter\Session\Handlers\FileHandler' driver.
WARNING - 2024-04-03 18:35:27 --> [DEPRECATED] Creation of dynamic property App\Controllers\Admin\ManagerController::$ManagerModel is deprecated in APPPATH\Controllers\Admin\ManagerController.php on line 23.
 1 SYSTEMPATH\CodeIgniter.php(913): App\Controllers\Admin\ManagerController->__construct()
 2 SYSTEMPATH\CodeIgniter.php(493): CodeIgniter\CodeIgniter->createController()
 3 SYSTEMPATH\CodeIgniter.php(361): CodeIgniter\CodeIgniter->handleRequest(null, Object(Config\Cache), false)
 4 FCPATH\index.php(79): CodeIgniter\CodeIgniter->run()
 5 SYSTEMPATH\Commands\Server\rewrite.php(47): require_once('C:\\xampp\\htdocs\\Adwalls\\public\\index.php')
INFO - 2024-04-03 18:35:27 --> Session: Class initialized using 'CodeIgniter\Session\Handlers\FileHandler' driver.
WARNING - 2024-04-03 18:35:42 --> [DEPRECATED] Creation of dynamic property App\Controllers\Admin\ManagerController::$ManagerModel is deprecated in APPPATH\Controllers\Admin\ManagerController.php on line 23.
 1 SYSTEMPATH\CodeIgniter.php(913): App\Controllers\Admin\ManagerController->__construct()
 2 SYSTEMPATH\CodeIgniter.php(493): CodeIgniter\CodeIgniter->createController()
 3 SYSTEMPATH\CodeIgniter.php(361): CodeIgniter\CodeIgniter->handleRequest(null, Object(Config\Cache), false)
 4 FCPATH\index.php(79): CodeIgniter\CodeIgniter->run()
 5 SYSTEMPATH\Commands\Server\rewrite.php(47): require_once('C:\\xampp\\htdocs\\Adwalls\\public\\index.php')
INFO - 2024-04-03 18:35:42 --> Session: Class initialized using 'CodeIgniter\Session\Handlers\FileHandler' driver.
WARNING - 2024-04-03 18:39:51 --> [DEPRECATED] Creation of dynamic property App\Controllers\Admin\ManagerController::$ManagerModel is deprecated in APPPATH\Controllers\Admin\ManagerController.php on line 23.
 1 SYSTEMPATH\CodeIgniter.php(913): App\Controllers\Admin\ManagerController->__construct()
 2 SYSTEMPATH\CodeIgniter.php(493): CodeIgniter\CodeIgniter->createController()
 3 SYSTEMPATH\CodeIgniter.php(361): CodeIgniter\CodeIgniter->handleRequest(null, Object(Config\Cache), false)
 4 FCPATH\index.php(79): CodeIgniter\CodeIgniter->run()
 5 SYSTEMPATH\Commands\Server\rewrite.php(47): require_once('C:\\xampp\\htdocs\\Adwalls\\public\\index.php')
INFO - 2024-04-03 18:39:51 --> Session: Class initialized using 'CodeIgniter\Session\Handlers\FileHandler' driver.
WARNING - 2024-04-03 18:40:03 --> [DEPRECATED] Creation of dynamic property App\Controllers\Admin\ManagerController::$ManagerModel is deprecated in APPPATH\Controllers\Admin\ManagerController.php on line 23.
 1 SYSTEMPATH\CodeIgniter.php(913): App\Controllers\Admin\ManagerController->__construct()
 2 SYSTEMPATH\CodeIgniter.php(493): CodeIgniter\CodeIgniter->createController()
 3 SYSTEMPATH\CodeIgniter.php(361): CodeIgniter\CodeIgniter->handleRequest(null, Object(Config\Cache), false)
 4 FCPATH\index.php(79): CodeIgniter\CodeIgniter->run()
 5 SYSTEMPATH\Commands\Server\rewrite.php(47): require_once('C:\\xampp\\htdocs\\Adwalls\\public\\index.php')
INFO - 2024-04-03 18:40:03 --> Session: Class initialized using 'CodeIgniter\Session\Handlers\FileHandler' driver.
WARNING - 2024-04-03 18:40:20 --> [DEPRECATED] Creation of dynamic property App\Controllers\Admin\ManagerController::$ManagerModel is deprecated in APPPATH\Controllers\Admin\ManagerController.php on line 23.
 1 SYSTEMPATH\CodeIgniter.php(913): App\Controllers\Admin\ManagerController->__construct()
 2 SYSTEMPATH\CodeIgniter.php(493): CodeIgniter\CodeIgniter->createController()
 3 SYSTEMPATH\CodeIgniter.php(361): CodeIgniter\CodeIgniter->handleRequest(null, Object(Config\Cache), false)
 4 FCPATH\index.php(79): CodeIgniter\CodeIgniter->run()
 5 SYSTEMPATH\Commands\Server\rewrite.php(47): require_once('C:\\xampp\\htdocs\\Adwalls\\public\\index.php')
INFO - 2024-04-03 18:40:20 --> Session: Class initialized using 'CodeIgniter\Session\Handlers\FileHandler' driver.
WARNING - 2024-04-03 18:40:34 --> [DEPRECATED] Creation of dynamic property App\Controllers\Admin\ManagerController::$ManagerModel is deprecated in APPPATH\Controllers\Admin\ManagerController.php on line 23.
 1 SYSTEMPATH\CodeIgniter.php(913): App\Controllers\Admin\ManagerController->__construct()
 2 SYSTEMPATH\CodeIgniter.php(493): CodeIgniter\CodeIgniter->createController()
 3 SYSTEMPATH\CodeIgniter.php(361): CodeIgniter\CodeIgniter->handleRequest(null, Object(Config\Cache), false)
 4 FCPATH\index.php(79): CodeIgniter\CodeIgniter->run()
 5 SYSTEMPATH\Commands\Server\rewrite.php(47): require_once('C:\\xampp\\htdocs\\Adwalls\\public\\index.php')
INFO - 2024-04-03 18:40:34 --> Session: Class initialized using 'CodeIgniter\Session\Handlers\FileHandler' driver.
WARNING - 2024-04-03 18:40:52 --> [DEPRECATED] Creation of dynamic property App\Controllers\Admin\ManagerController::$ManagerModel is deprecated in APPPATH\Controllers\Admin\ManagerController.php on line 23.
 1 SYSTEMPATH\CodeIgniter.php(913): App\Controllers\Admin\ManagerController->__construct()
 2 SYSTEMPATH\CodeIgniter.php(493): CodeIgniter\CodeIgniter->createController()
 3 SYSTEMPATH\CodeIgniter.php(361): CodeIgniter\CodeIgniter->handleRequest(null, Object(Config\Cache), false)
 4 FCPATH\index.php(79): CodeIgniter\CodeIgniter->run()
 5 SYSTEMPATH\Commands\Server\rewrite.php(47): require_once('C:\\xampp\\htdocs\\Adwalls\\public\\index.php')
INFO - 2024-04-03 18:40:52 --> Session: Class initialized using 'CodeIgniter\Session\Handlers\FileHandler' driver.
WARNING - 2024-04-03 18:41:22 --> [DEPRECATED] Creation of dynamic property App\Controllers\Admin\ManagerController::$ManagerModel is deprecated in APPPATH\Controllers\Admin\ManagerController.php on line 23.
 1 SYSTEMPATH\CodeIgniter.php(913): App\Controllers\Admin\ManagerController->__construct()
 2 SYSTEMPATH\CodeIgniter.php(493): CodeIgniter\CodeIgniter->createController()
 3 SYSTEMPATH\CodeIgniter.php(361): CodeIgniter\CodeIgniter->handleRequest(null, Object(Config\Cache), false)
 4 FCPATH\index.php(79): CodeIgniter\CodeIgniter->run()
 5 SYSTEMPATH\Commands\Server\rewrite.php(47): require_once('C:\\xampp\\htdocs\\Adwalls\\public\\index.php')
INFO - 2024-04-03 18:41:22 --> Session: Class initialized using 'CodeIgniter\Session\Handlers\FileHandler' driver.
WARNING - 2024-04-03 18:41:26 --> [DEPRECATED] Creation of dynamic property App\Controllers\Admin\ManagerController::$ManagerModel is deprecated in APPPATH\Controllers\Admin\ManagerController.php on line 23.
 1 SYSTEMPATH\CodeIgniter.php(913): App\Controllers\Admin\ManagerController->__construct()
 2 SYSTEMPATH\CodeIgniter.php(493): CodeIgniter\CodeIgniter->createController()
 3 SYSTEMPATH\CodeIgniter.php(361): CodeIgniter\CodeIgniter->handleRequest(null, Object(Config\Cache), false)
 4 FCPATH\index.php(79): CodeIgniter\CodeIgniter->run()
 5 SYSTEMPATH\Commands\Server\rewrite.php(47): require_once('C:\\xampp\\htdocs\\Adwalls\\public\\index.php')
INFO - 2024-04-03 18:41:26 --> Session: Class initialized using 'CodeIgniter\Session\Handlers\FileHandler' driver.
WARNING - 2024-04-03 18:41:29 --> [DEPRECATED] Creation of dynamic property App\Controllers\Admin\ManagerController::$ManagerModel is deprecated in APPPATH\Controllers\Admin\ManagerController.php on line 23.
 1 SYSTEMPATH\CodeIgniter.php(913): App\Controllers\Admin\ManagerController->__construct()
 2 SYSTEMPATH\CodeIgniter.php(493): CodeIgniter\CodeIgniter->createController()
 3 SYSTEMPATH\CodeIgniter.php(361): CodeIgniter\CodeIgniter->handleRequest(null, Object(Config\Cache), false)
 4 FCPATH\index.php(79): CodeIgniter\CodeIgniter->run()
 5 SYSTEMPATH\Commands\Server\rewrite.php(47): require_once('C:\\xampp\\htdocs\\Adwalls\\public\\index.php')
INFO - 2024-04-03 18:41:29 --> Session: Class initialized using 'CodeIgniter\Session\Handlers\FileHandler' driver.
WARNING - 2024-04-03 18:41:55 --> [DEPRECATED] Creation of dynamic property App\Controllers\Admin\ManagerController::$ManagerModel is deprecated in APPPATH\Controllers\Admin\ManagerController.php on line 23.
 1 SYSTEMPATH\CodeIgniter.php(913): App\Controllers\Admin\ManagerController->__construct()
 2 SYSTEMPATH\CodeIgniter.php(493): CodeIgniter\CodeIgniter->createController()
 3 SYSTEMPATH\CodeIgniter.php(361): CodeIgniter\CodeIgniter->handleRequest(null, Object(Config\Cache), false)
 4 FCPATH\index.php(79): CodeIgniter\CodeIgniter->run()
 5 SYSTEMPATH\Commands\Server\rewrite.php(47): require_once('C:\\xampp\\htdocs\\Adwalls\\public\\index.php')
INFO - 2024-04-03 18:41:55 --> Session: Class initialized using 'CodeIgniter\Session\Handlers\FileHandler' driver.
WARNING - 2024-04-03 18:41:57 --> [DEPRECATED] Creation of dynamic property App\Controllers\Admin\ManagerController::$ManagerModel is deprecated in APPPATH\Controllers\Admin\ManagerController.php on line 23.
 1 SYSTEMPATH\CodeIgniter.php(913): App\Controllers\Admin\ManagerController->__construct()
 2 SYSTEMPATH\CodeIgniter.php(493): CodeIgniter\CodeIgniter->createController()
 3 SYSTEMPATH\CodeIgniter.php(361): CodeIgniter\CodeIgniter->handleRequest(null, Object(Config\Cache), false)
 4 FCPATH\index.php(79): CodeIgniter\CodeIgniter->run()
 5 SYSTEMPATH\Commands\Server\rewrite.php(47): require_once('C:\\xampp\\htdocs\\Adwalls\\public\\index.php')
INFO - 2024-04-03 18:41:57 --> Session: Class initialized using 'CodeIgniter\Session\Handlers\FileHandler' driver.
WARNING - 2024-04-03 18:43:10 --> [DEPRECATED] Creation of dynamic property App\Controllers\Admin\ManagerController::$ManagerModel is deprecated in APPPATH\Controllers\Admin\ManagerController.php on line 23.
 1 SYSTEMPATH\CodeIgniter.php(913): App\Controllers\Admin\ManagerController->__construct()
 2 SYSTEMPATH\CodeIgniter.php(493): CodeIgniter\CodeIgniter->createController()
 3 SYSTEMPATH\CodeIgniter.php(361): CodeIgniter\CodeIgniter->handleRequest(null, Object(Config\Cache), false)
 4 FCPATH\index.php(79): CodeIgniter\CodeIgniter->run()
 5 SYSTEMPATH\Commands\Server\rewrite.php(47): require_once('C:\\xampp\\htdocs\\Adwalls\\public\\index.php')
INFO - 2024-04-03 18:43:10 --> Session: Class initialized using 'CodeIgniter\Session\Handlers\FileHandler' driver.
WARNING - 2024-04-03 18:43:19 --> [DEPRECATED] Creation of dynamic property App\Controllers\Admin\ManagerController::$ManagerModel is deprecated in APPPATH\Controllers\Admin\ManagerController.php on line 23.
 1 SYSTEMPATH\CodeIgniter.php(913): App\Controllers\Admin\ManagerController->__construct()
 2 SYSTEMPATH\CodeIgniter.php(493): CodeIgniter\CodeIgniter->createController()
 3 SYSTEMPATH\CodeIgniter.php(361): CodeIgniter\CodeIgniter->handleRequest(null, Object(Config\Cache), false)
 4 FCPATH\index.php(79): CodeIgniter\CodeIgniter->run()
 5 SYSTEMPATH\Commands\Server\rewrite.php(47): require_once('C:\\xampp\\htdocs\\Adwalls\\public\\index.php')
INFO - 2024-04-03 18:43:19 --> Session: Class initialized using 'CodeIgniter\Session\Handlers\FileHandler' driver.
WARNING - 2024-04-03 18:43:29 --> [DEPRECATED] Creation of dynamic property App\Controllers\Admin\ManagerController::$ManagerModel is deprecated in APPPATH\Controllers\Admin\ManagerController.php on line 23.
 1 SYSTEMPATH\CodeIgniter.php(913): App\Controllers\Admin\ManagerController->__construct()
 2 SYSTEMPATH\CodeIgniter.php(493): CodeIgniter\CodeIgniter->createController()
 3 SYSTEMPATH\CodeIgniter.php(361): CodeIgniter\CodeIgniter->handleRequest(null, Object(Config\Cache), false)
 4 FCPATH\index.php(79): CodeIgniter\CodeIgniter->run()
 5 SYSTEMPATH\Commands\Server\rewrite.php(47): require_once('C:\\xampp\\htdocs\\Adwalls\\public\\index.php')
INFO - 2024-04-03 18:43:29 --> Session: Class initialized using 'CodeIgniter\Session\Handlers\FileHandler' driver.
WARNING - 2024-04-03 18:43:42 --> [DEPRECATED] Creation of dynamic property App\Controllers\Admin\ManagerController::$ManagerModel is deprecated in APPPATH\Controllers\Admin\ManagerController.php on line 23.
 1 SYSTEMPATH\CodeIgniter.php(913): App\Controllers\Admin\ManagerController->__construct()
 2 SYSTEMPATH\CodeIgniter.php(493): CodeIgniter\CodeIgniter->createController()
 3 SYSTEMPATH\CodeIgniter.php(361): CodeIgniter\CodeIgniter->handleRequest(null, Object(Config\Cache), false)
 4 FCPATH\index.php(79): CodeIgniter\CodeIgniter->run()
 5 SYSTEMPATH\Commands\Server\rewrite.php(47): require_once('C:\\xampp\\htdocs\\Adwalls\\public\\index.php')
WARNING - 2024-04-03 18:43:42 --> [DEPRECATED] Creation of dynamic property App\Controllers\Admin\ManagerController::$ManagerModel is deprecated in APPPATH\Controllers\Admin\ManagerController.php on line 23.
 1 SYSTEMPATH\CodeIgniter.php(913): App\Controllers\Admin\ManagerController->__construct()
 2 SYSTEMPATH\CodeIgniter.php(493): CodeIgniter\CodeIgniter->createController()
 3 SYSTEMPATH\CodeIgniter.php(361): CodeIgniter\CodeIgniter->handleRequest(null, Object(Config\Cache), false)
 4 FCPATH\index.php(79): CodeIgniter\CodeIgniter->run()
 5 SYSTEMPATH\Commands\Server\rewrite.php(47): require_once('C:\\xampp\\htdocs\\Adwalls\\public\\index.php')
INFO - 2024-04-03 18:43:42 --> Session: Class initialized using 'CodeIgniter\Session\Handlers\FileHandler' driver.
WARNING - 2024-04-03 18:43:47 --> [DEPRECATED] Creation of dynamic property App\Controllers\Admin\ManagerController::$ManagerModel is deprecated in APPPATH\Controllers\Admin\ManagerController.php on line 23.
 1 SYSTEMPATH\CodeIgniter.php(913): App\Controllers\Admin\ManagerController->__construct()
 2 SYSTEMPATH\CodeIgniter.php(493): CodeIgniter\CodeIgniter->createController()
 3 SYSTEMPATH\CodeIgniter.php(361): CodeIgniter\CodeIgniter->handleRequest(null, Object(Config\Cache), false)
 4 FCPATH\index.php(79): CodeIgniter\CodeIgniter->run()
 5 SYSTEMPATH\Commands\Server\rewrite.php(47): require_once('C:\\xampp\\htdocs\\Adwalls\\public\\index.php')
INFO - 2024-04-03 18:43:47 --> Session: Class initialized using 'CodeIgniter\Session\Handlers\FileHandler' driver.
WARNING - 2024-04-03 18:43:52 --> [DEPRECATED] Creation of dynamic property App\Controllers\Admin\ManagerController::$ManagerModel is deprecated in APPPATH\Controllers\Admin\ManagerController.php on line 23.
 1 SYSTEMPATH\CodeIgniter.php(913): App\Controllers\Admin\ManagerController->__construct()
 2 SYSTEMPATH\CodeIgniter.php(493): CodeIgniter\CodeIgniter->createController()
 3 SYSTEMPATH\CodeIgniter.php(361): CodeIgniter\CodeIgniter->handleRequest(null, Object(Config\Cache), false)
 4 FCPATH\index.php(79): CodeIgniter\CodeIgniter->run()
 5 SYSTEMPATH\Commands\Server\rewrite.php(47): require_once('C:\\xampp\\htdocs\\Adwalls\\public\\index.php')
WARNING - 2024-04-03 18:43:52 --> [DEPRECATED] Creation of dynamic property App\Controllers\Admin\ManagerController::$ManagerModel is deprecated in APPPATH\Controllers\Admin\ManagerController.php on line 23.
 1 SYSTEMPATH\CodeIgniter.php(913): App\Controllers\Admin\ManagerController->__construct()
 2 SYSTEMPATH\CodeIgniter.php(493): CodeIgniter\CodeIgniter->createController()
 3 SYSTEMPATH\CodeIgniter.php(361): CodeIgniter\CodeIgniter->handleRequest(null, Object(Config\Cache), false)
 4 FCPATH\index.php(79): CodeIgniter\CodeIgniter->run()
 5 SYSTEMPATH\Commands\Server\rewrite.php(47): require_once('C:\\xampp\\htdocs\\Adwalls\\public\\index.php')
INFO - 2024-04-03 18:43:52 --> Session: Class initialized using 'CodeIgniter\Session\Handlers\FileHandler' driver.
WARNING - 2024-04-03 18:43:57 --> [DEPRECATED] Creation of dynamic property App\Controllers\Admin\ManagerController::$ManagerModel is deprecated in APPPATH\Controllers\Admin\ManagerController.php on line 23.
 1 SYSTEMPATH\CodeIgniter.php(913): App\Controllers\Admin\ManagerController->__construct()
 2 SYSTEMPATH\CodeIgniter.php(493): CodeIgniter\CodeIgniter->createController()
 3 SYSTEMPATH\CodeIgniter.php(361): CodeIgniter\CodeIgniter->handleRequest(null, Object(Config\Cache), false)
 4 FCPATH\index.php(79): CodeIgniter\CodeIgniter->run()
 5 SYSTEMPATH\Commands\Server\rewrite.php(47): require_once('C:\\xampp\\htdocs\\Adwalls\\public\\index.php')
INFO - 2024-04-03 18:43:57 --> Session: Class initialized using 'CodeIgniter\Session\Handlers\FileHandler' driver.
WARNING - 2024-04-03 18:44:03 --> [DEPRECATED] Creation of dynamic property App\Controllers\Admin\ManagerController::$ManagerModel is deprecated in APPPATH\Controllers\Admin\ManagerController.php on line 23.
 1 SYSTEMPATH\CodeIgniter.php(913): App\Controllers\Admin\ManagerController->__construct()
 2 SYSTEMPATH\CodeIgniter.php(493): CodeIgniter\CodeIgniter->createController()
 3 SYSTEMPATH\CodeIgniter.php(361): CodeIgniter\CodeIgniter->handleRequest(null, Object(Config\Cache), false)
 4 FCPATH\index.php(79): CodeIgniter\CodeIgniter->run()
 5 SYSTEMPATH\Commands\Server\rewrite.php(47): require_once('C:\\xampp\\htdocs\\Adwalls\\public\\index.php')
INFO - 2024-04-03 18:44:03 --> Session: Class initialized using 'CodeIgniter\Session\Handlers\FileHandler' driver.
INFO - 2024-04-03 18:44:08 --> Session: Class initialized using 'CodeIgniter\Session\Handlers\FileHandler' driver.
INFO - 2024-04-03 18:44:08 --> Session: Class initialized using 'CodeIgniter\Session\Handlers\FileHandler' driver.
WARNING - 2024-04-03 18:44:10 --> [DEPRECATED] Creation of dynamic property App\Controllers\Admin\ManagerController::$ManagerModel is deprecated in APPPATH\Controllers\Admin\ManagerController.php on line 23.
 1 SYSTEMPATH\CodeIgniter.php(913): App\Controllers\Admin\ManagerController->__construct()
 2 SYSTEMPATH\CodeIgniter.php(493): CodeIgniter\CodeIgniter->createController()
 3 SYSTEMPATH\CodeIgniter.php(361): CodeIgniter\CodeIgniter->handleRequest(null, Object(Config\Cache), false)
 4 FCPATH\index.php(79): CodeIgniter\CodeIgniter->run()
 5 SYSTEMPATH\Commands\Server\rewrite.php(47): require_once('C:\\xampp\\htdocs\\Adwalls\\public\\index.php')
INFO - 2024-04-03 18:44:10 --> Session: Class initialized using 'CodeIgniter\Session\Handlers\FileHandler' driver.
WARNING - 2024-04-03 18:44:21 --> [DEPRECATED] Creation of dynamic property App\Controllers\Admin\ManagerController::$ManagerModel is deprecated in APPPATH\Controllers\Admin\ManagerController.php on line 23.
 1 SYSTEMPATH\CodeIgniter.php(913): App\Controllers\Admin\ManagerController->__construct()
 2 SYSTEMPATH\CodeIgniter.php(493): CodeIgniter\CodeIgniter->createController()
 3 SYSTEMPATH\CodeIgniter.php(361): CodeIgniter\CodeIgniter->handleRequest(null, Object(Config\Cache), false)
 4 FCPATH\index.php(79): CodeIgniter\CodeIgniter->run()
 5 SYSTEMPATH\Commands\Server\rewrite.php(47): require_once('C:\\xampp\\htdocs\\Adwalls\\public\\index.php')
INFO - 2024-04-03 18:44:21 --> Session: Class initialized using 'CodeIgniter\Session\Handlers\FileHandler' driver.
WARNING - 2024-04-03 18:51:17 --> [DEPRECATED] Creation of dynamic property App\Controllers\Admin\ManagerController::$ManagerModel is deprecated in APPPATH\Controllers\Admin\ManagerController.php on line 23.
 1 SYSTEMPATH\CodeIgniter.php(913): App\Controllers\Admin\ManagerController->__construct()
 2 SYSTEMPATH\CodeIgniter.php(493): CodeIgniter\CodeIgniter->createController()
 3 SYSTEMPATH\CodeIgniter.php(361): CodeIgniter\CodeIgniter->handleRequest(null, Object(Config\Cache), false)
 4 FCPATH\index.php(79): CodeIgniter\CodeIgniter->run()
 5 SYSTEMPATH\Commands\Server\rewrite.php(47): require_once('C:\\xampp\\htdocs\\Adwalls\\public\\index.php')
INFO - 2024-04-03 18:51:17 --> Session: Class initialized using 'CodeIgniter\Session\Handlers\FileHandler' driver.
WARNING - 2024-04-03 18:51:57 --> [DEPRECATED] Creation of dynamic property App\Controllers\Admin\ManagerController::$ManagerModel is deprecated in APPPATH\Controllers\Admin\ManagerController.php on line 23.
 1 SYSTEMPATH\CodeIgniter.php(913): App\Controllers\Admin\ManagerController->__construct()
 2 SYSTEMPATH\CodeIgniter.php(493): CodeIgniter\CodeIgniter->createController()
 3 SYSTEMPATH\CodeIgniter.php(361): CodeIgniter\CodeIgniter->handleRequest(null, Object(Config\Cache), false)
 4 FCPATH\index.php(79): CodeIgniter\CodeIgniter->run()
 5 SYSTEMPATH\Commands\Server\rewrite.php(47): require_once('C:\\xampp\\htdocs\\Adwalls\\public\\index.php')
INFO - 2024-04-03 18:51:57 --> Session: Class initialized using 'CodeIgniter\Session\Handlers\FileHandler' driver.
WARNING - 2024-04-03 18:59:48 --> [DEPRECATED] Creation of dynamic property App\Controllers\Admin\ManagerController::$ManagerModel is deprecated in APPPATH\Controllers\Admin\ManagerController.php on line 23.
 1 SYSTEMPATH\CodeIgniter.php(913): App\Controllers\Admin\ManagerController->__construct()
 2 SYSTEMPATH\CodeIgniter.php(493): CodeIgniter\CodeIgniter->createController()
 3 SYSTEMPATH\CodeIgniter.php(361): CodeIgniter\CodeIgniter->handleRequest(null, Object(Config\Cache), false)
 4 FCPATH\index.php(79): CodeIgniter\CodeIgniter->run()
 5 SYSTEMPATH\Commands\Server\rewrite.php(47): require_once('C:\\xampp\\htdocs\\Adwalls\\public\\index.php')
INFO - 2024-04-03 18:59:48 --> Session: Class initialized using 'CodeIgniter\Session\Handlers\FileHandler' driver.
WARNING - 2024-04-03 18:59:53 --> [DEPRECATED] Creation of dynamic property App\Controllers\Admin\ManagerController::$ManagerModel is deprecated in APPPATH\Controllers\Admin\ManagerController.php on line 23.
 1 SYSTEMPATH\CodeIgniter.php(913): App\Controllers\Admin\ManagerController->__construct()
 2 SYSTEMPATH\CodeIgniter.php(493): CodeIgniter\CodeIgniter->createController()
 3 SYSTEMPATH\CodeIgniter.php(361): CodeIgniter\CodeIgniter->handleRequest(null, Object(Config\Cache), false)
 4 FCPATH\index.php(79): CodeIgniter\CodeIgniter->run()
 5 SYSTEMPATH\Commands\Server\rewrite.php(47): require_once('C:\\xampp\\htdocs\\Adwalls\\public\\index.php')
INFO - 2024-04-03 18:59:53 --> Session: Class initialized using 'CodeIgniter\Session\Handlers\FileHandler' driver.
WARNING - 2024-04-03 18:59:56 --> [DEPRECATED] Creation of dynamic property App\Controllers\Admin\ManagerController::$ManagerModel is deprecated in APPPATH\Controllers\Admin\ManagerController.php on line 23.
 1 SYSTEMPATH\CodeIgniter.php(913): App\Controllers\Admin\ManagerController->__construct()
 2 SYSTEMPATH\CodeIgniter.php(493): CodeIgniter\CodeIgniter->createController()
 3 SYSTEMPATH\CodeIgniter.php(361): CodeIgniter\CodeIgniter->handleRequest(null, Object(Config\Cache), false)
 4 FCPATH\index.php(79): CodeIgniter\CodeIgniter->run()
 5 SYSTEMPATH\Commands\Server\rewrite.php(47): require_once('C:\\xampp\\htdocs\\Adwalls\\public\\index.php')
INFO - 2024-04-03 18:59:56 --> Session: Class initialized using 'CodeIgniter\Session\Handlers\FileHandler' driver.
WARNING - 2024-04-03 18:59:59 --> [DEPRECATED] Creation of dynamic property App\Controllers\Admin\ManagerController::$ManagerModel is deprecated in APPPATH\Controllers\Admin\ManagerController.php on line 23.
 1 SYSTEMPATH\CodeIgniter.php(913): App\Controllers\Admin\ManagerController->__construct()
 2 SYSTEMPATH\CodeIgniter.php(493): CodeIgniter\CodeIgniter->createController()
 3 SYSTEMPATH\CodeIgniter.php(361): CodeIgniter\CodeIgniter->handleRequest(null, Object(Config\Cache), false)
 4 FCPATH\index.php(79): CodeIgniter\CodeIgniter->run()
 5 SYSTEMPATH\Commands\Server\rewrite.php(47): require_once('C:\\xampp\\htdocs\\Adwalls\\public\\index.php')
INFO - 2024-04-03 18:59:59 --> Session: Class initialized using 'CodeIgniter\Session\Handlers\FileHandler' driver.
WARNING - 2024-04-03 19:01:14 --> [DEPRECATED] Creation of dynamic property App\Controllers\Admin\ManagerController::$ManagerModel is deprecated in APPPATH\Controllers\Admin\ManagerController.php on line 23.
 1 SYSTEMPATH\CodeIgniter.php(913): App\Controllers\Admin\ManagerController->__construct()
 2 SYSTEMPATH\CodeIgniter.php(493): CodeIgniter\CodeIgniter->createController()
 3 SYSTEMPATH\CodeIgniter.php(361): CodeIgniter\CodeIgniter->handleRequest(null, Object(Config\Cache), false)
 4 FCPATH\index.php(79): CodeIgniter\CodeIgniter->run()
 5 SYSTEMPATH\Commands\Server\rewrite.php(47): require_once('C:\\xampp\\htdocs\\Adwalls\\public\\index.php')
INFO - 2024-04-03 19:01:14 --> Session: Class initialized using 'CodeIgniter\Session\Handlers\FileHandler' driver.
WARNING - 2024-04-03 19:01:16 --> [DEPRECATED] Creation of dynamic property App\Controllers\Admin\ManagerController::$ManagerModel is deprecated in APPPATH\Controllers\Admin\ManagerController.php on line 23.
 1 SYSTEMPATH\CodeIgniter.php(913): App\Controllers\Admin\ManagerController->__construct()
 2 SYSTEMPATH\CodeIgniter.php(493): CodeIgniter\CodeIgniter->createController()
 3 SYSTEMPATH\CodeIgniter.php(361): CodeIgniter\CodeIgniter->handleRequest(null, Object(Config\Cache), false)
 4 FCPATH\index.php(79): CodeIgniter\CodeIgniter->run()
 5 SYSTEMPATH\Commands\Server\rewrite.php(47): require_once('C:\\xampp\\htdocs\\Adwalls\\public\\index.php')
INFO - 2024-04-03 19:01:17 --> Session: Class initialized using 'CodeIgniter\Session\Handlers\FileHandler' driver.
WARNING - 2024-04-03 19:01:20 --> [DEPRECATED] Creation of dynamic property App\Controllers\Admin\ManagerController::$ManagerModel is deprecated in APPPATH\Controllers\Admin\ManagerController.php on line 23.
 1 SYSTEMPATH\CodeIgniter.php(913): App\Controllers\Admin\ManagerController->__construct()
 2 SYSTEMPATH\CodeIgniter.php(493): CodeIgniter\CodeIgniter->createController()
 3 SYSTEMPATH\CodeIgniter.php(361): CodeIgniter\CodeIgniter->handleRequest(null, Object(Config\Cache), false)
 4 FCPATH\index.php(79): CodeIgniter\CodeIgniter->run()
 5 SYSTEMPATH\Commands\Server\rewrite.php(47): require_once('C:\\xampp\\htdocs\\Adwalls\\public\\index.php')
INFO - 2024-04-03 19:01:20 --> Session: Class initialized using 'CodeIgniter\Session\Handlers\FileHandler' driver.
WARNING - 2024-04-03 19:01:22 --> [DEPRECATED] Creation of dynamic property App\Controllers\Admin\ManagerController::$ManagerModel is deprecated in APPPATH\Controllers\Admin\ManagerController.php on line 23.
 1 SYSTEMPATH\CodeIgniter.php(913): App\Controllers\Admin\ManagerController->__construct()
 2 SYSTEMPATH\CodeIgniter.php(493): CodeIgniter\CodeIgniter->createController()
 3 SYSTEMPATH\CodeIgniter.php(361): CodeIgniter\CodeIgniter->handleRequest(null, Object(Config\Cache), false)
 4 FCPATH\index.php(79): CodeIgniter\CodeIgniter->run()
 5 SYSTEMPATH\Commands\Server\rewrite.php(47): require_once('C:\\xampp\\htdocs\\Adwalls\\public\\index.php')
INFO - 2024-04-03 19:01:22 --> Session: Class initialized using 'CodeIgniter\Session\Handlers\FileHandler' driver.
WARNING - 2024-04-03 19:01:42 --> [DEPRECATED] Creation of dynamic property App\Controllers\Admin\ManagerController::$ManagerModel is deprecated in APPPATH\Controllers\Admin\ManagerController.php on line 23.
 1 SYSTEMPATH\CodeIgniter.php(913): App\Controllers\Admin\ManagerController->__construct()
 2 SYSTEMPATH\CodeIgniter.php(493): CodeIgniter\CodeIgniter->createController()
 3 SYSTEMPATH\CodeIgniter.php(361): CodeIgniter\CodeIgniter->handleRequest(null, Object(Config\Cache), false)
 4 FCPATH\index.php(79): CodeIgniter\CodeIgniter->run()
 5 SYSTEMPATH\Commands\Server\rewrite.php(47): require_once('C:\\xampp\\htdocs\\Adwalls\\public\\index.php')
INFO - 2024-04-03 19:01:42 --> Session: Class initialized using 'CodeIgniter\Session\Handlers\FileHandler' driver.
WARNING - 2024-04-03 19:01:45 --> [DEPRECATED] Creation of dynamic property App\Controllers\Admin\ManagerController::$ManagerModel is deprecated in APPPATH\Controllers\Admin\ManagerController.php on line 23.
 1 SYSTEMPATH\CodeIgniter.php(913): App\Controllers\Admin\ManagerController->__construct()
 2 SYSTEMPATH\CodeIgniter.php(493): CodeIgniter\CodeIgniter->createController()
 3 SYSTEMPATH\CodeIgniter.php(361): CodeIgniter\CodeIgniter->handleRequest(null, Object(Config\Cache), false)
 4 FCPATH\index.php(79): CodeIgniter\CodeIgniter->run()
 5 SYSTEMPATH\Commands\Server\rewrite.php(47): require_once('C:\\xampp\\htdocs\\Adwalls\\public\\index.php')
INFO - 2024-04-03 19:01:45 --> Session: Class initialized using 'CodeIgniter\Session\Handlers\FileHandler' driver.
WARNING - 2024-04-03 19:01:52 --> [DEPRECATED] Creation of dynamic property App\Controllers\Admin\ManagerController::$ManagerModel is deprecated in APPPATH\Controllers\Admin\ManagerController.php on line 23.
 1 SYSTEMPATH\CodeIgniter.php(913): App\Controllers\Admin\ManagerController->__construct()
 2 SYSTEMPATH\CodeIgniter.php(493): CodeIgniter\CodeIgniter->createController()
 3 SYSTEMPATH\CodeIgniter.php(361): CodeIgniter\CodeIgniter->handleRequest(null, Object(Config\Cache), false)
 4 FCPATH\index.php(79): CodeIgniter\CodeIgniter->run()
 5 SYSTEMPATH\Commands\Server\rewrite.php(47): require_once('C:\\xampp\\htdocs\\Adwalls\\public\\index.php')
INFO - 2024-04-03 19:01:52 --> Session: Class initialized using 'CodeIgniter\Session\Handlers\FileHandler' driver.
