WARNING - 2024-04-02 04:48:35 --> [DEPRECATED] Creation of dynamic property App\Controllers\ApplicationController::$AdminModel is deprecated in APPPATH\Controllers\ApplicationController.php on line 21.
 1 SYSTEMPATH\CodeIgniter.php(913): App\Controllers\ApplicationController->__construct()
 2 SYSTEMPATH\CodeIgniter.php(493): CodeIgniter\CodeIgniter->createController()
 3 SYSTEMPATH\CodeIgniter.php(361): CodeIgniter\CodeIgniter->handleRequest(null, Object(Config\Cache), false)
 4 FCPATH\index.php(79): CodeIgniter\CodeIgniter->run()
 5 SYSTEMPATH\Commands\Server\rewrite.php(47): require_once('C:\\xampp\\htdocs\\Adwalls\\public\\index.php')
INFO - 2024-04-02 04:48:35 --> Session: Class initialized using 'CodeIgniter\Session\Handlers\FileHandler' driver.
WARNING - 2024-04-02 04:48:43 --> [DEPRECATED] Creation of dynamic property App\Controllers\ApplicationController::$AdminModel is deprecated in APPPATH\Controllers\ApplicationController.php on line 21.
 1 SYSTEMPATH\CodeIgniter.php(913): App\Controllers\ApplicationController->__construct()
 2 SYSTEMPATH\CodeIgniter.php(493): CodeIgniter\CodeIgniter->createController()
 3 SYSTEMPATH\CodeIgniter.php(361): CodeIgniter\CodeIgniter->handleRequest(null, Object(Config\Cache), false)
 4 FCPATH\index.php(79): CodeIgniter\CodeIgniter->run()
 5 SYSTEMPATH\Commands\Server\rewrite.php(47): require_once('C:\\xampp\\htdocs\\Adwalls\\public\\index.php')
INFO - 2024-04-02 04:48:43 --> Session: Class initialized using 'CodeIgniter\Session\Handlers\FileHandler' driver.
WARNING - 2024-04-02 04:48:43 --> [DEPRECATED] Creation of dynamic property App\Controllers\ApplicationController::$AdminModel is deprecated in APPPATH\Controllers\ApplicationController.php on line 21.
 1 SYSTEMPATH\CodeIgniter.php(913): App\Controllers\ApplicationController->__construct()
 2 SYSTEMPATH\CodeIgniter.php(493): CodeIgniter\CodeIgniter->createController()
 3 SYSTEMPATH\CodeIgniter.php(361): CodeIgniter\CodeIgniter->handleRequest(null, Object(Config\Cache), false)
 4 FCPATH\index.php(79): CodeIgniter\CodeIgniter->run()
 5 SYSTEMPATH\Commands\Server\rewrite.php(47): require_once('C:\\xampp\\htdocs\\Adwalls\\public\\index.php')
INFO - 2024-04-02 04:48:43 --> Session: Class initialized using 'CodeIgniter\Session\Handlers\FileHandler' driver.
WARNING - 2024-04-02 04:48:48 --> [DEPRECATED] Creation of dynamic property App\Controllers\ApplicationController::$AdminModel is deprecated in APPPATH\Controllers\ApplicationController.php on line 21.
 1 SYSTEMPATH\CodeIgniter.php(913): App\Controllers\ApplicationController->__construct()
 2 SYSTEMPATH\CodeIgniter.php(493): CodeIgniter\CodeIgniter->createController()
 3 SYSTEMPATH\CodeIgniter.php(361): CodeIgniter\CodeIgniter->handleRequest(null, Object(Config\Cache), false)
 4 FCPATH\index.php(79): CodeIgniter\CodeIgniter->run()
 5 SYSTEMPATH\Commands\Server\rewrite.php(47): require_once('C:\\xampp\\htdocs\\Adwalls\\public\\index.php')
INFO - 2024-04-02 04:48:48 --> Session: Class initialized using 'CodeIgniter\Session\Handlers\FileHandler' driver.
WARNING - 2024-04-02 04:48:48 --> [DEPRECATED] Creation of dynamic property App\Controllers\ApplicationController::$AdminModel is deprecated in APPPATH\Controllers\ApplicationController.php on line 21.
 1 SYSTEMPATH\CodeIgniter.php(913): App\Controllers\ApplicationController->__construct()
 2 SYSTEMPATH\CodeIgniter.php(493): CodeIgniter\CodeIgniter->createController()
 3 SYSTEMPATH\CodeIgniter.php(361): CodeIgniter\CodeIgniter->handleRequest(null, Object(Config\Cache), false)
 4 FCPATH\index.php(79): CodeIgniter\CodeIgniter->run()
 5 SYSTEMPATH\Commands\Server\rewrite.php(47): require_once('C:\\xampp\\htdocs\\Adwalls\\public\\index.php')
INFO - 2024-04-02 04:48:48 --> Session: Class initialized using 'CodeIgniter\Session\Handlers\FileHandler' driver.
WARNING - 2024-04-02 04:48:51 --> [DEPRECATED] Creation of dynamic property App\Controllers\ApplicationController::$AdminModel is deprecated in APPPATH\Controllers\ApplicationController.php on line 21.
 1 SYSTEMPATH\CodeIgniter.php(913): App\Controllers\ApplicationController->__construct()
 2 SYSTEMPATH\CodeIgniter.php(493): CodeIgniter\CodeIgniter->createController()
 3 SYSTEMPATH\CodeIgniter.php(361): CodeIgniter\CodeIgniter->handleRequest(null, Object(Config\Cache), false)
 4 FCPATH\index.php(79): CodeIgniter\CodeIgniter->run()
 5 SYSTEMPATH\Commands\Server\rewrite.php(47): require_once('C:\\xampp\\htdocs\\Adwalls\\public\\index.php')
INFO - 2024-04-02 04:48:51 --> Session: Class initialized using 'CodeIgniter\Session\Handlers\FileHandler' driver.
WARNING - 2024-04-02 04:48:51 --> [DEPRECATED] Creation of dynamic property App\Controllers\ApplicationController::$AdminModel is deprecated in APPPATH\Controllers\ApplicationController.php on line 21.
 1 SYSTEMPATH\CodeIgniter.php(913): App\Controllers\ApplicationController->__construct()
 2 SYSTEMPATH\CodeIgniter.php(493): CodeIgniter\CodeIgniter->createController()
 3 SYSTEMPATH\CodeIgniter.php(361): CodeIgniter\CodeIgniter->handleRequest(null, Object(Config\Cache), false)
 4 FCPATH\index.php(79): CodeIgniter\CodeIgniter->run()
 5 SYSTEMPATH\Commands\Server\rewrite.php(47): require_once('C:\\xampp\\htdocs\\Adwalls\\public\\index.php')
INFO - 2024-04-02 04:48:51 --> Session: Class initialized using 'CodeIgniter\Session\Handlers\FileHandler' driver.
WARNING - 2024-04-02 04:49:01 --> [DEPRECATED] Creation of dynamic property App\Controllers\ApplicationController::$AdminModel is deprecated in APPPATH\Controllers\ApplicationController.php on line 21.
 1 SYSTEMPATH\CodeIgniter.php(913): App\Controllers\ApplicationController->__construct()
 2 SYSTEMPATH\CodeIgniter.php(493): CodeIgniter\CodeIgniter->createController()
 3 SYSTEMPATH\CodeIgniter.php(361): CodeIgniter\CodeIgniter->handleRequest(null, Object(Config\Cache), false)
 4 FCPATH\index.php(79): CodeIgniter\CodeIgniter->run()
 5 SYSTEMPATH\Commands\Server\rewrite.php(47): require_once('C:\\xampp\\htdocs\\Adwalls\\public\\index.php')
INFO - 2024-04-02 04:49:01 --> Session: Class initialized using 'CodeIgniter\Session\Handlers\FileHandler' driver.
WARNING - 2024-04-02 04:49:01 --> [DEPRECATED] Creation of dynamic property App\Controllers\ApplicationController::$AdminModel is deprecated in APPPATH\Controllers\ApplicationController.php on line 21.
 1 SYSTEMPATH\CodeIgniter.php(913): App\Controllers\ApplicationController->__construct()
 2 SYSTEMPATH\CodeIgniter.php(493): CodeIgniter\CodeIgniter->createController()
 3 SYSTEMPATH\CodeIgniter.php(361): CodeIgniter\CodeIgniter->handleRequest(null, Object(Config\Cache), false)
 4 FCPATH\index.php(79): CodeIgniter\CodeIgniter->run()
 5 SYSTEMPATH\Commands\Server\rewrite.php(47): require_once('C:\\xampp\\htdocs\\Adwalls\\public\\index.php')
INFO - 2024-04-02 04:49:01 --> Session: Class initialized using 'CodeIgniter\Session\Handlers\FileHandler' driver.
WARNING - 2024-04-02 04:49:03 --> [DEPRECATED] Creation of dynamic property App\Controllers\ApplicationController::$AdminModel is deprecated in APPPATH\Controllers\ApplicationController.php on line 21.
 1 SYSTEMPATH\CodeIgniter.php(913): App\Controllers\ApplicationController->__construct()
 2 SYSTEMPATH\CodeIgniter.php(493): CodeIgniter\CodeIgniter->createController()
 3 SYSTEMPATH\CodeIgniter.php(361): CodeIgniter\CodeIgniter->handleRequest(null, Object(Config\Cache), false)
 4 FCPATH\index.php(79): CodeIgniter\CodeIgniter->run()
 5 SYSTEMPATH\Commands\Server\rewrite.php(47): require_once('C:\\xampp\\htdocs\\Adwalls\\public\\index.php')
INFO - 2024-04-02 04:49:03 --> Session: Class initialized using 'CodeIgniter\Session\Handlers\FileHandler' driver.
