INFO - 2024-04-05 04:40:58 --> Session: Class initialized using 'CodeIgniter\Session\Handlers\FileHandler' driver.
INFO - 2024-04-05 04:41:52 --> Session: Class initialized using 'CodeIgniter\Session\Handlers\FileHandler' driver.
INFO - 2024-04-05 04:41:52 --> Session: Class initialized using 'CodeIgniter\Session\Handlers\FileHandler' driver.
WARNING - 2024-04-05 04:41:54 --> [DEPRECATED] Creation of dynamic property App\Controllers\Admin\ManagerController::$ManagerModel is deprecated in APPPATH\Controllers\Admin\ManagerController.php on line 23.
 1 SYSTEMPATH\CodeIgniter.php(913): App\Controllers\Admin\ManagerController->__construct()
 2 SYSTEMPATH\CodeIgniter.php(493): CodeIgniter\CodeIgniter->createController()
 3 SYSTEMPATH\CodeIgniter.php(361): CodeIgniter\CodeIgniter->handleRequest(null, Object(Config\Cache), false)
 4 FCPATH\index.php(79): CodeIgniter\CodeIgniter->run()
 5 SYSTEMPATH\Commands\Server\rewrite.php(47): require_once('C:\\xampp\\htdocs\\Adwalls\\public\\index.php')
WARNING - 2024-04-05 04:41:54 --> [DEPRECATED] Creation of dynamic property App\Controllers\Admin\ManagerController::$TertiarymModel is deprecated in APPPATH\Controllers\Admin\ManagerController.php on line 24.
 1 SYSTEMPATH\CodeIgniter.php(913): App\Controllers\Admin\ManagerController->__construct()
 2 SYSTEMPATH\CodeIgniter.php(493): CodeIgniter\CodeIgniter->createController()
 3 SYSTEMPATH\CodeIgniter.php(361): CodeIgniter\CodeIgniter->handleRequest(null, Object(Config\Cache), false)
 4 FCPATH\index.php(79): CodeIgniter\CodeIgniter->run()
 5 SYSTEMPATH\Commands\Server\rewrite.php(47): require_once('C:\\xampp\\htdocs\\Adwalls\\public\\index.php')
INFO - 2024-04-05 04:41:54 --> Session: Class initialized using 'CodeIgniter\Session\Handlers\FileHandler' driver.
WARNING - 2024-04-05 04:42:37 --> [DEPRECATED] Creation of dynamic property App\Controllers\Admin\ManagerController::$ManagerModel is deprecated in APPPATH\Controllers\Admin\ManagerController.php on line 23.
 1 SYSTEMPATH\CodeIgniter.php(913): App\Controllers\Admin\ManagerController->__construct()
 2 SYSTEMPATH\CodeIgniter.php(493): CodeIgniter\CodeIgniter->createController()
 3 SYSTEMPATH\CodeIgniter.php(361): CodeIgniter\CodeIgniter->handleRequest(null, Object(Config\Cache), false)
 4 FCPATH\index.php(79): CodeIgniter\CodeIgniter->run()
 5 SYSTEMPATH\Commands\Server\rewrite.php(47): require_once('C:\\xampp\\htdocs\\Adwalls\\public\\index.php')
WARNING - 2024-04-05 04:42:37 --> [DEPRECATED] Creation of dynamic property App\Controllers\Admin\ManagerController::$TertiarymModel is deprecated in APPPATH\Controllers\Admin\ManagerController.php on line 24.
 1 SYSTEMPATH\CodeIgniter.php(913): App\Controllers\Admin\ManagerController->__construct()
 2 SYSTEMPATH\CodeIgniter.php(493): CodeIgniter\CodeIgniter->createController()
 3 SYSTEMPATH\CodeIgniter.php(361): CodeIgniter\CodeIgniter->handleRequest(null, Object(Config\Cache), false)
 4 FCPATH\index.php(79): CodeIgniter\CodeIgniter->run()
 5 SYSTEMPATH\Commands\Server\rewrite.php(47): require_once('C:\\xampp\\htdocs\\Adwalls\\public\\index.php')
INFO - 2024-04-05 04:42:37 --> Session: Class initialized using 'CodeIgniter\Session\Handlers\FileHandler' driver.
WARNING - 2024-04-05 04:42:39 --> [DEPRECATED] Creation of dynamic property App\Controllers\Admin\ManagerController::$ManagerModel is deprecated in APPPATH\Controllers\Admin\ManagerController.php on line 23.
 1 SYSTEMPATH\CodeIgniter.php(913): App\Controllers\Admin\ManagerController->__construct()
 2 SYSTEMPATH\CodeIgniter.php(493): CodeIgniter\CodeIgniter->createController()
 3 SYSTEMPATH\CodeIgniter.php(361): CodeIgniter\CodeIgniter->handleRequest(null, Object(Config\Cache), false)
 4 FCPATH\index.php(79): CodeIgniter\CodeIgniter->run()
 5 SYSTEMPATH\Commands\Server\rewrite.php(47): require_once('C:\\xampp\\htdocs\\Adwalls\\public\\index.php')
WARNING - 2024-04-05 04:42:39 --> [DEPRECATED] Creation of dynamic property App\Controllers\Admin\ManagerController::$TertiarymModel is deprecated in APPPATH\Controllers\Admin\ManagerController.php on line 24.
 1 SYSTEMPATH\CodeIgniter.php(913): App\Controllers\Admin\ManagerController->__construct()
 2 SYSTEMPATH\CodeIgniter.php(493): CodeIgniter\CodeIgniter->createController()
 3 SYSTEMPATH\CodeIgniter.php(361): CodeIgniter\CodeIgniter->handleRequest(null, Object(Config\Cache), false)
 4 FCPATH\index.php(79): CodeIgniter\CodeIgniter->run()
 5 SYSTEMPATH\Commands\Server\rewrite.php(47): require_once('C:\\xampp\\htdocs\\Adwalls\\public\\index.php')
INFO - 2024-04-05 04:42:39 --> Session: Class initialized using 'CodeIgniter\Session\Handlers\FileHandler' driver.
WARNING - 2024-04-05 04:42:40 --> [DEPRECATED] Creation of dynamic property App\Controllers\Admin\ManagerController::$ManagerModel is deprecated in APPPATH\Controllers\Admin\ManagerController.php on line 23.
 1 SYSTEMPATH\CodeIgniter.php(913): App\Controllers\Admin\ManagerController->__construct()
 2 SYSTEMPATH\CodeIgniter.php(493): CodeIgniter\CodeIgniter->createController()
 3 SYSTEMPATH\CodeIgniter.php(361): CodeIgniter\CodeIgniter->handleRequest(null, Object(Config\Cache), false)
 4 FCPATH\index.php(79): CodeIgniter\CodeIgniter->run()
 5 SYSTEMPATH\Commands\Server\rewrite.php(47): require_once('C:\\xampp\\htdocs\\Adwalls\\public\\index.php')
WARNING - 2024-04-05 04:42:40 --> [DEPRECATED] Creation of dynamic property App\Controllers\Admin\ManagerController::$TertiarymModel is deprecated in APPPATH\Controllers\Admin\ManagerController.php on line 24.
 1 SYSTEMPATH\CodeIgniter.php(913): App\Controllers\Admin\ManagerController->__construct()
 2 SYSTEMPATH\CodeIgniter.php(493): CodeIgniter\CodeIgniter->createController()
 3 SYSTEMPATH\CodeIgniter.php(361): CodeIgniter\CodeIgniter->handleRequest(null, Object(Config\Cache), false)
 4 FCPATH\index.php(79): CodeIgniter\CodeIgniter->run()
 5 SYSTEMPATH\Commands\Server\rewrite.php(47): require_once('C:\\xampp\\htdocs\\Adwalls\\public\\index.php')
INFO - 2024-04-05 04:42:40 --> Session: Class initialized using 'CodeIgniter\Session\Handlers\FileHandler' driver.
WARNING - 2024-04-05 04:42:41 --> [DEPRECATED] Creation of dynamic property App\Controllers\Admin\ManagerController::$ManagerModel is deprecated in APPPATH\Controllers\Admin\ManagerController.php on line 23.
 1 SYSTEMPATH\CodeIgniter.php(913): App\Controllers\Admin\ManagerController->__construct()
 2 SYSTEMPATH\CodeIgniter.php(493): CodeIgniter\CodeIgniter->createController()
 3 SYSTEMPATH\CodeIgniter.php(361): CodeIgniter\CodeIgniter->handleRequest(null, Object(Config\Cache), false)
 4 FCPATH\index.php(79): CodeIgniter\CodeIgniter->run()
 5 SYSTEMPATH\Commands\Server\rewrite.php(47): require_once('C:\\xampp\\htdocs\\Adwalls\\public\\index.php')
WARNING - 2024-04-05 04:42:41 --> [DEPRECATED] Creation of dynamic property App\Controllers\Admin\ManagerController::$TertiarymModel is deprecated in APPPATH\Controllers\Admin\ManagerController.php on line 24.
 1 SYSTEMPATH\CodeIgniter.php(913): App\Controllers\Admin\ManagerController->__construct()
 2 SYSTEMPATH\CodeIgniter.php(493): CodeIgniter\CodeIgniter->createController()
 3 SYSTEMPATH\CodeIgniter.php(361): CodeIgniter\CodeIgniter->handleRequest(null, Object(Config\Cache), false)
 4 FCPATH\index.php(79): CodeIgniter\CodeIgniter->run()
 5 SYSTEMPATH\Commands\Server\rewrite.php(47): require_once('C:\\xampp\\htdocs\\Adwalls\\public\\index.php')
INFO - 2024-04-05 04:42:41 --> Session: Class initialized using 'CodeIgniter\Session\Handlers\FileHandler' driver.
WARNING - 2024-04-05 04:42:42 --> [DEPRECATED] Creation of dynamic property App\Controllers\Admin\ManagerController::$ManagerModel is deprecated in APPPATH\Controllers\Admin\ManagerController.php on line 23.
 1 SYSTEMPATH\CodeIgniter.php(913): App\Controllers\Admin\ManagerController->__construct()
 2 SYSTEMPATH\CodeIgniter.php(493): CodeIgniter\CodeIgniter->createController()
 3 SYSTEMPATH\CodeIgniter.php(361): CodeIgniter\CodeIgniter->handleRequest(null, Object(Config\Cache), false)
 4 FCPATH\index.php(79): CodeIgniter\CodeIgniter->run()
 5 SYSTEMPATH\Commands\Server\rewrite.php(47): require_once('C:\\xampp\\htdocs\\Adwalls\\public\\index.php')
WARNING - 2024-04-05 04:42:42 --> [DEPRECATED] Creation of dynamic property App\Controllers\Admin\ManagerController::$TertiarymModel is deprecated in APPPATH\Controllers\Admin\ManagerController.php on line 24.
 1 SYSTEMPATH\CodeIgniter.php(913): App\Controllers\Admin\ManagerController->__construct()
 2 SYSTEMPATH\CodeIgniter.php(493): CodeIgniter\CodeIgniter->createController()
 3 SYSTEMPATH\CodeIgniter.php(361): CodeIgniter\CodeIgniter->handleRequest(null, Object(Config\Cache), false)
 4 FCPATH\index.php(79): CodeIgniter\CodeIgniter->run()
 5 SYSTEMPATH\Commands\Server\rewrite.php(47): require_once('C:\\xampp\\htdocs\\Adwalls\\public\\index.php')
INFO - 2024-04-05 04:42:42 --> Session: Class initialized using 'CodeIgniter\Session\Handlers\FileHandler' driver.
WARNING - 2024-04-05 04:42:44 --> [DEPRECATED] Creation of dynamic property App\Controllers\Admin\ManagerController::$ManagerModel is deprecated in APPPATH\Controllers\Admin\ManagerController.php on line 23.
 1 SYSTEMPATH\CodeIgniter.php(913): App\Controllers\Admin\ManagerController->__construct()
 2 SYSTEMPATH\CodeIgniter.php(493): CodeIgniter\CodeIgniter->createController()
 3 SYSTEMPATH\CodeIgniter.php(361): CodeIgniter\CodeIgniter->handleRequest(null, Object(Config\Cache), false)
 4 FCPATH\index.php(79): CodeIgniter\CodeIgniter->run()
 5 SYSTEMPATH\Commands\Server\rewrite.php(47): require_once('C:\\xampp\\htdocs\\Adwalls\\public\\index.php')
WARNING - 2024-04-05 04:42:44 --> [DEPRECATED] Creation of dynamic property App\Controllers\Admin\ManagerController::$TertiarymModel is deprecated in APPPATH\Controllers\Admin\ManagerController.php on line 24.
 1 SYSTEMPATH\CodeIgniter.php(913): App\Controllers\Admin\ManagerController->__construct()
 2 SYSTEMPATH\CodeIgniter.php(493): CodeIgniter\CodeIgniter->createController()
 3 SYSTEMPATH\CodeIgniter.php(361): CodeIgniter\CodeIgniter->handleRequest(null, Object(Config\Cache), false)
 4 FCPATH\index.php(79): CodeIgniter\CodeIgniter->run()
 5 SYSTEMPATH\Commands\Server\rewrite.php(47): require_once('C:\\xampp\\htdocs\\Adwalls\\public\\index.php')
INFO - 2024-04-05 04:42:44 --> Session: Class initialized using 'CodeIgniter\Session\Handlers\FileHandler' driver.
WARNING - 2024-04-05 04:42:46 --> [DEPRECATED] Creation of dynamic property App\Controllers\Admin\ManagerController::$ManagerModel is deprecated in APPPATH\Controllers\Admin\ManagerController.php on line 23.
 1 SYSTEMPATH\CodeIgniter.php(913): App\Controllers\Admin\ManagerController->__construct()
 2 SYSTEMPATH\CodeIgniter.php(493): CodeIgniter\CodeIgniter->createController()
 3 SYSTEMPATH\CodeIgniter.php(361): CodeIgniter\CodeIgniter->handleRequest(null, Object(Config\Cache), false)
 4 FCPATH\index.php(79): CodeIgniter\CodeIgniter->run()
 5 SYSTEMPATH\Commands\Server\rewrite.php(47): require_once('C:\\xampp\\htdocs\\Adwalls\\public\\index.php')
WARNING - 2024-04-05 04:42:46 --> [DEPRECATED] Creation of dynamic property App\Controllers\Admin\ManagerController::$TertiarymModel is deprecated in APPPATH\Controllers\Admin\ManagerController.php on line 24.
 1 SYSTEMPATH\CodeIgniter.php(913): App\Controllers\Admin\ManagerController->__construct()
 2 SYSTEMPATH\CodeIgniter.php(493): CodeIgniter\CodeIgniter->createController()
 3 SYSTEMPATH\CodeIgniter.php(361): CodeIgniter\CodeIgniter->handleRequest(null, Object(Config\Cache), false)
 4 FCPATH\index.php(79): CodeIgniter\CodeIgniter->run()
 5 SYSTEMPATH\Commands\Server\rewrite.php(47): require_once('C:\\xampp\\htdocs\\Adwalls\\public\\index.php')
INFO - 2024-04-05 04:42:46 --> Session: Class initialized using 'CodeIgniter\Session\Handlers\FileHandler' driver.
WARNING - 2024-04-05 04:42:48 --> [DEPRECATED] Creation of dynamic property App\Controllers\ApplicationController::$AdminModel is deprecated in APPPATH\Controllers\ApplicationController.php on line 22.
 1 SYSTEMPATH\CodeIgniter.php(913): App\Controllers\ApplicationController->__construct()
 2 SYSTEMPATH\CodeIgniter.php(493): CodeIgniter\CodeIgniter->createController()
 3 SYSTEMPATH\CodeIgniter.php(361): CodeIgniter\CodeIgniter->handleRequest(null, Object(Config\Cache), false)
 4 FCPATH\index.php(79): CodeIgniter\CodeIgniter->run()
 5 SYSTEMPATH\Commands\Server\rewrite.php(47): require_once('C:\\xampp\\htdocs\\Adwalls\\public\\index.php')
WARNING - 2024-04-05 04:42:48 --> [DEPRECATED] Creation of dynamic property App\Controllers\ApplicationController::$TertiarymModel is deprecated in APPPATH\Controllers\ApplicationController.php on line 23.
 1 SYSTEMPATH\CodeIgniter.php(913): App\Controllers\ApplicationController->__construct()
 2 SYSTEMPATH\CodeIgniter.php(493): CodeIgniter\CodeIgniter->createController()
 3 SYSTEMPATH\CodeIgniter.php(361): CodeIgniter\CodeIgniter->handleRequest(null, Object(Config\Cache), false)
 4 FCPATH\index.php(79): CodeIgniter\CodeIgniter->run()
 5 SYSTEMPATH\Commands\Server\rewrite.php(47): require_once('C:\\xampp\\htdocs\\Adwalls\\public\\index.php')
WARNING - 2024-04-05 04:42:48 --> [DEPRECATED] Creation of dynamic property App\Controllers\ApplicationController::$AgentModel is deprecated in APPPATH\Controllers\ApplicationController.php on line 24.
 1 SYSTEMPATH\CodeIgniter.php(913): App\Controllers\ApplicationController->__construct()
 2 SYSTEMPATH\CodeIgniter.php(493): CodeIgniter\CodeIgniter->createController()
 3 SYSTEMPATH\CodeIgniter.php(361): CodeIgniter\CodeIgniter->handleRequest(null, Object(Config\Cache), false)
 4 FCPATH\index.php(79): CodeIgniter\CodeIgniter->run()
 5 SYSTEMPATH\Commands\Server\rewrite.php(47): require_once('C:\\xampp\\htdocs\\Adwalls\\public\\index.php')
WARNING - 2024-04-05 04:42:48 --> [DEPRECATED] Creation of dynamic property App\Controllers\ApplicationController::$ApplicationModel is deprecated in APPPATH\Controllers\ApplicationController.php on line 25.
 1 SYSTEMPATH\CodeIgniter.php(913): App\Controllers\ApplicationController->__construct()
 2 SYSTEMPATH\CodeIgniter.php(493): CodeIgniter\CodeIgniter->createController()
 3 SYSTEMPATH\CodeIgniter.php(361): CodeIgniter\CodeIgniter->handleRequest(null, Object(Config\Cache), false)
 4 FCPATH\index.php(79): CodeIgniter\CodeIgniter->run()
 5 SYSTEMPATH\Commands\Server\rewrite.php(47): require_once('C:\\xampp\\htdocs\\Adwalls\\public\\index.php')
INFO - 2024-04-05 04:42:48 --> Session: Class initialized using 'CodeIgniter\Session\Handlers\FileHandler' driver.
WARNING - 2024-04-05 04:42:49 --> [DEPRECATED] Creation of dynamic property App\Controllers\ApplicationController::$AdminModel is deprecated in APPPATH\Controllers\ApplicationController.php on line 22.
 1 SYSTEMPATH\CodeIgniter.php(913): App\Controllers\ApplicationController->__construct()
 2 SYSTEMPATH\CodeIgniter.php(493): CodeIgniter\CodeIgniter->createController()
 3 SYSTEMPATH\CodeIgniter.php(361): CodeIgniter\CodeIgniter->handleRequest(null, Object(Config\Cache), false)
 4 FCPATH\index.php(79): CodeIgniter\CodeIgniter->run()
 5 SYSTEMPATH\Commands\Server\rewrite.php(47): require_once('C:\\xampp\\htdocs\\Adwalls\\public\\index.php')
WARNING - 2024-04-05 04:42:49 --> [DEPRECATED] Creation of dynamic property App\Controllers\ApplicationController::$TertiarymModel is deprecated in APPPATH\Controllers\ApplicationController.php on line 23.
 1 SYSTEMPATH\CodeIgniter.php(913): App\Controllers\ApplicationController->__construct()
 2 SYSTEMPATH\CodeIgniter.php(493): CodeIgniter\CodeIgniter->createController()
 3 SYSTEMPATH\CodeIgniter.php(361): CodeIgniter\CodeIgniter->handleRequest(null, Object(Config\Cache), false)
 4 FCPATH\index.php(79): CodeIgniter\CodeIgniter->run()
 5 SYSTEMPATH\Commands\Server\rewrite.php(47): require_once('C:\\xampp\\htdocs\\Adwalls\\public\\index.php')
WARNING - 2024-04-05 04:42:49 --> [DEPRECATED] Creation of dynamic property App\Controllers\ApplicationController::$AgentModel is deprecated in APPPATH\Controllers\ApplicationController.php on line 24.
 1 SYSTEMPATH\CodeIgniter.php(913): App\Controllers\ApplicationController->__construct()
 2 SYSTEMPATH\CodeIgniter.php(493): CodeIgniter\CodeIgniter->createController()
 3 SYSTEMPATH\CodeIgniter.php(361): CodeIgniter\CodeIgniter->handleRequest(null, Object(Config\Cache), false)
 4 FCPATH\index.php(79): CodeIgniter\CodeIgniter->run()
 5 SYSTEMPATH\Commands\Server\rewrite.php(47): require_once('C:\\xampp\\htdocs\\Adwalls\\public\\index.php')
WARNING - 2024-04-05 04:42:49 --> [DEPRECATED] Creation of dynamic property App\Controllers\ApplicationController::$ApplicationModel is deprecated in APPPATH\Controllers\ApplicationController.php on line 25.
 1 SYSTEMPATH\CodeIgniter.php(913): App\Controllers\ApplicationController->__construct()
 2 SYSTEMPATH\CodeIgniter.php(493): CodeIgniter\CodeIgniter->createController()
 3 SYSTEMPATH\CodeIgniter.php(361): CodeIgniter\CodeIgniter->handleRequest(null, Object(Config\Cache), false)
 4 FCPATH\index.php(79): CodeIgniter\CodeIgniter->run()
 5 SYSTEMPATH\Commands\Server\rewrite.php(47): require_once('C:\\xampp\\htdocs\\Adwalls\\public\\index.php')
INFO - 2024-04-05 04:42:49 --> Session: Class initialized using 'CodeIgniter\Session\Handlers\FileHandler' driver.
WARNING - 2024-04-05 04:42:51 --> [DEPRECATED] Creation of dynamic property App\Controllers\ApplicationController::$AdminModel is deprecated in APPPATH\Controllers\ApplicationController.php on line 22.
 1 SYSTEMPATH\CodeIgniter.php(913): App\Controllers\ApplicationController->__construct()
 2 SYSTEMPATH\CodeIgniter.php(493): CodeIgniter\CodeIgniter->createController()
 3 SYSTEMPATH\CodeIgniter.php(361): CodeIgniter\CodeIgniter->handleRequest(null, Object(Config\Cache), false)
 4 FCPATH\index.php(79): CodeIgniter\CodeIgniter->run()
 5 SYSTEMPATH\Commands\Server\rewrite.php(47): require_once('C:\\xampp\\htdocs\\Adwalls\\public\\index.php')
WARNING - 2024-04-05 04:42:51 --> [DEPRECATED] Creation of dynamic property App\Controllers\ApplicationController::$TertiarymModel is deprecated in APPPATH\Controllers\ApplicationController.php on line 23.
 1 SYSTEMPATH\CodeIgniter.php(913): App\Controllers\ApplicationController->__construct()
 2 SYSTEMPATH\CodeIgniter.php(493): CodeIgniter\CodeIgniter->createController()
 3 SYSTEMPATH\CodeIgniter.php(361): CodeIgniter\CodeIgniter->handleRequest(null, Object(Config\Cache), false)
 4 FCPATH\index.php(79): CodeIgniter\CodeIgniter->run()
 5 SYSTEMPATH\Commands\Server\rewrite.php(47): require_once('C:\\xampp\\htdocs\\Adwalls\\public\\index.php')
WARNING - 2024-04-05 04:42:51 --> [DEPRECATED] Creation of dynamic property App\Controllers\ApplicationController::$AgentModel is deprecated in APPPATH\Controllers\ApplicationController.php on line 24.
 1 SYSTEMPATH\CodeIgniter.php(913): App\Controllers\ApplicationController->__construct()
 2 SYSTEMPATH\CodeIgniter.php(493): CodeIgniter\CodeIgniter->createController()
 3 SYSTEMPATH\CodeIgniter.php(361): CodeIgniter\CodeIgniter->handleRequest(null, Object(Config\Cache), false)
 4 FCPATH\index.php(79): CodeIgniter\CodeIgniter->run()
 5 SYSTEMPATH\Commands\Server\rewrite.php(47): require_once('C:\\xampp\\htdocs\\Adwalls\\public\\index.php')
WARNING - 2024-04-05 04:42:51 --> [DEPRECATED] Creation of dynamic property App\Controllers\ApplicationController::$ApplicationModel is deprecated in APPPATH\Controllers\ApplicationController.php on line 25.
 1 SYSTEMPATH\CodeIgniter.php(913): App\Controllers\ApplicationController->__construct()
 2 SYSTEMPATH\CodeIgniter.php(493): CodeIgniter\CodeIgniter->createController()
 3 SYSTEMPATH\CodeIgniter.php(361): CodeIgniter\CodeIgniter->handleRequest(null, Object(Config\Cache), false)
 4 FCPATH\index.php(79): CodeIgniter\CodeIgniter->run()
 5 SYSTEMPATH\Commands\Server\rewrite.php(47): require_once('C:\\xampp\\htdocs\\Adwalls\\public\\index.php')
INFO - 2024-04-05 04:42:51 --> Session: Class initialized using 'CodeIgniter\Session\Handlers\FileHandler' driver.
WARNING - 2024-04-05 04:42:52 --> [DEPRECATED] Creation of dynamic property App\Controllers\Admin\ManagerController::$ManagerModel is deprecated in APPPATH\Controllers\Admin\ManagerController.php on line 23.
 1 SYSTEMPATH\CodeIgniter.php(913): App\Controllers\Admin\ManagerController->__construct()
 2 SYSTEMPATH\CodeIgniter.php(493): CodeIgniter\CodeIgniter->createController()
 3 SYSTEMPATH\CodeIgniter.php(361): CodeIgniter\CodeIgniter->handleRequest(null, Object(Config\Cache), false)
 4 FCPATH\index.php(79): CodeIgniter\CodeIgniter->run()
 5 SYSTEMPATH\Commands\Server\rewrite.php(47): require_once('C:\\xampp\\htdocs\\Adwalls\\public\\index.php')
WARNING - 2024-04-05 04:42:52 --> [DEPRECATED] Creation of dynamic property App\Controllers\Admin\ManagerController::$TertiarymModel is deprecated in APPPATH\Controllers\Admin\ManagerController.php on line 24.
 1 SYSTEMPATH\CodeIgniter.php(913): App\Controllers\Admin\ManagerController->__construct()
 2 SYSTEMPATH\CodeIgniter.php(493): CodeIgniter\CodeIgniter->createController()
 3 SYSTEMPATH\CodeIgniter.php(361): CodeIgniter\CodeIgniter->handleRequest(null, Object(Config\Cache), false)
 4 FCPATH\index.php(79): CodeIgniter\CodeIgniter->run()
 5 SYSTEMPATH\Commands\Server\rewrite.php(47): require_once('C:\\xampp\\htdocs\\Adwalls\\public\\index.php')
INFO - 2024-04-05 04:42:52 --> Session: Class initialized using 'CodeIgniter\Session\Handlers\FileHandler' driver.
WARNING - 2024-04-05 04:42:53 --> [DEPRECATED] Creation of dynamic property App\Controllers\Admin\ManagerController::$ManagerModel is deprecated in APPPATH\Controllers\Admin\ManagerController.php on line 23.
 1 SYSTEMPATH\CodeIgniter.php(913): App\Controllers\Admin\ManagerController->__construct()
 2 SYSTEMPATH\CodeIgniter.php(493): CodeIgniter\CodeIgniter->createController()
 3 SYSTEMPATH\CodeIgniter.php(361): CodeIgniter\CodeIgniter->handleRequest(null, Object(Config\Cache), false)
 4 FCPATH\index.php(79): CodeIgniter\CodeIgniter->run()
 5 SYSTEMPATH\Commands\Server\rewrite.php(47): require_once('C:\\xampp\\htdocs\\Adwalls\\public\\index.php')
WARNING - 2024-04-05 04:42:53 --> [DEPRECATED] Creation of dynamic property App\Controllers\Admin\ManagerController::$TertiarymModel is deprecated in APPPATH\Controllers\Admin\ManagerController.php on line 24.
 1 SYSTEMPATH\CodeIgniter.php(913): App\Controllers\Admin\ManagerController->__construct()
 2 SYSTEMPATH\CodeIgniter.php(493): CodeIgniter\CodeIgniter->createController()
 3 SYSTEMPATH\CodeIgniter.php(361): CodeIgniter\CodeIgniter->handleRequest(null, Object(Config\Cache), false)
 4 FCPATH\index.php(79): CodeIgniter\CodeIgniter->run()
 5 SYSTEMPATH\Commands\Server\rewrite.php(47): require_once('C:\\xampp\\htdocs\\Adwalls\\public\\index.php')
INFO - 2024-04-05 04:42:53 --> Session: Class initialized using 'CodeIgniter\Session\Handlers\FileHandler' driver.
INFO - 2024-04-05 04:43:16 --> Session: Class initialized using 'CodeIgniter\Session\Handlers\FileHandler' driver.
INFO - 2024-04-05 04:43:16 --> Session: Class initialized using 'CodeIgniter\Session\Handlers\FileHandler' driver.
INFO - 2024-04-05 04:43:23 --> Session: Class initialized using 'CodeIgniter\Session\Handlers\FileHandler' driver.
INFO - 2024-04-05 04:43:23 --> Session: Class initialized using 'CodeIgniter\Session\Handlers\FileHandler' driver.
WARNING - 2024-04-05 04:43:29 --> [DEPRECATED] Creation of dynamic property App\Controllers\Admin\ManagerController::$ManagerModel is deprecated in APPPATH\Controllers\Admin\ManagerController.php on line 23.
 1 SYSTEMPATH\CodeIgniter.php(913): App\Controllers\Admin\ManagerController->__construct()
 2 SYSTEMPATH\CodeIgniter.php(493): CodeIgniter\CodeIgniter->createController()
 3 SYSTEMPATH\CodeIgniter.php(361): CodeIgniter\CodeIgniter->handleRequest(null, Object(Config\Cache), false)
 4 FCPATH\index.php(79): CodeIgniter\CodeIgniter->run()
 5 SYSTEMPATH\Commands\Server\rewrite.php(47): require_once('C:\\xampp\\htdocs\\Adwalls\\public\\index.php')
WARNING - 2024-04-05 04:43:29 --> [DEPRECATED] Creation of dynamic property App\Controllers\Admin\ManagerController::$TertiarymModel is deprecated in APPPATH\Controllers\Admin\ManagerController.php on line 24.
 1 SYSTEMPATH\CodeIgniter.php(913): App\Controllers\Admin\ManagerController->__construct()
 2 SYSTEMPATH\CodeIgniter.php(493): CodeIgniter\CodeIgniter->createController()
 3 SYSTEMPATH\CodeIgniter.php(361): CodeIgniter\CodeIgniter->handleRequest(null, Object(Config\Cache), false)
 4 FCPATH\index.php(79): CodeIgniter\CodeIgniter->run()
 5 SYSTEMPATH\Commands\Server\rewrite.php(47): require_once('C:\\xampp\\htdocs\\Adwalls\\public\\index.php')
INFO - 2024-04-05 04:43:29 --> Session: Class initialized using 'CodeIgniter\Session\Handlers\FileHandler' driver.
WARNING - 2024-04-05 04:43:31 --> [DEPRECATED] Creation of dynamic property App\Controllers\Admin\ManagerController::$ManagerModel is deprecated in APPPATH\Controllers\Admin\ManagerController.php on line 23.
 1 SYSTEMPATH\CodeIgniter.php(913): App\Controllers\Admin\ManagerController->__construct()
 2 SYSTEMPATH\CodeIgniter.php(493): CodeIgniter\CodeIgniter->createController()
 3 SYSTEMPATH\CodeIgniter.php(361): CodeIgniter\CodeIgniter->handleRequest(null, Object(Config\Cache), false)
 4 FCPATH\index.php(79): CodeIgniter\CodeIgniter->run()
 5 SYSTEMPATH\Commands\Server\rewrite.php(47): require_once('C:\\xampp\\htdocs\\Adwalls\\public\\index.php')
WARNING - 2024-04-05 04:43:31 --> [DEPRECATED] Creation of dynamic property App\Controllers\Admin\ManagerController::$TertiarymModel is deprecated in APPPATH\Controllers\Admin\ManagerController.php on line 24.
 1 SYSTEMPATH\CodeIgniter.php(913): App\Controllers\Admin\ManagerController->__construct()
 2 SYSTEMPATH\CodeIgniter.php(493): CodeIgniter\CodeIgniter->createController()
 3 SYSTEMPATH\CodeIgniter.php(361): CodeIgniter\CodeIgniter->handleRequest(null, Object(Config\Cache), false)
 4 FCPATH\index.php(79): CodeIgniter\CodeIgniter->run()
 5 SYSTEMPATH\Commands\Server\rewrite.php(47): require_once('C:\\xampp\\htdocs\\Adwalls\\public\\index.php')
INFO - 2024-04-05 04:43:31 --> Session: Class initialized using 'CodeIgniter\Session\Handlers\FileHandler' driver.
WARNING - 2024-04-05 04:43:33 --> [DEPRECATED] Creation of dynamic property App\Controllers\Admin\ManagerController::$ManagerModel is deprecated in APPPATH\Controllers\Admin\ManagerController.php on line 23.
 1 SYSTEMPATH\CodeIgniter.php(913): App\Controllers\Admin\ManagerController->__construct()
 2 SYSTEMPATH\CodeIgniter.php(493): CodeIgniter\CodeIgniter->createController()
 3 SYSTEMPATH\CodeIgniter.php(361): CodeIgniter\CodeIgniter->handleRequest(null, Object(Config\Cache), false)
 4 FCPATH\index.php(79): CodeIgniter\CodeIgniter->run()
 5 SYSTEMPATH\Commands\Server\rewrite.php(47): require_once('C:\\xampp\\htdocs\\Adwalls\\public\\index.php')
WARNING - 2024-04-05 04:43:33 --> [DEPRECATED] Creation of dynamic property App\Controllers\Admin\ManagerController::$TertiarymModel is deprecated in APPPATH\Controllers\Admin\ManagerController.php on line 24.
 1 SYSTEMPATH\CodeIgniter.php(913): App\Controllers\Admin\ManagerController->__construct()
 2 SYSTEMPATH\CodeIgniter.php(493): CodeIgniter\CodeIgniter->createController()
 3 SYSTEMPATH\CodeIgniter.php(361): CodeIgniter\CodeIgniter->handleRequest(null, Object(Config\Cache), false)
 4 FCPATH\index.php(79): CodeIgniter\CodeIgniter->run()
 5 SYSTEMPATH\Commands\Server\rewrite.php(47): require_once('C:\\xampp\\htdocs\\Adwalls\\public\\index.php')
INFO - 2024-04-05 04:43:33 --> Session: Class initialized using 'CodeIgniter\Session\Handlers\FileHandler' driver.
WARNING - 2024-04-05 04:43:34 --> [DEPRECATED] Creation of dynamic property App\Controllers\ApplicationController::$AdminModel is deprecated in APPPATH\Controllers\ApplicationController.php on line 22.
 1 SYSTEMPATH\CodeIgniter.php(913): App\Controllers\ApplicationController->__construct()
 2 SYSTEMPATH\CodeIgniter.php(493): CodeIgniter\CodeIgniter->createController()
 3 SYSTEMPATH\CodeIgniter.php(361): CodeIgniter\CodeIgniter->handleRequest(null, Object(Config\Cache), false)
 4 FCPATH\index.php(79): CodeIgniter\CodeIgniter->run()
 5 SYSTEMPATH\Commands\Server\rewrite.php(47): require_once('C:\\xampp\\htdocs\\Adwalls\\public\\index.php')
WARNING - 2024-04-05 04:43:34 --> [DEPRECATED] Creation of dynamic property App\Controllers\ApplicationController::$TertiarymModel is deprecated in APPPATH\Controllers\ApplicationController.php on line 23.
 1 SYSTEMPATH\CodeIgniter.php(913): App\Controllers\ApplicationController->__construct()
 2 SYSTEMPATH\CodeIgniter.php(493): CodeIgniter\CodeIgniter->createController()
 3 SYSTEMPATH\CodeIgniter.php(361): CodeIgniter\CodeIgniter->handleRequest(null, Object(Config\Cache), false)
 4 FCPATH\index.php(79): CodeIgniter\CodeIgniter->run()
 5 SYSTEMPATH\Commands\Server\rewrite.php(47): require_once('C:\\xampp\\htdocs\\Adwalls\\public\\index.php')
WARNING - 2024-04-05 04:43:34 --> [DEPRECATED] Creation of dynamic property App\Controllers\ApplicationController::$AgentModel is deprecated in APPPATH\Controllers\ApplicationController.php on line 24.
 1 SYSTEMPATH\CodeIgniter.php(913): App\Controllers\ApplicationController->__construct()
 2 SYSTEMPATH\CodeIgniter.php(493): CodeIgniter\CodeIgniter->createController()
 3 SYSTEMPATH\CodeIgniter.php(361): CodeIgniter\CodeIgniter->handleRequest(null, Object(Config\Cache), false)
 4 FCPATH\index.php(79): CodeIgniter\CodeIgniter->run()
 5 SYSTEMPATH\Commands\Server\rewrite.php(47): require_once('C:\\xampp\\htdocs\\Adwalls\\public\\index.php')
WARNING - 2024-04-05 04:43:35 --> [DEPRECATED] Creation of dynamic property App\Controllers\ApplicationController::$ApplicationModel is deprecated in APPPATH\Controllers\ApplicationController.php on line 25.
 1 SYSTEMPATH\CodeIgniter.php(913): App\Controllers\ApplicationController->__construct()
 2 SYSTEMPATH\CodeIgniter.php(493): CodeIgniter\CodeIgniter->createController()
 3 SYSTEMPATH\CodeIgniter.php(361): CodeIgniter\CodeIgniter->handleRequest(null, Object(Config\Cache), false)
 4 FCPATH\index.php(79): CodeIgniter\CodeIgniter->run()
 5 SYSTEMPATH\Commands\Server\rewrite.php(47): require_once('C:\\xampp\\htdocs\\Adwalls\\public\\index.php')
INFO - 2024-04-05 04:43:35 --> Session: Class initialized using 'CodeIgniter\Session\Handlers\FileHandler' driver.
WARNING - 2024-04-05 04:43:36 --> [DEPRECATED] Creation of dynamic property App\Controllers\ApplicationController::$AdminModel is deprecated in APPPATH\Controllers\ApplicationController.php on line 22.
 1 SYSTEMPATH\CodeIgniter.php(913): App\Controllers\ApplicationController->__construct()
 2 SYSTEMPATH\CodeIgniter.php(493): CodeIgniter\CodeIgniter->createController()
 3 SYSTEMPATH\CodeIgniter.php(361): CodeIgniter\CodeIgniter->handleRequest(null, Object(Config\Cache), false)
 4 FCPATH\index.php(79): CodeIgniter\CodeIgniter->run()
 5 SYSTEMPATH\Commands\Server\rewrite.php(47): require_once('C:\\xampp\\htdocs\\Adwalls\\public\\index.php')
WARNING - 2024-04-05 04:43:36 --> [DEPRECATED] Creation of dynamic property App\Controllers\ApplicationController::$TertiarymModel is deprecated in APPPATH\Controllers\ApplicationController.php on line 23.
 1 SYSTEMPATH\CodeIgniter.php(913): App\Controllers\ApplicationController->__construct()
 2 SYSTEMPATH\CodeIgniter.php(493): CodeIgniter\CodeIgniter->createController()
 3 SYSTEMPATH\CodeIgniter.php(361): CodeIgniter\CodeIgniter->handleRequest(null, Object(Config\Cache), false)
 4 FCPATH\index.php(79): CodeIgniter\CodeIgniter->run()
 5 SYSTEMPATH\Commands\Server\rewrite.php(47): require_once('C:\\xampp\\htdocs\\Adwalls\\public\\index.php')
WARNING - 2024-04-05 04:43:36 --> [DEPRECATED] Creation of dynamic property App\Controllers\ApplicationController::$AgentModel is deprecated in APPPATH\Controllers\ApplicationController.php on line 24.
 1 SYSTEMPATH\CodeIgniter.php(913): App\Controllers\ApplicationController->__construct()
 2 SYSTEMPATH\CodeIgniter.php(493): CodeIgniter\CodeIgniter->createController()
 3 SYSTEMPATH\CodeIgniter.php(361): CodeIgniter\CodeIgniter->handleRequest(null, Object(Config\Cache), false)
 4 FCPATH\index.php(79): CodeIgniter\CodeIgniter->run()
 5 SYSTEMPATH\Commands\Server\rewrite.php(47): require_once('C:\\xampp\\htdocs\\Adwalls\\public\\index.php')
WARNING - 2024-04-05 04:43:36 --> [DEPRECATED] Creation of dynamic property App\Controllers\ApplicationController::$ApplicationModel is deprecated in APPPATH\Controllers\ApplicationController.php on line 25.
 1 SYSTEMPATH\CodeIgniter.php(913): App\Controllers\ApplicationController->__construct()
 2 SYSTEMPATH\CodeIgniter.php(493): CodeIgniter\CodeIgniter->createController()
 3 SYSTEMPATH\CodeIgniter.php(361): CodeIgniter\CodeIgniter->handleRequest(null, Object(Config\Cache), false)
 4 FCPATH\index.php(79): CodeIgniter\CodeIgniter->run()
 5 SYSTEMPATH\Commands\Server\rewrite.php(47): require_once('C:\\xampp\\htdocs\\Adwalls\\public\\index.php')
INFO - 2024-04-05 04:43:36 --> Session: Class initialized using 'CodeIgniter\Session\Handlers\FileHandler' driver.
WARNING - 2024-04-05 04:43:39 --> [DEPRECATED] Creation of dynamic property App\Controllers\ApplicationController::$AdminModel is deprecated in APPPATH\Controllers\ApplicationController.php on line 22.
 1 SYSTEMPATH\CodeIgniter.php(913): App\Controllers\ApplicationController->__construct()
 2 SYSTEMPATH\CodeIgniter.php(493): CodeIgniter\CodeIgniter->createController()
 3 SYSTEMPATH\CodeIgniter.php(361): CodeIgniter\CodeIgniter->handleRequest(null, Object(Config\Cache), false)
 4 FCPATH\index.php(79): CodeIgniter\CodeIgniter->run()
 5 SYSTEMPATH\Commands\Server\rewrite.php(47): require_once('C:\\xampp\\htdocs\\Adwalls\\public\\index.php')
WARNING - 2024-04-05 04:43:39 --> [DEPRECATED] Creation of dynamic property App\Controllers\ApplicationController::$TertiarymModel is deprecated in APPPATH\Controllers\ApplicationController.php on line 23.
 1 SYSTEMPATH\CodeIgniter.php(913): App\Controllers\ApplicationController->__construct()
 2 SYSTEMPATH\CodeIgniter.php(493): CodeIgniter\CodeIgniter->createController()
 3 SYSTEMPATH\CodeIgniter.php(361): CodeIgniter\CodeIgniter->handleRequest(null, Object(Config\Cache), false)
 4 FCPATH\index.php(79): CodeIgniter\CodeIgniter->run()
 5 SYSTEMPATH\Commands\Server\rewrite.php(47): require_once('C:\\xampp\\htdocs\\Adwalls\\public\\index.php')
WARNING - 2024-04-05 04:43:39 --> [DEPRECATED] Creation of dynamic property App\Controllers\ApplicationController::$AgentModel is deprecated in APPPATH\Controllers\ApplicationController.php on line 24.
 1 SYSTEMPATH\CodeIgniter.php(913): App\Controllers\ApplicationController->__construct()
 2 SYSTEMPATH\CodeIgniter.php(493): CodeIgniter\CodeIgniter->createController()
 3 SYSTEMPATH\CodeIgniter.php(361): CodeIgniter\CodeIgniter->handleRequest(null, Object(Config\Cache), false)
 4 FCPATH\index.php(79): CodeIgniter\CodeIgniter->run()
 5 SYSTEMPATH\Commands\Server\rewrite.php(47): require_once('C:\\xampp\\htdocs\\Adwalls\\public\\index.php')
WARNING - 2024-04-05 04:43:39 --> [DEPRECATED] Creation of dynamic property App\Controllers\ApplicationController::$ApplicationModel is deprecated in APPPATH\Controllers\ApplicationController.php on line 25.
 1 SYSTEMPATH\CodeIgniter.php(913): App\Controllers\ApplicationController->__construct()
 2 SYSTEMPATH\CodeIgniter.php(493): CodeIgniter\CodeIgniter->createController()
 3 SYSTEMPATH\CodeIgniter.php(361): CodeIgniter\CodeIgniter->handleRequest(null, Object(Config\Cache), false)
 4 FCPATH\index.php(79): CodeIgniter\CodeIgniter->run()
 5 SYSTEMPATH\Commands\Server\rewrite.php(47): require_once('C:\\xampp\\htdocs\\Adwalls\\public\\index.php')
INFO - 2024-04-05 04:43:39 --> Session: Class initialized using 'CodeIgniter\Session\Handlers\FileHandler' driver.
WARNING - 2024-04-05 04:43:47 --> [DEPRECATED] Creation of dynamic property App\Controllers\Admin\ManagerController::$ManagerModel is deprecated in APPPATH\Controllers\Admin\ManagerController.php on line 23.
 1 SYSTEMPATH\CodeIgniter.php(913): App\Controllers\Admin\ManagerController->__construct()
 2 SYSTEMPATH\CodeIgniter.php(493): CodeIgniter\CodeIgniter->createController()
 3 SYSTEMPATH\CodeIgniter.php(361): CodeIgniter\CodeIgniter->handleRequest(null, Object(Config\Cache), false)
 4 FCPATH\index.php(79): CodeIgniter\CodeIgniter->run()
 5 SYSTEMPATH\Commands\Server\rewrite.php(47): require_once('C:\\xampp\\htdocs\\Adwalls\\public\\index.php')
WARNING - 2024-04-05 04:43:47 --> [DEPRECATED] Creation of dynamic property App\Controllers\Admin\ManagerController::$TertiarymModel is deprecated in APPPATH\Controllers\Admin\ManagerController.php on line 24.
 1 SYSTEMPATH\CodeIgniter.php(913): App\Controllers\Admin\ManagerController->__construct()
 2 SYSTEMPATH\CodeIgniter.php(493): CodeIgniter\CodeIgniter->createController()
 3 SYSTEMPATH\CodeIgniter.php(361): CodeIgniter\CodeIgniter->handleRequest(null, Object(Config\Cache), false)
 4 FCPATH\index.php(79): CodeIgniter\CodeIgniter->run()
 5 SYSTEMPATH\Commands\Server\rewrite.php(47): require_once('C:\\xampp\\htdocs\\Adwalls\\public\\index.php')
INFO - 2024-04-05 04:43:47 --> Session: Class initialized using 'CodeIgniter\Session\Handlers\FileHandler' driver.
WARNING - 2024-04-05 04:43:58 --> [DEPRECATED] Creation of dynamic property App\Controllers\Admin\ManagerController::$ManagerModel is deprecated in APPPATH\Controllers\Admin\ManagerController.php on line 23.
 1 SYSTEMPATH\CodeIgniter.php(913): App\Controllers\Admin\ManagerController->__construct()
 2 SYSTEMPATH\CodeIgniter.php(493): CodeIgniter\CodeIgniter->createController()
 3 SYSTEMPATH\CodeIgniter.php(361): CodeIgniter\CodeIgniter->handleRequest(null, Object(Config\Cache), false)
 4 FCPATH\index.php(79): CodeIgniter\CodeIgniter->run()
 5 SYSTEMPATH\Commands\Server\rewrite.php(47): require_once('C:\\xampp\\htdocs\\Adwalls\\public\\index.php')
WARNING - 2024-04-05 04:43:58 --> [DEPRECATED] Creation of dynamic property App\Controllers\Admin\ManagerController::$TertiarymModel is deprecated in APPPATH\Controllers\Admin\ManagerController.php on line 24.
 1 SYSTEMPATH\CodeIgniter.php(913): App\Controllers\Admin\ManagerController->__construct()
 2 SYSTEMPATH\CodeIgniter.php(493): CodeIgniter\CodeIgniter->createController()
 3 SYSTEMPATH\CodeIgniter.php(361): CodeIgniter\CodeIgniter->handleRequest(null, Object(Config\Cache), false)
 4 FCPATH\index.php(79): CodeIgniter\CodeIgniter->run()
 5 SYSTEMPATH\Commands\Server\rewrite.php(47): require_once('C:\\xampp\\htdocs\\Adwalls\\public\\index.php')
INFO - 2024-04-05 04:43:58 --> Session: Class initialized using 'CodeIgniter\Session\Handlers\FileHandler' driver.
WARNING - 2024-04-05 04:43:59 --> [DEPRECATED] Creation of dynamic property App\Controllers\Admin\ManagerController::$ManagerModel is deprecated in APPPATH\Controllers\Admin\ManagerController.php on line 23.
 1 SYSTEMPATH\CodeIgniter.php(913): App\Controllers\Admin\ManagerController->__construct()
 2 SYSTEMPATH\CodeIgniter.php(493): CodeIgniter\CodeIgniter->createController()
 3 SYSTEMPATH\CodeIgniter.php(361): CodeIgniter\CodeIgniter->handleRequest(null, Object(Config\Cache), false)
 4 FCPATH\index.php(79): CodeIgniter\CodeIgniter->run()
 5 SYSTEMPATH\Commands\Server\rewrite.php(47): require_once('C:\\xampp\\htdocs\\Adwalls\\public\\index.php')
WARNING - 2024-04-05 04:43:59 --> [DEPRECATED] Creation of dynamic property App\Controllers\Admin\ManagerController::$TertiarymModel is deprecated in APPPATH\Controllers\Admin\ManagerController.php on line 24.
 1 SYSTEMPATH\CodeIgniter.php(913): App\Controllers\Admin\ManagerController->__construct()
 2 SYSTEMPATH\CodeIgniter.php(493): CodeIgniter\CodeIgniter->createController()
 3 SYSTEMPATH\CodeIgniter.php(361): CodeIgniter\CodeIgniter->handleRequest(null, Object(Config\Cache), false)
 4 FCPATH\index.php(79): CodeIgniter\CodeIgniter->run()
 5 SYSTEMPATH\Commands\Server\rewrite.php(47): require_once('C:\\xampp\\htdocs\\Adwalls\\public\\index.php')
INFO - 2024-04-05 04:43:59 --> Session: Class initialized using 'CodeIgniter\Session\Handlers\FileHandler' driver.
WARNING - 2024-04-05 04:44:07 --> [DEPRECATED] Creation of dynamic property App\Controllers\ApplicationController::$AdminModel is deprecated in APPPATH\Controllers\ApplicationController.php on line 22.
 1 SYSTEMPATH\CodeIgniter.php(913): App\Controllers\ApplicationController->__construct()
 2 SYSTEMPATH\CodeIgniter.php(493): CodeIgniter\CodeIgniter->createController()
 3 SYSTEMPATH\CodeIgniter.php(361): CodeIgniter\CodeIgniter->handleRequest(null, Object(Config\Cache), false)
 4 FCPATH\index.php(79): CodeIgniter\CodeIgniter->run()
 5 SYSTEMPATH\Commands\Server\rewrite.php(47): require_once('C:\\xampp\\htdocs\\Adwalls\\public\\index.php')
WARNING - 2024-04-05 04:44:07 --> [DEPRECATED] Creation of dynamic property App\Controllers\ApplicationController::$TertiarymModel is deprecated in APPPATH\Controllers\ApplicationController.php on line 23.
 1 SYSTEMPATH\CodeIgniter.php(913): App\Controllers\ApplicationController->__construct()
 2 SYSTEMPATH\CodeIgniter.php(493): CodeIgniter\CodeIgniter->createController()
 3 SYSTEMPATH\CodeIgniter.php(361): CodeIgniter\CodeIgniter->handleRequest(null, Object(Config\Cache), false)
 4 FCPATH\index.php(79): CodeIgniter\CodeIgniter->run()
 5 SYSTEMPATH\Commands\Server\rewrite.php(47): require_once('C:\\xampp\\htdocs\\Adwalls\\public\\index.php')
WARNING - 2024-04-05 04:44:07 --> [DEPRECATED] Creation of dynamic property App\Controllers\ApplicationController::$AgentModel is deprecated in APPPATH\Controllers\ApplicationController.php on line 24.
 1 SYSTEMPATH\CodeIgniter.php(913): App\Controllers\ApplicationController->__construct()
 2 SYSTEMPATH\CodeIgniter.php(493): CodeIgniter\CodeIgniter->createController()
 3 SYSTEMPATH\CodeIgniter.php(361): CodeIgniter\CodeIgniter->handleRequest(null, Object(Config\Cache), false)
 4 FCPATH\index.php(79): CodeIgniter\CodeIgniter->run()
 5 SYSTEMPATH\Commands\Server\rewrite.php(47): require_once('C:\\xampp\\htdocs\\Adwalls\\public\\index.php')
WARNING - 2024-04-05 04:44:07 --> [DEPRECATED] Creation of dynamic property App\Controllers\ApplicationController::$ApplicationModel is deprecated in APPPATH\Controllers\ApplicationController.php on line 25.
 1 SYSTEMPATH\CodeIgniter.php(913): App\Controllers\ApplicationController->__construct()
 2 SYSTEMPATH\CodeIgniter.php(493): CodeIgniter\CodeIgniter->createController()
 3 SYSTEMPATH\CodeIgniter.php(361): CodeIgniter\CodeIgniter->handleRequest(null, Object(Config\Cache), false)
 4 FCPATH\index.php(79): CodeIgniter\CodeIgniter->run()
 5 SYSTEMPATH\Commands\Server\rewrite.php(47): require_once('C:\\xampp\\htdocs\\Adwalls\\public\\index.php')
INFO - 2024-04-05 04:44:07 --> Session: Class initialized using 'CodeIgniter\Session\Handlers\FileHandler' driver.
WARNING - 2024-04-05 04:44:07 --> [DEPRECATED] Creation of dynamic property App\Controllers\ApplicationController::$AdminModel is deprecated in APPPATH\Controllers\ApplicationController.php on line 22.
 1 SYSTEMPATH\CodeIgniter.php(913): App\Controllers\ApplicationController->__construct()
 2 SYSTEMPATH\CodeIgniter.php(493): CodeIgniter\CodeIgniter->createController()
 3 SYSTEMPATH\CodeIgniter.php(361): CodeIgniter\CodeIgniter->handleRequest(null, Object(Config\Cache), false)
 4 FCPATH\index.php(79): CodeIgniter\CodeIgniter->run()
 5 SYSTEMPATH\Commands\Server\rewrite.php(47): require_once('C:\\xampp\\htdocs\\Adwalls\\public\\index.php')
WARNING - 2024-04-05 04:44:07 --> [DEPRECATED] Creation of dynamic property App\Controllers\ApplicationController::$TertiarymModel is deprecated in APPPATH\Controllers\ApplicationController.php on line 23.
 1 SYSTEMPATH\CodeIgniter.php(913): App\Controllers\ApplicationController->__construct()
 2 SYSTEMPATH\CodeIgniter.php(493): CodeIgniter\CodeIgniter->createController()
 3 SYSTEMPATH\CodeIgniter.php(361): CodeIgniter\CodeIgniter->handleRequest(null, Object(Config\Cache), false)
 4 FCPATH\index.php(79): CodeIgniter\CodeIgniter->run()
 5 SYSTEMPATH\Commands\Server\rewrite.php(47): require_once('C:\\xampp\\htdocs\\Adwalls\\public\\index.php')
WARNING - 2024-04-05 04:44:07 --> [DEPRECATED] Creation of dynamic property App\Controllers\ApplicationController::$AgentModel is deprecated in APPPATH\Controllers\ApplicationController.php on line 24.
 1 SYSTEMPATH\CodeIgniter.php(913): App\Controllers\ApplicationController->__construct()
 2 SYSTEMPATH\CodeIgniter.php(493): CodeIgniter\CodeIgniter->createController()
 3 SYSTEMPATH\CodeIgniter.php(361): CodeIgniter\CodeIgniter->handleRequest(null, Object(Config\Cache), false)
 4 FCPATH\index.php(79): CodeIgniter\CodeIgniter->run()
 5 SYSTEMPATH\Commands\Server\rewrite.php(47): require_once('C:\\xampp\\htdocs\\Adwalls\\public\\index.php')
WARNING - 2024-04-05 04:44:07 --> [DEPRECATED] Creation of dynamic property App\Controllers\ApplicationController::$ApplicationModel is deprecated in APPPATH\Controllers\ApplicationController.php on line 25.
 1 SYSTEMPATH\CodeIgniter.php(913): App\Controllers\ApplicationController->__construct()
 2 SYSTEMPATH\CodeIgniter.php(493): CodeIgniter\CodeIgniter->createController()
 3 SYSTEMPATH\CodeIgniter.php(361): CodeIgniter\CodeIgniter->handleRequest(null, Object(Config\Cache), false)
 4 FCPATH\index.php(79): CodeIgniter\CodeIgniter->run()
 5 SYSTEMPATH\Commands\Server\rewrite.php(47): require_once('C:\\xampp\\htdocs\\Adwalls\\public\\index.php')
INFO - 2024-04-05 04:44:07 --> Session: Class initialized using 'CodeIgniter\Session\Handlers\FileHandler' driver.
WARNING - 2024-04-05 04:44:15 --> [DEPRECATED] Creation of dynamic property App\Controllers\ApplicationController::$AdminModel is deprecated in APPPATH\Controllers\ApplicationController.php on line 22.
 1 SYSTEMPATH\CodeIgniter.php(913): App\Controllers\ApplicationController->__construct()
 2 SYSTEMPATH\CodeIgniter.php(493): CodeIgniter\CodeIgniter->createController()
 3 SYSTEMPATH\CodeIgniter.php(361): CodeIgniter\CodeIgniter->handleRequest(null, Object(Config\Cache), false)
 4 FCPATH\index.php(79): CodeIgniter\CodeIgniter->run()
 5 SYSTEMPATH\Commands\Server\rewrite.php(47): require_once('C:\\xampp\\htdocs\\Adwalls\\public\\index.php')
WARNING - 2024-04-05 04:44:15 --> [DEPRECATED] Creation of dynamic property App\Controllers\ApplicationController::$TertiarymModel is deprecated in APPPATH\Controllers\ApplicationController.php on line 23.
 1 SYSTEMPATH\CodeIgniter.php(913): App\Controllers\ApplicationController->__construct()
 2 SYSTEMPATH\CodeIgniter.php(493): CodeIgniter\CodeIgniter->createController()
 3 SYSTEMPATH\CodeIgniter.php(361): CodeIgniter\CodeIgniter->handleRequest(null, Object(Config\Cache), false)
 4 FCPATH\index.php(79): CodeIgniter\CodeIgniter->run()
 5 SYSTEMPATH\Commands\Server\rewrite.php(47): require_once('C:\\xampp\\htdocs\\Adwalls\\public\\index.php')
WARNING - 2024-04-05 04:44:15 --> [DEPRECATED] Creation of dynamic property App\Controllers\ApplicationController::$AgentModel is deprecated in APPPATH\Controllers\ApplicationController.php on line 24.
 1 SYSTEMPATH\CodeIgniter.php(913): App\Controllers\ApplicationController->__construct()
 2 SYSTEMPATH\CodeIgniter.php(493): CodeIgniter\CodeIgniter->createController()
 3 SYSTEMPATH\CodeIgniter.php(361): CodeIgniter\CodeIgniter->handleRequest(null, Object(Config\Cache), false)
 4 FCPATH\index.php(79): CodeIgniter\CodeIgniter->run()
 5 SYSTEMPATH\Commands\Server\rewrite.php(47): require_once('C:\\xampp\\htdocs\\Adwalls\\public\\index.php')
WARNING - 2024-04-05 04:44:15 --> [DEPRECATED] Creation of dynamic property App\Controllers\ApplicationController::$ApplicationModel is deprecated in APPPATH\Controllers\ApplicationController.php on line 25.
 1 SYSTEMPATH\CodeIgniter.php(913): App\Controllers\ApplicationController->__construct()
 2 SYSTEMPATH\CodeIgniter.php(493): CodeIgniter\CodeIgniter->createController()
 3 SYSTEMPATH\CodeIgniter.php(361): CodeIgniter\CodeIgniter->handleRequest(null, Object(Config\Cache), false)
 4 FCPATH\index.php(79): CodeIgniter\CodeIgniter->run()
 5 SYSTEMPATH\Commands\Server\rewrite.php(47): require_once('C:\\xampp\\htdocs\\Adwalls\\public\\index.php')
INFO - 2024-04-05 04:44:15 --> Session: Class initialized using 'CodeIgniter\Session\Handlers\FileHandler' driver.
WARNING - 2024-04-05 04:44:15 --> [DEPRECATED] Creation of dynamic property App\Controllers\ApplicationController::$AdminModel is deprecated in APPPATH\Controllers\ApplicationController.php on line 22.
 1 SYSTEMPATH\CodeIgniter.php(913): App\Controllers\ApplicationController->__construct()
 2 SYSTEMPATH\CodeIgniter.php(493): CodeIgniter\CodeIgniter->createController()
 3 SYSTEMPATH\CodeIgniter.php(361): CodeIgniter\CodeIgniter->handleRequest(null, Object(Config\Cache), false)
 4 FCPATH\index.php(79): CodeIgniter\CodeIgniter->run()
 5 SYSTEMPATH\Commands\Server\rewrite.php(47): require_once('C:\\xampp\\htdocs\\Adwalls\\public\\index.php')
WARNING - 2024-04-05 04:44:15 --> [DEPRECATED] Creation of dynamic property App\Controllers\ApplicationController::$TertiarymModel is deprecated in APPPATH\Controllers\ApplicationController.php on line 23.
 1 SYSTEMPATH\CodeIgniter.php(913): App\Controllers\ApplicationController->__construct()
 2 SYSTEMPATH\CodeIgniter.php(493): CodeIgniter\CodeIgniter->createController()
 3 SYSTEMPATH\CodeIgniter.php(361): CodeIgniter\CodeIgniter->handleRequest(null, Object(Config\Cache), false)
 4 FCPATH\index.php(79): CodeIgniter\CodeIgniter->run()
 5 SYSTEMPATH\Commands\Server\rewrite.php(47): require_once('C:\\xampp\\htdocs\\Adwalls\\public\\index.php')
WARNING - 2024-04-05 04:44:16 --> [DEPRECATED] Creation of dynamic property App\Controllers\ApplicationController::$AgentModel is deprecated in APPPATH\Controllers\ApplicationController.php on line 24.
 1 SYSTEMPATH\CodeIgniter.php(913): App\Controllers\ApplicationController->__construct()
 2 SYSTEMPATH\CodeIgniter.php(493): CodeIgniter\CodeIgniter->createController()
 3 SYSTEMPATH\CodeIgniter.php(361): CodeIgniter\CodeIgniter->handleRequest(null, Object(Config\Cache), false)
 4 FCPATH\index.php(79): CodeIgniter\CodeIgniter->run()
 5 SYSTEMPATH\Commands\Server\rewrite.php(47): require_once('C:\\xampp\\htdocs\\Adwalls\\public\\index.php')
WARNING - 2024-04-05 04:44:16 --> [DEPRECATED] Creation of dynamic property App\Controllers\ApplicationController::$ApplicationModel is deprecated in APPPATH\Controllers\ApplicationController.php on line 25.
 1 SYSTEMPATH\CodeIgniter.php(913): App\Controllers\ApplicationController->__construct()
 2 SYSTEMPATH\CodeIgniter.php(493): CodeIgniter\CodeIgniter->createController()
 3 SYSTEMPATH\CodeIgniter.php(361): CodeIgniter\CodeIgniter->handleRequest(null, Object(Config\Cache), false)
 4 FCPATH\index.php(79): CodeIgniter\CodeIgniter->run()
 5 SYSTEMPATH\Commands\Server\rewrite.php(47): require_once('C:\\xampp\\htdocs\\Adwalls\\public\\index.php')
INFO - 2024-04-05 04:44:16 --> Session: Class initialized using 'CodeIgniter\Session\Handlers\FileHandler' driver.
WARNING - 2024-04-05 04:44:16 --> [DEPRECATED] Creation of dynamic property App\Controllers\ApplicationController::$AdminModel is deprecated in APPPATH\Controllers\ApplicationController.php on line 22.
 1 SYSTEMPATH\CodeIgniter.php(913): App\Controllers\ApplicationController->__construct()
 2 SYSTEMPATH\CodeIgniter.php(493): CodeIgniter\CodeIgniter->createController()
 3 SYSTEMPATH\CodeIgniter.php(361): CodeIgniter\CodeIgniter->handleRequest(null, Object(Config\Cache), false)
 4 FCPATH\index.php(79): CodeIgniter\CodeIgniter->run()
 5 SYSTEMPATH\Commands\Server\rewrite.php(47): require_once('C:\\xampp\\htdocs\\Adwalls\\public\\index.php')
WARNING - 2024-04-05 04:44:16 --> [DEPRECATED] Creation of dynamic property App\Controllers\ApplicationController::$TertiarymModel is deprecated in APPPATH\Controllers\ApplicationController.php on line 23.
 1 SYSTEMPATH\CodeIgniter.php(913): App\Controllers\ApplicationController->__construct()
 2 SYSTEMPATH\CodeIgniter.php(493): CodeIgniter\CodeIgniter->createController()
 3 SYSTEMPATH\CodeIgniter.php(361): CodeIgniter\CodeIgniter->handleRequest(null, Object(Config\Cache), false)
 4 FCPATH\index.php(79): CodeIgniter\CodeIgniter->run()
 5 SYSTEMPATH\Commands\Server\rewrite.php(47): require_once('C:\\xampp\\htdocs\\Adwalls\\public\\index.php')
WARNING - 2024-04-05 04:44:16 --> [DEPRECATED] Creation of dynamic property App\Controllers\ApplicationController::$AgentModel is deprecated in APPPATH\Controllers\ApplicationController.php on line 24.
 1 SYSTEMPATH\CodeIgniter.php(913): App\Controllers\ApplicationController->__construct()
 2 SYSTEMPATH\CodeIgniter.php(493): CodeIgniter\CodeIgniter->createController()
 3 SYSTEMPATH\CodeIgniter.php(361): CodeIgniter\CodeIgniter->handleRequest(null, Object(Config\Cache), false)
 4 FCPATH\index.php(79): CodeIgniter\CodeIgniter->run()
 5 SYSTEMPATH\Commands\Server\rewrite.php(47): require_once('C:\\xampp\\htdocs\\Adwalls\\public\\index.php')
WARNING - 2024-04-05 04:44:16 --> [DEPRECATED] Creation of dynamic property App\Controllers\ApplicationController::$ApplicationModel is deprecated in APPPATH\Controllers\ApplicationController.php on line 25.
 1 SYSTEMPATH\CodeIgniter.php(913): App\Controllers\ApplicationController->__construct()
 2 SYSTEMPATH\CodeIgniter.php(493): CodeIgniter\CodeIgniter->createController()
 3 SYSTEMPATH\CodeIgniter.php(361): CodeIgniter\CodeIgniter->handleRequest(null, Object(Config\Cache), false)
 4 FCPATH\index.php(79): CodeIgniter\CodeIgniter->run()
 5 SYSTEMPATH\Commands\Server\rewrite.php(47): require_once('C:\\xampp\\htdocs\\Adwalls\\public\\index.php')
INFO - 2024-04-05 04:44:16 --> Session: Class initialized using 'CodeIgniter\Session\Handlers\FileHandler' driver.
WARNING - 2024-04-05 04:44:39 --> [DEPRECATED] Creation of dynamic property App\Controllers\Admin\ManagerController::$ManagerModel is deprecated in APPPATH\Controllers\Admin\ManagerController.php on line 23.
 1 SYSTEMPATH\CodeIgniter.php(913): App\Controllers\Admin\ManagerController->__construct()
 2 SYSTEMPATH\CodeIgniter.php(493): CodeIgniter\CodeIgniter->createController()
 3 SYSTEMPATH\CodeIgniter.php(361): CodeIgniter\CodeIgniter->handleRequest(null, Object(Config\Cache), false)
 4 FCPATH\index.php(79): CodeIgniter\CodeIgniter->run()
 5 SYSTEMPATH\Commands\Server\rewrite.php(47): require_once('C:\\xampp\\htdocs\\Adwalls\\public\\index.php')
WARNING - 2024-04-05 04:44:39 --> [DEPRECATED] Creation of dynamic property App\Controllers\Admin\ManagerController::$TertiarymModel is deprecated in APPPATH\Controllers\Admin\ManagerController.php on line 24.
 1 SYSTEMPATH\CodeIgniter.php(913): App\Controllers\Admin\ManagerController->__construct()
 2 SYSTEMPATH\CodeIgniter.php(493): CodeIgniter\CodeIgniter->createController()
 3 SYSTEMPATH\CodeIgniter.php(361): CodeIgniter\CodeIgniter->handleRequest(null, Object(Config\Cache), false)
 4 FCPATH\index.php(79): CodeIgniter\CodeIgniter->run()
 5 SYSTEMPATH\Commands\Server\rewrite.php(47): require_once('C:\\xampp\\htdocs\\Adwalls\\public\\index.php')
INFO - 2024-04-05 04:44:39 --> Session: Class initialized using 'CodeIgniter\Session\Handlers\FileHandler' driver.
WARNING - 2024-04-05 04:44:52 --> [DEPRECATED] Creation of dynamic property App\Controllers\Admin\ManagerController::$ManagerModel is deprecated in APPPATH\Controllers\Admin\ManagerController.php on line 23.
 1 SYSTEMPATH\CodeIgniter.php(913): App\Controllers\Admin\ManagerController->__construct()
 2 SYSTEMPATH\CodeIgniter.php(493): CodeIgniter\CodeIgniter->createController()
 3 SYSTEMPATH\CodeIgniter.php(361): CodeIgniter\CodeIgniter->handleRequest(null, Object(Config\Cache), false)
 4 FCPATH\index.php(79): CodeIgniter\CodeIgniter->run()
 5 SYSTEMPATH\Commands\Server\rewrite.php(47): require_once('C:\\xampp\\htdocs\\Adwalls\\public\\index.php')
WARNING - 2024-04-05 04:44:52 --> [DEPRECATED] Creation of dynamic property App\Controllers\Admin\ManagerController::$TertiarymModel is deprecated in APPPATH\Controllers\Admin\ManagerController.php on line 24.
 1 SYSTEMPATH\CodeIgniter.php(913): App\Controllers\Admin\ManagerController->__construct()
 2 SYSTEMPATH\CodeIgniter.php(493): CodeIgniter\CodeIgniter->createController()
 3 SYSTEMPATH\CodeIgniter.php(361): CodeIgniter\CodeIgniter->handleRequest(null, Object(Config\Cache), false)
 4 FCPATH\index.php(79): CodeIgniter\CodeIgniter->run()
 5 SYSTEMPATH\Commands\Server\rewrite.php(47): require_once('C:\\xampp\\htdocs\\Adwalls\\public\\index.php')
INFO - 2024-04-05 04:44:52 --> Session: Class initialized using 'CodeIgniter\Session\Handlers\FileHandler' driver.
WARNING - 2024-04-05 04:45:11 --> [DEPRECATED] Creation of dynamic property App\Controllers\Admin\ManagerController::$ManagerModel is deprecated in APPPATH\Controllers\Admin\ManagerController.php on line 23.
 1 SYSTEMPATH\CodeIgniter.php(913): App\Controllers\Admin\ManagerController->__construct()
 2 SYSTEMPATH\CodeIgniter.php(493): CodeIgniter\CodeIgniter->createController()
 3 SYSTEMPATH\CodeIgniter.php(361): CodeIgniter\CodeIgniter->handleRequest(null, Object(Config\Cache), false)
 4 FCPATH\index.php(79): CodeIgniter\CodeIgniter->run()
 5 SYSTEMPATH\Commands\Server\rewrite.php(47): require_once('C:\\xampp\\htdocs\\Adwalls\\public\\index.php')
WARNING - 2024-04-05 04:45:11 --> [DEPRECATED] Creation of dynamic property App\Controllers\Admin\ManagerController::$TertiarymModel is deprecated in APPPATH\Controllers\Admin\ManagerController.php on line 24.
 1 SYSTEMPATH\CodeIgniter.php(913): App\Controllers\Admin\ManagerController->__construct()
 2 SYSTEMPATH\CodeIgniter.php(493): CodeIgniter\CodeIgniter->createController()
 3 SYSTEMPATH\CodeIgniter.php(361): CodeIgniter\CodeIgniter->handleRequest(null, Object(Config\Cache), false)
 4 FCPATH\index.php(79): CodeIgniter\CodeIgniter->run()
 5 SYSTEMPATH\Commands\Server\rewrite.php(47): require_once('C:\\xampp\\htdocs\\Adwalls\\public\\index.php')
INFO - 2024-04-05 04:45:11 --> Session: Class initialized using 'CodeIgniter\Session\Handlers\FileHandler' driver.
WARNING - 2024-04-05 04:45:29 --> [DEPRECATED] Creation of dynamic property App\Controllers\Admin\ManagerController::$ManagerModel is deprecated in APPPATH\Controllers\Admin\ManagerController.php on line 23.
 1 SYSTEMPATH\CodeIgniter.php(913): App\Controllers\Admin\ManagerController->__construct()
 2 SYSTEMPATH\CodeIgniter.php(493): CodeIgniter\CodeIgniter->createController()
 3 SYSTEMPATH\CodeIgniter.php(361): CodeIgniter\CodeIgniter->handleRequest(null, Object(Config\Cache), false)
 4 FCPATH\index.php(79): CodeIgniter\CodeIgniter->run()
 5 SYSTEMPATH\Commands\Server\rewrite.php(47): require_once('C:\\xampp\\htdocs\\Adwalls\\public\\index.php')
WARNING - 2024-04-05 04:45:29 --> [DEPRECATED] Creation of dynamic property App\Controllers\Admin\ManagerController::$TertiarymModel is deprecated in APPPATH\Controllers\Admin\ManagerController.php on line 24.
 1 SYSTEMPATH\CodeIgniter.php(913): App\Controllers\Admin\ManagerController->__construct()
 2 SYSTEMPATH\CodeIgniter.php(493): CodeIgniter\CodeIgniter->createController()
 3 SYSTEMPATH\CodeIgniter.php(361): CodeIgniter\CodeIgniter->handleRequest(null, Object(Config\Cache), false)
 4 FCPATH\index.php(79): CodeIgniter\CodeIgniter->run()
 5 SYSTEMPATH\Commands\Server\rewrite.php(47): require_once('C:\\xampp\\htdocs\\Adwalls\\public\\index.php')
INFO - 2024-04-05 04:45:29 --> Session: Class initialized using 'CodeIgniter\Session\Handlers\FileHandler' driver.
INFO - 2024-04-05 04:45:33 --> Session: Class initialized using 'CodeIgniter\Session\Handlers\FileHandler' driver.
WARNING - 2024-04-05 04:45:40 --> [DEPRECATED] Creation of dynamic property App\Controllers\Admin\ManagerController::$ManagerModel is deprecated in APPPATH\Controllers\Admin\ManagerController.php on line 23.
 1 SYSTEMPATH\CodeIgniter.php(913): App\Controllers\Admin\ManagerController->__construct()
 2 SYSTEMPATH\CodeIgniter.php(493): CodeIgniter\CodeIgniter->createController()
 3 SYSTEMPATH\CodeIgniter.php(361): CodeIgniter\CodeIgniter->handleRequest(null, Object(Config\Cache), false)
 4 FCPATH\index.php(79): CodeIgniter\CodeIgniter->run()
 5 SYSTEMPATH\Commands\Server\rewrite.php(47): require_once('C:\\xampp\\htdocs\\Adwalls\\public\\index.php')
WARNING - 2024-04-05 04:45:40 --> [DEPRECATED] Creation of dynamic property App\Controllers\Admin\ManagerController::$TertiarymModel is deprecated in APPPATH\Controllers\Admin\ManagerController.php on line 24.
 1 SYSTEMPATH\CodeIgniter.php(913): App\Controllers\Admin\ManagerController->__construct()
 2 SYSTEMPATH\CodeIgniter.php(493): CodeIgniter\CodeIgniter->createController()
 3 SYSTEMPATH\CodeIgniter.php(361): CodeIgniter\CodeIgniter->handleRequest(null, Object(Config\Cache), false)
 4 FCPATH\index.php(79): CodeIgniter\CodeIgniter->run()
 5 SYSTEMPATH\Commands\Server\rewrite.php(47): require_once('C:\\xampp\\htdocs\\Adwalls\\public\\index.php')
INFO - 2024-04-05 04:45:40 --> Session: Class initialized using 'CodeIgniter\Session\Handlers\FileHandler' driver.
WARNING - 2024-04-05 04:45:55 --> [DEPRECATED] Creation of dynamic property App\Controllers\Admin\ManagerController::$ManagerModel is deprecated in APPPATH\Controllers\Admin\ManagerController.php on line 23.
 1 SYSTEMPATH\CodeIgniter.php(913): App\Controllers\Admin\ManagerController->__construct()
 2 SYSTEMPATH\CodeIgniter.php(493): CodeIgniter\CodeIgniter->createController()
 3 SYSTEMPATH\CodeIgniter.php(361): CodeIgniter\CodeIgniter->handleRequest(null, Object(Config\Cache), false)
 4 FCPATH\index.php(79): CodeIgniter\CodeIgniter->run()
 5 SYSTEMPATH\Commands\Server\rewrite.php(47): require_once('C:\\xampp\\htdocs\\Adwalls\\public\\index.php')
WARNING - 2024-04-05 04:45:55 --> [DEPRECATED] Creation of dynamic property App\Controllers\Admin\ManagerController::$TertiarymModel is deprecated in APPPATH\Controllers\Admin\ManagerController.php on line 24.
 1 SYSTEMPATH\CodeIgniter.php(913): App\Controllers\Admin\ManagerController->__construct()
 2 SYSTEMPATH\CodeIgniter.php(493): CodeIgniter\CodeIgniter->createController()
 3 SYSTEMPATH\CodeIgniter.php(361): CodeIgniter\CodeIgniter->handleRequest(null, Object(Config\Cache), false)
 4 FCPATH\index.php(79): CodeIgniter\CodeIgniter->run()
 5 SYSTEMPATH\Commands\Server\rewrite.php(47): require_once('C:\\xampp\\htdocs\\Adwalls\\public\\index.php')
INFO - 2024-04-05 04:45:55 --> Session: Class initialized using 'CodeIgniter\Session\Handlers\FileHandler' driver.
INFO - 2024-04-05 04:45:56 --> Session: Class initialized using 'CodeIgniter\Session\Handlers\FileHandler' driver.
WARNING - 2024-04-05 04:45:59 --> [DEPRECATED] Creation of dynamic property App\Controllers\Admin\ManagerController::$ManagerModel is deprecated in APPPATH\Controllers\Admin\ManagerController.php on line 23.
 1 SYSTEMPATH\CodeIgniter.php(913): App\Controllers\Admin\ManagerController->__construct()
 2 SYSTEMPATH\CodeIgniter.php(493): CodeIgniter\CodeIgniter->createController()
 3 SYSTEMPATH\CodeIgniter.php(361): CodeIgniter\CodeIgniter->handleRequest(null, Object(Config\Cache), false)
 4 FCPATH\index.php(79): CodeIgniter\CodeIgniter->run()
 5 SYSTEMPATH\Commands\Server\rewrite.php(47): require_once('C:\\xampp\\htdocs\\Adwalls\\public\\index.php')
WARNING - 2024-04-05 04:45:59 --> [DEPRECATED] Creation of dynamic property App\Controllers\Admin\ManagerController::$TertiarymModel is deprecated in APPPATH\Controllers\Admin\ManagerController.php on line 24.
 1 SYSTEMPATH\CodeIgniter.php(913): App\Controllers\Admin\ManagerController->__construct()
 2 SYSTEMPATH\CodeIgniter.php(493): CodeIgniter\CodeIgniter->createController()
 3 SYSTEMPATH\CodeIgniter.php(361): CodeIgniter\CodeIgniter->handleRequest(null, Object(Config\Cache), false)
 4 FCPATH\index.php(79): CodeIgniter\CodeIgniter->run()
 5 SYSTEMPATH\Commands\Server\rewrite.php(47): require_once('C:\\xampp\\htdocs\\Adwalls\\public\\index.php')
INFO - 2024-04-05 04:45:59 --> Session: Class initialized using 'CodeIgniter\Session\Handlers\FileHandler' driver.
WARNING - 2024-04-05 04:46:06 --> [DEPRECATED] Creation of dynamic property App\Controllers\Admin\ManagerController::$ManagerModel is deprecated in APPPATH\Controllers\Admin\ManagerController.php on line 23.
 1 SYSTEMPATH\CodeIgniter.php(913): App\Controllers\Admin\ManagerController->__construct()
 2 SYSTEMPATH\CodeIgniter.php(493): CodeIgniter\CodeIgniter->createController()
 3 SYSTEMPATH\CodeIgniter.php(361): CodeIgniter\CodeIgniter->handleRequest(null, Object(Config\Cache), false)
 4 FCPATH\index.php(79): CodeIgniter\CodeIgniter->run()
 5 SYSTEMPATH\Commands\Server\rewrite.php(47): require_once('C:\\xampp\\htdocs\\Adwalls\\public\\index.php')
WARNING - 2024-04-05 04:46:06 --> [DEPRECATED] Creation of dynamic property App\Controllers\Admin\ManagerController::$TertiarymModel is deprecated in APPPATH\Controllers\Admin\ManagerController.php on line 24.
 1 SYSTEMPATH\CodeIgniter.php(913): App\Controllers\Admin\ManagerController->__construct()
 2 SYSTEMPATH\CodeIgniter.php(493): CodeIgniter\CodeIgniter->createController()
 3 SYSTEMPATH\CodeIgniter.php(361): CodeIgniter\CodeIgniter->handleRequest(null, Object(Config\Cache), false)
 4 FCPATH\index.php(79): CodeIgniter\CodeIgniter->run()
 5 SYSTEMPATH\Commands\Server\rewrite.php(47): require_once('C:\\xampp\\htdocs\\Adwalls\\public\\index.php')
INFO - 2024-04-05 04:46:06 --> Session: Class initialized using 'CodeIgniter\Session\Handlers\FileHandler' driver.
WARNING - 2024-04-05 04:46:12 --> [DEPRECATED] Creation of dynamic property App\Controllers\Admin\ManagerController::$ManagerModel is deprecated in APPPATH\Controllers\Admin\ManagerController.php on line 23.
 1 SYSTEMPATH\CodeIgniter.php(913): App\Controllers\Admin\ManagerController->__construct()
 2 SYSTEMPATH\CodeIgniter.php(493): CodeIgniter\CodeIgniter->createController()
 3 SYSTEMPATH\CodeIgniter.php(361): CodeIgniter\CodeIgniter->handleRequest(null, Object(Config\Cache), false)
 4 FCPATH\index.php(79): CodeIgniter\CodeIgniter->run()
 5 SYSTEMPATH\Commands\Server\rewrite.php(47): require_once('C:\\xampp\\htdocs\\Adwalls\\public\\index.php')
WARNING - 2024-04-05 04:46:12 --> [DEPRECATED] Creation of dynamic property App\Controllers\Admin\ManagerController::$TertiarymModel is deprecated in APPPATH\Controllers\Admin\ManagerController.php on line 24.
 1 SYSTEMPATH\CodeIgniter.php(913): App\Controllers\Admin\ManagerController->__construct()
 2 SYSTEMPATH\CodeIgniter.php(493): CodeIgniter\CodeIgniter->createController()
 3 SYSTEMPATH\CodeIgniter.php(361): CodeIgniter\CodeIgniter->handleRequest(null, Object(Config\Cache), false)
 4 FCPATH\index.php(79): CodeIgniter\CodeIgniter->run()
 5 SYSTEMPATH\Commands\Server\rewrite.php(47): require_once('C:\\xampp\\htdocs\\Adwalls\\public\\index.php')
INFO - 2024-04-05 04:46:12 --> Session: Class initialized using 'CodeIgniter\Session\Handlers\FileHandler' driver.
WARNING - 2024-04-05 04:46:23 --> [DEPRECATED] Creation of dynamic property App\Controllers\ApplicationController::$AdminModel is deprecated in APPPATH\Controllers\ApplicationController.php on line 22.
 1 SYSTEMPATH\CodeIgniter.php(913): App\Controllers\ApplicationController->__construct()
 2 SYSTEMPATH\CodeIgniter.php(493): CodeIgniter\CodeIgniter->createController()
 3 SYSTEMPATH\CodeIgniter.php(361): CodeIgniter\CodeIgniter->handleRequest(null, Object(Config\Cache), false)
 4 FCPATH\index.php(79): CodeIgniter\CodeIgniter->run()
 5 SYSTEMPATH\Commands\Server\rewrite.php(47): require_once('C:\\xampp\\htdocs\\Adwalls\\public\\index.php')
WARNING - 2024-04-05 04:46:23 --> [DEPRECATED] Creation of dynamic property App\Controllers\ApplicationController::$TertiarymModel is deprecated in APPPATH\Controllers\ApplicationController.php on line 23.
 1 SYSTEMPATH\CodeIgniter.php(913): App\Controllers\ApplicationController->__construct()
 2 SYSTEMPATH\CodeIgniter.php(493): CodeIgniter\CodeIgniter->createController()
 3 SYSTEMPATH\CodeIgniter.php(361): CodeIgniter\CodeIgniter->handleRequest(null, Object(Config\Cache), false)
 4 FCPATH\index.php(79): CodeIgniter\CodeIgniter->run()
 5 SYSTEMPATH\Commands\Server\rewrite.php(47): require_once('C:\\xampp\\htdocs\\Adwalls\\public\\index.php')
WARNING - 2024-04-05 04:46:23 --> [DEPRECATED] Creation of dynamic property App\Controllers\ApplicationController::$AgentModel is deprecated in APPPATH\Controllers\ApplicationController.php on line 24.
 1 SYSTEMPATH\CodeIgniter.php(913): App\Controllers\ApplicationController->__construct()
 2 SYSTEMPATH\CodeIgniter.php(493): CodeIgniter\CodeIgniter->createController()
 3 SYSTEMPATH\CodeIgniter.php(361): CodeIgniter\CodeIgniter->handleRequest(null, Object(Config\Cache), false)
 4 FCPATH\index.php(79): CodeIgniter\CodeIgniter->run()
 5 SYSTEMPATH\Commands\Server\rewrite.php(47): require_once('C:\\xampp\\htdocs\\Adwalls\\public\\index.php')
WARNING - 2024-04-05 04:46:23 --> [DEPRECATED] Creation of dynamic property App\Controllers\ApplicationController::$ApplicationModel is deprecated in APPPATH\Controllers\ApplicationController.php on line 25.
 1 SYSTEMPATH\CodeIgniter.php(913): App\Controllers\ApplicationController->__construct()
 2 SYSTEMPATH\CodeIgniter.php(493): CodeIgniter\CodeIgniter->createController()
 3 SYSTEMPATH\CodeIgniter.php(361): CodeIgniter\CodeIgniter->handleRequest(null, Object(Config\Cache), false)
 4 FCPATH\index.php(79): CodeIgniter\CodeIgniter->run()
 5 SYSTEMPATH\Commands\Server\rewrite.php(47): require_once('C:\\xampp\\htdocs\\Adwalls\\public\\index.php')
INFO - 2024-04-05 04:46:23 --> Session: Class initialized using 'CodeIgniter\Session\Handlers\FileHandler' driver.
WARNING - 2024-04-05 04:46:23 --> [DEPRECATED] Creation of dynamic property App\Controllers\ApplicationController::$AdminModel is deprecated in APPPATH\Controllers\ApplicationController.php on line 22.
 1 SYSTEMPATH\CodeIgniter.php(913): App\Controllers\ApplicationController->__construct()
 2 SYSTEMPATH\CodeIgniter.php(493): CodeIgniter\CodeIgniter->createController()
 3 SYSTEMPATH\CodeIgniter.php(361): CodeIgniter\CodeIgniter->handleRequest(null, Object(Config\Cache), false)
 4 FCPATH\index.php(79): CodeIgniter\CodeIgniter->run()
 5 SYSTEMPATH\Commands\Server\rewrite.php(47): require_once('C:\\xampp\\htdocs\\Adwalls\\public\\index.php')
WARNING - 2024-04-05 04:46:23 --> [DEPRECATED] Creation of dynamic property App\Controllers\ApplicationController::$TertiarymModel is deprecated in APPPATH\Controllers\ApplicationController.php on line 23.
 1 SYSTEMPATH\CodeIgniter.php(913): App\Controllers\ApplicationController->__construct()
 2 SYSTEMPATH\CodeIgniter.php(493): CodeIgniter\CodeIgniter->createController()
 3 SYSTEMPATH\CodeIgniter.php(361): CodeIgniter\CodeIgniter->handleRequest(null, Object(Config\Cache), false)
 4 FCPATH\index.php(79): CodeIgniter\CodeIgniter->run()
 5 SYSTEMPATH\Commands\Server\rewrite.php(47): require_once('C:\\xampp\\htdocs\\Adwalls\\public\\index.php')
WARNING - 2024-04-05 04:46:23 --> [DEPRECATED] Creation of dynamic property App\Controllers\ApplicationController::$AgentModel is deprecated in APPPATH\Controllers\ApplicationController.php on line 24.
 1 SYSTEMPATH\CodeIgniter.php(913): App\Controllers\ApplicationController->__construct()
 2 SYSTEMPATH\CodeIgniter.php(493): CodeIgniter\CodeIgniter->createController()
 3 SYSTEMPATH\CodeIgniter.php(361): CodeIgniter\CodeIgniter->handleRequest(null, Object(Config\Cache), false)
 4 FCPATH\index.php(79): CodeIgniter\CodeIgniter->run()
 5 SYSTEMPATH\Commands\Server\rewrite.php(47): require_once('C:\\xampp\\htdocs\\Adwalls\\public\\index.php')
WARNING - 2024-04-05 04:46:23 --> [DEPRECATED] Creation of dynamic property App\Controllers\ApplicationController::$ApplicationModel is deprecated in APPPATH\Controllers\ApplicationController.php on line 25.
 1 SYSTEMPATH\CodeIgniter.php(913): App\Controllers\ApplicationController->__construct()
 2 SYSTEMPATH\CodeIgniter.php(493): CodeIgniter\CodeIgniter->createController()
 3 SYSTEMPATH\CodeIgniter.php(361): CodeIgniter\CodeIgniter->handleRequest(null, Object(Config\Cache), false)
 4 FCPATH\index.php(79): CodeIgniter\CodeIgniter->run()
 5 SYSTEMPATH\Commands\Server\rewrite.php(47): require_once('C:\\xampp\\htdocs\\Adwalls\\public\\index.php')
INFO - 2024-04-05 04:46:23 --> Session: Class initialized using 'CodeIgniter\Session\Handlers\FileHandler' driver.
WARNING - 2024-04-05 04:47:21 --> [DEPRECATED] Creation of dynamic property App\Controllers\ApplicationController::$AdminModel is deprecated in APPPATH\Controllers\ApplicationController.php on line 22.
 1 SYSTEMPATH\CodeIgniter.php(913): App\Controllers\ApplicationController->__construct()
 2 SYSTEMPATH\CodeIgniter.php(493): CodeIgniter\CodeIgniter->createController()
 3 SYSTEMPATH\CodeIgniter.php(361): CodeIgniter\CodeIgniter->handleRequest(null, Object(Config\Cache), false)
 4 FCPATH\index.php(79): CodeIgniter\CodeIgniter->run()
 5 SYSTEMPATH\Commands\Server\rewrite.php(47): require_once('C:\\xampp\\htdocs\\Adwalls\\public\\index.php')
WARNING - 2024-04-05 04:47:21 --> [DEPRECATED] Creation of dynamic property App\Controllers\ApplicationController::$TertiarymModel is deprecated in APPPATH\Controllers\ApplicationController.php on line 23.
 1 SYSTEMPATH\CodeIgniter.php(913): App\Controllers\ApplicationController->__construct()
 2 SYSTEMPATH\CodeIgniter.php(493): CodeIgniter\CodeIgniter->createController()
 3 SYSTEMPATH\CodeIgniter.php(361): CodeIgniter\CodeIgniter->handleRequest(null, Object(Config\Cache), false)
 4 FCPATH\index.php(79): CodeIgniter\CodeIgniter->run()
 5 SYSTEMPATH\Commands\Server\rewrite.php(47): require_once('C:\\xampp\\htdocs\\Adwalls\\public\\index.php')
WARNING - 2024-04-05 04:47:21 --> [DEPRECATED] Creation of dynamic property App\Controllers\ApplicationController::$AgentModel is deprecated in APPPATH\Controllers\ApplicationController.php on line 24.
 1 SYSTEMPATH\CodeIgniter.php(913): App\Controllers\ApplicationController->__construct()
 2 SYSTEMPATH\CodeIgniter.php(493): CodeIgniter\CodeIgniter->createController()
 3 SYSTEMPATH\CodeIgniter.php(361): CodeIgniter\CodeIgniter->handleRequest(null, Object(Config\Cache), false)
 4 FCPATH\index.php(79): CodeIgniter\CodeIgniter->run()
 5 SYSTEMPATH\Commands\Server\rewrite.php(47): require_once('C:\\xampp\\htdocs\\Adwalls\\public\\index.php')
WARNING - 2024-04-05 04:47:21 --> [DEPRECATED] Creation of dynamic property App\Controllers\ApplicationController::$ApplicationModel is deprecated in APPPATH\Controllers\ApplicationController.php on line 25.
 1 SYSTEMPATH\CodeIgniter.php(913): App\Controllers\ApplicationController->__construct()
 2 SYSTEMPATH\CodeIgniter.php(493): CodeIgniter\CodeIgniter->createController()
 3 SYSTEMPATH\CodeIgniter.php(361): CodeIgniter\CodeIgniter->handleRequest(null, Object(Config\Cache), false)
 4 FCPATH\index.php(79): CodeIgniter\CodeIgniter->run()
 5 SYSTEMPATH\Commands\Server\rewrite.php(47): require_once('C:\\xampp\\htdocs\\Adwalls\\public\\index.php')
INFO - 2024-04-05 04:47:21 --> Session: Class initialized using 'CodeIgniter\Session\Handlers\FileHandler' driver.
WARNING - 2024-04-05 04:47:21 --> [DEPRECATED] Creation of dynamic property App\Controllers\Admin\ManagerController::$ManagerModel is deprecated in APPPATH\Controllers\Admin\ManagerController.php on line 23.
 1 SYSTEMPATH\CodeIgniter.php(913): App\Controllers\Admin\ManagerController->__construct()
 2 SYSTEMPATH\CodeIgniter.php(493): CodeIgniter\CodeIgniter->createController()
 3 SYSTEMPATH\CodeIgniter.php(361): CodeIgniter\CodeIgniter->handleRequest(null, Object(Config\Cache), false)
 4 FCPATH\index.php(79): CodeIgniter\CodeIgniter->run()
 5 SYSTEMPATH\Commands\Server\rewrite.php(47): require_once('C:\\xampp\\htdocs\\Adwalls\\public\\index.php')
WARNING - 2024-04-05 04:47:21 --> [DEPRECATED] Creation of dynamic property App\Controllers\Admin\ManagerController::$TertiarymModel is deprecated in APPPATH\Controllers\Admin\ManagerController.php on line 24.
 1 SYSTEMPATH\CodeIgniter.php(913): App\Controllers\Admin\ManagerController->__construct()
 2 SYSTEMPATH\CodeIgniter.php(493): CodeIgniter\CodeIgniter->createController()
 3 SYSTEMPATH\CodeIgniter.php(361): CodeIgniter\CodeIgniter->handleRequest(null, Object(Config\Cache), false)
 4 FCPATH\index.php(79): CodeIgniter\CodeIgniter->run()
 5 SYSTEMPATH\Commands\Server\rewrite.php(47): require_once('C:\\xampp\\htdocs\\Adwalls\\public\\index.php')
INFO - 2024-04-05 04:47:21 --> Session: Class initialized using 'CodeIgniter\Session\Handlers\FileHandler' driver.
WARNING - 2024-04-05 04:47:27 --> [DEPRECATED] Creation of dynamic property App\Controllers\ApplicationController::$AdminModel is deprecated in APPPATH\Controllers\ApplicationController.php on line 22.
 1 SYSTEMPATH\CodeIgniter.php(913): App\Controllers\ApplicationController->__construct()
 2 SYSTEMPATH\CodeIgniter.php(493): CodeIgniter\CodeIgniter->createController()
 3 SYSTEMPATH\CodeIgniter.php(361): CodeIgniter\CodeIgniter->handleRequest(null, Object(Config\Cache), false)
 4 FCPATH\index.php(79): CodeIgniter\CodeIgniter->run()
 5 SYSTEMPATH\Commands\Server\rewrite.php(47): require_once('C:\\xampp\\htdocs\\Adwalls\\public\\index.php')
WARNING - 2024-04-05 04:47:27 --> [DEPRECATED] Creation of dynamic property App\Controllers\ApplicationController::$TertiarymModel is deprecated in APPPATH\Controllers\ApplicationController.php on line 23.
 1 SYSTEMPATH\CodeIgniter.php(913): App\Controllers\ApplicationController->__construct()
 2 SYSTEMPATH\CodeIgniter.php(493): CodeIgniter\CodeIgniter->createController()
 3 SYSTEMPATH\CodeIgniter.php(361): CodeIgniter\CodeIgniter->handleRequest(null, Object(Config\Cache), false)
 4 FCPATH\index.php(79): CodeIgniter\CodeIgniter->run()
 5 SYSTEMPATH\Commands\Server\rewrite.php(47): require_once('C:\\xampp\\htdocs\\Adwalls\\public\\index.php')
WARNING - 2024-04-05 04:47:27 --> [DEPRECATED] Creation of dynamic property App\Controllers\ApplicationController::$AgentModel is deprecated in APPPATH\Controllers\ApplicationController.php on line 24.
 1 SYSTEMPATH\CodeIgniter.php(913): App\Controllers\ApplicationController->__construct()
 2 SYSTEMPATH\CodeIgniter.php(493): CodeIgniter\CodeIgniter->createController()
 3 SYSTEMPATH\CodeIgniter.php(361): CodeIgniter\CodeIgniter->handleRequest(null, Object(Config\Cache), false)
 4 FCPATH\index.php(79): CodeIgniter\CodeIgniter->run()
 5 SYSTEMPATH\Commands\Server\rewrite.php(47): require_once('C:\\xampp\\htdocs\\Adwalls\\public\\index.php')
WARNING - 2024-04-05 04:47:27 --> [DEPRECATED] Creation of dynamic property App\Controllers\ApplicationController::$ApplicationModel is deprecated in APPPATH\Controllers\ApplicationController.php on line 25.
 1 SYSTEMPATH\CodeIgniter.php(913): App\Controllers\ApplicationController->__construct()
 2 SYSTEMPATH\CodeIgniter.php(493): CodeIgniter\CodeIgniter->createController()
 3 SYSTEMPATH\CodeIgniter.php(361): CodeIgniter\CodeIgniter->handleRequest(null, Object(Config\Cache), false)
 4 FCPATH\index.php(79): CodeIgniter\CodeIgniter->run()
 5 SYSTEMPATH\Commands\Server\rewrite.php(47): require_once('C:\\xampp\\htdocs\\Adwalls\\public\\index.php')
INFO - 2024-04-05 04:47:27 --> Session: Class initialized using 'CodeIgniter\Session\Handlers\FileHandler' driver.
WARNING - 2024-04-05 04:47:28 --> [DEPRECATED] Creation of dynamic property App\Controllers\ApplicationController::$AdminModel is deprecated in APPPATH\Controllers\ApplicationController.php on line 22.
 1 SYSTEMPATH\CodeIgniter.php(913): App\Controllers\ApplicationController->__construct()
 2 SYSTEMPATH\CodeIgniter.php(493): CodeIgniter\CodeIgniter->createController()
 3 SYSTEMPATH\CodeIgniter.php(361): CodeIgniter\CodeIgniter->handleRequest(null, Object(Config\Cache), false)
 4 FCPATH\index.php(79): CodeIgniter\CodeIgniter->run()
 5 SYSTEMPATH\Commands\Server\rewrite.php(47): require_once('C:\\xampp\\htdocs\\Adwalls\\public\\index.php')
WARNING - 2024-04-05 04:47:28 --> [DEPRECATED] Creation of dynamic property App\Controllers\ApplicationController::$TertiarymModel is deprecated in APPPATH\Controllers\ApplicationController.php on line 23.
 1 SYSTEMPATH\CodeIgniter.php(913): App\Controllers\ApplicationController->__construct()
 2 SYSTEMPATH\CodeIgniter.php(493): CodeIgniter\CodeIgniter->createController()
 3 SYSTEMPATH\CodeIgniter.php(361): CodeIgniter\CodeIgniter->handleRequest(null, Object(Config\Cache), false)
 4 FCPATH\index.php(79): CodeIgniter\CodeIgniter->run()
 5 SYSTEMPATH\Commands\Server\rewrite.php(47): require_once('C:\\xampp\\htdocs\\Adwalls\\public\\index.php')
WARNING - 2024-04-05 04:47:28 --> [DEPRECATED] Creation of dynamic property App\Controllers\ApplicationController::$AgentModel is deprecated in APPPATH\Controllers\ApplicationController.php on line 24.
 1 SYSTEMPATH\CodeIgniter.php(913): App\Controllers\ApplicationController->__construct()
 2 SYSTEMPATH\CodeIgniter.php(493): CodeIgniter\CodeIgniter->createController()
 3 SYSTEMPATH\CodeIgniter.php(361): CodeIgniter\CodeIgniter->handleRequest(null, Object(Config\Cache), false)
 4 FCPATH\index.php(79): CodeIgniter\CodeIgniter->run()
 5 SYSTEMPATH\Commands\Server\rewrite.php(47): require_once('C:\\xampp\\htdocs\\Adwalls\\public\\index.php')
WARNING - 2024-04-05 04:47:28 --> [DEPRECATED] Creation of dynamic property App\Controllers\ApplicationController::$ApplicationModel is deprecated in APPPATH\Controllers\ApplicationController.php on line 25.
 1 SYSTEMPATH\CodeIgniter.php(913): App\Controllers\ApplicationController->__construct()
 2 SYSTEMPATH\CodeIgniter.php(493): CodeIgniter\CodeIgniter->createController()
 3 SYSTEMPATH\CodeIgniter.php(361): CodeIgniter\CodeIgniter->handleRequest(null, Object(Config\Cache), false)
 4 FCPATH\index.php(79): CodeIgniter\CodeIgniter->run()
 5 SYSTEMPATH\Commands\Server\rewrite.php(47): require_once('C:\\xampp\\htdocs\\Adwalls\\public\\index.php')
INFO - 2024-04-05 04:47:28 --> Session: Class initialized using 'CodeIgniter\Session\Handlers\FileHandler' driver.
WARNING - 2024-04-05 04:47:29 --> [DEPRECATED] Creation of dynamic property App\Controllers\ApplicationController::$AdminModel is deprecated in APPPATH\Controllers\ApplicationController.php on line 22.
 1 SYSTEMPATH\CodeIgniter.php(913): App\Controllers\ApplicationController->__construct()
 2 SYSTEMPATH\CodeIgniter.php(493): CodeIgniter\CodeIgniter->createController()
 3 SYSTEMPATH\CodeIgniter.php(361): CodeIgniter\CodeIgniter->handleRequest(null, Object(Config\Cache), false)
 4 FCPATH\index.php(79): CodeIgniter\CodeIgniter->run()
 5 SYSTEMPATH\Commands\Server\rewrite.php(47): require_once('C:\\xampp\\htdocs\\Adwalls\\public\\index.php')
WARNING - 2024-04-05 04:47:29 --> [DEPRECATED] Creation of dynamic property App\Controllers\ApplicationController::$TertiarymModel is deprecated in APPPATH\Controllers\ApplicationController.php on line 23.
 1 SYSTEMPATH\CodeIgniter.php(913): App\Controllers\ApplicationController->__construct()
 2 SYSTEMPATH\CodeIgniter.php(493): CodeIgniter\CodeIgniter->createController()
 3 SYSTEMPATH\CodeIgniter.php(361): CodeIgniter\CodeIgniter->handleRequest(null, Object(Config\Cache), false)
 4 FCPATH\index.php(79): CodeIgniter\CodeIgniter->run()
 5 SYSTEMPATH\Commands\Server\rewrite.php(47): require_once('C:\\xampp\\htdocs\\Adwalls\\public\\index.php')
WARNING - 2024-04-05 04:47:29 --> [DEPRECATED] Creation of dynamic property App\Controllers\ApplicationController::$AgentModel is deprecated in APPPATH\Controllers\ApplicationController.php on line 24.
 1 SYSTEMPATH\CodeIgniter.php(913): App\Controllers\ApplicationController->__construct()
 2 SYSTEMPATH\CodeIgniter.php(493): CodeIgniter\CodeIgniter->createController()
 3 SYSTEMPATH\CodeIgniter.php(361): CodeIgniter\CodeIgniter->handleRequest(null, Object(Config\Cache), false)
 4 FCPATH\index.php(79): CodeIgniter\CodeIgniter->run()
 5 SYSTEMPATH\Commands\Server\rewrite.php(47): require_once('C:\\xampp\\htdocs\\Adwalls\\public\\index.php')
WARNING - 2024-04-05 04:47:29 --> [DEPRECATED] Creation of dynamic property App\Controllers\ApplicationController::$ApplicationModel is deprecated in APPPATH\Controllers\ApplicationController.php on line 25.
 1 SYSTEMPATH\CodeIgniter.php(913): App\Controllers\ApplicationController->__construct()
 2 SYSTEMPATH\CodeIgniter.php(493): CodeIgniter\CodeIgniter->createController()
 3 SYSTEMPATH\CodeIgniter.php(361): CodeIgniter\CodeIgniter->handleRequest(null, Object(Config\Cache), false)
 4 FCPATH\index.php(79): CodeIgniter\CodeIgniter->run()
 5 SYSTEMPATH\Commands\Server\rewrite.php(47): require_once('C:\\xampp\\htdocs\\Adwalls\\public\\index.php')
INFO - 2024-04-05 04:47:29 --> Session: Class initialized using 'CodeIgniter\Session\Handlers\FileHandler' driver.
WARNING - 2024-04-05 04:47:32 --> [DEPRECATED] Creation of dynamic property App\Controllers\ApplicationController::$AdminModel is deprecated in APPPATH\Controllers\ApplicationController.php on line 22.
 1 SYSTEMPATH\CodeIgniter.php(913): App\Controllers\ApplicationController->__construct()
 2 SYSTEMPATH\CodeIgniter.php(493): CodeIgniter\CodeIgniter->createController()
 3 SYSTEMPATH\CodeIgniter.php(361): CodeIgniter\CodeIgniter->handleRequest(null, Object(Config\Cache), false)
 4 FCPATH\index.php(79): CodeIgniter\CodeIgniter->run()
 5 SYSTEMPATH\Commands\Server\rewrite.php(47): require_once('C:\\xampp\\htdocs\\Adwalls\\public\\index.php')
WARNING - 2024-04-05 04:47:32 --> [DEPRECATED] Creation of dynamic property App\Controllers\ApplicationController::$TertiarymModel is deprecated in APPPATH\Controllers\ApplicationController.php on line 23.
 1 SYSTEMPATH\CodeIgniter.php(913): App\Controllers\ApplicationController->__construct()
 2 SYSTEMPATH\CodeIgniter.php(493): CodeIgniter\CodeIgniter->createController()
 3 SYSTEMPATH\CodeIgniter.php(361): CodeIgniter\CodeIgniter->handleRequest(null, Object(Config\Cache), false)
 4 FCPATH\index.php(79): CodeIgniter\CodeIgniter->run()
 5 SYSTEMPATH\Commands\Server\rewrite.php(47): require_once('C:\\xampp\\htdocs\\Adwalls\\public\\index.php')
WARNING - 2024-04-05 04:47:32 --> [DEPRECATED] Creation of dynamic property App\Controllers\ApplicationController::$AgentModel is deprecated in APPPATH\Controllers\ApplicationController.php on line 24.
 1 SYSTEMPATH\CodeIgniter.php(913): App\Controllers\ApplicationController->__construct()
 2 SYSTEMPATH\CodeIgniter.php(493): CodeIgniter\CodeIgniter->createController()
 3 SYSTEMPATH\CodeIgniter.php(361): CodeIgniter\CodeIgniter->handleRequest(null, Object(Config\Cache), false)
 4 FCPATH\index.php(79): CodeIgniter\CodeIgniter->run()
 5 SYSTEMPATH\Commands\Server\rewrite.php(47): require_once('C:\\xampp\\htdocs\\Adwalls\\public\\index.php')
WARNING - 2024-04-05 04:47:32 --> [DEPRECATED] Creation of dynamic property App\Controllers\ApplicationController::$ApplicationModel is deprecated in APPPATH\Controllers\ApplicationController.php on line 25.
 1 SYSTEMPATH\CodeIgniter.php(913): App\Controllers\ApplicationController->__construct()
 2 SYSTEMPATH\CodeIgniter.php(493): CodeIgniter\CodeIgniter->createController()
 3 SYSTEMPATH\CodeIgniter.php(361): CodeIgniter\CodeIgniter->handleRequest(null, Object(Config\Cache), false)
 4 FCPATH\index.php(79): CodeIgniter\CodeIgniter->run()
 5 SYSTEMPATH\Commands\Server\rewrite.php(47): require_once('C:\\xampp\\htdocs\\Adwalls\\public\\index.php')
INFO - 2024-04-05 04:47:32 --> Session: Class initialized using 'CodeIgniter\Session\Handlers\FileHandler' driver.
INFO - 2024-04-05 16:26:18 --> Session: Class initialized using 'CodeIgniter\Session\Handlers\FileHandler' driver.
INFO - 2024-04-05 16:26:27 --> Session: Class initialized using 'CodeIgniter\Session\Handlers\FileHandler' driver.
INFO - 2024-04-05 16:26:27 --> Session: Class initialized using 'CodeIgniter\Session\Handlers\FileHandler' driver.
WARNING - 2024-04-05 16:26:30 --> [DEPRECATED] Creation of dynamic property App\Controllers\Admin\ManagerController::$ManagerModel is deprecated in APPPATH\Controllers\Admin\ManagerController.php on line 23.
 1 SYSTEMPATH\CodeIgniter.php(913): App\Controllers\Admin\ManagerController->__construct()
 2 SYSTEMPATH\CodeIgniter.php(493): CodeIgniter\CodeIgniter->createController()
 3 SYSTEMPATH\CodeIgniter.php(361): CodeIgniter\CodeIgniter->handleRequest(null, Object(Config\Cache), false)
 4 FCPATH\index.php(79): CodeIgniter\CodeIgniter->run()
 5 SYSTEMPATH\Commands\Server\rewrite.php(47): require_once('C:\\xampp\\htdocs\\Adwalls\\public\\index.php')
WARNING - 2024-04-05 16:26:30 --> [DEPRECATED] Creation of dynamic property App\Controllers\Admin\ManagerController::$TertiarymModel is deprecated in APPPATH\Controllers\Admin\ManagerController.php on line 24.
 1 SYSTEMPATH\CodeIgniter.php(913): App\Controllers\Admin\ManagerController->__construct()
 2 SYSTEMPATH\CodeIgniter.php(493): CodeIgniter\CodeIgniter->createController()
 3 SYSTEMPATH\CodeIgniter.php(361): CodeIgniter\CodeIgniter->handleRequest(null, Object(Config\Cache), false)
 4 FCPATH\index.php(79): CodeIgniter\CodeIgniter->run()
 5 SYSTEMPATH\Commands\Server\rewrite.php(47): require_once('C:\\xampp\\htdocs\\Adwalls\\public\\index.php')
INFO - 2024-04-05 16:26:30 --> Session: Class initialized using 'CodeIgniter\Session\Handlers\FileHandler' driver.
WARNING - 2024-04-05 16:26:54 --> [DEPRECATED] Creation of dynamic property App\Controllers\Admin\ManagerController::$ManagerModel is deprecated in APPPATH\Controllers\Admin\ManagerController.php on line 23.
 1 SYSTEMPATH\CodeIgniter.php(913): App\Controllers\Admin\ManagerController->__construct()
 2 SYSTEMPATH\CodeIgniter.php(493): CodeIgniter\CodeIgniter->createController()
 3 SYSTEMPATH\CodeIgniter.php(361): CodeIgniter\CodeIgniter->handleRequest(null, Object(Config\Cache), false)
 4 FCPATH\index.php(79): CodeIgniter\CodeIgniter->run()
 5 SYSTEMPATH\Commands\Server\rewrite.php(47): require_once('C:\\xampp\\htdocs\\Adwalls\\public\\index.php')
WARNING - 2024-04-05 16:26:54 --> [DEPRECATED] Creation of dynamic property App\Controllers\Admin\ManagerController::$TertiarymModel is deprecated in APPPATH\Controllers\Admin\ManagerController.php on line 24.
 1 SYSTEMPATH\CodeIgniter.php(913): App\Controllers\Admin\ManagerController->__construct()
 2 SYSTEMPATH\CodeIgniter.php(493): CodeIgniter\CodeIgniter->createController()
 3 SYSTEMPATH\CodeIgniter.php(361): CodeIgniter\CodeIgniter->handleRequest(null, Object(Config\Cache), false)
 4 FCPATH\index.php(79): CodeIgniter\CodeIgniter->run()
 5 SYSTEMPATH\Commands\Server\rewrite.php(47): require_once('C:\\xampp\\htdocs\\Adwalls\\public\\index.php')
INFO - 2024-04-05 16:26:54 --> Session: Class initialized using 'CodeIgniter\Session\Handlers\FileHandler' driver.
WARNING - 2024-04-05 16:26:56 --> [DEPRECATED] Creation of dynamic property App\Controllers\Admin\ManagerController::$ManagerModel is deprecated in APPPATH\Controllers\Admin\ManagerController.php on line 23.
 1 SYSTEMPATH\CodeIgniter.php(913): App\Controllers\Admin\ManagerController->__construct()
 2 SYSTEMPATH\CodeIgniter.php(493): CodeIgniter\CodeIgniter->createController()
 3 SYSTEMPATH\CodeIgniter.php(361): CodeIgniter\CodeIgniter->handleRequest(null, Object(Config\Cache), false)
 4 FCPATH\index.php(79): CodeIgniter\CodeIgniter->run()
 5 SYSTEMPATH\Commands\Server\rewrite.php(47): require_once('C:\\xampp\\htdocs\\Adwalls\\public\\index.php')
WARNING - 2024-04-05 16:26:56 --> [DEPRECATED] Creation of dynamic property App\Controllers\Admin\ManagerController::$TertiarymModel is deprecated in APPPATH\Controllers\Admin\ManagerController.php on line 24.
 1 SYSTEMPATH\CodeIgniter.php(913): App\Controllers\Admin\ManagerController->__construct()
 2 SYSTEMPATH\CodeIgniter.php(493): CodeIgniter\CodeIgniter->createController()
 3 SYSTEMPATH\CodeIgniter.php(361): CodeIgniter\CodeIgniter->handleRequest(null, Object(Config\Cache), false)
 4 FCPATH\index.php(79): CodeIgniter\CodeIgniter->run()
 5 SYSTEMPATH\Commands\Server\rewrite.php(47): require_once('C:\\xampp\\htdocs\\Adwalls\\public\\index.php')
INFO - 2024-04-05 16:26:56 --> Session: Class initialized using 'CodeIgniter\Session\Handlers\FileHandler' driver.
WARNING - 2024-04-05 16:26:58 --> [DEPRECATED] Creation of dynamic property App\Controllers\Admin\ManagerController::$ManagerModel is deprecated in APPPATH\Controllers\Admin\ManagerController.php on line 23.
 1 SYSTEMPATH\CodeIgniter.php(913): App\Controllers\Admin\ManagerController->__construct()
 2 SYSTEMPATH\CodeIgniter.php(493): CodeIgniter\CodeIgniter->createController()
 3 SYSTEMPATH\CodeIgniter.php(361): CodeIgniter\CodeIgniter->handleRequest(null, Object(Config\Cache), false)
 4 FCPATH\index.php(79): CodeIgniter\CodeIgniter->run()
 5 SYSTEMPATH\Commands\Server\rewrite.php(47): require_once('C:\\xampp\\htdocs\\Adwalls\\public\\index.php')
WARNING - 2024-04-05 16:26:58 --> [DEPRECATED] Creation of dynamic property App\Controllers\Admin\ManagerController::$TertiarymModel is deprecated in APPPATH\Controllers\Admin\ManagerController.php on line 24.
 1 SYSTEMPATH\CodeIgniter.php(913): App\Controllers\Admin\ManagerController->__construct()
 2 SYSTEMPATH\CodeIgniter.php(493): CodeIgniter\CodeIgniter->createController()
 3 SYSTEMPATH\CodeIgniter.php(361): CodeIgniter\CodeIgniter->handleRequest(null, Object(Config\Cache), false)
 4 FCPATH\index.php(79): CodeIgniter\CodeIgniter->run()
 5 SYSTEMPATH\Commands\Server\rewrite.php(47): require_once('C:\\xampp\\htdocs\\Adwalls\\public\\index.php')
INFO - 2024-04-05 16:26:58 --> Session: Class initialized using 'CodeIgniter\Session\Handlers\FileHandler' driver.
WARNING - 2024-04-05 16:26:59 --> [DEPRECATED] Creation of dynamic property App\Controllers\Admin\ManagerController::$ManagerModel is deprecated in APPPATH\Controllers\Admin\ManagerController.php on line 23.
 1 SYSTEMPATH\CodeIgniter.php(913): App\Controllers\Admin\ManagerController->__construct()
 2 SYSTEMPATH\CodeIgniter.php(493): CodeIgniter\CodeIgniter->createController()
 3 SYSTEMPATH\CodeIgniter.php(361): CodeIgniter\CodeIgniter->handleRequest(null, Object(Config\Cache), false)
 4 FCPATH\index.php(79): CodeIgniter\CodeIgniter->run()
 5 SYSTEMPATH\Commands\Server\rewrite.php(47): require_once('C:\\xampp\\htdocs\\Adwalls\\public\\index.php')
WARNING - 2024-04-05 16:26:59 --> [DEPRECATED] Creation of dynamic property App\Controllers\Admin\ManagerController::$TertiarymModel is deprecated in APPPATH\Controllers\Admin\ManagerController.php on line 24.
 1 SYSTEMPATH\CodeIgniter.php(913): App\Controllers\Admin\ManagerController->__construct()
 2 SYSTEMPATH\CodeIgniter.php(493): CodeIgniter\CodeIgniter->createController()
 3 SYSTEMPATH\CodeIgniter.php(361): CodeIgniter\CodeIgniter->handleRequest(null, Object(Config\Cache), false)
 4 FCPATH\index.php(79): CodeIgniter\CodeIgniter->run()
 5 SYSTEMPATH\Commands\Server\rewrite.php(47): require_once('C:\\xampp\\htdocs\\Adwalls\\public\\index.php')
INFO - 2024-04-05 16:26:59 --> Session: Class initialized using 'CodeIgniter\Session\Handlers\FileHandler' driver.
WARNING - 2024-04-05 16:27:01 --> [DEPRECATED] Creation of dynamic property App\Controllers\Admin\ManagerController::$ManagerModel is deprecated in APPPATH\Controllers\Admin\ManagerController.php on line 23.
 1 SYSTEMPATH\CodeIgniter.php(913): App\Controllers\Admin\ManagerController->__construct()
 2 SYSTEMPATH\CodeIgniter.php(493): CodeIgniter\CodeIgniter->createController()
 3 SYSTEMPATH\CodeIgniter.php(361): CodeIgniter\CodeIgniter->handleRequest(null, Object(Config\Cache), false)
 4 FCPATH\index.php(79): CodeIgniter\CodeIgniter->run()
 5 SYSTEMPATH\Commands\Server\rewrite.php(47): require_once('C:\\xampp\\htdocs\\Adwalls\\public\\index.php')
WARNING - 2024-04-05 16:27:01 --> [DEPRECATED] Creation of dynamic property App\Controllers\Admin\ManagerController::$TertiarymModel is deprecated in APPPATH\Controllers\Admin\ManagerController.php on line 24.
 1 SYSTEMPATH\CodeIgniter.php(913): App\Controllers\Admin\ManagerController->__construct()
 2 SYSTEMPATH\CodeIgniter.php(493): CodeIgniter\CodeIgniter->createController()
 3 SYSTEMPATH\CodeIgniter.php(361): CodeIgniter\CodeIgniter->handleRequest(null, Object(Config\Cache), false)
 4 FCPATH\index.php(79): CodeIgniter\CodeIgniter->run()
 5 SYSTEMPATH\Commands\Server\rewrite.php(47): require_once('C:\\xampp\\htdocs\\Adwalls\\public\\index.php')
INFO - 2024-04-05 16:27:01 --> Session: Class initialized using 'CodeIgniter\Session\Handlers\FileHandler' driver.
WARNING - 2024-04-05 16:27:02 --> [DEPRECATED] Creation of dynamic property App\Controllers\Admin\ManagerController::$ManagerModel is deprecated in APPPATH\Controllers\Admin\ManagerController.php on line 23.
 1 SYSTEMPATH\CodeIgniter.php(913): App\Controllers\Admin\ManagerController->__construct()
 2 SYSTEMPATH\CodeIgniter.php(493): CodeIgniter\CodeIgniter->createController()
 3 SYSTEMPATH\CodeIgniter.php(361): CodeIgniter\CodeIgniter->handleRequest(null, Object(Config\Cache), false)
 4 FCPATH\index.php(79): CodeIgniter\CodeIgniter->run()
 5 SYSTEMPATH\Commands\Server\rewrite.php(47): require_once('C:\\xampp\\htdocs\\Adwalls\\public\\index.php')
WARNING - 2024-04-05 16:27:02 --> [DEPRECATED] Creation of dynamic property App\Controllers\Admin\ManagerController::$TertiarymModel is deprecated in APPPATH\Controllers\Admin\ManagerController.php on line 24.
 1 SYSTEMPATH\CodeIgniter.php(913): App\Controllers\Admin\ManagerController->__construct()
 2 SYSTEMPATH\CodeIgniter.php(493): CodeIgniter\CodeIgniter->createController()
 3 SYSTEMPATH\CodeIgniter.php(361): CodeIgniter\CodeIgniter->handleRequest(null, Object(Config\Cache), false)
 4 FCPATH\index.php(79): CodeIgniter\CodeIgniter->run()
 5 SYSTEMPATH\Commands\Server\rewrite.php(47): require_once('C:\\xampp\\htdocs\\Adwalls\\public\\index.php')
INFO - 2024-04-05 16:27:02 --> Session: Class initialized using 'CodeIgniter\Session\Handlers\FileHandler' driver.
WARNING - 2024-04-05 16:27:04 --> [DEPRECATED] Creation of dynamic property App\Controllers\Admin\ManagerController::$ManagerModel is deprecated in APPPATH\Controllers\Admin\ManagerController.php on line 23.
 1 SYSTEMPATH\CodeIgniter.php(913): App\Controllers\Admin\ManagerController->__construct()
 2 SYSTEMPATH\CodeIgniter.php(493): CodeIgniter\CodeIgniter->createController()
 3 SYSTEMPATH\CodeIgniter.php(361): CodeIgniter\CodeIgniter->handleRequest(null, Object(Config\Cache), false)
 4 FCPATH\index.php(79): CodeIgniter\CodeIgniter->run()
 5 SYSTEMPATH\Commands\Server\rewrite.php(47): require_once('C:\\xampp\\htdocs\\Adwalls\\public\\index.php')
WARNING - 2024-04-05 16:27:04 --> [DEPRECATED] Creation of dynamic property App\Controllers\Admin\ManagerController::$TertiarymModel is deprecated in APPPATH\Controllers\Admin\ManagerController.php on line 24.
 1 SYSTEMPATH\CodeIgniter.php(913): App\Controllers\Admin\ManagerController->__construct()
 2 SYSTEMPATH\CodeIgniter.php(493): CodeIgniter\CodeIgniter->createController()
 3 SYSTEMPATH\CodeIgniter.php(361): CodeIgniter\CodeIgniter->handleRequest(null, Object(Config\Cache), false)
 4 FCPATH\index.php(79): CodeIgniter\CodeIgniter->run()
 5 SYSTEMPATH\Commands\Server\rewrite.php(47): require_once('C:\\xampp\\htdocs\\Adwalls\\public\\index.php')
INFO - 2024-04-05 16:27:04 --> Session: Class initialized using 'CodeIgniter\Session\Handlers\FileHandler' driver.
