CRITICAL - 2024-01-31 04:27:10 --> ErrorException: Undefined variable $pback
in APPPATH\Controllers\ApplicationController.php on line 44.
 1 APPPATH\Controllers\ApplicationController.php(44): CodeIgniter\Debug\Exceptions->errorHandler(2, 'Undefined variable $pback', 'C:\\xampp\\htdocs\\Addwalls\\app\\Controllers\\ApplicationController.php', 44)
 2 SYSTEMPATH\CodeIgniter.php(941): App\Controllers\ApplicationController->save()
 3 SYSTEMPATH\CodeIgniter.php(502): CodeIgniter\CodeIgniter->runController(Object(App\Controllers\ApplicationController))
 4 SYSTEMPATH\CodeIgniter.php(361): CodeIgniter\CodeIgniter->handleRequest(null, Object(Config\Cache), false)
 5 FCPATH\index.php(79): CodeIgniter\CodeIgniter->run()
 6 SYSTEMPATH\Commands\Server\rewrite.php(47): require_once('C:\\xampp\\htdocs\\Addwalls\\public\\index.php')
INFO - 2024-01-31 04:28:02 --> Session: Class initialized using 'CodeIgniter\Session\Handlers\FileHandler' driver.
CRITICAL - 2024-01-31 04:28:02 --> ErrorException: Undefined variable $apps
in APPPATH\Views\Admin\Applications.php on line 66.
 1 APPPATH\Views\Admin\Applications.php(66): CodeIgniter\Debug\Exceptions->errorHandler(2, 'Undefined variable $apps', 'C:\\xampp\\htdocs\\Addwalls\\app\\Views\\Admin\\Applications.php', 66)
 2 SYSTEMPATH\View\View.php(228): include('C:\\xampp\\htdocs\\Addwalls\\app\\Views\\Admin\\Applications.php')
 3 SYSTEMPATH\View\View.php(231): CodeIgniter\View\View->CodeIgniter\View\{closure}()
 4 SYSTEMPATH\Common.php(1178): CodeIgniter\View\View->render('Admin/Applications', [], true)
 5 APPPATH\Controllers\ApplicationController.php(81): view('Admin/Applications', [...])
 6 SYSTEMPATH\CodeIgniter.php(941): App\Controllers\ApplicationController->save()
 7 SYSTEMPATH\CodeIgniter.php(502): CodeIgniter\CodeIgniter->runController(Object(App\Controllers\ApplicationController))
 8 SYSTEMPATH\CodeIgniter.php(361): CodeIgniter\CodeIgniter->handleRequest(null, Object(Config\Cache), false)
 9 FCPATH\index.php(79): CodeIgniter\CodeIgniter->run()
10 SYSTEMPATH\Commands\Server\rewrite.php(47): require_once('C:\\xampp\\htdocs\\Addwalls\\public\\index.php')
INFO - 2024-01-31 04:29:14 --> Session: Class initialized using 'CodeIgniter\Session\Handlers\FileHandler' driver.
INFO - 2024-01-31 04:55:56 --> Session: Class initialized using 'CodeIgniter\Session\Handlers\FileHandler' driver.
INFO - 2024-01-31 04:56:01 --> Session: Class initialized using 'CodeIgniter\Session\Handlers\FileHandler' driver.
CRITICAL - 2024-01-31 04:56:01 --> ErrorException: Undefined array key "P_id"
in APPPATH\Views\Admin\ViewApps.php on line 28.
 1 APPPATH\Views\Admin\ViewApps.php(28): CodeIgniter\Debug\Exceptions->errorHandler(2, 'Undefined array key "P_id"', 'C:\\xampp\\htdocs\\Addwalls\\app\\Views\\Admin\\ViewApps.php', 28)
 2 SYSTEMPATH\View\View.php(228): include('C:\\xampp\\htdocs\\Addwalls\\app\\Views\\Admin\\ViewApps.php')
 3 SYSTEMPATH\View\View.php(231): CodeIgniter\View\View->CodeIgniter\View\{closure}()
 4 SYSTEMPATH\Common.php(1178): CodeIgniter\View\View->render('Admin/viewApps', [], true)
 5 APPPATH\Controllers\ApplicationController.php(93): view('Admin/viewApps', [...])
 6 SYSTEMPATH\CodeIgniter.php(941): App\Controllers\ApplicationController->view('1')
 7 SYSTEMPATH\CodeIgniter.php(502): CodeIgniter\CodeIgniter->runController(Object(App\Controllers\ApplicationController))
 8 SYSTEMPATH\CodeIgniter.php(361): CodeIgniter\CodeIgniter->handleRequest(null, Object(Config\Cache), false)
 9 FCPATH\index.php(79): CodeIgniter\CodeIgniter->run()
10 SYSTEMPATH\Commands\Server\rewrite.php(47): require_once('C:\\xampp\\htdocs\\Addwalls\\public\\index.php')
INFO - 2024-01-31 05:02:03 --> Session: Class initialized using 'CodeIgniter\Session\Handlers\FileHandler' driver.
CRITICAL - 2024-01-31 05:02:03 --> ErrorException: Undefined array key "BP"
in APPPATH\Views\Admin\ViewApps.php on line 99.
 1 APPPATH\Views\Admin\ViewApps.php(99): CodeIgniter\Debug\Exceptions->errorHandler(2, 'Undefined array key "BP"', 'C:\\xampp\\htdocs\\Addwalls\\app\\Views\\Admin\\ViewApps.php', 99)
 2 SYSTEMPATH\View\View.php(228): include('C:\\xampp\\htdocs\\Addwalls\\app\\Views\\Admin\\ViewApps.php')
 3 SYSTEMPATH\View\View.php(231): CodeIgniter\View\View->CodeIgniter\View\{closure}()
 4 SYSTEMPATH\Common.php(1178): CodeIgniter\View\View->render('Admin/viewApps', [], true)
 5 APPPATH\Controllers\ApplicationController.php(93): view('Admin/viewApps', [...])
 6 SYSTEMPATH\CodeIgniter.php(941): App\Controllers\ApplicationController->view('8')
 7 SYSTEMPATH\CodeIgniter.php(502): CodeIgniter\CodeIgniter->runController(Object(App\Controllers\ApplicationController))
 8 SYSTEMPATH\CodeIgniter.php(361): CodeIgniter\CodeIgniter->handleRequest(null, Object(Config\Cache), false)
 9 FCPATH\index.php(79): CodeIgniter\CodeIgniter->run()
10 SYSTEMPATH\Commands\Server\rewrite.php(47): require_once('C:\\xampp\\htdocs\\Addwalls\\public\\index.php')
INFO - 2024-01-31 05:09:07 --> Session: Class initialized using 'CodeIgniter\Session\Handlers\FileHandler' driver.
CRITICAL - 2024-01-31 05:09:07 --> ErrorException: Undefined array key "History"
in APPPATH\Views\Admin\ViewApps.php on line 131.
 1 APPPATH\Views\Admin\ViewApps.php(131): CodeIgniter\Debug\Exceptions->errorHandler(2, 'Undefined array key "History"', 'C:\\xampp\\htdocs\\Addwalls\\app\\Views\\Admin\\ViewApps.php', 131)
 2 SYSTEMPATH\View\View.php(228): include('C:\\xampp\\htdocs\\Addwalls\\app\\Views\\Admin\\ViewApps.php')
 3 SYSTEMPATH\View\View.php(231): CodeIgniter\View\View->CodeIgniter\View\{closure}()
 4 SYSTEMPATH\Common.php(1178): CodeIgniter\View\View->render('Admin/viewApps', [], true)
 5 APPPATH\Controllers\ApplicationController.php(93): view('Admin/viewApps', [...])
 6 SYSTEMPATH\CodeIgniter.php(941): App\Controllers\ApplicationController->view('8')
 7 SYSTEMPATH\CodeIgniter.php(502): CodeIgniter\CodeIgniter->runController(Object(App\Controllers\ApplicationController))
 8 SYSTEMPATH\CodeIgniter.php(361): CodeIgniter\CodeIgniter->handleRequest(null, Object(Config\Cache), false)
 9 FCPATH\index.php(79): CodeIgniter\CodeIgniter->run()
10 SYSTEMPATH\Commands\Server\rewrite.php(47): require_once('C:\\xampp\\htdocs\\Addwalls\\public\\index.php')
INFO - 2024-01-31 05:09:37 --> Session: Class initialized using 'CodeIgniter\Session\Handlers\FileHandler' driver.
INFO - 2024-01-31 05:09:39 --> Session: Class initialized using 'CodeIgniter\Session\Handlers\FileHandler' driver.
CRITICAL - 2024-01-31 05:09:39 --> ErrorException: Trying to access array offset on value of type null
in APPPATH\Views\Admin\ViewApps.php on line 42.
 1 APPPATH\Views\Admin\ViewApps.php(42): CodeIgniter\Debug\Exceptions->errorHandler(2, 'Trying to access array offset on value of type null', 'C:\\xampp\\htdocs\\Addwalls\\app\\Views\\Admin\\ViewApps.php', 42)
 2 SYSTEMPATH\View\View.php(228): include('C:\\xampp\\htdocs\\Addwalls\\app\\Views\\Admin\\ViewApps.php')
 3 SYSTEMPATH\View\View.php(231): CodeIgniter\View\View->CodeIgniter\View\{closure}()
 4 SYSTEMPATH\Common.php(1178): CodeIgniter\View\View->render('Admin/viewApps', [], true)
 5 APPPATH\Controllers\ApplicationController.php(93): view('Admin/viewApps', [...])
 6 SYSTEMPATH\CodeIgniter.php(941): App\Controllers\ApplicationController->view('assets', 'img', 'favicon.ico')
 7 SYSTEMPATH\CodeIgniter.php(502): CodeIgniter\CodeIgniter->runController(Object(App\Controllers\ApplicationController))
 8 SYSTEMPATH\CodeIgniter.php(361): CodeIgniter\CodeIgniter->handleRequest(null, Object(Config\Cache), false)
 9 FCPATH\index.php(79): CodeIgniter\CodeIgniter->run()
10 SYSTEMPATH\Commands\Server\rewrite.php(47): require_once('C:\\xampp\\htdocs\\Addwalls\\public\\index.php')
INFO - 2024-01-31 05:13:17 --> Session: Class initialized using 'CodeIgniter\Session\Handlers\FileHandler' driver.
CRITICAL - 2024-01-31 05:13:17 --> ErrorException: Undefined array key "History"
in APPPATH\Views\Admin\ViewApps.php on line 147.
 1 APPPATH\Views\Admin\ViewApps.php(147): CodeIgniter\Debug\Exceptions->errorHandler(2, 'Undefined array key "History"', 'C:\\xampp\\htdocs\\Addwalls\\app\\Views\\Admin\\ViewApps.php', 147)
 2 SYSTEMPATH\View\View.php(228): include('C:\\xampp\\htdocs\\Addwalls\\app\\Views\\Admin\\ViewApps.php')
 3 SYSTEMPATH\View\View.php(231): CodeIgniter\View\View->CodeIgniter\View\{closure}()
 4 SYSTEMPATH\Common.php(1178): CodeIgniter\View\View->render('Admin/viewApps', [], true)
 5 APPPATH\Controllers\ApplicationController.php(93): view('Admin/viewApps', [...])
 6 SYSTEMPATH\CodeIgniter.php(941): App\Controllers\ApplicationController->view('9')
 7 SYSTEMPATH\CodeIgniter.php(502): CodeIgniter\CodeIgniter->runController(Object(App\Controllers\ApplicationController))
 8 SYSTEMPATH\CodeIgniter.php(361): CodeIgniter\CodeIgniter->handleRequest(null, Object(Config\Cache), false)
 9 FCPATH\index.php(79): CodeIgniter\CodeIgniter->run()
10 SYSTEMPATH\Commands\Server\rewrite.php(47): require_once('C:\\xampp\\htdocs\\Addwalls\\public\\index.php')
INFO - 2024-01-31 05:15:04 --> Session: Class initialized using 'CodeIgniter\Session\Handlers\FileHandler' driver.
INFO - 2024-01-31 05:15:05 --> Session: Class initialized using 'CodeIgniter\Session\Handlers\FileHandler' driver.
CRITICAL - 2024-01-31 05:15:05 --> ErrorException: Trying to access array offset on value of type null
in APPPATH\Views\Admin\ViewApps.php on line 42.
 1 APPPATH\Views\Admin\ViewApps.php(42): CodeIgniter\Debug\Exceptions->errorHandler(2, 'Trying to access array offset on value of type null', 'C:\\xampp\\htdocs\\Addwalls\\app\\Views\\Admin\\ViewApps.php', 42)
 2 SYSTEMPATH\View\View.php(228): include('C:\\xampp\\htdocs\\Addwalls\\app\\Views\\Admin\\ViewApps.php')
 3 SYSTEMPATH\View\View.php(231): CodeIgniter\View\View->CodeIgniter\View\{closure}()
 4 SYSTEMPATH\Common.php(1178): CodeIgniter\View\View->render('Admin/viewApps', [], true)
 5 APPPATH\Controllers\ApplicationController.php(93): view('Admin/viewApps', [...])
 6 SYSTEMPATH\CodeIgniter.php(941): App\Controllers\ApplicationController->view('assets', 'img', 'favicon.ico')
 7 SYSTEMPATH\CodeIgniter.php(502): CodeIgniter\CodeIgniter->runController(Object(App\Controllers\ApplicationController))
 8 SYSTEMPATH\CodeIgniter.php(361): CodeIgniter\CodeIgniter->handleRequest(null, Object(Config\Cache), false)
 9 FCPATH\index.php(79): CodeIgniter\CodeIgniter->run()
10 SYSTEMPATH\Commands\Server\rewrite.php(47): require_once('C:\\xampp\\htdocs\\Addwalls\\public\\index.php')
INFO - 2024-01-31 05:17:02 --> Session: Class initialized using 'CodeIgniter\Session\Handlers\FileHandler' driver.
INFO - 2024-01-31 05:17:02 --> Session: Class initialized using 'CodeIgniter\Session\Handlers\FileHandler' driver.
CRITICAL - 2024-01-31 05:17:02 --> ErrorException: Trying to access array offset on value of type null
in APPPATH\Views\Admin\ViewApps.php on line 42.
 1 APPPATH\Views\Admin\ViewApps.php(42): CodeIgniter\Debug\Exceptions->errorHandler(2, 'Trying to access array offset on value of type null', 'C:\\xampp\\htdocs\\Addwalls\\app\\Views\\Admin\\ViewApps.php', 42)
 2 SYSTEMPATH\View\View.php(228): include('C:\\xampp\\htdocs\\Addwalls\\app\\Views\\Admin\\ViewApps.php')
 3 SYSTEMPATH\View\View.php(231): CodeIgniter\View\View->CodeIgniter\View\{closure}()
 4 SYSTEMPATH\Common.php(1178): CodeIgniter\View\View->render('Admin/viewApps', [], true)
 5 APPPATH\Controllers\ApplicationController.php(93): view('Admin/viewApps', [...])
 6 SYSTEMPATH\CodeIgniter.php(941): App\Controllers\ApplicationController->view('assets', 'img', 'favicon.ico')
 7 SYSTEMPATH\CodeIgniter.php(502): CodeIgniter\CodeIgniter->runController(Object(App\Controllers\ApplicationController))
 8 SYSTEMPATH\CodeIgniter.php(361): CodeIgniter\CodeIgniter->handleRequest(null, Object(Config\Cache), false)
 9 FCPATH\index.php(79): CodeIgniter\CodeIgniter->run()
10 SYSTEMPATH\Commands\Server\rewrite.php(47): require_once('C:\\xampp\\htdocs\\Addwalls\\public\\index.php')
INFO - 2024-01-31 05:17:30 --> Session: Class initialized using 'CodeIgniter\Session\Handlers\FileHandler' driver.
INFO - 2024-01-31 05:17:31 --> Session: Class initialized using 'CodeIgniter\Session\Handlers\FileHandler' driver.
CRITICAL - 2024-01-31 05:17:31 --> ErrorException: Trying to access array offset on value of type null
in APPPATH\Views\Admin\ViewApps.php on line 42.
 1 APPPATH\Views\Admin\ViewApps.php(42): CodeIgniter\Debug\Exceptions->errorHandler(2, 'Trying to access array offset on value of type null', 'C:\\xampp\\htdocs\\Addwalls\\app\\Views\\Admin\\ViewApps.php', 42)
 2 SYSTEMPATH\View\View.php(228): include('C:\\xampp\\htdocs\\Addwalls\\app\\Views\\Admin\\ViewApps.php')
 3 SYSTEMPATH\View\View.php(231): CodeIgniter\View\View->CodeIgniter\View\{closure}()
 4 SYSTEMPATH\Common.php(1178): CodeIgniter\View\View->render('Admin/viewApps', [], true)
 5 APPPATH\Controllers\ApplicationController.php(93): view('Admin/viewApps', [...])
 6 SYSTEMPATH\CodeIgniter.php(941): App\Controllers\ApplicationController->view('assets', 'img', 'favicon.ico')
 7 SYSTEMPATH\CodeIgniter.php(502): CodeIgniter\CodeIgniter->runController(Object(App\Controllers\ApplicationController))
 8 SYSTEMPATH\CodeIgniter.php(361): CodeIgniter\CodeIgniter->handleRequest(null, Object(Config\Cache), false)
 9 FCPATH\index.php(79): CodeIgniter\CodeIgniter->run()
10 SYSTEMPATH\Commands\Server\rewrite.php(47): require_once('C:\\xampp\\htdocs\\Addwalls\\public\\index.php')
INFO - 2024-01-31 05:18:48 --> Session: Class initialized using 'CodeIgniter\Session\Handlers\FileHandler' driver.
INFO - 2024-01-31 05:18:49 --> Session: Class initialized using 'CodeIgniter\Session\Handlers\FileHandler' driver.
CRITICAL - 2024-01-31 05:18:49 --> ErrorException: Trying to access array offset on value of type null
in APPPATH\Views\Admin\ViewApps.php on line 42.
 1 APPPATH\Views\Admin\ViewApps.php(42): CodeIgniter\Debug\Exceptions->errorHandler(2, 'Trying to access array offset on value of type null', 'C:\\xampp\\htdocs\\Addwalls\\app\\Views\\Admin\\ViewApps.php', 42)
 2 SYSTEMPATH\View\View.php(228): include('C:\\xampp\\htdocs\\Addwalls\\app\\Views\\Admin\\ViewApps.php')
 3 SYSTEMPATH\View\View.php(231): CodeIgniter\View\View->CodeIgniter\View\{closure}()
 4 SYSTEMPATH\Common.php(1178): CodeIgniter\View\View->render('Admin/viewApps', [], true)
 5 APPPATH\Controllers\ApplicationController.php(93): view('Admin/viewApps', [...])
 6 SYSTEMPATH\CodeIgniter.php(941): App\Controllers\ApplicationController->view('assets', 'img', 'favicon.ico')
 7 SYSTEMPATH\CodeIgniter.php(502): CodeIgniter\CodeIgniter->runController(Object(App\Controllers\ApplicationController))
 8 SYSTEMPATH\CodeIgniter.php(361): CodeIgniter\CodeIgniter->handleRequest(null, Object(Config\Cache), false)
 9 FCPATH\index.php(79): CodeIgniter\CodeIgniter->run()
10 SYSTEMPATH\Commands\Server\rewrite.php(47): require_once('C:\\xampp\\htdocs\\Addwalls\\public\\index.php')
INFO - 2024-01-31 05:19:33 --> Session: Class initialized using 'CodeIgniter\Session\Handlers\FileHandler' driver.
INFO - 2024-01-31 05:19:34 --> Session: Class initialized using 'CodeIgniter\Session\Handlers\FileHandler' driver.
CRITICAL - 2024-01-31 05:19:34 --> ErrorException: Trying to access array offset on value of type null
in APPPATH\Views\Admin\ViewApps.php on line 42.
 1 APPPATH\Views\Admin\ViewApps.php(42): CodeIgniter\Debug\Exceptions->errorHandler(2, 'Trying to access array offset on value of type null', 'C:\\xampp\\htdocs\\Addwalls\\app\\Views\\Admin\\ViewApps.php', 42)
 2 SYSTEMPATH\View\View.php(228): include('C:\\xampp\\htdocs\\Addwalls\\app\\Views\\Admin\\ViewApps.php')
 3 SYSTEMPATH\View\View.php(231): CodeIgniter\View\View->CodeIgniter\View\{closure}()
 4 SYSTEMPATH\Common.php(1178): CodeIgniter\View\View->render('Admin/viewApps', [], true)
 5 APPPATH\Controllers\ApplicationController.php(93): view('Admin/viewApps', [...])
 6 SYSTEMPATH\CodeIgniter.php(941): App\Controllers\ApplicationController->view('assets', 'img', 'favicon.ico')
 7 SYSTEMPATH\CodeIgniter.php(502): CodeIgniter\CodeIgniter->runController(Object(App\Controllers\ApplicationController))
 8 SYSTEMPATH\CodeIgniter.php(361): CodeIgniter\CodeIgniter->handleRequest(null, Object(Config\Cache), false)
 9 FCPATH\index.php(79): CodeIgniter\CodeIgniter->run()
10 SYSTEMPATH\Commands\Server\rewrite.php(47): require_once('C:\\xampp\\htdocs\\Addwalls\\public\\index.php')
INFO - 2024-01-31 05:27:41 --> Session: Class initialized using 'CodeIgniter\Session\Handlers\FileHandler' driver.
INFO - 2024-01-31 05:39:30 --> Session: Class initialized using 'CodeIgniter\Session\Handlers\FileHandler' driver.
INFO - 2024-01-31 05:39:34 --> Session: Class initialized using 'CodeIgniter\Session\Handlers\FileHandler' driver.
INFO - 2024-01-31 05:39:35 --> Session: Class initialized using 'CodeIgniter\Session\Handlers\FileHandler' driver.
CRITICAL - 2024-01-31 05:39:35 --> ErrorException: Trying to access array offset on value of type null
in APPPATH\Views\Admin\ViewApps.php on line 42.
 1 APPPATH\Views\Admin\ViewApps.php(42): CodeIgniter\Debug\Exceptions->errorHandler(2, 'Trying to access array offset on value of type null', 'C:\\xampp\\htdocs\\Addwalls\\app\\Views\\Admin\\ViewApps.php', 42)
 2 SYSTEMPATH\View\View.php(228): include('C:\\xampp\\htdocs\\Addwalls\\app\\Views\\Admin\\ViewApps.php')
 3 SYSTEMPATH\View\View.php(231): CodeIgniter\View\View->CodeIgniter\View\{closure}()
 4 SYSTEMPATH\Common.php(1178): CodeIgniter\View\View->render('Admin/viewApps', [], true)
 5 APPPATH\Controllers\ApplicationController.php(95): view('Admin/viewApps', [...])
 6 SYSTEMPATH\CodeIgniter.php(941): App\Controllers\ApplicationController->view('assets', 'img', 'favicon.ico')
 7 SYSTEMPATH\CodeIgniter.php(502): CodeIgniter\CodeIgniter->runController(Object(App\Controllers\ApplicationController))
 8 SYSTEMPATH\CodeIgniter.php(361): CodeIgniter\CodeIgniter->handleRequest(null, Object(Config\Cache), false)
 9 FCPATH\index.php(79): CodeIgniter\CodeIgniter->run()
10 SYSTEMPATH\Commands\Server\rewrite.php(47): require_once('C:\\xampp\\htdocs\\Addwalls\\public\\index.php')
INFO - 2024-01-31 05:40:53 --> Session: Class initialized using 'CodeIgniter\Session\Handlers\FileHandler' driver.
INFO - 2024-01-31 05:40:54 --> Session: Class initialized using 'CodeIgniter\Session\Handlers\FileHandler' driver.
CRITICAL - 2024-01-31 05:40:54 --> ErrorException: Trying to access array offset on value of type null
in APPPATH\Views\Admin\ViewApps.php on line 42.
 1 APPPATH\Views\Admin\ViewApps.php(42): CodeIgniter\Debug\Exceptions->errorHandler(2, 'Trying to access array offset on value of type null', 'C:\\xampp\\htdocs\\Addwalls\\app\\Views\\Admin\\ViewApps.php', 42)
 2 SYSTEMPATH\View\View.php(228): include('C:\\xampp\\htdocs\\Addwalls\\app\\Views\\Admin\\ViewApps.php')
 3 SYSTEMPATH\View\View.php(231): CodeIgniter\View\View->CodeIgniter\View\{closure}()
 4 SYSTEMPATH\Common.php(1178): CodeIgniter\View\View->render('Admin/viewApps', [], true)
 5 APPPATH\Controllers\ApplicationController.php(95): view('Admin/viewApps', [...])
 6 SYSTEMPATH\CodeIgniter.php(941): App\Controllers\ApplicationController->view('assets', 'img', 'favicon.ico')
 7 SYSTEMPATH\CodeIgniter.php(502): CodeIgniter\CodeIgniter->runController(Object(App\Controllers\ApplicationController))
 8 SYSTEMPATH\CodeIgniter.php(361): CodeIgniter\CodeIgniter->handleRequest(null, Object(Config\Cache), false)
 9 FCPATH\index.php(79): CodeIgniter\CodeIgniter->run()
10 SYSTEMPATH\Commands\Server\rewrite.php(47): require_once('C:\\xampp\\htdocs\\Addwalls\\public\\index.php')
INFO - 2024-01-31 05:42:38 --> Session: Class initialized using 'CodeIgniter\Session\Handlers\FileHandler' driver.
INFO - 2024-01-31 05:42:39 --> Session: Class initialized using 'CodeIgniter\Session\Handlers\FileHandler' driver.
CRITICAL - 2024-01-31 05:42:39 --> ErrorException: Trying to access array offset on value of type null
in APPPATH\Views\Admin\ViewApps.php on line 42.
 1 APPPATH\Views\Admin\ViewApps.php(42): CodeIgniter\Debug\Exceptions->errorHandler(2, 'Trying to access array offset on value of type null', 'C:\\xampp\\htdocs\\Addwalls\\app\\Views\\Admin\\ViewApps.php', 42)
 2 SYSTEMPATH\View\View.php(228): include('C:\\xampp\\htdocs\\Addwalls\\app\\Views\\Admin\\ViewApps.php')
 3 SYSTEMPATH\View\View.php(231): CodeIgniter\View\View->CodeIgniter\View\{closure}()
 4 SYSTEMPATH\Common.php(1178): CodeIgniter\View\View->render('Admin/viewApps', [], true)
 5 APPPATH\Controllers\ApplicationController.php(95): view('Admin/viewApps', [...])
 6 SYSTEMPATH\CodeIgniter.php(941): App\Controllers\ApplicationController->view('assets', 'img', 'favicon.ico')
 7 SYSTEMPATH\CodeIgniter.php(502): CodeIgniter\CodeIgniter->runController(Object(App\Controllers\ApplicationController))
 8 SYSTEMPATH\CodeIgniter.php(361): CodeIgniter\CodeIgniter->handleRequest(null, Object(Config\Cache), false)
 9 FCPATH\index.php(79): CodeIgniter\CodeIgniter->run()
10 SYSTEMPATH\Commands\Server\rewrite.php(47): require_once('C:\\xampp\\htdocs\\Addwalls\\public\\index.php')
INFO - 2024-01-31 05:43:33 --> Session: Class initialized using 'CodeIgniter\Session\Handlers\FileHandler' driver.
INFO - 2024-01-31 05:43:34 --> Session: Class initialized using 'CodeIgniter\Session\Handlers\FileHandler' driver.
CRITICAL - 2024-01-31 05:43:34 --> ErrorException: Trying to access array offset on value of type null
in APPPATH\Views\Admin\ViewApps.php on line 42.
 1 APPPATH\Views\Admin\ViewApps.php(42): CodeIgniter\Debug\Exceptions->errorHandler(2, 'Trying to access array offset on value of type null', 'C:\\xampp\\htdocs\\Addwalls\\app\\Views\\Admin\\ViewApps.php', 42)
 2 SYSTEMPATH\View\View.php(228): include('C:\\xampp\\htdocs\\Addwalls\\app\\Views\\Admin\\ViewApps.php')
 3 SYSTEMPATH\View\View.php(231): CodeIgniter\View\View->CodeIgniter\View\{closure}()
 4 SYSTEMPATH\Common.php(1178): CodeIgniter\View\View->render('Admin/viewApps', [], true)
 5 APPPATH\Controllers\ApplicationController.php(95): view('Admin/viewApps', [...])
 6 SYSTEMPATH\CodeIgniter.php(941): App\Controllers\ApplicationController->view('assets', 'img', 'favicon.ico')
 7 SYSTEMPATH\CodeIgniter.php(502): CodeIgniter\CodeIgniter->runController(Object(App\Controllers\ApplicationController))
 8 SYSTEMPATH\CodeIgniter.php(361): CodeIgniter\CodeIgniter->handleRequest(null, Object(Config\Cache), false)
 9 FCPATH\index.php(79): CodeIgniter\CodeIgniter->run()
10 SYSTEMPATH\Commands\Server\rewrite.php(47): require_once('C:\\xampp\\htdocs\\Addwalls\\public\\index.php')
INFO - 2024-01-31 05:44:25 --> Session: Class initialized using 'CodeIgniter\Session\Handlers\FileHandler' driver.
INFO - 2024-01-31 05:44:26 --> Session: Class initialized using 'CodeIgniter\Session\Handlers\FileHandler' driver.
CRITICAL - 2024-01-31 05:44:26 --> ErrorException: Trying to access array offset on value of type null
in APPPATH\Views\Admin\ViewApps.php on line 42.
 1 APPPATH\Views\Admin\ViewApps.php(42): CodeIgniter\Debug\Exceptions->errorHandler(2, 'Trying to access array offset on value of type null', 'C:\\xampp\\htdocs\\Addwalls\\app\\Views\\Admin\\ViewApps.php', 42)
 2 SYSTEMPATH\View\View.php(228): include('C:\\xampp\\htdocs\\Addwalls\\app\\Views\\Admin\\ViewApps.php')
 3 SYSTEMPATH\View\View.php(231): CodeIgniter\View\View->CodeIgniter\View\{closure}()
 4 SYSTEMPATH\Common.php(1178): CodeIgniter\View\View->render('Admin/viewApps', [], true)
 5 APPPATH\Controllers\ApplicationController.php(95): view('Admin/viewApps', [...])
 6 SYSTEMPATH\CodeIgniter.php(941): App\Controllers\ApplicationController->view('assets', 'img', 'favicon.ico')
 7 SYSTEMPATH\CodeIgniter.php(502): CodeIgniter\CodeIgniter->runController(Object(App\Controllers\ApplicationController))
 8 SYSTEMPATH\CodeIgniter.php(361): CodeIgniter\CodeIgniter->handleRequest(null, Object(Config\Cache), false)
 9 FCPATH\index.php(79): CodeIgniter\CodeIgniter->run()
10 SYSTEMPATH\Commands\Server\rewrite.php(47): require_once('C:\\xampp\\htdocs\\Addwalls\\public\\index.php')
INFO - 2024-01-31 05:46:52 --> Session: Class initialized using 'CodeIgniter\Session\Handlers\FileHandler' driver.
INFO - 2024-01-31 05:46:52 --> Session: Class initialized using 'CodeIgniter\Session\Handlers\FileHandler' driver.
CRITICAL - 2024-01-31 05:46:52 --> ErrorException: Trying to access array offset on value of type null
in APPPATH\Views\Admin\ViewApps.php on line 42.
 1 APPPATH\Views\Admin\ViewApps.php(42): CodeIgniter\Debug\Exceptions->errorHandler(2, 'Trying to access array offset on value of type null', 'C:\\xampp\\htdocs\\Addwalls\\app\\Views\\Admin\\ViewApps.php', 42)
 2 SYSTEMPATH\View\View.php(228): include('C:\\xampp\\htdocs\\Addwalls\\app\\Views\\Admin\\ViewApps.php')
 3 SYSTEMPATH\View\View.php(231): CodeIgniter\View\View->CodeIgniter\View\{closure}()
 4 SYSTEMPATH\Common.php(1178): CodeIgniter\View\View->render('Admin/viewApps', [], true)
 5 APPPATH\Controllers\ApplicationController.php(95): view('Admin/viewApps', [...])
 6 SYSTEMPATH\CodeIgniter.php(941): App\Controllers\ApplicationController->view('assets', 'img', 'favicon.ico')
 7 SYSTEMPATH\CodeIgniter.php(502): CodeIgniter\CodeIgniter->runController(Object(App\Controllers\ApplicationController))
 8 SYSTEMPATH\CodeIgniter.php(361): CodeIgniter\CodeIgniter->handleRequest(null, Object(Config\Cache), false)
 9 FCPATH\index.php(79): CodeIgniter\CodeIgniter->run()
10 SYSTEMPATH\Commands\Server\rewrite.php(47): require_once('C:\\xampp\\htdocs\\Addwalls\\public\\index.php')
INFO - 2024-01-31 05:47:39 --> Session: Class initialized using 'CodeIgniter\Session\Handlers\FileHandler' driver.
INFO - 2024-01-31 05:47:40 --> Session: Class initialized using 'CodeIgniter\Session\Handlers\FileHandler' driver.
CRITICAL - 2024-01-31 05:47:40 --> ErrorException: Trying to access array offset on value of type null
in APPPATH\Views\Admin\ViewApps.php on line 42.
 1 APPPATH\Views\Admin\ViewApps.php(42): CodeIgniter\Debug\Exceptions->errorHandler(2, 'Trying to access array offset on value of type null', 'C:\\xampp\\htdocs\\Addwalls\\app\\Views\\Admin\\ViewApps.php', 42)
 2 SYSTEMPATH\View\View.php(228): include('C:\\xampp\\htdocs\\Addwalls\\app\\Views\\Admin\\ViewApps.php')
 3 SYSTEMPATH\View\View.php(231): CodeIgniter\View\View->CodeIgniter\View\{closure}()
 4 SYSTEMPATH\Common.php(1178): CodeIgniter\View\View->render('Admin/viewApps', [], true)
 5 APPPATH\Controllers\ApplicationController.php(95): view('Admin/viewApps', [...])
 6 SYSTEMPATH\CodeIgniter.php(941): App\Controllers\ApplicationController->view('assets', 'img', 'favicon.ico')
 7 SYSTEMPATH\CodeIgniter.php(502): CodeIgniter\CodeIgniter->runController(Object(App\Controllers\ApplicationController))
 8 SYSTEMPATH\CodeIgniter.php(361): CodeIgniter\CodeIgniter->handleRequest(null, Object(Config\Cache), false)
 9 FCPATH\index.php(79): CodeIgniter\CodeIgniter->run()
10 SYSTEMPATH\Commands\Server\rewrite.php(47): require_once('C:\\xampp\\htdocs\\Addwalls\\public\\index.php')
INFO - 2024-01-31 05:48:25 --> Session: Class initialized using 'CodeIgniter\Session\Handlers\FileHandler' driver.
INFO - 2024-01-31 05:48:26 --> Session: Class initialized using 'CodeIgniter\Session\Handlers\FileHandler' driver.
CRITICAL - 2024-01-31 05:48:26 --> ErrorException: Trying to access array offset on value of type null
in APPPATH\Views\Admin\ViewApps.php on line 42.
 1 APPPATH\Views\Admin\ViewApps.php(42): CodeIgniter\Debug\Exceptions->errorHandler(2, 'Trying to access array offset on value of type null', 'C:\\xampp\\htdocs\\Addwalls\\app\\Views\\Admin\\ViewApps.php', 42)
 2 SYSTEMPATH\View\View.php(228): include('C:\\xampp\\htdocs\\Addwalls\\app\\Views\\Admin\\ViewApps.php')
 3 SYSTEMPATH\View\View.php(231): CodeIgniter\View\View->CodeIgniter\View\{closure}()
 4 SYSTEMPATH\Common.php(1178): CodeIgniter\View\View->render('Admin/viewApps', [], true)
 5 APPPATH\Controllers\ApplicationController.php(95): view('Admin/viewApps', [...])
 6 SYSTEMPATH\CodeIgniter.php(941): App\Controllers\ApplicationController->view('assets', 'img', 'favicon.ico')
 7 SYSTEMPATH\CodeIgniter.php(502): CodeIgniter\CodeIgniter->runController(Object(App\Controllers\ApplicationController))
 8 SYSTEMPATH\CodeIgniter.php(361): CodeIgniter\CodeIgniter->handleRequest(null, Object(Config\Cache), false)
 9 FCPATH\index.php(79): CodeIgniter\CodeIgniter->run()
10 SYSTEMPATH\Commands\Server\rewrite.php(47): require_once('C:\\xampp\\htdocs\\Addwalls\\public\\index.php')
INFO - 2024-01-31 05:49:31 --> Session: Class initialized using 'CodeIgniter\Session\Handlers\FileHandler' driver.
INFO - 2024-01-31 05:49:36 --> Session: Class initialized using 'CodeIgniter\Session\Handlers\FileHandler' driver.
CRITICAL - 2024-01-31 05:49:36 --> ErrorException: Trying to access array offset on value of type null
in APPPATH\Views\Admin\ViewApps.php on line 42.
 1 APPPATH\Views\Admin\ViewApps.php(42): CodeIgniter\Debug\Exceptions->errorHandler(2, 'Trying to access array offset on value of type null', 'C:\\xampp\\htdocs\\Addwalls\\app\\Views\\Admin\\ViewApps.php', 42)
 2 SYSTEMPATH\View\View.php(228): include('C:\\xampp\\htdocs\\Addwalls\\app\\Views\\Admin\\ViewApps.php')
 3 SYSTEMPATH\View\View.php(231): CodeIgniter\View\View->CodeIgniter\View\{closure}()
 4 SYSTEMPATH\Common.php(1178): CodeIgniter\View\View->render('Admin/viewApps', [], true)
 5 APPPATH\Controllers\ApplicationController.php(95): view('Admin/viewApps', [...])
 6 SYSTEMPATH\CodeIgniter.php(941): App\Controllers\ApplicationController->view('assets', 'img', 'favicon.ico')
 7 SYSTEMPATH\CodeIgniter.php(502): CodeIgniter\CodeIgniter->runController(Object(App\Controllers\ApplicationController))
 8 SYSTEMPATH\CodeIgniter.php(361): CodeIgniter\CodeIgniter->handleRequest(null, Object(Config\Cache), false)
 9 FCPATH\index.php(79): CodeIgniter\CodeIgniter->run()
10 SYSTEMPATH\Commands\Server\rewrite.php(47): require_once('C:\\xampp\\htdocs\\Addwalls\\public\\index.php')
INFO - 2024-01-31 05:49:57 --> Session: Class initialized using 'CodeIgniter\Session\Handlers\FileHandler' driver.
INFO - 2024-01-31 05:49:58 --> Session: Class initialized using 'CodeIgniter\Session\Handlers\FileHandler' driver.
CRITICAL - 2024-01-31 05:49:58 --> ErrorException: Trying to access array offset on value of type null
in APPPATH\Views\Admin\ViewApps.php on line 42.
 1 APPPATH\Views\Admin\ViewApps.php(42): CodeIgniter\Debug\Exceptions->errorHandler(2, 'Trying to access array offset on value of type null', 'C:\\xampp\\htdocs\\Addwalls\\app\\Views\\Admin\\ViewApps.php', 42)
 2 SYSTEMPATH\View\View.php(228): include('C:\\xampp\\htdocs\\Addwalls\\app\\Views\\Admin\\ViewApps.php')
 3 SYSTEMPATH\View\View.php(231): CodeIgniter\View\View->CodeIgniter\View\{closure}()
 4 SYSTEMPATH\Common.php(1178): CodeIgniter\View\View->render('Admin/viewApps', [], true)
 5 APPPATH\Controllers\ApplicationController.php(95): view('Admin/viewApps', [...])
 6 SYSTEMPATH\CodeIgniter.php(941): App\Controllers\ApplicationController->view('assets', 'img', 'favicon.ico')
 7 SYSTEMPATH\CodeIgniter.php(502): CodeIgniter\CodeIgniter->runController(Object(App\Controllers\ApplicationController))
 8 SYSTEMPATH\CodeIgniter.php(361): CodeIgniter\CodeIgniter->handleRequest(null, Object(Config\Cache), false)
 9 FCPATH\index.php(79): CodeIgniter\CodeIgniter->run()
10 SYSTEMPATH\Commands\Server\rewrite.php(47): require_once('C:\\xampp\\htdocs\\Addwalls\\public\\index.php')
INFO - 2024-01-31 05:52:19 --> Session: Class initialized using 'CodeIgniter\Session\Handlers\FileHandler' driver.
INFO - 2024-01-31 05:52:21 --> Session: Class initialized using 'CodeIgniter\Session\Handlers\FileHandler' driver.
CRITICAL - 2024-01-31 05:52:21 --> ErrorException: Trying to access array offset on value of type null
in APPPATH\Views\Admin\ViewApps.php on line 42.
 1 APPPATH\Views\Admin\ViewApps.php(42): CodeIgniter\Debug\Exceptions->errorHandler(2, 'Trying to access array offset on value of type null', 'C:\\xampp\\htdocs\\Addwalls\\app\\Views\\Admin\\ViewApps.php', 42)
 2 SYSTEMPATH\View\View.php(228): include('C:\\xampp\\htdocs\\Addwalls\\app\\Views\\Admin\\ViewApps.php')
 3 SYSTEMPATH\View\View.php(231): CodeIgniter\View\View->CodeIgniter\View\{closure}()
 4 SYSTEMPATH\Common.php(1178): CodeIgniter\View\View->render('Admin/viewApps', [], true)
 5 APPPATH\Controllers\ApplicationController.php(95): view('Admin/viewApps', [...])
 6 SYSTEMPATH\CodeIgniter.php(941): App\Controllers\ApplicationController->view('assets', 'img', 'favicon.ico')
 7 SYSTEMPATH\CodeIgniter.php(502): CodeIgniter\CodeIgniter->runController(Object(App\Controllers\ApplicationController))
 8 SYSTEMPATH\CodeIgniter.php(361): CodeIgniter\CodeIgniter->handleRequest(null, Object(Config\Cache), false)
 9 FCPATH\index.php(79): CodeIgniter\CodeIgniter->run()
10 SYSTEMPATH\Commands\Server\rewrite.php(47): require_once('C:\\xampp\\htdocs\\Addwalls\\public\\index.php')
INFO - 2024-01-31 05:54:08 --> Session: Class initialized using 'CodeIgniter\Session\Handlers\FileHandler' driver.
INFO - 2024-01-31 05:54:09 --> Session: Class initialized using 'CodeIgniter\Session\Handlers\FileHandler' driver.
CRITICAL - 2024-01-31 05:54:09 --> ErrorException: Trying to access array offset on value of type null
in APPPATH\Views\Admin\ViewApps.php on line 42.
 1 APPPATH\Views\Admin\ViewApps.php(42): CodeIgniter\Debug\Exceptions->errorHandler(2, 'Trying to access array offset on value of type null', 'C:\\xampp\\htdocs\\Addwalls\\app\\Views\\Admin\\ViewApps.php', 42)
 2 SYSTEMPATH\View\View.php(228): include('C:\\xampp\\htdocs\\Addwalls\\app\\Views\\Admin\\ViewApps.php')
 3 SYSTEMPATH\View\View.php(231): CodeIgniter\View\View->CodeIgniter\View\{closure}()
 4 SYSTEMPATH\Common.php(1178): CodeIgniter\View\View->render('Admin/viewApps', [], true)
 5 APPPATH\Controllers\ApplicationController.php(95): view('Admin/viewApps', [...])
 6 SYSTEMPATH\CodeIgniter.php(941): App\Controllers\ApplicationController->view('assets', 'img', 'favicon.ico')
 7 SYSTEMPATH\CodeIgniter.php(502): CodeIgniter\CodeIgniter->runController(Object(App\Controllers\ApplicationController))
 8 SYSTEMPATH\CodeIgniter.php(361): CodeIgniter\CodeIgniter->handleRequest(null, Object(Config\Cache), false)
 9 FCPATH\index.php(79): CodeIgniter\CodeIgniter->run()
10 SYSTEMPATH\Commands\Server\rewrite.php(47): require_once('C:\\xampp\\htdocs\\Addwalls\\public\\index.php')
INFO - 2024-01-31 05:55:07 --> Session: Class initialized using 'CodeIgniter\Session\Handlers\FileHandler' driver.
INFO - 2024-01-31 05:55:07 --> Session: Class initialized using 'CodeIgniter\Session\Handlers\FileHandler' driver.
CRITICAL - 2024-01-31 05:55:07 --> ErrorException: Trying to access array offset on value of type null
in APPPATH\Views\Admin\ViewApps.php on line 42.
 1 APPPATH\Views\Admin\ViewApps.php(42): CodeIgniter\Debug\Exceptions->errorHandler(2, 'Trying to access array offset on value of type null', 'C:\\xampp\\htdocs\\Addwalls\\app\\Views\\Admin\\ViewApps.php', 42)
 2 SYSTEMPATH\View\View.php(228): include('C:\\xampp\\htdocs\\Addwalls\\app\\Views\\Admin\\ViewApps.php')
 3 SYSTEMPATH\View\View.php(231): CodeIgniter\View\View->CodeIgniter\View\{closure}()
 4 SYSTEMPATH\Common.php(1178): CodeIgniter\View\View->render('Admin/viewApps', [], true)
 5 APPPATH\Controllers\ApplicationController.php(95): view('Admin/viewApps', [...])
 6 SYSTEMPATH\CodeIgniter.php(941): App\Controllers\ApplicationController->view('assets', 'img', 'favicon.ico')
 7 SYSTEMPATH\CodeIgniter.php(502): CodeIgniter\CodeIgniter->runController(Object(App\Controllers\ApplicationController))
 8 SYSTEMPATH\CodeIgniter.php(361): CodeIgniter\CodeIgniter->handleRequest(null, Object(Config\Cache), false)
 9 FCPATH\index.php(79): CodeIgniter\CodeIgniter->run()
10 SYSTEMPATH\Commands\Server\rewrite.php(47): require_once('C:\\xampp\\htdocs\\Addwalls\\public\\index.php')
INFO - 2024-01-31 05:57:53 --> Session: Class initialized using 'CodeIgniter\Session\Handlers\FileHandler' driver.
INFO - 2024-01-31 05:57:56 --> Session: Class initialized using 'CodeIgniter\Session\Handlers\FileHandler' driver.
CRITICAL - 2024-01-31 05:57:56 --> ErrorException: Undefined array key "Father_Name"
in APPPATH\Views\Admin\ViewApps.php on line 203.
 1 APPPATH\Views\Admin\ViewApps.php(203): CodeIgniter\Debug\Exceptions->errorHandler(2, 'Undefined array key "Father_Name"', 'C:\\xampp\\htdocs\\Addwalls\\app\\Views\\Admin\\ViewApps.php', 203)
 2 SYSTEMPATH\View\View.php(228): include('C:\\xampp\\htdocs\\Addwalls\\app\\Views\\Admin\\ViewApps.php')
 3 SYSTEMPATH\View\View.php(231): CodeIgniter\View\View->CodeIgniter\View\{closure}()
 4 SYSTEMPATH\Common.php(1178): CodeIgniter\View\View->render('Admin/viewApps', [], true)
 5 APPPATH\Controllers\ApplicationController.php(95): view('Admin/viewApps', [...])
 6 SYSTEMPATH\CodeIgniter.php(941): App\Controllers\ApplicationController->view('10')
 7 SYSTEMPATH\CodeIgniter.php(502): CodeIgniter\CodeIgniter->runController(Object(App\Controllers\ApplicationController))
 8 SYSTEMPATH\CodeIgniter.php(361): CodeIgniter\CodeIgniter->handleRequest(null, Object(Config\Cache), false)
 9 FCPATH\index.php(79): CodeIgniter\CodeIgniter->run()
10 SYSTEMPATH\Commands\Server\rewrite.php(47): require_once('C:\\xampp\\htdocs\\Addwalls\\public\\index.php')
INFO - 2024-01-31 05:58:33 --> Session: Class initialized using 'CodeIgniter\Session\Handlers\FileHandler' driver.
INFO - 2024-01-31 05:58:34 --> Session: Class initialized using 'CodeIgniter\Session\Handlers\FileHandler' driver.
CRITICAL - 2024-01-31 05:58:34 --> ErrorException: Trying to access array offset on value of type null
in APPPATH\Views\Admin\ViewApps.php on line 42.
 1 APPPATH\Views\Admin\ViewApps.php(42): CodeIgniter\Debug\Exceptions->errorHandler(2, 'Trying to access array offset on value of type null', 'C:\\xampp\\htdocs\\Addwalls\\app\\Views\\Admin\\ViewApps.php', 42)
 2 SYSTEMPATH\View\View.php(228): include('C:\\xampp\\htdocs\\Addwalls\\app\\Views\\Admin\\ViewApps.php')
 3 SYSTEMPATH\View\View.php(231): CodeIgniter\View\View->CodeIgniter\View\{closure}()
 4 SYSTEMPATH\Common.php(1178): CodeIgniter\View\View->render('Admin/viewApps', [], true)
 5 APPPATH\Controllers\ApplicationController.php(95): view('Admin/viewApps', [...])
 6 SYSTEMPATH\CodeIgniter.php(941): App\Controllers\ApplicationController->view('assets', 'img', 'favicon.ico')
 7 SYSTEMPATH\CodeIgniter.php(502): CodeIgniter\CodeIgniter->runController(Object(App\Controllers\ApplicationController))
 8 SYSTEMPATH\CodeIgniter.php(361): CodeIgniter\CodeIgniter->handleRequest(null, Object(Config\Cache), false)
 9 FCPATH\index.php(79): CodeIgniter\CodeIgniter->run()
10 SYSTEMPATH\Commands\Server\rewrite.php(47): require_once('C:\\xampp\\htdocs\\Addwalls\\public\\index.php')
INFO - 2024-01-31 05:59:33 --> Session: Class initialized using 'CodeIgniter\Session\Handlers\FileHandler' driver.
INFO - 2024-01-31 05:59:34 --> Session: Class initialized using 'CodeIgniter\Session\Handlers\FileHandler' driver.
CRITICAL - 2024-01-31 05:59:34 --> ErrorException: Trying to access array offset on value of type null
in APPPATH\Views\Admin\ViewApps.php on line 42.
 1 APPPATH\Views\Admin\ViewApps.php(42): CodeIgniter\Debug\Exceptions->errorHandler(2, 'Trying to access array offset on value of type null', 'C:\\xampp\\htdocs\\Addwalls\\app\\Views\\Admin\\ViewApps.php', 42)
 2 SYSTEMPATH\View\View.php(228): include('C:\\xampp\\htdocs\\Addwalls\\app\\Views\\Admin\\ViewApps.php')
 3 SYSTEMPATH\View\View.php(231): CodeIgniter\View\View->CodeIgniter\View\{closure}()
 4 SYSTEMPATH\Common.php(1178): CodeIgniter\View\View->render('Admin/viewApps', [], true)
 5 APPPATH\Controllers\ApplicationController.php(95): view('Admin/viewApps', [...])
 6 SYSTEMPATH\CodeIgniter.php(941): App\Controllers\ApplicationController->view('assets', 'img', 'favicon.ico')
 7 SYSTEMPATH\CodeIgniter.php(502): CodeIgniter\CodeIgniter->runController(Object(App\Controllers\ApplicationController))
 8 SYSTEMPATH\CodeIgniter.php(361): CodeIgniter\CodeIgniter->handleRequest(null, Object(Config\Cache), false)
 9 FCPATH\index.php(79): CodeIgniter\CodeIgniter->run()
10 SYSTEMPATH\Commands\Server\rewrite.php(47): require_once('C:\\xampp\\htdocs\\Addwalls\\public\\index.php')
INFO - 2024-01-31 06:02:12 --> Session: Class initialized using 'CodeIgniter\Session\Handlers\FileHandler' driver.
INFO - 2024-01-31 06:02:13 --> Session: Class initialized using 'CodeIgniter\Session\Handlers\FileHandler' driver.
CRITICAL - 2024-01-31 06:02:13 --> ErrorException: Trying to access array offset on value of type null
in APPPATH\Views\Admin\ViewApps.php on line 42.
 1 APPPATH\Views\Admin\ViewApps.php(42): CodeIgniter\Debug\Exceptions->errorHandler(2, 'Trying to access array offset on value of type null', 'C:\\xampp\\htdocs\\Addwalls\\app\\Views\\Admin\\ViewApps.php', 42)
 2 SYSTEMPATH\View\View.php(228): include('C:\\xampp\\htdocs\\Addwalls\\app\\Views\\Admin\\ViewApps.php')
 3 SYSTEMPATH\View\View.php(231): CodeIgniter\View\View->CodeIgniter\View\{closure}()
 4 SYSTEMPATH\Common.php(1178): CodeIgniter\View\View->render('Admin/viewApps', [], true)
 5 APPPATH\Controllers\ApplicationController.php(95): view('Admin/viewApps', [...])
 6 SYSTEMPATH\CodeIgniter.php(941): App\Controllers\ApplicationController->view('assets', 'img', 'favicon.ico')
 7 SYSTEMPATH\CodeIgniter.php(502): CodeIgniter\CodeIgniter->runController(Object(App\Controllers\ApplicationController))
 8 SYSTEMPATH\CodeIgniter.php(361): CodeIgniter\CodeIgniter->handleRequest(null, Object(Config\Cache), false)
 9 FCPATH\index.php(79): CodeIgniter\CodeIgniter->run()
10 SYSTEMPATH\Commands\Server\rewrite.php(47): require_once('C:\\xampp\\htdocs\\Addwalls\\public\\index.php')
INFO - 2024-01-31 06:02:32 --> Session: Class initialized using 'CodeIgniter\Session\Handlers\FileHandler' driver.
INFO - 2024-01-31 06:02:34 --> Session: Class initialized using 'CodeIgniter\Session\Handlers\FileHandler' driver.
CRITICAL - 2024-01-31 06:02:34 --> ErrorException: Trying to access array offset on value of type null
in APPPATH\Views\Admin\ViewApps.php on line 42.
 1 APPPATH\Views\Admin\ViewApps.php(42): CodeIgniter\Debug\Exceptions->errorHandler(2, 'Trying to access array offset on value of type null', 'C:\\xampp\\htdocs\\Addwalls\\app\\Views\\Admin\\ViewApps.php', 42)
 2 SYSTEMPATH\View\View.php(228): include('C:\\xampp\\htdocs\\Addwalls\\app\\Views\\Admin\\ViewApps.php')
 3 SYSTEMPATH\View\View.php(231): CodeIgniter\View\View->CodeIgniter\View\{closure}()
 4 SYSTEMPATH\Common.php(1178): CodeIgniter\View\View->render('Admin/viewApps', [], true)
 5 APPPATH\Controllers\ApplicationController.php(95): view('Admin/viewApps', [...])
 6 SYSTEMPATH\CodeIgniter.php(941): App\Controllers\ApplicationController->view('assets', 'img', 'favicon.ico')
 7 SYSTEMPATH\CodeIgniter.php(502): CodeIgniter\CodeIgniter->runController(Object(App\Controllers\ApplicationController))
 8 SYSTEMPATH\CodeIgniter.php(361): CodeIgniter\CodeIgniter->handleRequest(null, Object(Config\Cache), false)
 9 FCPATH\index.php(79): CodeIgniter\CodeIgniter->run()
10 SYSTEMPATH\Commands\Server\rewrite.php(47): require_once('C:\\xampp\\htdocs\\Addwalls\\public\\index.php')
INFO - 2024-01-31 06:03:13 --> Session: Class initialized using 'CodeIgniter\Session\Handlers\FileHandler' driver.
INFO - 2024-01-31 06:03:13 --> Session: Class initialized using 'CodeIgniter\Session\Handlers\FileHandler' driver.
CRITICAL - 2024-01-31 06:03:13 --> ErrorException: Trying to access array offset on value of type null
in APPPATH\Views\Admin\ViewApps.php on line 42.
 1 APPPATH\Views\Admin\ViewApps.php(42): CodeIgniter\Debug\Exceptions->errorHandler(2, 'Trying to access array offset on value of type null', 'C:\\xampp\\htdocs\\Addwalls\\app\\Views\\Admin\\ViewApps.php', 42)
 2 SYSTEMPATH\View\View.php(228): include('C:\\xampp\\htdocs\\Addwalls\\app\\Views\\Admin\\ViewApps.php')
 3 SYSTEMPATH\View\View.php(231): CodeIgniter\View\View->CodeIgniter\View\{closure}()
 4 SYSTEMPATH\Common.php(1178): CodeIgniter\View\View->render('Admin/viewApps', [], true)
 5 APPPATH\Controllers\ApplicationController.php(95): view('Admin/viewApps', [...])
 6 SYSTEMPATH\CodeIgniter.php(941): App\Controllers\ApplicationController->view('assets', 'img', 'favicon.ico')
 7 SYSTEMPATH\CodeIgniter.php(502): CodeIgniter\CodeIgniter->runController(Object(App\Controllers\ApplicationController))
 8 SYSTEMPATH\CodeIgniter.php(361): CodeIgniter\CodeIgniter->handleRequest(null, Object(Config\Cache), false)
 9 FCPATH\index.php(79): CodeIgniter\CodeIgniter->run()
10 SYSTEMPATH\Commands\Server\rewrite.php(47): require_once('C:\\xampp\\htdocs\\Addwalls\\public\\index.php')
INFO - 2024-01-31 06:04:52 --> Session: Class initialized using 'CodeIgniter\Session\Handlers\FileHandler' driver.
INFO - 2024-01-31 06:04:54 --> Session: Class initialized using 'CodeIgniter\Session\Handlers\FileHandler' driver.
CRITICAL - 2024-01-31 06:04:54 --> ErrorException: Trying to access array offset on value of type null
in APPPATH\Views\Admin\ViewApps.php on line 42.
 1 APPPATH\Views\Admin\ViewApps.php(42): CodeIgniter\Debug\Exceptions->errorHandler(2, 'Trying to access array offset on value of type null', 'C:\\xampp\\htdocs\\Addwalls\\app\\Views\\Admin\\ViewApps.php', 42)
 2 SYSTEMPATH\View\View.php(228): include('C:\\xampp\\htdocs\\Addwalls\\app\\Views\\Admin\\ViewApps.php')
 3 SYSTEMPATH\View\View.php(231): CodeIgniter\View\View->CodeIgniter\View\{closure}()
 4 SYSTEMPATH\Common.php(1178): CodeIgniter\View\View->render('Admin/viewApps', [], true)
 5 APPPATH\Controllers\ApplicationController.php(95): view('Admin/viewApps', [...])
 6 SYSTEMPATH\CodeIgniter.php(941): App\Controllers\ApplicationController->view('assets', 'img', 'favicon.ico')
 7 SYSTEMPATH\CodeIgniter.php(502): CodeIgniter\CodeIgniter->runController(Object(App\Controllers\ApplicationController))
 8 SYSTEMPATH\CodeIgniter.php(361): CodeIgniter\CodeIgniter->handleRequest(null, Object(Config\Cache), false)
 9 FCPATH\index.php(79): CodeIgniter\CodeIgniter->run()
10 SYSTEMPATH\Commands\Server\rewrite.php(47): require_once('C:\\xampp\\htdocs\\Addwalls\\public\\index.php')
INFO - 2024-01-31 06:05:25 --> Session: Class initialized using 'CodeIgniter\Session\Handlers\FileHandler' driver.
INFO - 2024-01-31 06:05:26 --> Session: Class initialized using 'CodeIgniter\Session\Handlers\FileHandler' driver.
CRITICAL - 2024-01-31 06:05:26 --> ErrorException: Trying to access array offset on value of type null
in APPPATH\Views\Admin\ViewApps.php on line 42.
 1 APPPATH\Views\Admin\ViewApps.php(42): CodeIgniter\Debug\Exceptions->errorHandler(2, 'Trying to access array offset on value of type null', 'C:\\xampp\\htdocs\\Addwalls\\app\\Views\\Admin\\ViewApps.php', 42)
 2 SYSTEMPATH\View\View.php(228): include('C:\\xampp\\htdocs\\Addwalls\\app\\Views\\Admin\\ViewApps.php')
 3 SYSTEMPATH\View\View.php(231): CodeIgniter\View\View->CodeIgniter\View\{closure}()
 4 SYSTEMPATH\Common.php(1178): CodeIgniter\View\View->render('Admin/viewApps', [], true)
 5 APPPATH\Controllers\ApplicationController.php(95): view('Admin/viewApps', [...])
 6 SYSTEMPATH\CodeIgniter.php(941): App\Controllers\ApplicationController->view('assets', 'img', 'favicon.ico')
 7 SYSTEMPATH\CodeIgniter.php(502): CodeIgniter\CodeIgniter->runController(Object(App\Controllers\ApplicationController))
 8 SYSTEMPATH\CodeIgniter.php(361): CodeIgniter\CodeIgniter->handleRequest(null, Object(Config\Cache), false)
 9 FCPATH\index.php(79): CodeIgniter\CodeIgniter->run()
10 SYSTEMPATH\Commands\Server\rewrite.php(47): require_once('C:\\xampp\\htdocs\\Addwalls\\public\\index.php')
INFO - 2024-01-31 06:05:42 --> Session: Class initialized using 'CodeIgniter\Session\Handlers\FileHandler' driver.
INFO - 2024-01-31 06:05:43 --> Session: Class initialized using 'CodeIgniter\Session\Handlers\FileHandler' driver.
CRITICAL - 2024-01-31 06:05:43 --> ErrorException: Trying to access array offset on value of type null
in APPPATH\Views\Admin\ViewApps.php on line 42.
 1 APPPATH\Views\Admin\ViewApps.php(42): CodeIgniter\Debug\Exceptions->errorHandler(2, 'Trying to access array offset on value of type null', 'C:\\xampp\\htdocs\\Addwalls\\app\\Views\\Admin\\ViewApps.php', 42)
 2 SYSTEMPATH\View\View.php(228): include('C:\\xampp\\htdocs\\Addwalls\\app\\Views\\Admin\\ViewApps.php')
 3 SYSTEMPATH\View\View.php(231): CodeIgniter\View\View->CodeIgniter\View\{closure}()
 4 SYSTEMPATH\Common.php(1178): CodeIgniter\View\View->render('Admin/viewApps', [], true)
 5 APPPATH\Controllers\ApplicationController.php(95): view('Admin/viewApps', [...])
 6 SYSTEMPATH\CodeIgniter.php(941): App\Controllers\ApplicationController->view('assets', 'img', 'favicon.ico')
 7 SYSTEMPATH\CodeIgniter.php(502): CodeIgniter\CodeIgniter->runController(Object(App\Controllers\ApplicationController))
 8 SYSTEMPATH\CodeIgniter.php(361): CodeIgniter\CodeIgniter->handleRequest(null, Object(Config\Cache), false)
 9 FCPATH\index.php(79): CodeIgniter\CodeIgniter->run()
10 SYSTEMPATH\Commands\Server\rewrite.php(47): require_once('C:\\xampp\\htdocs\\Addwalls\\public\\index.php')
INFO - 2024-01-31 06:09:23 --> Session: Class initialized using 'CodeIgniter\Session\Handlers\FileHandler' driver.
INFO - 2024-01-31 06:09:23 --> Session: Class initialized using 'CodeIgniter\Session\Handlers\FileHandler' driver.
CRITICAL - 2024-01-31 06:09:23 --> ErrorException: Trying to access array offset on value of type null
in APPPATH\Views\Admin\ViewApps.php on line 42.
 1 APPPATH\Views\Admin\ViewApps.php(42): CodeIgniter\Debug\Exceptions->errorHandler(2, 'Trying to access array offset on value of type null', 'C:\\xampp\\htdocs\\Addwalls\\app\\Views\\Admin\\ViewApps.php', 42)
 2 SYSTEMPATH\View\View.php(228): include('C:\\xampp\\htdocs\\Addwalls\\app\\Views\\Admin\\ViewApps.php')
 3 SYSTEMPATH\View\View.php(231): CodeIgniter\View\View->CodeIgniter\View\{closure}()
 4 SYSTEMPATH\Common.php(1178): CodeIgniter\View\View->render('Admin/viewApps', [], true)
 5 APPPATH\Controllers\ApplicationController.php(95): view('Admin/viewApps', [...])
 6 SYSTEMPATH\CodeIgniter.php(941): App\Controllers\ApplicationController->view('assets', 'img', 'favicon.ico')
 7 SYSTEMPATH\CodeIgniter.php(502): CodeIgniter\CodeIgniter->runController(Object(App\Controllers\ApplicationController))
 8 SYSTEMPATH\CodeIgniter.php(361): CodeIgniter\CodeIgniter->handleRequest(null, Object(Config\Cache), false)
 9 FCPATH\index.php(79): CodeIgniter\CodeIgniter->run()
10 SYSTEMPATH\Commands\Server\rewrite.php(47): require_once('C:\\xampp\\htdocs\\Addwalls\\public\\index.php')
INFO - 2024-01-31 06:14:29 --> Session: Class initialized using 'CodeIgniter\Session\Handlers\FileHandler' driver.
CRITICAL - 2024-01-31 06:14:29 --> ErrorException: Undefined array key "city"
in APPPATH\Views\Admin\ViewApps.php on line 224.
 1 APPPATH\Views\Admin\ViewApps.php(224): CodeIgniter\Debug\Exceptions->errorHandler(2, 'Undefined array key "city"', 'C:\\xampp\\htdocs\\Addwalls\\app\\Views\\Admin\\ViewApps.php', 224)
 2 SYSTEMPATH\View\View.php(228): include('C:\\xampp\\htdocs\\Addwalls\\app\\Views\\Admin\\ViewApps.php')
 3 SYSTEMPATH\View\View.php(231): CodeIgniter\View\View->CodeIgniter\View\{closure}()
 4 SYSTEMPATH\Common.php(1178): CodeIgniter\View\View->render('Admin/viewApps', [], true)
 5 APPPATH\Controllers\ApplicationController.php(95): view('Admin/viewApps', [...])
 6 SYSTEMPATH\CodeIgniter.php(941): App\Controllers\ApplicationController->view('10')
 7 SYSTEMPATH\CodeIgniter.php(502): CodeIgniter\CodeIgniter->runController(Object(App\Controllers\ApplicationController))
 8 SYSTEMPATH\CodeIgniter.php(361): CodeIgniter\CodeIgniter->handleRequest(null, Object(Config\Cache), false)
 9 FCPATH\index.php(79): CodeIgniter\CodeIgniter->run()
10 SYSTEMPATH\Commands\Server\rewrite.php(47): require_once('C:\\xampp\\htdocs\\Addwalls\\public\\index.php')
INFO - 2024-01-31 06:14:50 --> Session: Class initialized using 'CodeIgniter\Session\Handlers\FileHandler' driver.
INFO - 2024-01-31 06:14:52 --> Session: Class initialized using 'CodeIgniter\Session\Handlers\FileHandler' driver.
INFO - 2024-01-31 06:14:53 --> Session: Class initialized using 'CodeIgniter\Session\Handlers\FileHandler' driver.
CRITICAL - 2024-01-31 06:14:53 --> ErrorException: Trying to access array offset on value of type null
in APPPATH\Views\Admin\ViewApps.php on line 42.
 1 APPPATH\Views\Admin\ViewApps.php(42): CodeIgniter\Debug\Exceptions->errorHandler(2, 'Trying to access array offset on value of type null', 'C:\\xampp\\htdocs\\Addwalls\\app\\Views\\Admin\\ViewApps.php', 42)
 2 SYSTEMPATH\View\View.php(228): include('C:\\xampp\\htdocs\\Addwalls\\app\\Views\\Admin\\ViewApps.php')
 3 SYSTEMPATH\View\View.php(231): CodeIgniter\View\View->CodeIgniter\View\{closure}()
 4 SYSTEMPATH\Common.php(1178): CodeIgniter\View\View->render('Admin/viewApps', [], true)
 5 APPPATH\Controllers\ApplicationController.php(95): view('Admin/viewApps', [...])
 6 SYSTEMPATH\CodeIgniter.php(941): App\Controllers\ApplicationController->view('assets', 'img', 'favicon.ico')
 7 SYSTEMPATH\CodeIgniter.php(502): CodeIgniter\CodeIgniter->runController(Object(App\Controllers\ApplicationController))
 8 SYSTEMPATH\CodeIgniter.php(361): CodeIgniter\CodeIgniter->handleRequest(null, Object(Config\Cache), false)
 9 FCPATH\index.php(79): CodeIgniter\CodeIgniter->run()
10 SYSTEMPATH\Commands\Server\rewrite.php(47): require_once('C:\\xampp\\htdocs\\Addwalls\\public\\index.php')
INFO - 2024-01-31 06:15:35 --> Session: Class initialized using 'CodeIgniter\Session\Handlers\FileHandler' driver.
INFO - 2024-01-31 06:15:36 --> Session: Class initialized using 'CodeIgniter\Session\Handlers\FileHandler' driver.
CRITICAL - 2024-01-31 06:15:36 --> ErrorException: Trying to access array offset on value of type null
in APPPATH\Views\Admin\ViewApps.php on line 42.
 1 APPPATH\Views\Admin\ViewApps.php(42): CodeIgniter\Debug\Exceptions->errorHandler(2, 'Trying to access array offset on value of type null', 'C:\\xampp\\htdocs\\Addwalls\\app\\Views\\Admin\\ViewApps.php', 42)
 2 SYSTEMPATH\View\View.php(228): include('C:\\xampp\\htdocs\\Addwalls\\app\\Views\\Admin\\ViewApps.php')
 3 SYSTEMPATH\View\View.php(231): CodeIgniter\View\View->CodeIgniter\View\{closure}()
 4 SYSTEMPATH\Common.php(1178): CodeIgniter\View\View->render('Admin/viewApps', [], true)
 5 APPPATH\Controllers\ApplicationController.php(95): view('Admin/viewApps', [...])
 6 SYSTEMPATH\CodeIgniter.php(941): App\Controllers\ApplicationController->view('assets', 'img', 'favicon.ico')
 7 SYSTEMPATH\CodeIgniter.php(502): CodeIgniter\CodeIgniter->runController(Object(App\Controllers\ApplicationController))
 8 SYSTEMPATH\CodeIgniter.php(361): CodeIgniter\CodeIgniter->handleRequest(null, Object(Config\Cache), false)
 9 FCPATH\index.php(79): CodeIgniter\CodeIgniter->run()
10 SYSTEMPATH\Commands\Server\rewrite.php(47): require_once('C:\\xampp\\htdocs\\Addwalls\\public\\index.php')
INFO - 2024-01-31 06:16:17 --> Session: Class initialized using 'CodeIgniter\Session\Handlers\FileHandler' driver.
INFO - 2024-01-31 06:16:17 --> Session: Class initialized using 'CodeIgniter\Session\Handlers\FileHandler' driver.
CRITICAL - 2024-01-31 06:16:17 --> ErrorException: Trying to access array offset on value of type null
in APPPATH\Views\Admin\ViewApps.php on line 42.
 1 APPPATH\Views\Admin\ViewApps.php(42): CodeIgniter\Debug\Exceptions->errorHandler(2, 'Trying to access array offset on value of type null', 'C:\\xampp\\htdocs\\Addwalls\\app\\Views\\Admin\\ViewApps.php', 42)
 2 SYSTEMPATH\View\View.php(228): include('C:\\xampp\\htdocs\\Addwalls\\app\\Views\\Admin\\ViewApps.php')
 3 SYSTEMPATH\View\View.php(231): CodeIgniter\View\View->CodeIgniter\View\{closure}()
 4 SYSTEMPATH\Common.php(1178): CodeIgniter\View\View->render('Admin/viewApps', [], true)
 5 APPPATH\Controllers\ApplicationController.php(95): view('Admin/viewApps', [...])
 6 SYSTEMPATH\CodeIgniter.php(941): App\Controllers\ApplicationController->view('assets', 'img', 'favicon.ico')
 7 SYSTEMPATH\CodeIgniter.php(502): CodeIgniter\CodeIgniter->runController(Object(App\Controllers\ApplicationController))
 8 SYSTEMPATH\CodeIgniter.php(361): CodeIgniter\CodeIgniter->handleRequest(null, Object(Config\Cache), false)
 9 FCPATH\index.php(79): CodeIgniter\CodeIgniter->run()
10 SYSTEMPATH\Commands\Server\rewrite.php(47): require_once('C:\\xampp\\htdocs\\Addwalls\\public\\index.php')
INFO - 2024-01-31 06:18:35 --> Session: Class initialized using 'CodeIgniter\Session\Handlers\FileHandler' driver.
INFO - 2024-01-31 06:18:36 --> Session: Class initialized using 'CodeIgniter\Session\Handlers\FileHandler' driver.
CRITICAL - 2024-01-31 06:18:36 --> ErrorException: Trying to access array offset on value of type null
in APPPATH\Views\Admin\ViewApps.php on line 42.
 1 APPPATH\Views\Admin\ViewApps.php(42): CodeIgniter\Debug\Exceptions->errorHandler(2, 'Trying to access array offset on value of type null', 'C:\\xampp\\htdocs\\Addwalls\\app\\Views\\Admin\\ViewApps.php', 42)
 2 SYSTEMPATH\View\View.php(228): include('C:\\xampp\\htdocs\\Addwalls\\app\\Views\\Admin\\ViewApps.php')
 3 SYSTEMPATH\View\View.php(231): CodeIgniter\View\View->CodeIgniter\View\{closure}()
 4 SYSTEMPATH\Common.php(1178): CodeIgniter\View\View->render('Admin/viewApps', [], true)
 5 APPPATH\Controllers\ApplicationController.php(95): view('Admin/viewApps', [...])
 6 SYSTEMPATH\CodeIgniter.php(941): App\Controllers\ApplicationController->view('assets', 'img', 'favicon.ico')
 7 SYSTEMPATH\CodeIgniter.php(502): CodeIgniter\CodeIgniter->runController(Object(App\Controllers\ApplicationController))
 8 SYSTEMPATH\CodeIgniter.php(361): CodeIgniter\CodeIgniter->handleRequest(null, Object(Config\Cache), false)
 9 FCPATH\index.php(79): CodeIgniter\CodeIgniter->run()
10 SYSTEMPATH\Commands\Server\rewrite.php(47): require_once('C:\\xampp\\htdocs\\Addwalls\\public\\index.php')
INFO - 2024-01-31 06:19:36 --> Session: Class initialized using 'CodeIgniter\Session\Handlers\FileHandler' driver.
INFO - 2024-01-31 06:19:36 --> Session: Class initialized using 'CodeIgniter\Session\Handlers\FileHandler' driver.
CRITICAL - 2024-01-31 06:19:36 --> ErrorException: Trying to access array offset on value of type null
in APPPATH\Views\Admin\ViewApps.php on line 42.
 1 APPPATH\Views\Admin\ViewApps.php(42): CodeIgniter\Debug\Exceptions->errorHandler(2, 'Trying to access array offset on value of type null', 'C:\\xampp\\htdocs\\Addwalls\\app\\Views\\Admin\\ViewApps.php', 42)
 2 SYSTEMPATH\View\View.php(228): include('C:\\xampp\\htdocs\\Addwalls\\app\\Views\\Admin\\ViewApps.php')
 3 SYSTEMPATH\View\View.php(231): CodeIgniter\View\View->CodeIgniter\View\{closure}()
 4 SYSTEMPATH\Common.php(1178): CodeIgniter\View\View->render('Admin/viewApps', [], true)
 5 APPPATH\Controllers\ApplicationController.php(95): view('Admin/viewApps', [...])
 6 SYSTEMPATH\CodeIgniter.php(941): App\Controllers\ApplicationController->view('assets', 'img', 'favicon.ico')
 7 SYSTEMPATH\CodeIgniter.php(502): CodeIgniter\CodeIgniter->runController(Object(App\Controllers\ApplicationController))
 8 SYSTEMPATH\CodeIgniter.php(361): CodeIgniter\CodeIgniter->handleRequest(null, Object(Config\Cache), false)
 9 FCPATH\index.php(79): CodeIgniter\CodeIgniter->run()
10 SYSTEMPATH\Commands\Server\rewrite.php(47): require_once('C:\\xampp\\htdocs\\Addwalls\\public\\index.php')
INFO - 2024-01-31 06:20:16 --> Session: Class initialized using 'CodeIgniter\Session\Handlers\FileHandler' driver.
INFO - 2024-01-31 06:20:16 --> Session: Class initialized using 'CodeIgniter\Session\Handlers\FileHandler' driver.
CRITICAL - 2024-01-31 06:20:16 --> ErrorException: Trying to access array offset on value of type null
in APPPATH\Views\Admin\ViewApps.php on line 42.
 1 APPPATH\Views\Admin\ViewApps.php(42): CodeIgniter\Debug\Exceptions->errorHandler(2, 'Trying to access array offset on value of type null', 'C:\\xampp\\htdocs\\Addwalls\\app\\Views\\Admin\\ViewApps.php', 42)
 2 SYSTEMPATH\View\View.php(228): include('C:\\xampp\\htdocs\\Addwalls\\app\\Views\\Admin\\ViewApps.php')
 3 SYSTEMPATH\View\View.php(231): CodeIgniter\View\View->CodeIgniter\View\{closure}()
 4 SYSTEMPATH\Common.php(1178): CodeIgniter\View\View->render('Admin/viewApps', [], true)
 5 APPPATH\Controllers\ApplicationController.php(95): view('Admin/viewApps', [...])
 6 SYSTEMPATH\CodeIgniter.php(941): App\Controllers\ApplicationController->view('assets', 'img', 'favicon.ico')
 7 SYSTEMPATH\CodeIgniter.php(502): CodeIgniter\CodeIgniter->runController(Object(App\Controllers\ApplicationController))
 8 SYSTEMPATH\CodeIgniter.php(361): CodeIgniter\CodeIgniter->handleRequest(null, Object(Config\Cache), false)
 9 FCPATH\index.php(79): CodeIgniter\CodeIgniter->run()
10 SYSTEMPATH\Commands\Server\rewrite.php(47): require_once('C:\\xampp\\htdocs\\Addwalls\\public\\index.php')
INFO - 2024-01-31 06:21:45 --> Session: Class initialized using 'CodeIgniter\Session\Handlers\FileHandler' driver.
INFO - 2024-01-31 06:21:45 --> Session: Class initialized using 'CodeIgniter\Session\Handlers\FileHandler' driver.
CRITICAL - 2024-01-31 06:21:45 --> ErrorException: Trying to access array offset on value of type null
in APPPATH\Views\Admin\ViewApps.php on line 42.
 1 APPPATH\Views\Admin\ViewApps.php(42): CodeIgniter\Debug\Exceptions->errorHandler(2, 'Trying to access array offset on value of type null', 'C:\\xampp\\htdocs\\Addwalls\\app\\Views\\Admin\\ViewApps.php', 42)
 2 SYSTEMPATH\View\View.php(228): include('C:\\xampp\\htdocs\\Addwalls\\app\\Views\\Admin\\ViewApps.php')
 3 SYSTEMPATH\View\View.php(231): CodeIgniter\View\View->CodeIgniter\View\{closure}()
 4 SYSTEMPATH\Common.php(1178): CodeIgniter\View\View->render('Admin/viewApps', [], true)
 5 APPPATH\Controllers\ApplicationController.php(95): view('Admin/viewApps', [...])
 6 SYSTEMPATH\CodeIgniter.php(941): App\Controllers\ApplicationController->view('assets', 'img', 'favicon.ico')
 7 SYSTEMPATH\CodeIgniter.php(502): CodeIgniter\CodeIgniter->runController(Object(App\Controllers\ApplicationController))
 8 SYSTEMPATH\CodeIgniter.php(361): CodeIgniter\CodeIgniter->handleRequest(null, Object(Config\Cache), false)
 9 FCPATH\index.php(79): CodeIgniter\CodeIgniter->run()
10 SYSTEMPATH\Commands\Server\rewrite.php(47): require_once('C:\\xampp\\htdocs\\Addwalls\\public\\index.php')
INFO - 2024-01-31 06:23:38 --> Session: Class initialized using 'CodeIgniter\Session\Handlers\FileHandler' driver.
INFO - 2024-01-31 06:23:38 --> Session: Class initialized using 'CodeIgniter\Session\Handlers\FileHandler' driver.
CRITICAL - 2024-01-31 06:23:38 --> ErrorException: Trying to access array offset on value of type null
in APPPATH\Views\Admin\ViewApps.php on line 42.
 1 APPPATH\Views\Admin\ViewApps.php(42): CodeIgniter\Debug\Exceptions->errorHandler(2, 'Trying to access array offset on value of type null', 'C:\\xampp\\htdocs\\Addwalls\\app\\Views\\Admin\\ViewApps.php', 42)
 2 SYSTEMPATH\View\View.php(228): include('C:\\xampp\\htdocs\\Addwalls\\app\\Views\\Admin\\ViewApps.php')
 3 SYSTEMPATH\View\View.php(231): CodeIgniter\View\View->CodeIgniter\View\{closure}()
 4 SYSTEMPATH\Common.php(1178): CodeIgniter\View\View->render('Admin/viewApps', [], true)
 5 APPPATH\Controllers\ApplicationController.php(95): view('Admin/viewApps', [...])
 6 SYSTEMPATH\CodeIgniter.php(941): App\Controllers\ApplicationController->view('assets', 'img', 'favicon.ico')
 7 SYSTEMPATH\CodeIgniter.php(502): CodeIgniter\CodeIgniter->runController(Object(App\Controllers\ApplicationController))
 8 SYSTEMPATH\CodeIgniter.php(361): CodeIgniter\CodeIgniter->handleRequest(null, Object(Config\Cache), false)
 9 FCPATH\index.php(79): CodeIgniter\CodeIgniter->run()
10 SYSTEMPATH\Commands\Server\rewrite.php(47): require_once('C:\\xampp\\htdocs\\Addwalls\\public\\index.php')
INFO - 2024-01-31 06:29:07 --> Session: Class initialized using 'CodeIgniter\Session\Handlers\FileHandler' driver.
INFO - 2024-01-31 06:29:08 --> Session: Class initialized using 'CodeIgniter\Session\Handlers\FileHandler' driver.
CRITICAL - 2024-01-31 06:29:08 --> ErrorException: Trying to access array offset on value of type null
in APPPATH\Views\Admin\ViewApps.php on line 42.
 1 APPPATH\Views\Admin\ViewApps.php(42): CodeIgniter\Debug\Exceptions->errorHandler(2, 'Trying to access array offset on value of type null', 'C:\\xampp\\htdocs\\Addwalls\\app\\Views\\Admin\\ViewApps.php', 42)
 2 SYSTEMPATH\View\View.php(228): include('C:\\xampp\\htdocs\\Addwalls\\app\\Views\\Admin\\ViewApps.php')
 3 SYSTEMPATH\View\View.php(231): CodeIgniter\View\View->CodeIgniter\View\{closure}()
 4 SYSTEMPATH\Common.php(1178): CodeIgniter\View\View->render('Admin/viewApps', [], true)
 5 APPPATH\Controllers\ApplicationController.php(95): view('Admin/viewApps', [...])
 6 SYSTEMPATH\CodeIgniter.php(941): App\Controllers\ApplicationController->view('assets', 'img', 'favicon.ico')
 7 SYSTEMPATH\CodeIgniter.php(502): CodeIgniter\CodeIgniter->runController(Object(App\Controllers\ApplicationController))
 8 SYSTEMPATH\CodeIgniter.php(361): CodeIgniter\CodeIgniter->handleRequest(null, Object(Config\Cache), false)
 9 FCPATH\index.php(79): CodeIgniter\CodeIgniter->run()
10 SYSTEMPATH\Commands\Server\rewrite.php(47): require_once('C:\\xampp\\htdocs\\Addwalls\\public\\index.php')
INFO - 2024-01-31 06:29:15 --> Session: Class initialized using 'CodeIgniter\Session\Handlers\FileHandler' driver.
INFO - 2024-01-31 06:33:38 --> Session: Class initialized using 'CodeIgniter\Session\Handlers\FileHandler' driver.
INFO - 2024-01-31 06:36:01 --> Session: Class initialized using 'CodeIgniter\Session\Handlers\FileHandler' driver.
INFO - 2024-01-31 06:37:40 --> Session: Class initialized using 'CodeIgniter\Session\Handlers\FileHandler' driver.
INFO - 2024-01-31 06:37:50 --> Session: Class initialized using 'CodeIgniter\Session\Handlers\FileHandler' driver.
INFO - 2024-01-31 06:37:51 --> Session: Class initialized using 'CodeIgniter\Session\Handlers\FileHandler' driver.
CRITICAL - 2024-01-31 06:37:51 --> ErrorException: Trying to access array offset on value of type null
in APPPATH\Views\Admin\ViewApps.php on line 42.
 1 APPPATH\Views\Admin\ViewApps.php(42): CodeIgniter\Debug\Exceptions->errorHandler(2, 'Trying to access array offset on value of type null', 'C:\\xampp\\htdocs\\Addwalls\\app\\Views\\Admin\\ViewApps.php', 42)
 2 SYSTEMPATH\View\View.php(228): include('C:\\xampp\\htdocs\\Addwalls\\app\\Views\\Admin\\ViewApps.php')
 3 SYSTEMPATH\View\View.php(231): CodeIgniter\View\View->CodeIgniter\View\{closure}()
 4 SYSTEMPATH\Common.php(1178): CodeIgniter\View\View->render('Admin/viewApps', [], true)
 5 APPPATH\Controllers\ApplicationController.php(95): view('Admin/viewApps', [...])
 6 SYSTEMPATH\CodeIgniter.php(941): App\Controllers\ApplicationController->view('assets', 'img', 'favicon.ico')
 7 SYSTEMPATH\CodeIgniter.php(502): CodeIgniter\CodeIgniter->runController(Object(App\Controllers\ApplicationController))
 8 SYSTEMPATH\CodeIgniter.php(361): CodeIgniter\CodeIgniter->handleRequest(null, Object(Config\Cache), false)
 9 FCPATH\index.php(79): CodeIgniter\CodeIgniter->run()
10 SYSTEMPATH\Commands\Server\rewrite.php(47): require_once('C:\\xampp\\htdocs\\Addwalls\\public\\index.php')
INFO - 2024-01-31 06:40:06 --> Session: Class initialized using 'CodeIgniter\Session\Handlers\FileHandler' driver.
INFO - 2024-01-31 06:40:11 --> Session: Class initialized using 'CodeIgniter\Session\Handlers\FileHandler' driver.
INFO - 2024-01-31 06:40:12 --> Session: Class initialized using 'CodeIgniter\Session\Handlers\FileHandler' driver.
INFO - 2024-01-31 06:40:13 --> Session: Class initialized using 'CodeIgniter\Session\Handlers\FileHandler' driver.
CRITICAL - 2024-01-31 06:40:13 --> ErrorException: Trying to access array offset on value of type null
in APPPATH\Views\Admin\ViewApps.php on line 42.
 1 APPPATH\Views\Admin\ViewApps.php(42): CodeIgniter\Debug\Exceptions->errorHandler(2, 'Trying to access array offset on value of type null', 'C:\\xampp\\htdocs\\Addwalls\\app\\Views\\Admin\\ViewApps.php', 42)
 2 SYSTEMPATH\View\View.php(228): include('C:\\xampp\\htdocs\\Addwalls\\app\\Views\\Admin\\ViewApps.php')
 3 SYSTEMPATH\View\View.php(231): CodeIgniter\View\View->CodeIgniter\View\{closure}()
 4 SYSTEMPATH\Common.php(1178): CodeIgniter\View\View->render('Admin/viewApps', [], true)
 5 APPPATH\Controllers\ApplicationController.php(95): view('Admin/viewApps', [...])
 6 SYSTEMPATH\CodeIgniter.php(941): App\Controllers\ApplicationController->view('assets', 'img', 'favicon.ico')
 7 SYSTEMPATH\CodeIgniter.php(502): CodeIgniter\CodeIgniter->runController(Object(App\Controllers\ApplicationController))
 8 SYSTEMPATH\CodeIgniter.php(361): CodeIgniter\CodeIgniter->handleRequest(null, Object(Config\Cache), false)
 9 FCPATH\index.php(79): CodeIgniter\CodeIgniter->run()
10 SYSTEMPATH\Commands\Server\rewrite.php(47): require_once('C:\\xampp\\htdocs\\Addwalls\\public\\index.php')
CRITICAL - 2024-01-31 13:48:33 --> ErrorException: Trying to access array offset on value of type null
in APPPATH\Views\Admin\ViewApps.php on line 42.
 1 APPPATH\Views\Admin\ViewApps.php(42): CodeIgniter\Debug\Exceptions->errorHandler(2, 'Trying to access array offset on value of type null', 'C:\\xampp\\htdocs\\Addwalls\\app\\Views\\Admin\\ViewApps.php', 42)
 2 SYSTEMPATH\View\View.php(228): include('C:\\xampp\\htdocs\\Addwalls\\app\\Views\\Admin\\ViewApps.php')
 3 SYSTEMPATH\View\View.php(231): CodeIgniter\View\View->CodeIgniter\View\{closure}()
 4 SYSTEMPATH\Common.php(1178): CodeIgniter\View\View->render('Admin/viewApps', [], true)
 5 APPPATH\Controllers\ApplicationController.php(95): view('Admin/viewApps', [...])
 6 SYSTEMPATH\CodeIgniter.php(941): App\Controllers\ApplicationController->view('assets', 'img', 'favicon.ico')
 7 SYSTEMPATH\CodeIgniter.php(502): CodeIgniter\CodeIgniter->runController(Object(App\Controllers\ApplicationController))
 8 SYSTEMPATH\CodeIgniter.php(361): CodeIgniter\CodeIgniter->handleRequest(null, Object(Config\Cache), false)
 9 FCPATH\index.php(79): CodeIgniter\CodeIgniter->run()
10 SYSTEMPATH\Commands\Server\rewrite.php(47): require_once('C:\\xampp\\htdocs\\Addwalls\\public\\index.php')
CRITICAL - 2024-01-31 15:41:41 --> ErrorException: Trying to access array offset on value of type null
in APPPATH\Views\Admin\ViewApps.php on line 42.
 1 APPPATH\Views\Admin\ViewApps.php(42): CodeIgniter\Debug\Exceptions->errorHandler(2, 'Trying to access array offset on value of type null', 'C:\\xampp\\htdocs\\Addwalls\\app\\Views\\Admin\\ViewApps.php', 42)
 2 SYSTEMPATH\View\View.php(228): include('C:\\xampp\\htdocs\\Addwalls\\app\\Views\\Admin\\ViewApps.php')
 3 SYSTEMPATH\View\View.php(231): CodeIgniter\View\View->CodeIgniter\View\{closure}()
 4 SYSTEMPATH\Common.php(1178): CodeIgniter\View\View->render('Admin/viewApps', [], true)
 5 APPPATH\Controllers\ApplicationController.php(95): view('Admin/viewApps', [...])
 6 SYSTEMPATH\CodeIgniter.php(941): App\Controllers\ApplicationController->view('assets', 'img', 'favicon.ico')
 7 SYSTEMPATH\CodeIgniter.php(502): CodeIgniter\CodeIgniter->runController(Object(App\Controllers\ApplicationController))
 8 SYSTEMPATH\CodeIgniter.php(361): CodeIgniter\CodeIgniter->handleRequest(null, Object(Config\Cache), false)
 9 FCPATH\index.php(79): CodeIgniter\CodeIgniter->run()
10 SYSTEMPATH\Commands\Server\rewrite.php(47): require_once('C:\\xampp\\htdocs\\Addwalls\\public\\index.php')
