INFO - 2024-03-25 08:50:22 --> Session: Class initialized using 'CodeIgniter\Session\Handlers\FileHandler' driver.
INFO - 2024-03-25 08:52:30 --> Session: Class initialized using 'CodeIgniter\Session\Handlers\FileHandler' driver.
INFO - 2024-03-25 08:52:31 --> Session: Class initialized using 'CodeIgniter\Session\Handlers\FileHandler' driver.
WARNING - 2024-03-25 08:52:35 --> [DEPRECATED] Creation of dynamic property App\Controllers\Admin\ManagerController::$ManagerModel is deprecated in APPPATH\Controllers\Admin\ManagerController.php on line 21.
 1 SYSTEMPATH\CodeIgniter.php(913): App\Controllers\Admin\ManagerController->__construct()
 2 SYSTEMPATH\CodeIgniter.php(493): CodeIgniter\CodeIgniter->createController()
 3 SYSTEMPATH\CodeIgniter.php(361): CodeIgniter\CodeIgniter->handleRequest(null, Object(Config\Cache), false)
 4 FCPATH\index.php(79): CodeIgniter\CodeIgniter->run()
 5 SYSTEMPATH\Commands\Server\rewrite.php(47): require_once('C:\\xampp\\htdocs\\Adwalls\\public\\index.php')
INFO - 2024-03-25 08:52:35 --> Session: Class initialized using 'CodeIgniter\Session\Handlers\FileHandler' driver.
WARNING - 2024-03-25 08:52:42 --> [DEPRECATED] Creation of dynamic property App\Controllers\Admin\ManagerController::$ManagerModel is deprecated in APPPATH\Controllers\Admin\ManagerController.php on line 21.
 1 SYSTEMPATH\CodeIgniter.php(913): App\Controllers\Admin\ManagerController->__construct()
 2 SYSTEMPATH\CodeIgniter.php(493): CodeIgniter\CodeIgniter->createController()
 3 SYSTEMPATH\CodeIgniter.php(361): CodeIgniter\CodeIgniter->handleRequest(null, Object(Config\Cache), false)
 4 FCPATH\index.php(79): CodeIgniter\CodeIgniter->run()
 5 SYSTEMPATH\Commands\Server\rewrite.php(47): require_once('C:\\xampp\\htdocs\\Adwalls\\public\\index.php')
INFO - 2024-03-25 08:52:42 --> Session: Class initialized using 'CodeIgniter\Session\Handlers\FileHandler' driver.
WARNING - 2024-03-25 08:52:52 --> [DEPRECATED] Creation of dynamic property App\Controllers\Admin\ManagerController::$ManagerModel is deprecated in APPPATH\Controllers\Admin\ManagerController.php on line 21.
 1 SYSTEMPATH\CodeIgniter.php(913): App\Controllers\Admin\ManagerController->__construct()
 2 SYSTEMPATH\CodeIgniter.php(493): CodeIgniter\CodeIgniter->createController()
 3 SYSTEMPATH\CodeIgniter.php(361): CodeIgniter\CodeIgniter->handleRequest(null, Object(Config\Cache), false)
 4 FCPATH\index.php(79): CodeIgniter\CodeIgniter->run()
 5 SYSTEMPATH\Commands\Server\rewrite.php(47): require_once('C:\\xampp\\htdocs\\Adwalls\\public\\index.php')
INFO - 2024-03-25 08:52:52 --> Session: Class initialized using 'CodeIgniter\Session\Handlers\FileHandler' driver.
INFO - 2024-03-25 08:53:13 --> Session: Class initialized using 'CodeIgniter\Session\Handlers\FileHandler' driver.
INFO - 2024-03-25 08:53:13 --> Session: Class initialized using 'CodeIgniter\Session\Handlers\FileHandler' driver.
INFO - 2024-03-25 14:59:25 --> Session: Class initialized using 'CodeIgniter\Session\Handlers\FileHandler' driver.
INFO - 2024-03-25 14:59:25 --> Session: Class initialized using 'CodeIgniter\Session\Handlers\FileHandler' driver.
INFO - 2024-03-25 18:27:38 --> Session: Class initialized using 'CodeIgniter\Session\Handlers\FileHandler' driver.
CRITICAL - 2024-03-25 18:27:43 --> ParseError: syntax error, unexpected token "new"
in APPPATH\Controllers\Admin\DividentController.php on line 13.
 1 SYSTEMPATH\Autoloader\Autoloader.php(288): CodeIgniter\Autoloader\Autoloader->includeFile('C:\\xampp\\htdocs\\Adwalls\\app\\Controllers\\Admin\\DividentController.php')
 2 SYSTEMPATH\Autoloader\Autoloader.php(266): CodeIgniter\Autoloader\Autoloader->loadInNamespace('App\\Controllers\\Admin\\DividentController')
 3 [internal function]: CodeIgniter\Autoloader\Autoloader->loadClass('App\\Controllers\\Admin\\DividentController')
 4 SYSTEMPATH\CodeIgniter.php(899): class_exists('\\App\\Controllers\\Admin\\DividentController', true)
 5 SYSTEMPATH\CodeIgniter.php(489): CodeIgniter\CodeIgniter->startController()
 6 SYSTEMPATH\CodeIgniter.php(361): CodeIgniter\CodeIgniter->handleRequest(null, Object(Config\Cache), false)
 7 FCPATH\index.php(79): CodeIgniter\CodeIgniter->run()
 8 SYSTEMPATH\Commands\Server\rewrite.php(47): require_once('C:\\xampp\\htdocs\\Adwalls\\public\\index.php')
INFO - 2024-03-25 18:37:30 --> Session: Class initialized using 'CodeIgniter\Session\Handlers\FileHandler' driver.
INFO - 2024-03-25 18:37:31 --> Session: Class initialized using 'CodeIgniter\Session\Handlers\FileHandler' driver.
INFO - 2024-03-25 18:38:06 --> Session: Class initialized using 'CodeIgniter\Session\Handlers\FileHandler' driver.
INFO - 2024-03-25 18:38:07 --> Session: Class initialized using 'CodeIgniter\Session\Handlers\FileHandler' driver.
CRITICAL - 2024-03-25 18:41:49 --> Error: Class "App\Models\DividendModel" not found
in APPPATH\Controllers\Admin\DividendController.php on line 13.
 1 SYSTEMPATH\CodeIgniter.php(941): App\Controllers\Admin\DividendController->dividend_listall()
 2 SYSTEMPATH\CodeIgniter.php(502): CodeIgniter\CodeIgniter->runController(Object(App\Controllers\Admin\DividendController))
 3 SYSTEMPATH\CodeIgniter.php(361): CodeIgniter\CodeIgniter->handleRequest(null, Object(Config\Cache), false)
 4 FCPATH\index.php(79): CodeIgniter\CodeIgniter->run()
 5 SYSTEMPATH\Commands\Server\rewrite.php(47): require_once('C:\\xampp\\htdocs\\Adwalls\\public\\index.php')
CRITICAL - 2024-03-25 18:42:24 --> Error: Class "App\Models\DividendModel" not found
in APPPATH\Controllers\Admin\DividendController.php on line 13.
 1 SYSTEMPATH\CodeIgniter.php(941): App\Controllers\Admin\DividendController->dividend_listall()
 2 SYSTEMPATH\CodeIgniter.php(502): CodeIgniter\CodeIgniter->runController(Object(App\Controllers\Admin\DividendController))
 3 SYSTEMPATH\CodeIgniter.php(361): CodeIgniter\CodeIgniter->handleRequest(null, Object(Config\Cache), false)
 4 FCPATH\index.php(79): CodeIgniter\CodeIgniter->run()
 5 SYSTEMPATH\Commands\Server\rewrite.php(47): require_once('C:\\xampp\\htdocs\\Adwalls\\public\\index.php')
CRITICAL - 2024-03-25 18:42:25 --> Error: Class "App\Models\DividendModel" not found
in APPPATH\Controllers\Admin\DividendController.php on line 13.
 1 SYSTEMPATH\CodeIgniter.php(941): App\Controllers\Admin\DividendController->dividend_listall()
 2 SYSTEMPATH\CodeIgniter.php(502): CodeIgniter\CodeIgniter->runController(Object(App\Controllers\Admin\DividendController))
 3 SYSTEMPATH\CodeIgniter.php(361): CodeIgniter\CodeIgniter->handleRequest(null, Object(Config\Cache), false)
 4 FCPATH\index.php(79): CodeIgniter\CodeIgniter->run()
 5 SYSTEMPATH\Commands\Server\rewrite.php(47): require_once('C:\\xampp\\htdocs\\Adwalls\\public\\index.php')
INFO - 2024-03-25 18:42:27 --> Session: Class initialized using 'CodeIgniter\Session\Handlers\FileHandler' driver.
INFO - 2024-03-25 18:42:28 --> Session: Class initialized using 'CodeIgniter\Session\Handlers\FileHandler' driver.
CRITICAL - 2024-03-25 18:42:29 --> Error: Class "App\Models\DividendModel" not found
in APPPATH\Controllers\Admin\DividendController.php on line 13.
 1 SYSTEMPATH\CodeIgniter.php(941): App\Controllers\Admin\DividendController->dividend_listall()
 2 SYSTEMPATH\CodeIgniter.php(502): CodeIgniter\CodeIgniter->runController(Object(App\Controllers\Admin\DividendController))
 3 SYSTEMPATH\CodeIgniter.php(361): CodeIgniter\CodeIgniter->handleRequest(null, Object(Config\Cache), false)
 4 FCPATH\index.php(79): CodeIgniter\CodeIgniter->run()
 5 SYSTEMPATH\Commands\Server\rewrite.php(47): require_once('C:\\xampp\\htdocs\\Adwalls\\public\\index.php')
CRITICAL - 2024-03-25 18:42:52 --> Error: Class "App\Models\DividendModel" not found
in APPPATH\Controllers\Admin\DividendController.php on line 13.
 1 SYSTEMPATH\CodeIgniter.php(941): App\Controllers\Admin\DividendController->dividend_listall()
 2 SYSTEMPATH\CodeIgniter.php(502): CodeIgniter\CodeIgniter->runController(Object(App\Controllers\Admin\DividendController))
 3 SYSTEMPATH\CodeIgniter.php(361): CodeIgniter\CodeIgniter->handleRequest(null, Object(Config\Cache), false)
 4 FCPATH\index.php(79): CodeIgniter\CodeIgniter->run()
 5 SYSTEMPATH\Commands\Server\rewrite.php(47): require_once('C:\\xampp\\htdocs\\Adwalls\\public\\index.php')
ERROR - 2024-03-25 18:43:26 --> mysqli_sql_exception: Table 'addwalls.dividends' doesn't exist in C:\xampp\htdocs\Adwalls\system\Database\MySQLi\Connection.php:306
Stack trace:
#0 C:\xampp\htdocs\Adwalls\system\Database\MySQLi\Connection.php(306): mysqli->query('SELECT *\nFROM `...', 0)
#1 C:\xampp\htdocs\Adwalls\system\Database\BaseConnection.php(693): CodeIgniter\Database\MySQLi\Connection->execute('SELECT *\nFROM `...')
#2 C:\xampp\htdocs\Adwalls\system\Database\BaseConnection.php(607): CodeIgniter\Database\BaseConnection->simpleQuery('SELECT *\nFROM `...')
#3 C:\xampp\htdocs\Adwalls\system\Database\BaseBuilder.php(1616): CodeIgniter\Database\BaseConnection->query('SELECT *\nFROM `...', Array, false)
#4 C:\xampp\htdocs\Adwalls\system\Model.php(242): CodeIgniter\Database\BaseBuilder->get()
#5 C:\xampp\htdocs\Adwalls\system\BaseModel.php(638): CodeIgniter\Model->doFindAll(0, 0)
#6 C:\xampp\htdocs\Adwalls\app\Controllers\Admin\DividendController.php(14): CodeIgniter\BaseModel->findAll()
#7 C:\xampp\htdocs\Adwalls\system\CodeIgniter.php(941): App\Controllers\Admin\DividendController->dividend_listall()
#8 C:\xampp\htdocs\Adwalls\system\CodeIgniter.php(502): CodeIgniter\CodeIgniter->runController(Object(App\Controllers\Admin\DividendController))
#9 C:\xampp\htdocs\Adwalls\system\CodeIgniter.php(361): CodeIgniter\CodeIgniter->handleRequest(NULL, Object(Config\Cache), false)
#10 C:\xampp\htdocs\Adwalls\public\index.php(79): CodeIgniter\CodeIgniter->run()
#11 C:\xampp\htdocs\Adwalls\system\Commands\Server\rewrite.php(47): require_once('C:\\xampp\\htdocs...')
#12 {main}
CRITICAL - 2024-03-25 18:43:26 --> CodeIgniter\Database\Exceptions\DatabaseException: Table 'addwalls.dividends' doesn't exist
in SYSTEMPATH\Database\BaseConnection.php on line 647.
 1 SYSTEMPATH\Database\BaseBuilder.php(1616): CodeIgniter\Database\BaseConnection->query('SELECT *
FROM `dividends`
ORDER BY `dividend_id` ASC', [], false)
 2 SYSTEMPATH\Model.php(242): CodeIgniter\Database\BaseBuilder->get()
 3 SYSTEMPATH\BaseModel.php(638): CodeIgniter\Model->doFindAll(0, 0)
 4 APPPATH\Controllers\Admin\DividendController.php(14): CodeIgniter\BaseModel->findAll()
 5 SYSTEMPATH\CodeIgniter.php(941): App\Controllers\Admin\DividendController->dividend_listall()
 6 SYSTEMPATH\CodeIgniter.php(502): CodeIgniter\CodeIgniter->runController(Object(App\Controllers\Admin\DividendController))
 7 SYSTEMPATH\CodeIgniter.php(361): CodeIgniter\CodeIgniter->handleRequest(null, Object(Config\Cache), false)
 8 FCPATH\index.php(79): CodeIgniter\CodeIgniter->run()
 9 SYSTEMPATH\Commands\Server\rewrite.php(47): require_once('C:\\xampp\\htdocs\\Adwalls\\public\\index.php')
CRITICAL - 2024-03-25 18:43:26 --> [Caused by] CodeIgniter\Database\Exceptions\DatabaseException: Table 'addwalls.dividends' doesn't exist
in SYSTEMPATH\Database\MySQLi\Connection.php on line 311.
 1 SYSTEMPATH\Database\BaseConnection.php(693): CodeIgniter\Database\MySQLi\Connection->execute('SELECT *
FROM `dividends`
ORDER BY `dividend_id` ASC')
 2 SYSTEMPATH\Database\BaseConnection.php(607): CodeIgniter\Database\BaseConnection->simpleQuery('SELECT *
FROM `dividends`
ORDER BY `dividend_id` ASC')
 3 SYSTEMPATH\Database\BaseBuilder.php(1616): CodeIgniter\Database\BaseConnection->query('SELECT *
FROM `dividends`
ORDER BY `dividend_id` ASC', [], false)
 4 SYSTEMPATH\Model.php(242): CodeIgniter\Database\BaseBuilder->get()
 5 SYSTEMPATH\BaseModel.php(638): CodeIgniter\Model->doFindAll(0, 0)
 6 APPPATH\Controllers\Admin\DividendController.php(14): CodeIgniter\BaseModel->findAll()
 7 SYSTEMPATH\CodeIgniter.php(941): App\Controllers\Admin\DividendController->dividend_listall()
 8 SYSTEMPATH\CodeIgniter.php(502): CodeIgniter\CodeIgniter->runController(Object(App\Controllers\Admin\DividendController))
 9 SYSTEMPATH\CodeIgniter.php(361): CodeIgniter\CodeIgniter->handleRequest(null, Object(Config\Cache), false)
10 FCPATH\index.php(79): CodeIgniter\CodeIgniter->run()
11 SYSTEMPATH\Commands\Server\rewrite.php(47): require_once('C:\\xampp\\htdocs\\Adwalls\\public\\index.php')
CRITICAL - 2024-03-25 18:43:26 --> [Caused by] mysqli_sql_exception: Table 'addwalls.dividends' doesn't exist
in SYSTEMPATH\Database\MySQLi\Connection.php on line 306.
 1 SYSTEMPATH\Database\MySQLi\Connection.php(306): mysqli->query('SELECT *
FROM `dividends`
ORDER BY `dividend_id` ASC', 0)
 2 SYSTEMPATH\Database\BaseConnection.php(693): CodeIgniter\Database\MySQLi\Connection->execute('SELECT *
FROM `dividends`
ORDER BY `dividend_id` ASC')
 3 SYSTEMPATH\Database\BaseConnection.php(607): CodeIgniter\Database\BaseConnection->simpleQuery('SELECT *
FROM `dividends`
ORDER BY `dividend_id` ASC')
 4 SYSTEMPATH\Database\BaseBuilder.php(1616): CodeIgniter\Database\BaseConnection->query('SELECT *
FROM `dividends`
ORDER BY `dividend_id` ASC', [], false)
 5 SYSTEMPATH\Model.php(242): CodeIgniter\Database\BaseBuilder->get()
 6 SYSTEMPATH\BaseModel.php(638): CodeIgniter\Model->doFindAll(0, 0)
 7 APPPATH\Controllers\Admin\DividendController.php(14): CodeIgniter\BaseModel->findAll()
 8 SYSTEMPATH\CodeIgniter.php(941): App\Controllers\Admin\DividendController->dividend_listall()
 9 SYSTEMPATH\CodeIgniter.php(502): CodeIgniter\CodeIgniter->runController(Object(App\Controllers\Admin\DividendController))
10 SYSTEMPATH\CodeIgniter.php(361): CodeIgniter\CodeIgniter->handleRequest(null, Object(Config\Cache), false)
11 FCPATH\index.php(79): CodeIgniter\CodeIgniter->run()
12 SYSTEMPATH\Commands\Server\rewrite.php(47): require_once('C:\\xampp\\htdocs\\Adwalls\\public\\index.php')
INFO - 2024-03-25 18:45:19 --> Session: Class initialized using 'CodeIgniter\Session\Handlers\FileHandler' driver.
INFO - 2024-03-25 18:45:27 --> Session: Class initialized using 'CodeIgniter\Session\Handlers\FileHandler' driver.
INFO - 2024-03-25 18:45:29 --> Session: Class initialized using 'CodeIgniter\Session\Handlers\FileHandler' driver.
INFO - 2024-03-25 18:47:59 --> Session: Class initialized using 'CodeIgniter\Session\Handlers\FileHandler' driver.
INFO - 2024-03-25 18:48:05 --> Session: Class initialized using 'CodeIgniter\Session\Handlers\FileHandler' driver.
INFO - 2024-03-25 18:48:32 --> Session: Class initialized using 'CodeIgniter\Session\Handlers\FileHandler' driver.
INFO - 2024-03-25 18:48:34 --> Session: Class initialized using 'CodeIgniter\Session\Handlers\FileHandler' driver.
INFO - 2024-03-25 18:48:42 --> Session: Class initialized using 'CodeIgniter\Session\Handlers\FileHandler' driver.
CRITICAL - 2024-03-25 18:48:42 --> ErrorException: Undefined array key "Staff_type"
in APPPATH\Views\Admin\dividends\dividend.php on line 89.
 1 APPPATH\Views\Admin\dividends\dividend.php(89): CodeIgniter\Debug\Exceptions->errorHandler(2, 'Undefined array key "Staff_type"', 'C:\\xampp\\htdocs\\Adwalls\\app\\Views\\Admin\\dividends\\dividend.php', 89)
 2 SYSTEMPATH\View\View.php(228): include('C:\\xampp\\htdocs\\Adwalls\\app\\Views\\Admin\\dividends\\dividend.php')
 3 SYSTEMPATH\View\View.php(231): CodeIgniter\View\View->CodeIgniter\View\{closure}()
 4 SYSTEMPATH\Common.php(1178): CodeIgniter\View\View->render('Admin/dividends/dividend', [], true)
 5 APPPATH\Controllers\Admin\DividendController.php(15): view('Admin/dividends/dividend', [...])
 6 SYSTEMPATH\CodeIgniter.php(941): App\Controllers\Admin\DividendController->dividend_listall()
 7 SYSTEMPATH\CodeIgniter.php(502): CodeIgniter\CodeIgniter->runController(Object(App\Controllers\Admin\DividendController))
 8 SYSTEMPATH\CodeIgniter.php(361): CodeIgniter\CodeIgniter->handleRequest(null, Object(Config\Cache), false)
 9 FCPATH\index.php(79): CodeIgniter\CodeIgniter->run()
10 SYSTEMPATH\Commands\Server\rewrite.php(47): require_once('C:\\xampp\\htdocs\\Adwalls\\public\\index.php')
INFO - 2024-03-25 18:49:25 --> Session: Class initialized using 'CodeIgniter\Session\Handlers\FileHandler' driver.
CRITICAL - 2024-03-25 18:49:25 --> ErrorException: Undefined variable $staffcategory
in APPPATH\Views\Admin\dividends\dividend.php on line 94.
 1 APPPATH\Views\Admin\dividends\dividend.php(94): CodeIgniter\Debug\Exceptions->errorHandler(2, 'Undefined variable $staffcategory', 'C:\\xampp\\htdocs\\Adwalls\\app\\Views\\Admin\\dividends\\dividend.php', 94)
 2 SYSTEMPATH\View\View.php(228): include('C:\\xampp\\htdocs\\Adwalls\\app\\Views\\Admin\\dividends\\dividend.php')
 3 SYSTEMPATH\View\View.php(231): CodeIgniter\View\View->CodeIgniter\View\{closure}()
 4 SYSTEMPATH\Common.php(1178): CodeIgniter\View\View->render('Admin/dividends/dividend', [], true)
 5 APPPATH\Controllers\Admin\DividendController.php(15): view('Admin/dividends/dividend', [...])
 6 SYSTEMPATH\CodeIgniter.php(941): App\Controllers\Admin\DividendController->dividend_listall()
 7 SYSTEMPATH\CodeIgniter.php(502): CodeIgniter\CodeIgniter->runController(Object(App\Controllers\Admin\DividendController))
 8 SYSTEMPATH\CodeIgniter.php(361): CodeIgniter\CodeIgniter->handleRequest(null, Object(Config\Cache), false)
 9 FCPATH\index.php(79): CodeIgniter\CodeIgniter->run()
10 SYSTEMPATH\Commands\Server\rewrite.php(47): require_once('C:\\xampp\\htdocs\\Adwalls\\public\\index.php')
INFO - 2024-03-25 18:49:42 --> Session: Class initialized using 'CodeIgniter\Session\Handlers\FileHandler' driver.
INFO - 2024-03-25 18:50:34 --> Session: Class initialized using 'CodeIgniter\Session\Handlers\FileHandler' driver.
ERROR - 2024-03-25 18:52:12 --> mysqli_sql_exception: Unknown column 'dividends.id' in 'where clause' in C:\xampp\htdocs\Adwalls\system\Database\MySQLi\Connection.php:306
Stack trace:
#0 C:\xampp\htdocs\Adwalls\system\Database\MySQLi\Connection.php(306): mysqli->query('SELECT *\nFROM `...', 0)
#1 C:\xampp\htdocs\Adwalls\system\Database\BaseConnection.php(693): CodeIgniter\Database\MySQLi\Connection->execute('SELECT *\nFROM `...')
#2 C:\xampp\htdocs\Adwalls\system\Database\BaseConnection.php(607): CodeIgniter\Database\BaseConnection->simpleQuery('SELECT *\nFROM `...')
#3 C:\xampp\htdocs\Adwalls\system\Database\BaseBuilder.php(1616): CodeIgniter\Database\BaseConnection->query('SELECT *\nFROM `...', Array, false)
#4 C:\xampp\htdocs\Adwalls\system\Model.php(199): CodeIgniter\Database\BaseBuilder->get()
#5 C:\xampp\htdocs\Adwalls\system\BaseModel.php(577): CodeIgniter\Model->doFind(true, '1')
#6 C:\xampp\htdocs\Adwalls\app\Controllers\Admin\DividendController.php(43): CodeIgniter\BaseModel->find('1')
#7 C:\xampp\htdocs\Adwalls\system\CodeIgniter.php(941): App\Controllers\Admin\DividendController->edit_dividend('1')
#8 C:\xampp\htdocs\Adwalls\system\CodeIgniter.php(502): CodeIgniter\CodeIgniter->runController(Object(App\Controllers\Admin\DividendController))
#9 C:\xampp\htdocs\Adwalls\system\CodeIgniter.php(361): CodeIgniter\CodeIgniter->handleRequest(NULL, Object(Config\Cache), false)
#10 C:\xampp\htdocs\Adwalls\public\index.php(79): CodeIgniter\CodeIgniter->run()
#11 C:\xampp\htdocs\Adwalls\system\Commands\Server\rewrite.php(47): require_once('C:\\xampp\\htdocs...')
#12 {main}
CRITICAL - 2024-03-25 18:52:12 --> CodeIgniter\Database\Exceptions\DatabaseException: Unknown column 'dividends.id' in 'where clause'
in SYSTEMPATH\Database\BaseConnection.php on line 647.
 1 SYSTEMPATH\Database\BaseBuilder.php(1616): CodeIgniter\Database\BaseConnection->query('SELECT *
FROM `dividends`
WHERE `dividends`.`id` = :dividends.id:', [...], false)
 2 SYSTEMPATH\Model.php(199): CodeIgniter\Database\BaseBuilder->get()
 3 SYSTEMPATH\BaseModel.php(577): CodeIgniter\Model->doFind(true, '1')
 4 APPPATH\Controllers\Admin\DividendController.php(43): CodeIgniter\BaseModel->find('1')
 5 SYSTEMPATH\CodeIgniter.php(941): App\Controllers\Admin\DividendController->edit_dividend('1')
 6 SYSTEMPATH\CodeIgniter.php(502): CodeIgniter\CodeIgniter->runController(Object(App\Controllers\Admin\DividendController))
 7 SYSTEMPATH\CodeIgniter.php(361): CodeIgniter\CodeIgniter->handleRequest(null, Object(Config\Cache), false)
 8 FCPATH\index.php(79): CodeIgniter\CodeIgniter->run()
 9 SYSTEMPATH\Commands\Server\rewrite.php(47): require_once('C:\\xampp\\htdocs\\Adwalls\\public\\index.php')
CRITICAL - 2024-03-25 18:52:12 --> [Caused by] CodeIgniter\Database\Exceptions\DatabaseException: Unknown column 'dividends.id' in 'where clause'
in SYSTEMPATH\Database\MySQLi\Connection.php on line 311.
 1 SYSTEMPATH\Database\BaseConnection.php(693): CodeIgniter\Database\MySQLi\Connection->execute('SELECT *
FROM `dividends`
WHERE `dividends`.`id` = \'1\'')
 2 SYSTEMPATH\Database\BaseConnection.php(607): CodeIgniter\Database\BaseConnection->simpleQuery('SELECT *
FROM `dividends`
WHERE `dividends`.`id` = \'1\'')
 3 SYSTEMPATH\Database\BaseBuilder.php(1616): CodeIgniter\Database\BaseConnection->query('SELECT *
FROM `dividends`
WHERE `dividends`.`id` = :dividends.id:', [...], false)
 4 SYSTEMPATH\Model.php(199): CodeIgniter\Database\BaseBuilder->get()
 5 SYSTEMPATH\BaseModel.php(577): CodeIgniter\Model->doFind(true, '1')
 6 APPPATH\Controllers\Admin\DividendController.php(43): CodeIgniter\BaseModel->find('1')
 7 SYSTEMPATH\CodeIgniter.php(941): App\Controllers\Admin\DividendController->edit_dividend('1')
 8 SYSTEMPATH\CodeIgniter.php(502): CodeIgniter\CodeIgniter->runController(Object(App\Controllers\Admin\DividendController))
 9 SYSTEMPATH\CodeIgniter.php(361): CodeIgniter\CodeIgniter->handleRequest(null, Object(Config\Cache), false)
10 FCPATH\index.php(79): CodeIgniter\CodeIgniter->run()
11 SYSTEMPATH\Commands\Server\rewrite.php(47): require_once('C:\\xampp\\htdocs\\Adwalls\\public\\index.php')
CRITICAL - 2024-03-25 18:52:12 --> [Caused by] mysqli_sql_exception: Unknown column 'dividends.id' in 'where clause'
in SYSTEMPATH\Database\MySQLi\Connection.php on line 306.
 1 SYSTEMPATH\Database\MySQLi\Connection.php(306): mysqli->query('SELECT *
FROM `dividends`
WHERE `dividends`.`id` = \'1\'', 0)
 2 SYSTEMPATH\Database\BaseConnection.php(693): CodeIgniter\Database\MySQLi\Connection->execute('SELECT *
FROM `dividends`
WHERE `dividends`.`id` = \'1\'')
 3 SYSTEMPATH\Database\BaseConnection.php(607): CodeIgniter\Database\BaseConnection->simpleQuery('SELECT *
FROM `dividends`
WHERE `dividends`.`id` = \'1\'')
 4 SYSTEMPATH\Database\BaseBuilder.php(1616): CodeIgniter\Database\BaseConnection->query('SELECT *
FROM `dividends`
WHERE `dividends`.`id` = :dividends.id:', [...], false)
 5 SYSTEMPATH\Model.php(199): CodeIgniter\Database\BaseBuilder->get()
 6 SYSTEMPATH\BaseModel.php(577): CodeIgniter\Model->doFind(true, '1')
 7 APPPATH\Controllers\Admin\DividendController.php(43): CodeIgniter\BaseModel->find('1')
 8 SYSTEMPATH\CodeIgniter.php(941): App\Controllers\Admin\DividendController->edit_dividend('1')
 9 SYSTEMPATH\CodeIgniter.php(502): CodeIgniter\CodeIgniter->runController(Object(App\Controllers\Admin\DividendController))
10 SYSTEMPATH\CodeIgniter.php(361): CodeIgniter\CodeIgniter->handleRequest(null, Object(Config\Cache), false)
11 FCPATH\index.php(79): CodeIgniter\CodeIgniter->run()
12 SYSTEMPATH\Commands\Server\rewrite.php(47): require_once('C:\\xampp\\htdocs\\Adwalls\\public\\index.php')
INFO - 2024-03-25 18:55:29 --> Session: Class initialized using 'CodeIgniter\Session\Handlers\FileHandler' driver.
INFO - 2024-03-25 18:55:31 --> Session: Class initialized using 'CodeIgniter\Session\Handlers\FileHandler' driver.
ERROR - 2024-03-25 18:55:37 --> mysqli_sql_exception: Unknown column 'dividends.id' in 'where clause' in C:\xampp\htdocs\Adwalls\system\Database\MySQLi\Connection.php:306
Stack trace:
#0 C:\xampp\htdocs\Adwalls\system\Database\MySQLi\Connection.php(306): mysqli->query('SELECT *\nFROM `...', 0)
#1 C:\xampp\htdocs\Adwalls\system\Database\BaseConnection.php(693): CodeIgniter\Database\MySQLi\Connection->execute('SELECT *\nFROM `...')
#2 C:\xampp\htdocs\Adwalls\system\Database\BaseConnection.php(607): CodeIgniter\Database\BaseConnection->simpleQuery('SELECT *\nFROM `...')
#3 C:\xampp\htdocs\Adwalls\system\Database\BaseBuilder.php(1616): CodeIgniter\Database\BaseConnection->query('SELECT *\nFROM `...', Array, false)
#4 C:\xampp\htdocs\Adwalls\system\Model.php(199): CodeIgniter\Database\BaseBuilder->get()
#5 C:\xampp\htdocs\Adwalls\system\BaseModel.php(577): CodeIgniter\Model->doFind(true, '1')
#6 C:\xampp\htdocs\Adwalls\app\Controllers\Admin\DividendController.php(43): CodeIgniter\BaseModel->find('1')
#7 C:\xampp\htdocs\Adwalls\system\CodeIgniter.php(941): App\Controllers\Admin\DividendController->edit_dividend('1')
#8 C:\xampp\htdocs\Adwalls\system\CodeIgniter.php(502): CodeIgniter\CodeIgniter->runController(Object(App\Controllers\Admin\DividendController))
#9 C:\xampp\htdocs\Adwalls\system\CodeIgniter.php(361): CodeIgniter\CodeIgniter->handleRequest(NULL, Object(Config\Cache), false)
#10 C:\xampp\htdocs\Adwalls\public\index.php(79): CodeIgniter\CodeIgniter->run()
#11 C:\xampp\htdocs\Adwalls\system\Commands\Server\rewrite.php(47): require_once('C:\\xampp\\htdocs...')
#12 {main}
CRITICAL - 2024-03-25 18:55:37 --> CodeIgniter\Database\Exceptions\DatabaseException: Unknown column 'dividends.id' in 'where clause'
in SYSTEMPATH\Database\BaseConnection.php on line 647.
 1 SYSTEMPATH\Database\BaseBuilder.php(1616): CodeIgniter\Database\BaseConnection->query('SELECT *
FROM `dividends`
WHERE `dividends`.`id` = :dividends.id:', [...], false)
 2 SYSTEMPATH\Model.php(199): CodeIgniter\Database\BaseBuilder->get()
 3 SYSTEMPATH\BaseModel.php(577): CodeIgniter\Model->doFind(true, '1')
 4 APPPATH\Controllers\Admin\DividendController.php(43): CodeIgniter\BaseModel->find('1')
 5 SYSTEMPATH\CodeIgniter.php(941): App\Controllers\Admin\DividendController->edit_dividend('1')
 6 SYSTEMPATH\CodeIgniter.php(502): CodeIgniter\CodeIgniter->runController(Object(App\Controllers\Admin\DividendController))
 7 SYSTEMPATH\CodeIgniter.php(361): CodeIgniter\CodeIgniter->handleRequest(null, Object(Config\Cache), false)
 8 FCPATH\index.php(79): CodeIgniter\CodeIgniter->run()
 9 SYSTEMPATH\Commands\Server\rewrite.php(47): require_once('C:\\xampp\\htdocs\\Adwalls\\public\\index.php')
CRITICAL - 2024-03-25 18:55:37 --> [Caused by] CodeIgniter\Database\Exceptions\DatabaseException: Unknown column 'dividends.id' in 'where clause'
in SYSTEMPATH\Database\MySQLi\Connection.php on line 311.
 1 SYSTEMPATH\Database\BaseConnection.php(693): CodeIgniter\Database\MySQLi\Connection->execute('SELECT *
FROM `dividends`
WHERE `dividends`.`id` = \'1\'')
 2 SYSTEMPATH\Database\BaseConnection.php(607): CodeIgniter\Database\BaseConnection->simpleQuery('SELECT *
FROM `dividends`
WHERE `dividends`.`id` = \'1\'')
 3 SYSTEMPATH\Database\BaseBuilder.php(1616): CodeIgniter\Database\BaseConnection->query('SELECT *
FROM `dividends`
WHERE `dividends`.`id` = :dividends.id:', [...], false)
 4 SYSTEMPATH\Model.php(199): CodeIgniter\Database\BaseBuilder->get()
 5 SYSTEMPATH\BaseModel.php(577): CodeIgniter\Model->doFind(true, '1')
 6 APPPATH\Controllers\Admin\DividendController.php(43): CodeIgniter\BaseModel->find('1')
 7 SYSTEMPATH\CodeIgniter.php(941): App\Controllers\Admin\DividendController->edit_dividend('1')
 8 SYSTEMPATH\CodeIgniter.php(502): CodeIgniter\CodeIgniter->runController(Object(App\Controllers\Admin\DividendController))
 9 SYSTEMPATH\CodeIgniter.php(361): CodeIgniter\CodeIgniter->handleRequest(null, Object(Config\Cache), false)
10 FCPATH\index.php(79): CodeIgniter\CodeIgniter->run()
11 SYSTEMPATH\Commands\Server\rewrite.php(47): require_once('C:\\xampp\\htdocs\\Adwalls\\public\\index.php')
CRITICAL - 2024-03-25 18:55:37 --> [Caused by] mysqli_sql_exception: Unknown column 'dividends.id' in 'where clause'
in SYSTEMPATH\Database\MySQLi\Connection.php on line 306.
 1 SYSTEMPATH\Database\MySQLi\Connection.php(306): mysqli->query('SELECT *
FROM `dividends`
WHERE `dividends`.`id` = \'1\'', 0)
 2 SYSTEMPATH\Database\BaseConnection.php(693): CodeIgniter\Database\MySQLi\Connection->execute('SELECT *
FROM `dividends`
WHERE `dividends`.`id` = \'1\'')
 3 SYSTEMPATH\Database\BaseConnection.php(607): CodeIgniter\Database\BaseConnection->simpleQuery('SELECT *
FROM `dividends`
WHERE `dividends`.`id` = \'1\'')
 4 SYSTEMPATH\Database\BaseBuilder.php(1616): CodeIgniter\Database\BaseConnection->query('SELECT *
FROM `dividends`
WHERE `dividends`.`id` = :dividends.id:', [...], false)
 5 SYSTEMPATH\Model.php(199): CodeIgniter\Database\BaseBuilder->get()
 6 SYSTEMPATH\BaseModel.php(577): CodeIgniter\Model->doFind(true, '1')
 7 APPPATH\Controllers\Admin\DividendController.php(43): CodeIgniter\BaseModel->find('1')
 8 SYSTEMPATH\CodeIgniter.php(941): App\Controllers\Admin\DividendController->edit_dividend('1')
 9 SYSTEMPATH\CodeIgniter.php(502): CodeIgniter\CodeIgniter->runController(Object(App\Controllers\Admin\DividendController))
10 SYSTEMPATH\CodeIgniter.php(361): CodeIgniter\CodeIgniter->handleRequest(null, Object(Config\Cache), false)
11 FCPATH\index.php(79): CodeIgniter\CodeIgniter->run()
12 SYSTEMPATH\Commands\Server\rewrite.php(47): require_once('C:\\xampp\\htdocs\\Adwalls\\public\\index.php')
ERROR - 2024-03-25 18:57:18 --> mysqli_sql_exception: Unknown column 'dividends.id' in 'where clause' in C:\xampp\htdocs\Adwalls\system\Database\MySQLi\Connection.php:306
Stack trace:
#0 C:\xampp\htdocs\Adwalls\system\Database\MySQLi\Connection.php(306): mysqli->query('SELECT *\nFROM `...', 0)
#1 C:\xampp\htdocs\Adwalls\system\Database\BaseConnection.php(693): CodeIgniter\Database\MySQLi\Connection->execute('SELECT *\nFROM `...')
#2 C:\xampp\htdocs\Adwalls\system\Database\BaseConnection.php(607): CodeIgniter\Database\BaseConnection->simpleQuery('SELECT *\nFROM `...')
#3 C:\xampp\htdocs\Adwalls\system\Database\BaseBuilder.php(1616): CodeIgniter\Database\BaseConnection->query('SELECT *\nFROM `...', Array, false)
#4 C:\xampp\htdocs\Adwalls\system\Model.php(199): CodeIgniter\Database\BaseBuilder->get()
#5 C:\xampp\htdocs\Adwalls\system\BaseModel.php(577): CodeIgniter\Model->doFind(true, '1')
#6 C:\xampp\htdocs\Adwalls\app\Controllers\Admin\DividendController.php(43): CodeIgniter\BaseModel->find('1')
#7 C:\xampp\htdocs\Adwalls\system\CodeIgniter.php(941): App\Controllers\Admin\DividendController->edit_dividend('1')
#8 C:\xampp\htdocs\Adwalls\system\CodeIgniter.php(502): CodeIgniter\CodeIgniter->runController(Object(App\Controllers\Admin\DividendController))
#9 C:\xampp\htdocs\Adwalls\system\CodeIgniter.php(361): CodeIgniter\CodeIgniter->handleRequest(NULL, Object(Config\Cache), false)
#10 C:\xampp\htdocs\Adwalls\public\index.php(79): CodeIgniter\CodeIgniter->run()
#11 C:\xampp\htdocs\Adwalls\system\Commands\Server\rewrite.php(47): require_once('C:\\xampp\\htdocs...')
#12 {main}
CRITICAL - 2024-03-25 18:57:18 --> CodeIgniter\Database\Exceptions\DatabaseException: Unknown column 'dividends.id' in 'where clause'
in SYSTEMPATH\Database\BaseConnection.php on line 647.
 1 SYSTEMPATH\Database\BaseBuilder.php(1616): CodeIgniter\Database\BaseConnection->query('SELECT *
FROM `dividends`
WHERE `dividends`.`id` = :dividends.id:', [...], false)
 2 SYSTEMPATH\Model.php(199): CodeIgniter\Database\BaseBuilder->get()
 3 SYSTEMPATH\BaseModel.php(577): CodeIgniter\Model->doFind(true, '1')
 4 APPPATH\Controllers\Admin\DividendController.php(43): CodeIgniter\BaseModel->find('1')
 5 SYSTEMPATH\CodeIgniter.php(941): App\Controllers\Admin\DividendController->edit_dividend('1')
 6 SYSTEMPATH\CodeIgniter.php(502): CodeIgniter\CodeIgniter->runController(Object(App\Controllers\Admin\DividendController))
 7 SYSTEMPATH\CodeIgniter.php(361): CodeIgniter\CodeIgniter->handleRequest(null, Object(Config\Cache), false)
 8 FCPATH\index.php(79): CodeIgniter\CodeIgniter->run()
 9 SYSTEMPATH\Commands\Server\rewrite.php(47): require_once('C:\\xampp\\htdocs\\Adwalls\\public\\index.php')
CRITICAL - 2024-03-25 18:57:18 --> [Caused by] CodeIgniter\Database\Exceptions\DatabaseException: Unknown column 'dividends.id' in 'where clause'
in SYSTEMPATH\Database\MySQLi\Connection.php on line 311.
 1 SYSTEMPATH\Database\BaseConnection.php(693): CodeIgniter\Database\MySQLi\Connection->execute('SELECT *
FROM `dividends`
WHERE `dividends`.`id` = \'1\'')
 2 SYSTEMPATH\Database\BaseConnection.php(607): CodeIgniter\Database\BaseConnection->simpleQuery('SELECT *
FROM `dividends`
WHERE `dividends`.`id` = \'1\'')
 3 SYSTEMPATH\Database\BaseBuilder.php(1616): CodeIgniter\Database\BaseConnection->query('SELECT *
FROM `dividends`
WHERE `dividends`.`id` = :dividends.id:', [...], false)
 4 SYSTEMPATH\Model.php(199): CodeIgniter\Database\BaseBuilder->get()
 5 SYSTEMPATH\BaseModel.php(577): CodeIgniter\Model->doFind(true, '1')
 6 APPPATH\Controllers\Admin\DividendController.php(43): CodeIgniter\BaseModel->find('1')
 7 SYSTEMPATH\CodeIgniter.php(941): App\Controllers\Admin\DividendController->edit_dividend('1')
 8 SYSTEMPATH\CodeIgniter.php(502): CodeIgniter\CodeIgniter->runController(Object(App\Controllers\Admin\DividendController))
 9 SYSTEMPATH\CodeIgniter.php(361): CodeIgniter\CodeIgniter->handleRequest(null, Object(Config\Cache), false)
10 FCPATH\index.php(79): CodeIgniter\CodeIgniter->run()
11 SYSTEMPATH\Commands\Server\rewrite.php(47): require_once('C:\\xampp\\htdocs\\Adwalls\\public\\index.php')
CRITICAL - 2024-03-25 18:57:18 --> [Caused by] mysqli_sql_exception: Unknown column 'dividends.id' in 'where clause'
in SYSTEMPATH\Database\MySQLi\Connection.php on line 306.
 1 SYSTEMPATH\Database\MySQLi\Connection.php(306): mysqli->query('SELECT *
FROM `dividends`
WHERE `dividends`.`id` = \'1\'', 0)
 2 SYSTEMPATH\Database\BaseConnection.php(693): CodeIgniter\Database\MySQLi\Connection->execute('SELECT *
FROM `dividends`
WHERE `dividends`.`id` = \'1\'')
 3 SYSTEMPATH\Database\BaseConnection.php(607): CodeIgniter\Database\BaseConnection->simpleQuery('SELECT *
FROM `dividends`
WHERE `dividends`.`id` = \'1\'')
 4 SYSTEMPATH\Database\BaseBuilder.php(1616): CodeIgniter\Database\BaseConnection->query('SELECT *
FROM `dividends`
WHERE `dividends`.`id` = :dividends.id:', [...], false)
 5 SYSTEMPATH\Model.php(199): CodeIgniter\Database\BaseBuilder->get()
 6 SYSTEMPATH\BaseModel.php(577): CodeIgniter\Model->doFind(true, '1')
 7 APPPATH\Controllers\Admin\DividendController.php(43): CodeIgniter\BaseModel->find('1')
 8 SYSTEMPATH\CodeIgniter.php(941): App\Controllers\Admin\DividendController->edit_dividend('1')
 9 SYSTEMPATH\CodeIgniter.php(502): CodeIgniter\CodeIgniter->runController(Object(App\Controllers\Admin\DividendController))
10 SYSTEMPATH\CodeIgniter.php(361): CodeIgniter\CodeIgniter->handleRequest(null, Object(Config\Cache), false)
11 FCPATH\index.php(79): CodeIgniter\CodeIgniter->run()
12 SYSTEMPATH\Commands\Server\rewrite.php(47): require_once('C:\\xampp\\htdocs\\Adwalls\\public\\index.php')
INFO - 2024-03-25 18:57:24 --> Session: Class initialized using 'CodeIgniter\Session\Handlers\FileHandler' driver.
INFO - 2024-03-25 18:57:26 --> Session: Class initialized using 'CodeIgniter\Session\Handlers\FileHandler' driver.
ERROR - 2024-03-25 18:57:29 --> mysqli_sql_exception: Unknown column 'id' in 'where clause' in C:\xampp\htdocs\Adwalls\system\Database\MySQLi\Connection.php:306
Stack trace:
#0 C:\xampp\htdocs\Adwalls\system\Database\MySQLi\Connection.php(306): mysqli->query('DELETE FROM `di...', 0)
#1 C:\xampp\htdocs\Adwalls\system\Database\BaseConnection.php(693): CodeIgniter\Database\MySQLi\Connection->execute('DELETE FROM `di...')
#2 C:\xampp\htdocs\Adwalls\system\Database\BaseConnection.php(607): CodeIgniter\Database\BaseConnection->simpleQuery('DELETE FROM `di...')
#3 C:\xampp\htdocs\Adwalls\system\Database\BaseBuilder.php(2787): CodeIgniter\Database\BaseConnection->query('DELETE FROM `di...', Array, false)
#4 C:\xampp\htdocs\Adwalls\system\Model.php(453): CodeIgniter\Database\BaseBuilder->delete()
#5 C:\xampp\htdocs\Adwalls\system\BaseModel.php(1117): CodeIgniter\Model->doDelete(Array, false)
#6 C:\xampp\htdocs\Adwalls\app\Controllers\Admin\DividendController.php(66): CodeIgniter\BaseModel->delete(Array)
#7 C:\xampp\htdocs\Adwalls\system\CodeIgniter.php(941): App\Controllers\Admin\DividendController->delete_dividend('1')
#8 C:\xampp\htdocs\Adwalls\system\CodeIgniter.php(502): CodeIgniter\CodeIgniter->runController(Object(App\Controllers\Admin\DividendController))
#9 C:\xampp\htdocs\Adwalls\system\CodeIgniter.php(361): CodeIgniter\CodeIgniter->handleRequest(NULL, Object(Config\Cache), false)
#10 C:\xampp\htdocs\Adwalls\public\index.php(79): CodeIgniter\CodeIgniter->run()
#11 C:\xampp\htdocs\Adwalls\system\Commands\Server\rewrite.php(47): require_once('C:\\xampp\\htdocs...')
#12 {main}
CRITICAL - 2024-03-25 18:57:29 --> CodeIgniter\Database\Exceptions\DatabaseException: Unknown column 'id' in 'where clause'
in SYSTEMPATH\Database\BaseConnection.php on line 647.
 1 SYSTEMPATH\Database\BaseBuilder.php(2787): CodeIgniter\Database\BaseConnection->query('DELETE FROM `dividends`
WHERE `id` IN :id:', [...], false)
 2 SYSTEMPATH\Model.php(453): CodeIgniter\Database\BaseBuilder->delete()
 3 SYSTEMPATH\BaseModel.php(1117): CodeIgniter\Model->doDelete([...], false)
 4 APPPATH\Controllers\Admin\DividendController.php(66): CodeIgniter\BaseModel->delete([...])
 5 SYSTEMPATH\CodeIgniter.php(941): App\Controllers\Admin\DividendController->delete_dividend('1')
 6 SYSTEMPATH\CodeIgniter.php(502): CodeIgniter\CodeIgniter->runController(Object(App\Controllers\Admin\DividendController))
 7 SYSTEMPATH\CodeIgniter.php(361): CodeIgniter\CodeIgniter->handleRequest(null, Object(Config\Cache), false)
 8 FCPATH\index.php(79): CodeIgniter\CodeIgniter->run()
 9 SYSTEMPATH\Commands\Server\rewrite.php(47): require_once('C:\\xampp\\htdocs\\Adwalls\\public\\index.php')
CRITICAL - 2024-03-25 18:57:29 --> [Caused by] CodeIgniter\Database\Exceptions\DatabaseException: Unknown column 'id' in 'where clause'
in SYSTEMPATH\Database\MySQLi\Connection.php on line 311.
 1 SYSTEMPATH\Database\BaseConnection.php(693): CodeIgniter\Database\MySQLi\Connection->execute('DELETE FROM `dividends`
WHERE `id` IN (\'1\')')
 2 SYSTEMPATH\Database\BaseConnection.php(607): CodeIgniter\Database\BaseConnection->simpleQuery('DELETE FROM `dividends`
WHERE `id` IN (\'1\')')
 3 SYSTEMPATH\Database\BaseBuilder.php(2787): CodeIgniter\Database\BaseConnection->query('DELETE FROM `dividends`
WHERE `id` IN :id:', [...], false)
 4 SYSTEMPATH\Model.php(453): CodeIgniter\Database\BaseBuilder->delete()
 5 SYSTEMPATH\BaseModel.php(1117): CodeIgniter\Model->doDelete([...], false)
 6 APPPATH\Controllers\Admin\DividendController.php(66): CodeIgniter\BaseModel->delete([...])
 7 SYSTEMPATH\CodeIgniter.php(941): App\Controllers\Admin\DividendController->delete_dividend('1')
 8 SYSTEMPATH\CodeIgniter.php(502): CodeIgniter\CodeIgniter->runController(Object(App\Controllers\Admin\DividendController))
 9 SYSTEMPATH\CodeIgniter.php(361): CodeIgniter\CodeIgniter->handleRequest(null, Object(Config\Cache), false)
10 FCPATH\index.php(79): CodeIgniter\CodeIgniter->run()
11 SYSTEMPATH\Commands\Server\rewrite.php(47): require_once('C:\\xampp\\htdocs\\Adwalls\\public\\index.php')
CRITICAL - 2024-03-25 18:57:29 --> [Caused by] mysqli_sql_exception: Unknown column 'id' in 'where clause'
in SYSTEMPATH\Database\MySQLi\Connection.php on line 306.
 1 SYSTEMPATH\Database\MySQLi\Connection.php(306): mysqli->query('DELETE FROM `dividends`
WHERE `id` IN (\'1\')', 0)
 2 SYSTEMPATH\Database\BaseConnection.php(693): CodeIgniter\Database\MySQLi\Connection->execute('DELETE FROM `dividends`
WHERE `id` IN (\'1\')')
 3 SYSTEMPATH\Database\BaseConnection.php(607): CodeIgniter\Database\BaseConnection->simpleQuery('DELETE FROM `dividends`
WHERE `id` IN (\'1\')')
 4 SYSTEMPATH\Database\BaseBuilder.php(2787): CodeIgniter\Database\BaseConnection->query('DELETE FROM `dividends`
WHERE `id` IN :id:', [...], false)
 5 SYSTEMPATH\Model.php(453): CodeIgniter\Database\BaseBuilder->delete()
 6 SYSTEMPATH\BaseModel.php(1117): CodeIgniter\Model->doDelete([...], false)
 7 APPPATH\Controllers\Admin\DividendController.php(66): CodeIgniter\BaseModel->delete([...])
 8 SYSTEMPATH\CodeIgniter.php(941): App\Controllers\Admin\DividendController->delete_dividend('1')
 9 SYSTEMPATH\CodeIgniter.php(502): CodeIgniter\CodeIgniter->runController(Object(App\Controllers\Admin\DividendController))
10 SYSTEMPATH\CodeIgniter.php(361): CodeIgniter\CodeIgniter->handleRequest(null, Object(Config\Cache), false)
11 FCPATH\index.php(79): CodeIgniter\CodeIgniter->run()
12 SYSTEMPATH\Commands\Server\rewrite.php(47): require_once('C:\\xampp\\htdocs\\Adwalls\\public\\index.php')
